<?xml version="1.0" encoding="UTF-8"?>
<testsuites name="Folder Share" time="366.646" tests="18" failures="13" errors="0">
   <testsuite name="Folder Share" tests="18" failures="13" errors="0" time="366.646" timestamp="2020-08-21 13:49:54" hostname="mac - localhost" id="Test Suites/Folder Share">
      <properties>
         <property name="deviceName" value=""/>
         <property name="devicePlatform" value=""/>
         <property name="logFolder" value="/Users/mac/Documents/PF-WEBTEST/Reports/20200821_134952/Folder Share/20200821_134952"/>
         <property name="logFiles" value="/Users/mac/Documents/PF-WEBTEST/Reports/20200821_134952/Folder Share/20200821_134952/execution0.log"/>
         <property name="attachments" value=""/>
         <property name="hostName" value="mac - localhost"/>
         <property name="os" value="Mac OS X 64bit"/>
         <property name="katalonVersion" value="7.2.1.1"/>
         <property name="browser" value="Firefox 79.0"/>
         <property name="hostAddress" value="127.0.0.1"/>
         <property name="sessionId" value="ba6bac13-eb53-694d-9d60-1eedcfaa64fc"/>
         <property name="seleniumVersion" value="3.141.59"/>
         <property name="proxyInformation" value="ProxyInformation{proxyOption=NO_PROXY, proxyServerType=HTTP, password=, proxyServerAddress=, proxyServerPort=0, executionList=}"/>
         <property name="platform" value="Mac OS X"/>
      </properties>
      <testcase name="Test Cases/Share/Share Using plus button/Share Folder With one email adress" time="3.58" classname="Test Cases/Share/Share Using plus button/Share Folder With one email adress" status="FAILED">
         <failure type="FAILED" message="Test Cases/Share/Share Using plus button/Share Folder With one email adress FAILED.
Reason:
com.kms.katalon.core.exception.StepFailedException: Unable to click on object 'Object Repository/Share/Page_Folders - PowerFolder/span_Paste_pica-glyph glyphicons glyphicons_ca92f0'
	at com.kms.katalon.core.webui.keyword.internal.WebUIKeywordMain.stepFailed(WebUIKeywordMain.groovy:64)
	at com.kms.katalon.core.webui.keyword.internal.WebUIKeywordMain.runKeyword(WebUIKeywordMain.groovy:26)
	at com.kms.katalon.core.webui.keyword.builtin.ClickKeyword.click(ClickKeyword.groovy:102)
	at com.kms.katalon.core.webui.keyword.builtin.ClickKeyword.execute(ClickKeyword.groovy:43)
	at com.kms.katalon.core.keyword.internal.KeywordExecutor.executeKeywordForPlatform(KeywordExecutor.groovy:72)
	at com.kms.katalon.core.webui.keyword.WebUiBuiltInKeywords.click(WebUiBuiltInKeywords.groovy:616)
	at com.kms.katalon.core.webui.keyword.WebUiBuiltInKeywords$click$0.call(Unknown Source)
	at Share Folder With one email adress.run(Share Folder With one email adress:27)
	at com.kms.katalon.core.main.ScriptEngine.run(ScriptEngine.java:194)
	at com.kms.katalon.core.main.ScriptEngine.runScriptAsRawText(ScriptEngine.java:119)
	at com.kms.katalon.core.main.TestCaseExecutor.runScript(TestCaseExecutor.java:337)
	at com.kms.katalon.core.main.TestCaseExecutor.doExecute(TestCaseExecutor.java:328)
	at com.kms.katalon.core.main.TestCaseExecutor.processExecutionPhase(TestCaseExecutor.java:307)
	at com.kms.katalon.core.main.TestCaseExecutor.accessMainPhase(TestCaseExecutor.java:299)
	at com.kms.katalon.core.main.TestCaseExecutor.execute(TestCaseExecutor.java:233)
	at com.kms.katalon.core.main.TestSuiteExecutor.accessTestCaseMainPhase(TestSuiteExecutor.java:169)
	at com.kms.katalon.core.main.TestSuiteExecutor.accessTestSuiteMainPhase(TestSuiteExecutor.java:142)
	at com.kms.katalon.core.main.TestSuiteExecutor.execute(TestSuiteExecutor.java:91)
	at com.kms.katalon.core.main.TestCaseMain.startTestSuite(TestCaseMain.java:157)
	at com.kms.katalon.core.main.TestCaseMain$startTestSuite$0.call(Unknown Source)
	at TempTestSuite1598014192128.run(TempTestSuite1598014192128.groovy:36)
Caused by: com.kms.katalon.core.webui.exception.BrowserNotOpenedException: Browser is not opened
Build info: version: '3.141.59', revision: 'e82be7d358', time: '2018-11-14T08:25:53'
System info: host: 'MacBook-Pro-di-mac.local', ip: 'fe80:0:0:0:ca8:b2f6:3082:738c%en0', os.name: 'Mac OS X', os.arch: 'x86_64', os.version: '10.15.6', java.version: '1.8.0_181'
Driver info: driver.version: unknown
	at com.kms.katalon.core.webui.driver.DriverFactory.verifyWebDriverIsOpen(DriverFactory.java:816)
	at com.kms.katalon.core.webui.driver.DriverFactory.verifyWebDriver(DriverFactory.java:801)
	at com.kms.katalon.core.webui.driver.DriverFactory.getWebDriver(DriverFactory.java:787)
	at com.kms.katalon.core.webui.common.WebUiCommonHelper.findWebElements(WebUiCommonHelper.java:739)
	at com.kms.katalon.core.webui.common.WebUiCommonHelper.findWebElement(WebUiCommonHelper.java:1150)
	at com.kms.katalon.core.webui.keyword.internal.WebUIAbstractKeyword.findWebElement(WebUIAbstractKeyword.groovy:27)
	at com.kms.katalon.core.webui.keyword.internal.WebUIAbstractKeyword.findWebElement(WebUIAbstractKeyword.groovy:26)
	at com.kms.katalon.core.webui.keyword.builtin.ClickKeyword$_click_closure1.doCall(ClickKeyword.groovy:67)
	at com.kms.katalon.core.webui.keyword.builtin.ClickKeyword$_click_closure1.call(ClickKeyword.groovy)
	at com.kms.katalon.core.webui.keyword.internal.WebUIKeywordMain.runKeyword(WebUIKeywordMain.groovy:20)
	... 19 more
"/>
         <system-out><![CDATA[2020-08-21 13:49:54 - [TEST_CASE][FAILED] - Test Cases/Share/Share Using plus button/Share Folder With one email adress: Test Cases/Share/Share Using plus button/Share Folder With one email adress FAILED.
Reason:
com.kms.katalon.core.exception.StepFailedException: Unable to click on object 'Object Repository/Share/Page_Folders - PowerFolder/span_Paste_pica-glyph glyphicons glyphicons_ca92f0'
	at com.kms.katalon.core.webui.keyword.internal.WebUIKeywordMain.stepFailed(WebUIKeywordMain.groovy:64)
	at com.kms.katalon.core.webui.keyword.internal.WebUIKeywordMain.runKeyword(WebUIKeywordMain.groovy:26)
	at com.kms.katalon.core.webui.keyword.builtin.ClickKeyword.click(ClickKeyword.groovy:102)
	at com.kms.katalon.core.webui.keyword.builtin.ClickKeyword.execute(ClickKeyword.groovy:43)
	at com.kms.katalon.core.keyword.internal.KeywordExecutor.executeKeywordForPlatform(KeywordExecutor.groovy:72)
	at com.kms.katalon.core.webui.keyword.WebUiBuiltInKeywords.click(WebUiBuiltInKeywords.groovy:616)
	at com.kms.katalon.core.webui.keyword.WebUiBuiltInKeywords$click$0.call(Unknown Source)
	at Share Folder With one email adress.run(Share Folder With one email adress:27)
	at com.kms.katalon.core.main.ScriptEngine.run(ScriptEngine.java:194)
	at com.kms.katalon.core.main.ScriptEngine.runScriptAsRawText(ScriptEngine.java:119)
	at com.kms.katalon.core.main.TestCaseExecutor.runScript(TestCaseExecutor.java:337)
	at com.kms.katalon.core.main.TestCaseExecutor.doExecute(TestCaseExecutor.java:328)
	at com.kms.katalon.core.main.TestCaseExecutor.processExecutionPhase(TestCaseExecutor.java:307)
	at com.kms.katalon.core.main.TestCaseExecutor.accessMainPhase(TestCaseExecutor.java:299)
	at com.kms.katalon.core.main.TestCaseExecutor.execute(TestCaseExecutor.java:233)
	at com.kms.katalon.core.main.TestSuiteExecutor.accessTestCaseMainPhase(TestSuiteExecutor.java:169)
	at com.kms.katalon.core.main.TestSuiteExecutor.accessTestSuiteMainPhase(TestSuiteExecutor.java:142)
	at com.kms.katalon.core.main.TestSuiteExecutor.execute(TestSuiteExecutor.java:91)
	at com.kms.katalon.core.main.TestCaseMain.startTestSuite(TestCaseMain.java:157)
	at com.kms.katalon.core.main.TestCaseMain$startTestSuite$0.call(Unknown Source)
	at TempTestSuite1598014192128.run(TempTestSuite1598014192128.groovy:36)
Caused by: com.kms.katalon.core.webui.exception.BrowserNotOpenedException: Browser is not opened
Build info: version: '3.141.59', revision: 'e82be7d358', time: '2018-11-14T08:25:53'
System info: host: 'MacBook-Pro-di-mac.local', ip: 'fe80:0:0:0:ca8:b2f6:3082:738c%en0', os.name: 'Mac OS X', os.arch: 'x86_64', os.version: '10.15.6', java.version: '1.8.0_181'
Driver info: driver.version: unknown
	at com.kms.katalon.core.webui.driver.DriverFactory.verifyWebDriverIsOpen(DriverFactory.java:816)
	at com.kms.katalon.core.webui.driver.DriverFactory.verifyWebDriver(DriverFactory.java:801)
	at com.kms.katalon.core.webui.driver.DriverFactory.getWebDriver(DriverFactory.java:787)
	at com.kms.katalon.core.webui.common.WebUiCommonHelper.findWebElements(WebUiCommonHelper.java:739)
	at com.kms.katalon.core.webui.common.WebUiCommonHelper.findWebElement(WebUiCommonHelper.java:1150)
	at com.kms.katalon.core.webui.keyword.internal.WebUIAbstractKeyword.findWebElement(WebUIAbstractKeyword.groovy:27)
	at com.kms.katalon.core.webui.keyword.internal.WebUIAbstractKeyword.findWebElement(WebUIAbstractKeyword.groovy:26)
	at com.kms.katalon.core.webui.keyword.builtin.ClickKeyword$_click_closure1.doCall(ClickKeyword.groovy:67)
	at com.kms.katalon.core.webui.keyword.builtin.ClickKeyword$_click_closure1.call(ClickKeyword.groovy)
	at com.kms.katalon.core.webui.keyword.internal.WebUIKeywordMain.runKeyword(WebUIKeywordMain.groovy:20)
	... 19 more


2020-08-21 13:49:55 - [TEST_STEP][PASSED] - callTestCase(findTestCase("Folders/Should Go to Folderstable"), [:], OPTIONAL): Unable to call Test Case 'Test Cases/Folders/Should Go to Folderstable' (Root cause: com.kms.katalon.core.exception.StepFailedException: Call Test Case 'Test Cases/Folders/Should Go to Folderstable' failed
	at com.kms.katalon.core.keyword.builtin.CallTestCaseKeyword$_callTestCase_closure1.doCall(CallTestCaseKeyword.groovy:63)
	at com.kms.katalon.core.keyword.builtin.CallTestCaseKeyword$_callTestCase_closure1.call(CallTestCaseKeyword.groovy)
	at com.kms.katalon.core.keyword.internal.KeywordMain.runKeyword(KeywordMain.groovy:68)
	at com.kms.katalon.core.keyword.builtin.CallTestCaseKeyword.callTestCase(CallTestCaseKeyword.groovy:81)
	at com.kms.katalon.core.keyword.builtin.CallTestCaseKeyword.execute(CallTestCaseKeyword.groovy:44)
	at com.kms.katalon.core.keyword.internal.KeywordExecutor.executeKeywordForPlatform(KeywordExecutor.groovy:72)
	at com.kms.katalon.core.keyword.BuiltinKeywords.callTestCase(BuiltinKeywords.groovy:334)
	at Share Folder With one email adress.run(Share Folder With one email adress:23)
	at com.kms.katalon.core.main.ScriptEngine.run(ScriptEngine.java:194)
	at com.kms.katalon.core.main.ScriptEngine.runScriptAsRawText(ScriptEngine.java:119)
	at com.kms.katalon.core.main.TestCaseExecutor.runScript(TestCaseExecutor.java:337)
	at com.kms.katalon.core.main.TestCaseExecutor.doExecute(TestCaseExecutor.java:328)
	at com.kms.katalon.core.main.TestCaseExecutor.processExecutionPhase(TestCaseExecutor.java:307)
	at com.kms.katalon.core.main.TestCaseExecutor.accessMainPhase(TestCaseExecutor.java:299)
	at com.kms.katalon.core.main.TestCaseExecutor.execute(TestCaseExecutor.java:233)
	at com.kms.katalon.core.main.TestSuiteExecutor.accessTestCaseMainPhase(TestSuiteExecutor.java:169)
	at com.kms.katalon.core.main.TestSuiteExecutor.accessTestSuiteMainPhase(TestSuiteExecutor.java:142)
	at com.kms.katalon.core.main.TestSuiteExecutor.execute(TestSuiteExecutor.java:91)
	at com.kms.katalon.core.main.TestCaseMain.startTestSuite(TestCaseMain.java:157)
	at com.kms.katalon.core.main.TestCaseMain$startTestSuite$0.call(Unknown Source)
	at TempTestSuite1598014192128.run(TempTestSuite1598014192128.groovy:36)
Caused by: com.kms.katalon.core.exception.StepFailedException: Unable to open browser with url: ''
	at com.kms.katalon.core.webui.keyword.internal.WebUIKeywordMain.stepFailed(WebUIKeywordMain.groovy:64)
	at com.kms.katalon.core.webui.keyword.internal.WebUIKeywordMain.runKeyword(WebUIKeywordMain.groovy:26)
	at com.kms.katalon.core.webui.keyword.builtin.OpenBrowserKeyword.openBrowser(OpenBrowserKeyword.groovy:81)
	at com.kms.katalon.core.webui.keyword.builtin.OpenBrowserKeyword.execute(OpenBrowserKeyword.groovy:67)
	at com.kms.katalon.core.keyword.internal.KeywordExecutor.executeKeywordForPlatform(KeywordExecutor.groovy:72)
	at com.kms.katalon.core.webui.keyword.WebUiBuiltInKeywords.openBrowser(WebUiBuiltInKeywords.groovy:60)
	at com.kms.katalon.core.webui.keyword.WebUiBuiltInKeywords$openBrowser.call(Unknown Source)
	at Should Go to Folderstable.run(Should Go to Folderstable:23)
	at com.kms.katalon.core.main.ScriptEngine.run(ScriptEngine.java:194)
	at com.kms.katalon.core.main.ScriptEngine.runScriptAsRawText(ScriptEngine.java:119)
	at com.kms.katalon.core.main.TestCaseExecutor.runScript(TestCaseExecutor.java:337)
	at com.kms.katalon.core.main.TestCaseExecutor.doExecute(TestCaseExecutor.java:328)
	at com.kms.katalon.core.main.TestCaseExecutor.processExecutionPhase(TestCaseExecutor.java:307)
	at com.kms.katalon.core.main.TestCaseExecutor.accessMainPhase(TestCaseExecutor.java:299)
	at com.kms.katalon.core.main.TestCaseExecutor.execute(TestCaseExecutor.java:233)
	at com.kms.katalon.core.main.TestCaseMain.runTestCase(TestCaseMain.java:114)
	at com.kms.katalon.core.keyword.builtin.CallTestCaseKeyword$_callTestCase_closure1.doCall(CallTestCaseKeyword.groovy:59)
	... 20 more
Caused by: org.openqa.selenium.WebDriverException: invalid argument: can't kill an exited process
Build info: version: '3.141.59', revision: 'e82be7d358', time: '2018-11-14T08:25:53'
System info: host: 'MacBook-Pro-di-mac.local', ip: 'fe80:0:0:0:ca8:b2f6:3082:738c%en0', os.name: 'Mac OS X', os.arch: 'x86_64', os.version: '10.15.6', java.version: '1.8.0_181'
Driver info: driver.version: CGeckoDriver
remote stacktrace: 
	at org.openqa.selenium.remote.W3CHandshakeResponse.lambda$errorHandler$0(W3CHandshakeResponse.java:62)
	at org.openqa.selenium.remote.HandshakeResponse.lambda$getResponseFunction$0(HandshakeResponse.java:30)
	at org.openqa.selenium.remote.ProtocolHandshake.lambda$createSession$0(ProtocolHandshake.java:126)
	at org.openqa.selenium.remote.ProtocolHandshake.createSession(ProtocolHandshake.java:128)
	at org.openqa.selenium.remote.ProtocolHandshake.createSession(ProtocolHandshake.java:74)
	at org.openqa.selenium.remote.HttpCommandExecutor.execute(HttpCommandExecutor.java:136)
	at org.openqa.selenium.remote.service.DriverCommandExecutor.execute(DriverCommandExecutor.java:83)
	at org.openqa.selenium.remote.RemoteWebDriver.execute(RemoteWebDriver.java:552)
	at com.kms.katalon.selenium.driver.CFirefoxDriver.execute(CFirefoxDriver.java:27)
	at org.openqa.selenium.remote.RemoteWebDriver.startSession(RemoteWebDriver.java:213)
	at org.openqa.selenium.remote.RemoteWebDriver.<init>(RemoteWebDriver.java:131)
	at org.openqa.selenium.firefox.FirefoxDriver.<init>(FirefoxDriver.java:147)
	at com.kms.katalon.selenium.driver.CFirefoxDriver.<init>(CFirefoxDriver.java:21)
	at com.kms.katalon.core.webui.driver.firefox.CGeckoDriver.<init>(CGeckoDriver.java:12)
	at com.kms.katalon.core.webui.driver.firefox.CGeckoDriver.from(CGeckoDriver.java:17)
	at com.kms.katalon.core.webui.driver.DriverFactory.createNewFirefoxDriver(DriverFactory.java:572)
	at com.kms.katalon.core.webui.driver.DriverFactory.startNewBrowser(DriverFactory.java:308)
	at com.kms.katalon.core.webui.driver.DriverFactory.openWebDriver(DriverFactory.java:208)
	at com.kms.katalon.core.webui.keyword.builtin.OpenBrowserKeyword$_openBrowser_closure1.doCall(OpenBrowserKeyword.groovy:74)
	at com.kms.katalon.core.webui.keyword.builtin.OpenBrowserKeyword$_openBrowser_closure1.call(OpenBrowserKeyword.groovy)
	at com.kms.katalon.core.webui.keyword.internal.WebUIKeywordMain.runKeyword(WebUIKeywordMain.groovy:20)
	... 35 more
)

2020-08-21 13:49:55 - [TEST_CASE][FAILED] - Test Cases/Folders/Should Go to Folderstable: Test Cases/Folders/Should Go to Folderstable FAILED.
Reason:
com.kms.katalon.core.exception.StepFailedException: Unable to open browser with url: ''
	at com.kms.katalon.core.webui.keyword.internal.WebUIKeywordMain.stepFailed(WebUIKeywordMain.groovy:64)
	at com.kms.katalon.core.webui.keyword.internal.WebUIKeywordMain.runKeyword(WebUIKeywordMain.groovy:26)
	at com.kms.katalon.core.webui.keyword.builtin.OpenBrowserKeyword.openBrowser(OpenBrowserKeyword.groovy:81)
	at com.kms.katalon.core.webui.keyword.builtin.OpenBrowserKeyword.execute(OpenBrowserKeyword.groovy:67)
	at com.kms.katalon.core.keyword.internal.KeywordExecutor.executeKeywordForPlatform(KeywordExecutor.groovy:72)
	at com.kms.katalon.core.webui.keyword.WebUiBuiltInKeywords.openBrowser(WebUiBuiltInKeywords.groovy:60)
	at com.kms.katalon.core.webui.keyword.WebUiBuiltInKeywords$openBrowser.call(Unknown Source)
	at Should Go to Folderstable.run(Should Go to Folderstable:23)
	at com.kms.katalon.core.main.ScriptEngine.run(ScriptEngine.java:194)
	at com.kms.katalon.core.main.ScriptEngine.runScriptAsRawText(ScriptEngine.java:119)
	at com.kms.katalon.core.main.TestCaseExecutor.runScript(TestCaseExecutor.java:337)
	at com.kms.katalon.core.main.TestCaseExecutor.doExecute(TestCaseExecutor.java:328)
	at com.kms.katalon.core.main.TestCaseExecutor.processExecutionPhase(TestCaseExecutor.java:307)
	at com.kms.katalon.core.main.TestCaseExecutor.accessMainPhase(TestCaseExecutor.java:299)
	at com.kms.katalon.core.main.TestCaseExecutor.execute(TestCaseExecutor.java:233)
	at com.kms.katalon.core.main.TestCaseMain.runTestCase(TestCaseMain.java:114)
	at com.kms.katalon.core.keyword.builtin.CallTestCaseKeyword$_callTestCase_closure1.doCall(CallTestCaseKeyword.groovy:59)
	at com.kms.katalon.core.keyword.builtin.CallTestCaseKeyword$_callTestCase_closure1.call(CallTestCaseKeyword.groovy)
	at com.kms.katalon.core.keyword.internal.KeywordMain.runKeyword(KeywordMain.groovy:68)
	at com.kms.katalon.core.keyword.builtin.CallTestCaseKeyword.callTestCase(CallTestCaseKeyword.groovy:81)
	at com.kms.katalon.core.keyword.builtin.CallTestCaseKeyword.execute(CallTestCaseKeyword.groovy:44)
	at com.kms.katalon.core.keyword.internal.KeywordExecutor.executeKeywordForPlatform(KeywordExecutor.groovy:72)
	at com.kms.katalon.core.keyword.BuiltinKeywords.callTestCase(BuiltinKeywords.groovy:334)
	at Share Folder With one email adress.run(Share Folder With one email adress:23)
	at com.kms.katalon.core.main.ScriptEngine.run(ScriptEngine.java:194)
	at com.kms.katalon.core.main.ScriptEngine.runScriptAsRawText(ScriptEngine.java:119)
	at com.kms.katalon.core.main.TestCaseExecutor.runScript(TestCaseExecutor.java:337)
	at com.kms.katalon.core.main.TestCaseExecutor.doExecute(TestCaseExecutor.java:328)
	at com.kms.katalon.core.main.TestCaseExecutor.processExecutionPhase(TestCaseExecutor.java:307)
	at com.kms.katalon.core.main.TestCaseExecutor.accessMainPhase(TestCaseExecutor.java:299)
	at com.kms.katalon.core.main.TestCaseExecutor.execute(TestCaseExecutor.java:233)
	at com.kms.katalon.core.main.TestSuiteExecutor.accessTestCaseMainPhase(TestSuiteExecutor.java:169)
	at com.kms.katalon.core.main.TestSuiteExecutor.accessTestSuiteMainPhase(TestSuiteExecutor.java:142)
	at com.kms.katalon.core.main.TestSuiteExecutor.execute(TestSuiteExecutor.java:91)
	at com.kms.katalon.core.main.TestCaseMain.startTestSuite(TestCaseMain.java:157)
	at com.kms.katalon.core.main.TestCaseMain$startTestSuite$0.call(Unknown Source)
	at TempTestSuite1598014192128.run(TempTestSuite1598014192128.groovy:36)
Caused by: org.openqa.selenium.WebDriverException: invalid argument: can't kill an exited process
Build info: version: '3.141.59', revision: 'e82be7d358', time: '2018-11-14T08:25:53'
System info: host: 'MacBook-Pro-di-mac.local', ip: 'fe80:0:0:0:ca8:b2f6:3082:738c%en0', os.name: 'Mac OS X', os.arch: 'x86_64', os.version: '10.15.6', java.version: '1.8.0_181'
Driver info: driver.version: CGeckoDriver
remote stacktrace: 
	at org.openqa.selenium.remote.W3CHandshakeResponse.lambda$errorHandler$0(W3CHandshakeResponse.java:62)
	at org.openqa.selenium.remote.HandshakeResponse.lambda$getResponseFunction$0(HandshakeResponse.java:30)
	at org.openqa.selenium.remote.ProtocolHandshake.lambda$createSession$0(ProtocolHandshake.java:126)
	at org.openqa.selenium.remote.ProtocolHandshake.createSession(ProtocolHandshake.java:128)
	at org.openqa.selenium.remote.ProtocolHandshake.createSession(ProtocolHandshake.java:74)
	at org.openqa.selenium.remote.HttpCommandExecutor.execute(HttpCommandExecutor.java:136)
	at org.openqa.selenium.remote.service.DriverCommandExecutor.execute(DriverCommandExecutor.java:83)
	at org.openqa.selenium.remote.RemoteWebDriver.execute(RemoteWebDriver.java:552)
	at com.kms.katalon.selenium.driver.CFirefoxDriver.execute(CFirefoxDriver.java:27)
	at org.openqa.selenium.remote.RemoteWebDriver.startSession(RemoteWebDriver.java:213)
	at org.openqa.selenium.remote.RemoteWebDriver.<init>(RemoteWebDriver.java:131)
	at org.openqa.selenium.firefox.FirefoxDriver.<init>(FirefoxDriver.java:147)
	at com.kms.katalon.selenium.driver.CFirefoxDriver.<init>(CFirefoxDriver.java:21)
	at com.kms.katalon.core.webui.driver.firefox.CGeckoDriver.<init>(CGeckoDriver.java:12)
	at com.kms.katalon.core.webui.driver.firefox.CGeckoDriver.from(CGeckoDriver.java:17)
	at com.kms.katalon.core.webui.driver.DriverFactory.createNewFirefoxDriver(DriverFactory.java:572)
	at com.kms.katalon.core.webui.driver.DriverFactory.startNewBrowser(DriverFactory.java:308)
	at com.kms.katalon.core.webui.driver.DriverFactory.openWebDriver(DriverFactory.java:208)
	at com.kms.katalon.core.webui.keyword.builtin.OpenBrowserKeyword$_openBrowser_closure1.doCall(OpenBrowserKeyword.groovy:74)
	at com.kms.katalon.core.webui.keyword.builtin.OpenBrowserKeyword$_openBrowser_closure1.call(OpenBrowserKeyword.groovy)
	at com.kms.katalon.core.webui.keyword.internal.WebUIKeywordMain.runKeyword(WebUIKeywordMain.groovy:20)
	... 35 more


2020-08-21 13:49:55 - [TEST_STEP][FAILED] - openBrowser(""): Unable to open browser with url: '' (Root cause: com.kms.katalon.core.exception.StepFailedException: Unable to open browser with url: ''
	at com.kms.katalon.core.webui.keyword.internal.WebUIKeywordMain.stepFailed(WebUIKeywordMain.groovy:64)
	at com.kms.katalon.core.webui.keyword.internal.WebUIKeywordMain.runKeyword(WebUIKeywordMain.groovy:26)
	at com.kms.katalon.core.webui.keyword.builtin.OpenBrowserKeyword.openBrowser(OpenBrowserKeyword.groovy:81)
	at com.kms.katalon.core.webui.keyword.builtin.OpenBrowserKeyword.execute(OpenBrowserKeyword.groovy:67)
	at com.kms.katalon.core.keyword.internal.KeywordExecutor.executeKeywordForPlatform(KeywordExecutor.groovy:72)
	at com.kms.katalon.core.webui.keyword.WebUiBuiltInKeywords.openBrowser(WebUiBuiltInKeywords.groovy:60)
	at com.kms.katalon.core.webui.keyword.WebUiBuiltInKeywords$openBrowser.call(Unknown Source)
	at Should Go to Folderstable.run(Should Go to Folderstable:23)
	at com.kms.katalon.core.main.ScriptEngine.run(ScriptEngine.java:194)
	at com.kms.katalon.core.main.ScriptEngine.runScriptAsRawText(ScriptEngine.java:119)
	at com.kms.katalon.core.main.TestCaseExecutor.runScript(TestCaseExecutor.java:337)
	at com.kms.katalon.core.main.TestCaseExecutor.doExecute(TestCaseExecutor.java:328)
	at com.kms.katalon.core.main.TestCaseExecutor.processExecutionPhase(TestCaseExecutor.java:307)
	at com.kms.katalon.core.main.TestCaseExecutor.accessMainPhase(TestCaseExecutor.java:299)
	at com.kms.katalon.core.main.TestCaseExecutor.execute(TestCaseExecutor.java:233)
	at com.kms.katalon.core.main.TestCaseMain.runTestCase(TestCaseMain.java:114)
	at com.kms.katalon.core.keyword.builtin.CallTestCaseKeyword$_callTestCase_closure1.doCall(CallTestCaseKeyword.groovy:59)
	at com.kms.katalon.core.keyword.builtin.CallTestCaseKeyword$_callTestCase_closure1.call(CallTestCaseKeyword.groovy)
	at com.kms.katalon.core.keyword.internal.KeywordMain.runKeyword(KeywordMain.groovy:68)
	at com.kms.katalon.core.keyword.builtin.CallTestCaseKeyword.callTestCase(CallTestCaseKeyword.groovy:81)
	at com.kms.katalon.core.keyword.builtin.CallTestCaseKeyword.execute(CallTestCaseKeyword.groovy:44)
	at com.kms.katalon.core.keyword.internal.KeywordExecutor.executeKeywordForPlatform(KeywordExecutor.groovy:72)
	at com.kms.katalon.core.keyword.BuiltinKeywords.callTestCase(BuiltinKeywords.groovy:334)
	at Share Folder With one email adress.run(Share Folder With one email adress:23)
	at com.kms.katalon.core.main.ScriptEngine.run(ScriptEngine.java:194)
	at com.kms.katalon.core.main.ScriptEngine.runScriptAsRawText(ScriptEngine.java:119)
	at com.kms.katalon.core.main.TestCaseExecutor.runScript(TestCaseExecutor.java:337)
	at com.kms.katalon.core.main.TestCaseExecutor.doExecute(TestCaseExecutor.java:328)
	at com.kms.katalon.core.main.TestCaseExecutor.processExecutionPhase(TestCaseExecutor.java:307)
	at com.kms.katalon.core.main.TestCaseExecutor.accessMainPhase(TestCaseExecutor.java:299)
	at com.kms.katalon.core.main.TestCaseExecutor.execute(TestCaseExecutor.java:233)
	at com.kms.katalon.core.main.TestSuiteExecutor.accessTestCaseMainPhase(TestSuiteExecutor.java:169)
	at com.kms.katalon.core.main.TestSuiteExecutor.accessTestSuiteMainPhase(TestSuiteExecutor.java:142)
	at com.kms.katalon.core.main.TestSuiteExecutor.execute(TestSuiteExecutor.java:91)
	at com.kms.katalon.core.main.TestCaseMain.startTestSuite(TestCaseMain.java:157)
	at com.kms.katalon.core.main.TestCaseMain$startTestSuite$0.call(Unknown Source)
	at TempTestSuite1598014192128.run(TempTestSuite1598014192128.groovy:36)
Caused by: org.openqa.selenium.WebDriverException: invalid argument: can't kill an exited process
Build info: version: '3.141.59', revision: 'e82be7d358', time: '2018-11-14T08:25:53'
System info: host: 'MacBook-Pro-di-mac.local', ip: 'fe80:0:0:0:ca8:b2f6:3082:738c%en0', os.name: 'Mac OS X', os.arch: 'x86_64', os.version: '10.15.6', java.version: '1.8.0_181'
Driver info: driver.version: CGeckoDriver
remote stacktrace: 
	at org.openqa.selenium.remote.W3CHandshakeResponse.lambda$errorHandler$0(W3CHandshakeResponse.java:62)
	at org.openqa.selenium.remote.HandshakeResponse.lambda$getResponseFunction$0(HandshakeResponse.java:30)
	at org.openqa.selenium.remote.ProtocolHandshake.lambda$createSession$0(ProtocolHandshake.java:126)
	at org.openqa.selenium.remote.ProtocolHandshake.createSession(ProtocolHandshake.java:128)
	at org.openqa.selenium.remote.ProtocolHandshake.createSession(ProtocolHandshake.java:74)
	at org.openqa.selenium.remote.HttpCommandExecutor.execute(HttpCommandExecutor.java:136)
	at org.openqa.selenium.remote.service.DriverCommandExecutor.execute(DriverCommandExecutor.java:83)
	at org.openqa.selenium.remote.RemoteWebDriver.execute(RemoteWebDriver.java:552)
	at com.kms.katalon.selenium.driver.CFirefoxDriver.execute(CFirefoxDriver.java:27)
	at org.openqa.selenium.remote.RemoteWebDriver.startSession(RemoteWebDriver.java:213)
	at org.openqa.selenium.remote.RemoteWebDriver.<init>(RemoteWebDriver.java:131)
	at org.openqa.selenium.firefox.FirefoxDriver.<init>(FirefoxDriver.java:147)
	at com.kms.katalon.selenium.driver.CFirefoxDriver.<init>(CFirefoxDriver.java:21)
	at com.kms.katalon.core.webui.driver.firefox.CGeckoDriver.<init>(CGeckoDriver.java:12)
	at com.kms.katalon.core.webui.driver.firefox.CGeckoDriver.from(CGeckoDriver.java:17)
	at com.kms.katalon.core.webui.driver.DriverFactory.createNewFirefoxDriver(DriverFactory.java:572)
	at com.kms.katalon.core.webui.driver.DriverFactory.startNewBrowser(DriverFactory.java:308)
	at com.kms.katalon.core.webui.driver.DriverFactory.openWebDriver(DriverFactory.java:208)
	at com.kms.katalon.core.webui.keyword.builtin.OpenBrowserKeyword$_openBrowser_closure1.doCall(OpenBrowserKeyword.groovy:74)
	at com.kms.katalon.core.webui.keyword.builtin.OpenBrowserKeyword$_openBrowser_closure1.call(OpenBrowserKeyword.groovy)
	at com.kms.katalon.core.webui.keyword.internal.WebUIKeywordMain.runKeyword(WebUIKeywordMain.groovy:20)
	at com.kms.katalon.core.webui.keyword.builtin.OpenBrowserKeyword.openBrowser(OpenBrowserKeyword.groovy:81)
	at com.kms.katalon.core.webui.keyword.builtin.OpenBrowserKeyword.execute(OpenBrowserKeyword.groovy:67)
	at com.kms.katalon.core.keyword.internal.KeywordExecutor.executeKeywordForPlatform(KeywordExecutor.groovy:72)
	at com.kms.katalon.core.webui.keyword.WebUiBuiltInKeywords.openBrowser(WebUiBuiltInKeywords.groovy:60)
	at com.kms.katalon.core.webui.keyword.WebUiBuiltInKeywords$openBrowser.call(Unknown Source)
	at Script1586556402799.run(Script1586556402799.groovy:23)
	at com.kms.katalon.core.main.ScriptEngine.run(ScriptEngine.java:194)
	at com.kms.katalon.core.main.ScriptEngine.runScriptAsRawText(ScriptEngine.java:119)
	at com.kms.katalon.core.main.TestCaseExecutor.runScript(TestCaseExecutor.java:337)
	at com.kms.katalon.core.main.TestCaseExecutor.doExecute(TestCaseExecutor.java:328)
	at com.kms.katalon.core.main.TestCaseExecutor.processExecutionPhase(TestCaseExecutor.java:307)
	at com.kms.katalon.core.main.TestCaseExecutor.accessMainPhase(TestCaseExecutor.java:299)
	at com.kms.katalon.core.main.TestCaseExecutor.execute(TestCaseExecutor.java:233)
	at com.kms.katalon.core.main.TestCaseMain.runTestCase(TestCaseMain.java:114)
	at com.kms.katalon.core.keyword.builtin.CallTestCaseKeyword$_callTestCase_closure1.doCall(CallTestCaseKeyword.groovy:59)
	at com.kms.katalon.core.keyword.builtin.CallTestCaseKeyword$_callTestCase_closure1.call(CallTestCaseKeyword.groovy)
	at com.kms.katalon.core.keyword.internal.KeywordMain.runKeyword(KeywordMain.groovy:68)
	at com.kms.katalon.core.keyword.builtin.CallTestCaseKeyword.callTestCase(CallTestCaseKeyword.groovy:81)
	at com.kms.katalon.core.keyword.builtin.CallTestCaseKeyword.execute(CallTestCaseKeyword.groovy:44)
	at com.kms.katalon.core.keyword.internal.KeywordExecutor.executeKeywordForPlatform(KeywordExecutor.groovy:72)
	at com.kms.katalon.core.keyword.BuiltinKeywords.callTestCase(BuiltinKeywords.groovy:334)
	at Script1594602259476.run(Script1594602259476.groovy:23)
	... 13 more
)

2020-08-21 13:49:55 - [MESSAGE][INFO] - Starting 'Firefox' driver

2020-08-21 13:49:55 - [MESSAGE][INFO] - Action delay is set to 0 seconds

2020-08-21 13:49:58 - [MESSAGE][FAILED] - Unable to open browser with url: '' (Root cause: com.kms.katalon.core.exception.StepFailedException: Unable to open browser with url: ''
	at com.kms.katalon.core.webui.keyword.internal.WebUIKeywordMain.stepFailed(WebUIKeywordMain.groovy:64)
	at com.kms.katalon.core.webui.keyword.internal.WebUIKeywordMain.runKeyword(WebUIKeywordMain.groovy:26)
	at com.kms.katalon.core.webui.keyword.builtin.OpenBrowserKeyword.openBrowser(OpenBrowserKeyword.groovy:81)
	at com.kms.katalon.core.webui.keyword.builtin.OpenBrowserKeyword.execute(OpenBrowserKeyword.groovy:67)
	at com.kms.katalon.core.keyword.internal.KeywordExecutor.executeKeywordForPlatform(KeywordExecutor.groovy:72)
	at com.kms.katalon.core.webui.keyword.WebUiBuiltInKeywords.openBrowser(WebUiBuiltInKeywords.groovy:60)
	at com.kms.katalon.core.webui.keyword.WebUiBuiltInKeywords$openBrowser.call(Unknown Source)
	at Should Go to Folderstable.run(Should Go to Folderstable:23)
	at com.kms.katalon.core.main.ScriptEngine.run(ScriptEngine.java:194)
	at com.kms.katalon.core.main.ScriptEngine.runScriptAsRawText(ScriptEngine.java:119)
	at com.kms.katalon.core.main.TestCaseExecutor.runScript(TestCaseExecutor.java:337)
	at com.kms.katalon.core.main.TestCaseExecutor.doExecute(TestCaseExecutor.java:328)
	at com.kms.katalon.core.main.TestCaseExecutor.processExecutionPhase(TestCaseExecutor.java:307)
	at com.kms.katalon.core.main.TestCaseExecutor.accessMainPhase(TestCaseExecutor.java:299)
	at com.kms.katalon.core.main.TestCaseExecutor.execute(TestCaseExecutor.java:233)
	at com.kms.katalon.core.main.TestCaseMain.runTestCase(TestCaseMain.java:114)
	at com.kms.katalon.core.keyword.builtin.CallTestCaseKeyword$_callTestCase_closure1.doCall(CallTestCaseKeyword.groovy:59)
	at com.kms.katalon.core.keyword.builtin.CallTestCaseKeyword$_callTestCase_closure1.call(CallTestCaseKeyword.groovy)
	at com.kms.katalon.core.keyword.internal.KeywordMain.runKeyword(KeywordMain.groovy:68)
	at com.kms.katalon.core.keyword.builtin.CallTestCaseKeyword.callTestCase(CallTestCaseKeyword.groovy:81)
	at com.kms.katalon.core.keyword.builtin.CallTestCaseKeyword.execute(CallTestCaseKeyword.groovy:44)
	at com.kms.katalon.core.keyword.internal.KeywordExecutor.executeKeywordForPlatform(KeywordExecutor.groovy:72)
	at com.kms.katalon.core.keyword.BuiltinKeywords.callTestCase(BuiltinKeywords.groovy:334)
	at Share Folder With one email adress.run(Share Folder With one email adress:23)
	at com.kms.katalon.core.main.ScriptEngine.run(ScriptEngine.java:194)
	at com.kms.katalon.core.main.ScriptEngine.runScriptAsRawText(ScriptEngine.java:119)
	at com.kms.katalon.core.main.TestCaseExecutor.runScript(TestCaseExecutor.java:337)
	at com.kms.katalon.core.main.TestCaseExecutor.doExecute(TestCaseExecutor.java:328)
	at com.kms.katalon.core.main.TestCaseExecutor.processExecutionPhase(TestCaseExecutor.java:307)
	at com.kms.katalon.core.main.TestCaseExecutor.accessMainPhase(TestCaseExecutor.java:299)
	at com.kms.katalon.core.main.TestCaseExecutor.execute(TestCaseExecutor.java:233)
	at com.kms.katalon.core.main.TestSuiteExecutor.accessTestCaseMainPhase(TestSuiteExecutor.java:169)
	at com.kms.katalon.core.main.TestSuiteExecutor.accessTestSuiteMainPhase(TestSuiteExecutor.java:142)
	at com.kms.katalon.core.main.TestSuiteExecutor.execute(TestSuiteExecutor.java:91)
	at com.kms.katalon.core.main.TestCaseMain.startTestSuite(TestCaseMain.java:157)
	at com.kms.katalon.core.main.TestCaseMain$startTestSuite$0.call(Unknown Source)
	at TempTestSuite1598014192128.run(TempTestSuite1598014192128.groovy:36)
Caused by: org.openqa.selenium.WebDriverException: invalid argument: can't kill an exited process
Build info: version: '3.141.59', revision: 'e82be7d358', time: '2018-11-14T08:25:53'
System info: host: 'MacBook-Pro-di-mac.local', ip: 'fe80:0:0:0:ca8:b2f6:3082:738c%en0', os.name: 'Mac OS X', os.arch: 'x86_64', os.version: '10.15.6', java.version: '1.8.0_181'
Driver info: driver.version: CGeckoDriver
remote stacktrace: 
	at org.openqa.selenium.remote.W3CHandshakeResponse.lambda$errorHandler$0(W3CHandshakeResponse.java:62)
	at org.openqa.selenium.remote.HandshakeResponse.lambda$getResponseFunction$0(HandshakeResponse.java:30)
	at org.openqa.selenium.remote.ProtocolHandshake.lambda$createSession$0(ProtocolHandshake.java:126)
	at org.openqa.selenium.remote.ProtocolHandshake.createSession(ProtocolHandshake.java:128)
	at org.openqa.selenium.remote.ProtocolHandshake.createSession(ProtocolHandshake.java:74)
	at org.openqa.selenium.remote.HttpCommandExecutor.execute(HttpCommandExecutor.java:136)
	at org.openqa.selenium.remote.service.DriverCommandExecutor.execute(DriverCommandExecutor.java:83)
	at org.openqa.selenium.remote.RemoteWebDriver.execute(RemoteWebDriver.java:552)
	at com.kms.katalon.selenium.driver.CFirefoxDriver.execute(CFirefoxDriver.java:27)
	at org.openqa.selenium.remote.RemoteWebDriver.startSession(RemoteWebDriver.java:213)
	at org.openqa.selenium.remote.RemoteWebDriver.<init>(RemoteWebDriver.java:131)
	at org.openqa.selenium.firefox.FirefoxDriver.<init>(FirefoxDriver.java:147)
	at com.kms.katalon.selenium.driver.CFirefoxDriver.<init>(CFirefoxDriver.java:21)
	at com.kms.katalon.core.webui.driver.firefox.CGeckoDriver.<init>(CGeckoDriver.java:12)
	at com.kms.katalon.core.webui.driver.firefox.CGeckoDriver.from(CGeckoDriver.java:17)
	at com.kms.katalon.core.webui.driver.DriverFactory.createNewFirefoxDriver(DriverFactory.java:572)
	at com.kms.katalon.core.webui.driver.DriverFactory.startNewBrowser(DriverFactory.java:308)
	at com.kms.katalon.core.webui.driver.DriverFactory.openWebDriver(DriverFactory.java:208)
	at com.kms.katalon.core.webui.keyword.builtin.OpenBrowserKeyword$_openBrowser_closure1.doCall(OpenBrowserKeyword.groovy:74)
	at com.kms.katalon.core.webui.keyword.builtin.OpenBrowserKeyword$_openBrowser_closure1.call(OpenBrowserKeyword.groovy)
	at com.kms.katalon.core.webui.keyword.internal.WebUIKeywordMain.runKeyword(WebUIKeywordMain.groovy:20)
	at com.kms.katalon.core.webui.keyword.builtin.OpenBrowserKeyword.openBrowser(OpenBrowserKeyword.groovy:81)
	at com.kms.katalon.core.webui.keyword.builtin.OpenBrowserKeyword.execute(OpenBrowserKeyword.groovy:67)
	at com.kms.katalon.core.keyword.internal.KeywordExecutor.executeKeywordForPlatform(KeywordExecutor.groovy:72)
	at com.kms.katalon.core.webui.keyword.WebUiBuiltInKeywords.openBrowser(WebUiBuiltInKeywords.groovy:60)
	at com.kms.katalon.core.webui.keyword.WebUiBuiltInKeywords$openBrowser.call(Unknown Source)
	at Script1586556402799.run(Script1586556402799.groovy:23)
	at com.kms.katalon.core.main.ScriptEngine.run(ScriptEngine.java:194)
	at com.kms.katalon.core.main.ScriptEngine.runScriptAsRawText(ScriptEngine.java:119)
	at com.kms.katalon.core.main.TestCaseExecutor.runScript(TestCaseExecutor.java:337)
	at com.kms.katalon.core.main.TestCaseExecutor.doExecute(TestCaseExecutor.java:328)
	at com.kms.katalon.core.main.TestCaseExecutor.processExecutionPhase(TestCaseExecutor.java:307)
	at com.kms.katalon.core.main.TestCaseExecutor.accessMainPhase(TestCaseExecutor.java:299)
	at com.kms.katalon.core.main.TestCaseExecutor.execute(TestCaseExecutor.java:233)
	at com.kms.katalon.core.main.TestCaseMain.runTestCase(TestCaseMain.java:114)
	at com.kms.katalon.core.keyword.builtin.CallTestCaseKeyword$_callTestCase_closure1.doCall(CallTestCaseKeyword.groovy:59)
	at com.kms.katalon.core.keyword.builtin.CallTestCaseKeyword$_callTestCase_closure1.call(CallTestCaseKeyword.groovy)
	at com.kms.katalon.core.keyword.internal.KeywordMain.runKeyword(KeywordMain.groovy:68)
	at com.kms.katalon.core.keyword.builtin.CallTestCaseKeyword.callTestCase(CallTestCaseKeyword.groovy:81)
	at com.kms.katalon.core.keyword.builtin.CallTestCaseKeyword.execute(CallTestCaseKeyword.groovy:44)
	at com.kms.katalon.core.keyword.internal.KeywordExecutor.executeKeywordForPlatform(KeywordExecutor.groovy:72)
	at com.kms.katalon.core.keyword.BuiltinKeywords.callTestCase(BuiltinKeywords.groovy:334)
	at Script1594602259476.run(Script1594602259476.groovy:23)
	... 13 more
)

2020-08-21 13:49:58 - [MESSAGE][WARNING] - Unable to call Test Case 'Test Cases/Folders/Should Go to Folderstable' (Root cause: com.kms.katalon.core.exception.StepFailedException: Call Test Case 'Test Cases/Folders/Should Go to Folderstable' failed
	at com.kms.katalon.core.keyword.builtin.CallTestCaseKeyword$_callTestCase_closure1.doCall(CallTestCaseKeyword.groovy:63)
	at com.kms.katalon.core.keyword.builtin.CallTestCaseKeyword$_callTestCase_closure1.call(CallTestCaseKeyword.groovy)
	at com.kms.katalon.core.keyword.internal.KeywordMain.runKeyword(KeywordMain.groovy:68)
	at com.kms.katalon.core.keyword.builtin.CallTestCaseKeyword.callTestCase(CallTestCaseKeyword.groovy:81)
	at com.kms.katalon.core.keyword.builtin.CallTestCaseKeyword.execute(CallTestCaseKeyword.groovy:44)
	at com.kms.katalon.core.keyword.internal.KeywordExecutor.executeKeywordForPlatform(KeywordExecutor.groovy:72)
	at com.kms.katalon.core.keyword.BuiltinKeywords.callTestCase(BuiltinKeywords.groovy:334)
	at Share Folder With one email adress.run(Share Folder With one email adress:23)
	at com.kms.katalon.core.main.ScriptEngine.run(ScriptEngine.java:194)
	at com.kms.katalon.core.main.ScriptEngine.runScriptAsRawText(ScriptEngine.java:119)
	at com.kms.katalon.core.main.TestCaseExecutor.runScript(TestCaseExecutor.java:337)
	at com.kms.katalon.core.main.TestCaseExecutor.doExecute(TestCaseExecutor.java:328)
	at com.kms.katalon.core.main.TestCaseExecutor.processExecutionPhase(TestCaseExecutor.java:307)
	at com.kms.katalon.core.main.TestCaseExecutor.accessMainPhase(TestCaseExecutor.java:299)
	at com.kms.katalon.core.main.TestCaseExecutor.execute(TestCaseExecutor.java:233)
	at com.kms.katalon.core.main.TestSuiteExecutor.accessTestCaseMainPhase(TestSuiteExecutor.java:169)
	at com.kms.katalon.core.main.TestSuiteExecutor.accessTestSuiteMainPhase(TestSuiteExecutor.java:142)
	at com.kms.katalon.core.main.TestSuiteExecutor.execute(TestSuiteExecutor.java:91)
	at com.kms.katalon.core.main.TestCaseMain.startTestSuite(TestCaseMain.java:157)
	at com.kms.katalon.core.main.TestCaseMain$startTestSuite$0.call(Unknown Source)
	at TempTestSuite1598014192128.run(TempTestSuite1598014192128.groovy:36)
Caused by: com.kms.katalon.core.exception.StepFailedException: Unable to open browser with url: ''
	at com.kms.katalon.core.webui.keyword.internal.WebUIKeywordMain.stepFailed(WebUIKeywordMain.groovy:64)
	at com.kms.katalon.core.webui.keyword.internal.WebUIKeywordMain.runKeyword(WebUIKeywordMain.groovy:26)
	at com.kms.katalon.core.webui.keyword.builtin.OpenBrowserKeyword.openBrowser(OpenBrowserKeyword.groovy:81)
	at com.kms.katalon.core.webui.keyword.builtin.OpenBrowserKeyword.execute(OpenBrowserKeyword.groovy:67)
	at com.kms.katalon.core.keyword.internal.KeywordExecutor.executeKeywordForPlatform(KeywordExecutor.groovy:72)
	at com.kms.katalon.core.webui.keyword.WebUiBuiltInKeywords.openBrowser(WebUiBuiltInKeywords.groovy:60)
	at com.kms.katalon.core.webui.keyword.WebUiBuiltInKeywords$openBrowser.call(Unknown Source)
	at Should Go to Folderstable.run(Should Go to Folderstable:23)
	at com.kms.katalon.core.main.ScriptEngine.run(ScriptEngine.java:194)
	at com.kms.katalon.core.main.ScriptEngine.runScriptAsRawText(ScriptEngine.java:119)
	at com.kms.katalon.core.main.TestCaseExecutor.runScript(TestCaseExecutor.java:337)
	at com.kms.katalon.core.main.TestCaseExecutor.doExecute(TestCaseExecutor.java:328)
	at com.kms.katalon.core.main.TestCaseExecutor.processExecutionPhase(TestCaseExecutor.java:307)
	at com.kms.katalon.core.main.TestCaseExecutor.accessMainPhase(TestCaseExecutor.java:299)
	at com.kms.katalon.core.main.TestCaseExecutor.execute(TestCaseExecutor.java:233)
	at com.kms.katalon.core.main.TestCaseMain.runTestCase(TestCaseMain.java:114)
	at com.kms.katalon.core.keyword.builtin.CallTestCaseKeyword$_callTestCase_closure1.doCall(CallTestCaseKeyword.groovy:59)
	... 20 more
Caused by: org.openqa.selenium.WebDriverException: invalid argument: can't kill an exited process
Build info: version: '3.141.59', revision: 'e82be7d358', time: '2018-11-14T08:25:53'
System info: host: 'MacBook-Pro-di-mac.local', ip: 'fe80:0:0:0:ca8:b2f6:3082:738c%en0', os.name: 'Mac OS X', os.arch: 'x86_64', os.version: '10.15.6', java.version: '1.8.0_181'
Driver info: driver.version: CGeckoDriver
remote stacktrace: 
	at org.openqa.selenium.remote.W3CHandshakeResponse.lambda$errorHandler$0(W3CHandshakeResponse.java:62)
	at org.openqa.selenium.remote.HandshakeResponse.lambda$getResponseFunction$0(HandshakeResponse.java:30)
	at org.openqa.selenium.remote.ProtocolHandshake.lambda$createSession$0(ProtocolHandshake.java:126)
	at org.openqa.selenium.remote.ProtocolHandshake.createSession(ProtocolHandshake.java:128)
	at org.openqa.selenium.remote.ProtocolHandshake.createSession(ProtocolHandshake.java:74)
	at org.openqa.selenium.remote.HttpCommandExecutor.execute(HttpCommandExecutor.java:136)
	at org.openqa.selenium.remote.service.DriverCommandExecutor.execute(DriverCommandExecutor.java:83)
	at org.openqa.selenium.remote.RemoteWebDriver.execute(RemoteWebDriver.java:552)
	at com.kms.katalon.selenium.driver.CFirefoxDriver.execute(CFirefoxDriver.java:27)
	at org.openqa.selenium.remote.RemoteWebDriver.startSession(RemoteWebDriver.java:213)
	at org.openqa.selenium.remote.RemoteWebDriver.<init>(RemoteWebDriver.java:131)
	at org.openqa.selenium.firefox.FirefoxDriver.<init>(FirefoxDriver.java:147)
	at com.kms.katalon.selenium.driver.CFirefoxDriver.<init>(CFirefoxDriver.java:21)
	at com.kms.katalon.core.webui.driver.firefox.CGeckoDriver.<init>(CGeckoDriver.java:12)
	at com.kms.katalon.core.webui.driver.firefox.CGeckoDriver.from(CGeckoDriver.java:17)
	at com.kms.katalon.core.webui.driver.DriverFactory.createNewFirefoxDriver(DriverFactory.java:572)
	at com.kms.katalon.core.webui.driver.DriverFactory.startNewBrowser(DriverFactory.java:308)
	at com.kms.katalon.core.webui.driver.DriverFactory.openWebDriver(DriverFactory.java:208)
	at com.kms.katalon.core.webui.keyword.builtin.OpenBrowserKeyword$_openBrowser_closure1.doCall(OpenBrowserKeyword.groovy:74)
	at com.kms.katalon.core.webui.keyword.builtin.OpenBrowserKeyword$_openBrowser_closure1.call(OpenBrowserKeyword.groovy)
	at com.kms.katalon.core.webui.keyword.internal.WebUIKeywordMain.runKeyword(WebUIKeywordMain.groovy:20)
	... 35 more
)

2020-08-21 13:49:58 - [TEST_STEP][PASSED] - folderName = RandomStringUtils.random(9, true, true): null

2020-08-21 13:49:58 - [TEST_STEP][FAILED] - click(findTestObject("Object Repository/Share/Page_Folders - PowerFolder/span_Paste_pica-glyph glyphicons glyphicons_ca92f0")): Unable to click on object 'Object Repository/Share/Page_Folders - PowerFolder/span_Paste_pica-glyph glyphicons glyphicons_ca92f0' (Root cause: com.kms.katalon.core.exception.StepFailedException: Unable to click on object 'Object Repository/Share/Page_Folders - PowerFolder/span_Paste_pica-glyph glyphicons glyphicons_ca92f0'
	at com.kms.katalon.core.webui.keyword.internal.WebUIKeywordMain.stepFailed(WebUIKeywordMain.groovy:64)
	at com.kms.katalon.core.webui.keyword.internal.WebUIKeywordMain.runKeyword(WebUIKeywordMain.groovy:26)
	at com.kms.katalon.core.webui.keyword.builtin.ClickKeyword.click(ClickKeyword.groovy:102)
	at com.kms.katalon.core.webui.keyword.builtin.ClickKeyword.execute(ClickKeyword.groovy:43)
	at com.kms.katalon.core.keyword.internal.KeywordExecutor.executeKeywordForPlatform(KeywordExecutor.groovy:72)
	at com.kms.katalon.core.webui.keyword.WebUiBuiltInKeywords.click(WebUiBuiltInKeywords.groovy:616)
	at com.kms.katalon.core.webui.keyword.WebUiBuiltInKeywords$click$0.call(Unknown Source)
	at Share Folder With one email adress.run(Share Folder With one email adress:27)
	at com.kms.katalon.core.main.ScriptEngine.run(ScriptEngine.java:194)
	at com.kms.katalon.core.main.ScriptEngine.runScriptAsRawText(ScriptEngine.java:119)
	at com.kms.katalon.core.main.TestCaseExecutor.runScript(TestCaseExecutor.java:337)
	at com.kms.katalon.core.main.TestCaseExecutor.doExecute(TestCaseExecutor.java:328)
	at com.kms.katalon.core.main.TestCaseExecutor.processExecutionPhase(TestCaseExecutor.java:307)
	at com.kms.katalon.core.main.TestCaseExecutor.accessMainPhase(TestCaseExecutor.java:299)
	at com.kms.katalon.core.main.TestCaseExecutor.execute(TestCaseExecutor.java:233)
	at com.kms.katalon.core.main.TestSuiteExecutor.accessTestCaseMainPhase(TestSuiteExecutor.java:169)
	at com.kms.katalon.core.main.TestSuiteExecutor.accessTestSuiteMainPhase(TestSuiteExecutor.java:142)
	at com.kms.katalon.core.main.TestSuiteExecutor.execute(TestSuiteExecutor.java:91)
	at com.kms.katalon.core.main.TestCaseMain.startTestSuite(TestCaseMain.java:157)
	at com.kms.katalon.core.main.TestCaseMain$startTestSuite$0.call(Unknown Source)
	at TempTestSuite1598014192128.run(TempTestSuite1598014192128.groovy:36)
Caused by: com.kms.katalon.core.webui.exception.BrowserNotOpenedException: Browser is not opened
Build info: version: '3.141.59', revision: 'e82be7d358', time: '2018-11-14T08:25:53'
System info: host: 'MacBook-Pro-di-mac.local', ip: 'fe80:0:0:0:ca8:b2f6:3082:738c%en0', os.name: 'Mac OS X', os.arch: 'x86_64', os.version: '10.15.6', java.version: '1.8.0_181'
Driver info: driver.version: unknown
	at com.kms.katalon.core.webui.driver.DriverFactory.verifyWebDriverIsOpen(DriverFactory.java:816)
	at com.kms.katalon.core.webui.driver.DriverFactory.verifyWebDriver(DriverFactory.java:801)
	at com.kms.katalon.core.webui.driver.DriverFactory.getWebDriver(DriverFactory.java:787)
	at com.kms.katalon.core.webui.common.WebUiCommonHelper.findWebElements(WebUiCommonHelper.java:739)
	at com.kms.katalon.core.webui.common.WebUiCommonHelper.findWebElement(WebUiCommonHelper.java:1150)
	at com.kms.katalon.core.webui.keyword.internal.WebUIAbstractKeyword.findWebElement(WebUIAbstractKeyword.groovy:27)
	at com.kms.katalon.core.webui.keyword.internal.WebUIAbstractKeyword.findWebElement(WebUIAbstractKeyword.groovy:26)
	at com.kms.katalon.core.webui.keyword.builtin.ClickKeyword$_click_closure1.doCall(ClickKeyword.groovy:67)
	at com.kms.katalon.core.webui.keyword.builtin.ClickKeyword$_click_closure1.call(ClickKeyword.groovy)
	at com.kms.katalon.core.webui.keyword.internal.WebUIKeywordMain.runKeyword(WebUIKeywordMain.groovy:20)
	at com.kms.katalon.core.webui.keyword.builtin.ClickKeyword.click(ClickKeyword.groovy:102)
	at com.kms.katalon.core.webui.keyword.builtin.ClickKeyword.execute(ClickKeyword.groovy:43)
	at com.kms.katalon.core.keyword.internal.KeywordExecutor.executeKeywordForPlatform(KeywordExecutor.groovy:72)
	at com.kms.katalon.core.webui.keyword.WebUiBuiltInKeywords.click(WebUiBuiltInKeywords.groovy:616)
	at com.kms.katalon.core.webui.keyword.WebUiBuiltInKeywords$click$0.call(Unknown Source)
	at Script1594602259476.run(Script1594602259476.groovy:27)
	... 13 more
)

2020-08-21 13:49:58 - [MESSAGE][WARNING] - Cannot take screenshot

2020-08-21 13:49:58 - [MESSAGE][FAILED] - Unable to click on object 'Object Repository/Share/Page_Folders - PowerFolder/span_Paste_pica-glyph glyphicons glyphicons_ca92f0' (Root cause: com.kms.katalon.core.exception.StepFailedException: Unable to click on object 'Object Repository/Share/Page_Folders - PowerFolder/span_Paste_pica-glyph glyphicons glyphicons_ca92f0'
	at com.kms.katalon.core.webui.keyword.internal.WebUIKeywordMain.stepFailed(WebUIKeywordMain.groovy:64)
	at com.kms.katalon.core.webui.keyword.internal.WebUIKeywordMain.runKeyword(WebUIKeywordMain.groovy:26)
	at com.kms.katalon.core.webui.keyword.builtin.ClickKeyword.click(ClickKeyword.groovy:102)
	at com.kms.katalon.core.webui.keyword.builtin.ClickKeyword.execute(ClickKeyword.groovy:43)
	at com.kms.katalon.core.keyword.internal.KeywordExecutor.executeKeywordForPlatform(KeywordExecutor.groovy:72)
	at com.kms.katalon.core.webui.keyword.WebUiBuiltInKeywords.click(WebUiBuiltInKeywords.groovy:616)
	at com.kms.katalon.core.webui.keyword.WebUiBuiltInKeywords$click$0.call(Unknown Source)
	at Share Folder With one email adress.run(Share Folder With one email adress:27)
	at com.kms.katalon.core.main.ScriptEngine.run(ScriptEngine.java:194)
	at com.kms.katalon.core.main.ScriptEngine.runScriptAsRawText(ScriptEngine.java:119)
	at com.kms.katalon.core.main.TestCaseExecutor.runScript(TestCaseExecutor.java:337)
	at com.kms.katalon.core.main.TestCaseExecutor.doExecute(TestCaseExecutor.java:328)
	at com.kms.katalon.core.main.TestCaseExecutor.processExecutionPhase(TestCaseExecutor.java:307)
	at com.kms.katalon.core.main.TestCaseExecutor.accessMainPhase(TestCaseExecutor.java:299)
	at com.kms.katalon.core.main.TestCaseExecutor.execute(TestCaseExecutor.java:233)
	at com.kms.katalon.core.main.TestSuiteExecutor.accessTestCaseMainPhase(TestSuiteExecutor.java:169)
	at com.kms.katalon.core.main.TestSuiteExecutor.accessTestSuiteMainPhase(TestSuiteExecutor.java:142)
	at com.kms.katalon.core.main.TestSuiteExecutor.execute(TestSuiteExecutor.java:91)
	at com.kms.katalon.core.main.TestCaseMain.startTestSuite(TestCaseMain.java:157)
	at com.kms.katalon.core.main.TestCaseMain$startTestSuite$0.call(Unknown Source)
	at TempTestSuite1598014192128.run(TempTestSuite1598014192128.groovy:36)
Caused by: com.kms.katalon.core.webui.exception.BrowserNotOpenedException: Browser is not opened
Build info: version: '3.141.59', revision: 'e82be7d358', time: '2018-11-14T08:25:53'
System info: host: 'MacBook-Pro-di-mac.local', ip: 'fe80:0:0:0:ca8:b2f6:3082:738c%en0', os.name: 'Mac OS X', os.arch: 'x86_64', os.version: '10.15.6', java.version: '1.8.0_181'
Driver info: driver.version: unknown
	at com.kms.katalon.core.webui.driver.DriverFactory.verifyWebDriverIsOpen(DriverFactory.java:816)
	at com.kms.katalon.core.webui.driver.DriverFactory.verifyWebDriver(DriverFactory.java:801)
	at com.kms.katalon.core.webui.driver.DriverFactory.getWebDriver(DriverFactory.java:787)
	at com.kms.katalon.core.webui.common.WebUiCommonHelper.findWebElements(WebUiCommonHelper.java:739)
	at com.kms.katalon.core.webui.common.WebUiCommonHelper.findWebElement(WebUiCommonHelper.java:1150)
	at com.kms.katalon.core.webui.keyword.internal.WebUIAbstractKeyword.findWebElement(WebUIAbstractKeyword.groovy:27)
	at com.kms.katalon.core.webui.keyword.internal.WebUIAbstractKeyword.findWebElement(WebUIAbstractKeyword.groovy:26)
	at com.kms.katalon.core.webui.keyword.builtin.ClickKeyword$_click_closure1.doCall(ClickKeyword.groovy:67)
	at com.kms.katalon.core.webui.keyword.builtin.ClickKeyword$_click_closure1.call(ClickKeyword.groovy)
	at com.kms.katalon.core.webui.keyword.internal.WebUIKeywordMain.runKeyword(WebUIKeywordMain.groovy:20)
	at com.kms.katalon.core.webui.keyword.builtin.ClickKeyword.click(ClickKeyword.groovy:102)
	at com.kms.katalon.core.webui.keyword.builtin.ClickKeyword.execute(ClickKeyword.groovy:43)
	at com.kms.katalon.core.keyword.internal.KeywordExecutor.executeKeywordForPlatform(KeywordExecutor.groovy:72)
	at com.kms.katalon.core.webui.keyword.WebUiBuiltInKeywords.click(WebUiBuiltInKeywords.groovy:616)
	at com.kms.katalon.core.webui.keyword.WebUiBuiltInKeywords$click$0.call(Unknown Source)
	at Script1594602259476.run(Script1594602259476.groovy:27)
	... 13 more
)]]></system-out>
         <system-err><![CDATA[2020-08-21 13:49:54 - [TEST_CASE][FAILED] - Test Cases/Share/Share Using plus button/Share Folder With one email adress: Test Cases/Share/Share Using plus button/Share Folder With one email adress FAILED.
Reason:
com.kms.katalon.core.exception.StepFailedException: Unable to click on object 'Object Repository/Share/Page_Folders - PowerFolder/span_Paste_pica-glyph glyphicons glyphicons_ca92f0'
	at com.kms.katalon.core.webui.keyword.internal.WebUIKeywordMain.stepFailed(WebUIKeywordMain.groovy:64)
	at com.kms.katalon.core.webui.keyword.internal.WebUIKeywordMain.runKeyword(WebUIKeywordMain.groovy:26)
	at com.kms.katalon.core.webui.keyword.builtin.ClickKeyword.click(ClickKeyword.groovy:102)
	at com.kms.katalon.core.webui.keyword.builtin.ClickKeyword.execute(ClickKeyword.groovy:43)
	at com.kms.katalon.core.keyword.internal.KeywordExecutor.executeKeywordForPlatform(KeywordExecutor.groovy:72)
	at com.kms.katalon.core.webui.keyword.WebUiBuiltInKeywords.click(WebUiBuiltInKeywords.groovy:616)
	at com.kms.katalon.core.webui.keyword.WebUiBuiltInKeywords$click$0.call(Unknown Source)
	at Share Folder With one email adress.run(Share Folder With one email adress:27)
	at com.kms.katalon.core.main.ScriptEngine.run(ScriptEngine.java:194)
	at com.kms.katalon.core.main.ScriptEngine.runScriptAsRawText(ScriptEngine.java:119)
	at com.kms.katalon.core.main.TestCaseExecutor.runScript(TestCaseExecutor.java:337)
	at com.kms.katalon.core.main.TestCaseExecutor.doExecute(TestCaseExecutor.java:328)
	at com.kms.katalon.core.main.TestCaseExecutor.processExecutionPhase(TestCaseExecutor.java:307)
	at com.kms.katalon.core.main.TestCaseExecutor.accessMainPhase(TestCaseExecutor.java:299)
	at com.kms.katalon.core.main.TestCaseExecutor.execute(TestCaseExecutor.java:233)
	at com.kms.katalon.core.main.TestSuiteExecutor.accessTestCaseMainPhase(TestSuiteExecutor.java:169)
	at com.kms.katalon.core.main.TestSuiteExecutor.accessTestSuiteMainPhase(TestSuiteExecutor.java:142)
	at com.kms.katalon.core.main.TestSuiteExecutor.execute(TestSuiteExecutor.java:91)
	at com.kms.katalon.core.main.TestCaseMain.startTestSuite(TestCaseMain.java:157)
	at com.kms.katalon.core.main.TestCaseMain$startTestSuite$0.call(Unknown Source)
	at TempTestSuite1598014192128.run(TempTestSuite1598014192128.groovy:36)
Caused by: com.kms.katalon.core.webui.exception.BrowserNotOpenedException: Browser is not opened
Build info: version: '3.141.59', revision: 'e82be7d358', time: '2018-11-14T08:25:53'
System info: host: 'MacBook-Pro-di-mac.local', ip: 'fe80:0:0:0:ca8:b2f6:3082:738c%en0', os.name: 'Mac OS X', os.arch: 'x86_64', os.version: '10.15.6', java.version: '1.8.0_181'
Driver info: driver.version: unknown
	at com.kms.katalon.core.webui.driver.DriverFactory.verifyWebDriverIsOpen(DriverFactory.java:816)
	at com.kms.katalon.core.webui.driver.DriverFactory.verifyWebDriver(DriverFactory.java:801)
	at com.kms.katalon.core.webui.driver.DriverFactory.getWebDriver(DriverFactory.java:787)
	at com.kms.katalon.core.webui.common.WebUiCommonHelper.findWebElements(WebUiCommonHelper.java:739)
	at com.kms.katalon.core.webui.common.WebUiCommonHelper.findWebElement(WebUiCommonHelper.java:1150)
	at com.kms.katalon.core.webui.keyword.internal.WebUIAbstractKeyword.findWebElement(WebUIAbstractKeyword.groovy:27)
	at com.kms.katalon.core.webui.keyword.internal.WebUIAbstractKeyword.findWebElement(WebUIAbstractKeyword.groovy:26)
	at com.kms.katalon.core.webui.keyword.builtin.ClickKeyword$_click_closure1.doCall(ClickKeyword.groovy:67)
	at com.kms.katalon.core.webui.keyword.builtin.ClickKeyword$_click_closure1.call(ClickKeyword.groovy)
	at com.kms.katalon.core.webui.keyword.internal.WebUIKeywordMain.runKeyword(WebUIKeywordMain.groovy:20)
	... 19 more]]></system-err>
      </testcase>
      <testcase name="Test Cases/Share/Share Using plus button/Share folder with Multiple emails semi colon" time="20.542" classname="Test Cases/Share/Share Using plus button/Share folder with Multiple emails semi colon" status="FAILED">
         <failure type="FAILED" message="Test Cases/Share/Share Using plus button/Share folder with Multiple emails semi colon FAILED.
Reason:
Assertion failed: 

assert membersCount+3 == getMembersCount()
       |           |  |  |
       1           4  |  5
                      false

	at Share folder with Multiple emails semi colon.run(Share folder with Multiple emails semi colon:50)
	at com.kms.katalon.core.main.ScriptEngine.run(ScriptEngine.java:194)
	at com.kms.katalon.core.main.ScriptEngine.runScriptAsRawText(ScriptEngine.java:119)
	at com.kms.katalon.core.main.TestCaseExecutor.runScript(TestCaseExecutor.java:337)
	at com.kms.katalon.core.main.TestCaseExecutor.doExecute(TestCaseExecutor.java:328)
	at com.kms.katalon.core.main.TestCaseExecutor.processExecutionPhase(TestCaseExecutor.java:307)
	at com.kms.katalon.core.main.TestCaseExecutor.accessMainPhase(TestCaseExecutor.java:299)
	at com.kms.katalon.core.main.TestCaseExecutor.execute(TestCaseExecutor.java:233)
	at com.kms.katalon.core.main.TestSuiteExecutor.accessTestCaseMainPhase(TestSuiteExecutor.java:169)
	at com.kms.katalon.core.main.TestSuiteExecutor.accessTestSuiteMainPhase(TestSuiteExecutor.java:142)
	at com.kms.katalon.core.main.TestSuiteExecutor.execute(TestSuiteExecutor.java:91)
	at com.kms.katalon.core.main.TestCaseMain.startTestSuite(TestCaseMain.java:157)
	at com.kms.katalon.core.main.TestCaseMain$startTestSuite$0.call(Unknown Source)
	at TempTestSuite1598014192128.run(TempTestSuite1598014192128.groovy:36)
"/>
         <system-out><![CDATA[2020-08-21 13:49:58 - [TEST_CASE][FAILED] - Test Cases/Share/Share Using plus button/Share folder with Multiple emails semi colon: Test Cases/Share/Share Using plus button/Share folder with Multiple emails semi colon FAILED.
Reason:
Assertion failed: 

assert membersCount+3 == getMembersCount()
       |           |  |  |
       1           4  |  5
                      false

	at Share folder with Multiple emails semi colon.run(Share folder with Multiple emails semi colon:50)
	at com.kms.katalon.core.main.ScriptEngine.run(ScriptEngine.java:194)
	at com.kms.katalon.core.main.ScriptEngine.runScriptAsRawText(ScriptEngine.java:119)
	at com.kms.katalon.core.main.TestCaseExecutor.runScript(TestCaseExecutor.java:337)
	at com.kms.katalon.core.main.TestCaseExecutor.doExecute(TestCaseExecutor.java:328)
	at com.kms.katalon.core.main.TestCaseExecutor.processExecutionPhase(TestCaseExecutor.java:307)
	at com.kms.katalon.core.main.TestCaseExecutor.accessMainPhase(TestCaseExecutor.java:299)
	at com.kms.katalon.core.main.TestCaseExecutor.execute(TestCaseExecutor.java:233)
	at com.kms.katalon.core.main.TestSuiteExecutor.accessTestCaseMainPhase(TestSuiteExecutor.java:169)
	at com.kms.katalon.core.main.TestSuiteExecutor.accessTestSuiteMainPhase(TestSuiteExecutor.java:142)
	at com.kms.katalon.core.main.TestSuiteExecutor.execute(TestSuiteExecutor.java:91)
	at com.kms.katalon.core.main.TestCaseMain.startTestSuite(TestCaseMain.java:157)
	at com.kms.katalon.core.main.TestCaseMain$startTestSuite$0.call(Unknown Source)
	at TempTestSuite1598014192128.run(TempTestSuite1598014192128.groovy:36)


2020-08-21 13:49:58 - [TEST_STEP][PASSED] - callTestCase(findTestCase("Folders/Should Go to Folderstable"), [:], OPTIONAL): Call Test Case 'Test Cases/Folders/Should Go to Folderstable' successfully

2020-08-21 13:49:58 - [TEST_CASE][PASSED] - Test Cases/Folders/Should Go to Folderstable: Test Cases/Folders/Should Go to Folderstable

2020-08-21 13:49:58 - [TEST_STEP][PASSED] - openBrowser(""): Browser is opened with url: ''

2020-08-21 13:49:58 - [MESSAGE][INFO] - Starting 'Firefox' driver

2020-08-21 13:50:03 - [MESSAGE][PASSED] - Browser is opened with url: ''

2020-08-21 13:50:03 - [TEST_STEP][PASSED] - navigateToUrl(URL): Navigate to 'https://lab.powerfolder.net:8666/login' successfully

2020-08-21 13:50:07 - [MESSAGE][PASSED] - Navigate to 'https://lab.powerfolder.net:8666/login' successfully

2020-08-21 13:50:07 - [TEST_STEP][PASSED] - assert getWindowTitle().equals("Login - PowerFolder"): Current window's title is: 'Login - PowerFolder'

2020-08-21 13:50:07 - [MESSAGE][PASSED] - Current window's title is: 'Login - PowerFolder'

2020-08-21 13:50:07 - [TEST_STEP][PASSED] - setText(findTestObject("Object Repository/Login/Page_Login - PowerFolder/input_register new account_Username"), Username): Text 'admin' is set on object 'Object Repository/Login/Page_Login - PowerFolder/input_register new account_Username'

2020-08-21 13:50:07 - [MESSAGE][PASSED] - Text 'admin' is set on object 'Object Repository/Login/Page_Login - PowerFolder/input_register new account_Username'

2020-08-21 13:50:07 - [TEST_STEP][PASSED] - click(findTestObject("Object Repository/Login/Page_Login - PowerFolder/input_register new account_Login")): Object: 'Object Repository/Login/Page_Login - PowerFolder/input_register new account_Login' is clicked on

2020-08-21 13:50:08 - [MESSAGE][PASSED] - Object: 'Object Repository/Login/Page_Login - PowerFolder/input_register new account_Login' is clicked on

2020-08-21 13:50:08 - [TEST_STEP][PASSED] - isPresent = waitForElementVisible(findTestObject("Object Repository/Login/Page_Login - PowerFolder/input_Recover password_Password"), 2): Object 'Object Repository/Login/Page_Login - PowerFolder/input_Recover password_Password' is visible

2020-08-21 13:50:08 - [MESSAGE][PASSED] - Object 'Object Repository/Login/Page_Login - PowerFolder/input_Recover password_Password' is visible

2020-08-21 13:50:08 - [TEST_STEP][PASSED] - assert isPresent: null

2020-08-21 13:50:08 - [TEST_STEP][PASSED] - setText(findTestObject("Object Repository/Login/Page_Login - PowerFolder/input_Recover password_Password"), Password): Text 'password' is set on object 'Object Repository/Login/Page_Login - PowerFolder/input_Recover password_Password'

2020-08-21 13:50:09 - [MESSAGE][PASSED] - Text 'password' is set on object 'Object Repository/Login/Page_Login - PowerFolder/input_Recover password_Password'

2020-08-21 13:50:09 - [TEST_STEP][PASSED] - click(findTestObject("Object Repository/Login/Page_Login - PowerFolder/input_register new account_Login")): Object: 'Object Repository/Login/Page_Login - PowerFolder/input_register new account_Login' is clicked on

2020-08-21 13:50:10 - [MESSAGE][PASSED] - Object: 'Object Repository/Login/Page_Login - PowerFolder/input_register new account_Login' is clicked on

2020-08-21 13:50:10 - [TEST_STEP][PASSED] - assert getWindowTitle().equals("Dashboard - PowerFolder"): Current window's title is: 'Dashboard - PowerFolder'

2020-08-21 13:50:10 - [MESSAGE][PASSED] - Current window's title is: 'Dashboard - PowerFolder'

2020-08-21 13:50:10 - [TEST_STEP][PASSED] - click(findTestObject("Object Repository/Folders/Page_Folders - PowerFolder/lang_Folders")): Object: 'Object Repository/Folders/Page_Folders - PowerFolder/lang_Folders' is clicked on

2020-08-21 13:50:11 - [MESSAGE][PASSED] - Object: 'Object Repository/Folders/Page_Folders - PowerFolder/lang_Folders' is clicked on

2020-08-21 13:50:11 - [TEST_STEP][PASSED] - assert getWindowTitle().equals("Folders - PowerFolder"): Current window's title is: 'Folders - PowerFolder'

2020-08-21 13:50:11 - [MESSAGE][PASSED] - Current window's title is: 'Folders - PowerFolder'

2020-08-21 13:50:11 - [MESSAGE][PASSED] - Call Test Case 'Test Cases/Folders/Should Go to Folderstable' successfully

2020-08-21 13:50:11 - [TEST_STEP][PASSED] - folderName = RandomStringUtils.random(9, true, true): null

2020-08-21 13:50:11 - [TEST_STEP][PASSED] - click(findTestObject("Object Repository/Share/Page_Folders - PowerFolder/span_Paste_pica-glyph glyphicons glyphicons_ca92f0")): Object: 'Object Repository/Share/Page_Folders - PowerFolder/span_Paste_pica-glyph glyphicons glyphicons_ca92f0' is clicked on

2020-08-21 13:50:13 - [MESSAGE][PASSED] - Object: 'Object Repository/Share/Page_Folders - PowerFolder/span_Paste_pica-glyph glyphicons glyphicons_ca92f0' is clicked on

2020-08-21 13:50:13 - [TEST_STEP][PASSED] - click(findTestObject("Object Repository/Share/Page_Folders - PowerFolder/a_Create Folder                            _852e7b")): Object: 'Object Repository/Share/Page_Folders - PowerFolder/a_Create Folder                            _852e7b' is clicked on

2020-08-21 13:50:13 - [MESSAGE][PASSED] - Object: 'Object Repository/Share/Page_Folders - PowerFolder/a_Create Folder                            _852e7b' is clicked on

2020-08-21 13:50:13 - [TEST_STEP][PASSED] - setText(findTestObject("Object Repository/Share/Page_Folders - PowerFolder/input_Create a new Folder_pencil"), folderName): Text '7BzsCliVl' is set on object 'Object Repository/Share/Page_Folders - PowerFolder/input_Create a new Folder_pencil'

2020-08-21 13:50:14 - [MESSAGE][PASSED] - Text '7BzsCliVl' is set on object 'Object Repository/Share/Page_Folders - PowerFolder/input_Create a new Folder_pencil'

2020-08-21 13:50:14 - [TEST_STEP][PASSED] - sendKeys(findTestObject("Object Repository/Share/Page_Folders - PowerFolder/input_Create a new Folder_pencil"), Keys.chord(ENTER)): Keys 'ENTER + ' sent to object: 'Object Repository/Share/Page_Folders - PowerFolder/input_Create a new Folder_pencil'

2020-08-21 13:50:14 - [MESSAGE][PASSED] - Keys 'ENTER + ' sent to object: 'Object Repository/Share/Page_Folders - PowerFolder/input_Create a new Folder_pencil'

2020-08-21 13:50:14 - [TEST_STEP][PASSED] - btn = findShareButton(folderName): null

2020-08-21 13:50:14 - [TEST_STEP][PASSED] - driver = getWebDriver(): null

2020-08-21 13:50:14 - [TEST_STEP][PASSED] - return driver.findElement(org.openqa.selenium.By.xpath(//table[@id='files_files_table']/tbody/tr/td[2]/a[contains(text(),'$fileName')]/../../td[6]/a)): null

2020-08-21 13:50:16 - [TEST_STEP][PASSED] - executeJavaScript("arguments[0].click()", Arrays.asList(btn)): Execute JavaScript 'arguments[0].click()' successfully

2020-08-21 13:50:16 - [MESSAGE][PASSED] - Execute JavaScript 'arguments[0].click()' successfully

2020-08-21 13:50:16 - [TEST_STEP][PASSED] - mails = "a@a.com;b@b.com;c@c.com": null

2020-08-21 13:50:16 - [TEST_STEP][PASSED] - membersCount = getMembersCount(): null

2020-08-21 13:50:16 - [TEST_STEP][PASSED] - driver = getWebDriver(): null

2020-08-21 13:50:16 - [TEST_STEP][PASSED] - tbody = driver.findElement(By.xpath("//table[@id='share_table']/tbody")): null

2020-08-21 13:50:17 - [TEST_STEP][PASSED] - assert tbody: null

2020-08-21 13:50:17 - [TEST_STEP][PASSED] - rows_table = tbody.findElements(By.tagName("tr")): null

2020-08-21 13:50:17 - [TEST_STEP][PASSED] - return rows_table.size(): null

2020-08-21 13:50:17 - [TEST_STEP][PASSED] - setText(findTestObject("Object Repository/Share/Page_Folders - PowerFolder/input_Invite users and groups or create a l_797df6"), mails): Text 'a@a.com;b@b.com;c@c.com' is set on object 'Object Repository/Share/Page_Folders - PowerFolder/input_Invite users and groups or create a l_797df6'

2020-08-21 13:50:17 - [MESSAGE][PASSED] - Text 'a@a.com;b@b.com;c@c.com' is set on object 'Object Repository/Share/Page_Folders - PowerFolder/input_Invite users and groups or create a l_797df6'

2020-08-21 13:50:17 - [TEST_STEP][PASSED] - click(findTestObject("Object Repository/Share/Page_Folders - PowerFolder/button_Can administrate_pica-taginput-butto_3eb2fe")): Object: 'Object Repository/Share/Page_Folders - PowerFolder/button_Can administrate_pica-taginput-butto_3eb2fe' is clicked on

2020-08-21 13:50:18 - [MESSAGE][PASSED] - Object: 'Object Repository/Share/Page_Folders - PowerFolder/button_Can administrate_pica-taginput-butto_3eb2fe' is clicked on

2020-08-21 13:50:18 - [TEST_STEP][PASSED] - assert membersCount + 3 == getMembersCount(): null

2020-08-21 13:50:18 - [TEST_STEP][PASSED] - driver = getWebDriver(): null

2020-08-21 13:50:18 - [TEST_STEP][PASSED] - tbody = driver.findElement(By.xpath("//table[@id='share_table']/tbody")): null

2020-08-21 13:50:18 - [TEST_STEP][PASSED] - assert tbody: null

2020-08-21 13:50:18 - [TEST_STEP][PASSED] - rows_table = tbody.findElements(By.tagName("tr")): null

2020-08-21 13:50:18 - [TEST_STEP][PASSED] - return rows_table.size(): null]]></system-out>
         <system-err><![CDATA[2020-08-21 13:49:58 - [TEST_CASE][FAILED] - Test Cases/Share/Share Using plus button/Share folder with Multiple emails semi colon: Test Cases/Share/Share Using plus button/Share folder with Multiple emails semi colon FAILED.
Reason:
Assertion failed: 

assert membersCount+3 == getMembersCount()
       |           |  |  |
       1           4  |  5
                      false

	at Share folder with Multiple emails semi colon.run(Share folder with Multiple emails semi colon:50)
	at com.kms.katalon.core.main.ScriptEngine.run(ScriptEngine.java:194)
	at com.kms.katalon.core.main.ScriptEngine.runScriptAsRawText(ScriptEngine.java:119)
	at com.kms.katalon.core.main.TestCaseExecutor.runScript(TestCaseExecutor.java:337)
	at com.kms.katalon.core.main.TestCaseExecutor.doExecute(TestCaseExecutor.java:328)
	at com.kms.katalon.core.main.TestCaseExecutor.processExecutionPhase(TestCaseExecutor.java:307)
	at com.kms.katalon.core.main.TestCaseExecutor.accessMainPhase(TestCaseExecutor.java:299)
	at com.kms.katalon.core.main.TestCaseExecutor.execute(TestCaseExecutor.java:233)
	at com.kms.katalon.core.main.TestSuiteExecutor.accessTestCaseMainPhase(TestSuiteExecutor.java:169)
	at com.kms.katalon.core.main.TestSuiteExecutor.accessTestSuiteMainPhase(TestSuiteExecutor.java:142)
	at com.kms.katalon.core.main.TestSuiteExecutor.execute(TestSuiteExecutor.java:91)
	at com.kms.katalon.core.main.TestCaseMain.startTestSuite(TestCaseMain.java:157)
	at com.kms.katalon.core.main.TestCaseMain$startTestSuite$0.call(Unknown Source)
	at TempTestSuite1598014192128.run(TempTestSuite1598014192128.groovy:36)]]></system-err>
      </testcase>
      <testcase name="Test Cases/Share/Share Using plus button/Share folder with one email outlook format" time="19.389" classname="Test Cases/Share/Share Using plus button/Share folder with one email outlook format" status="PASSED">
         <system-out><![CDATA[2020-08-21 13:50:18 - [TEST_CASE][PASSED] - Test Cases/Share/Share Using plus button/Share folder with one email outlook format: Test Cases/Share/Share Using plus button/Share folder with one email outlook format

2020-08-21 13:50:19 - [TEST_STEP][PASSED] - callTestCase(findTestCase("Folders/Should Go to Folderstable"), [:], OPTIONAL): Call Test Case 'Test Cases/Folders/Should Go to Folderstable' successfully

2020-08-21 13:50:19 - [TEST_CASE][PASSED] - Test Cases/Folders/Should Go to Folderstable: Test Cases/Folders/Should Go to Folderstable

2020-08-21 13:50:19 - [TEST_STEP][PASSED] - openBrowser(""): Browser is opened with url: ''

2020-08-21 13:50:19 - [MESSAGE][WARNING] - A browser is already opened. Closing browser and opening a new one

2020-08-21 13:50:20 - [MESSAGE][INFO] - Starting 'Firefox' driver

2020-08-21 13:50:23 - [MESSAGE][PASSED] - Browser is opened with url: ''

2020-08-21 13:50:23 - [TEST_STEP][PASSED] - navigateToUrl(URL): Navigate to 'https://lab.powerfolder.net:8666/login' successfully

2020-08-21 13:50:26 - [MESSAGE][PASSED] - Navigate to 'https://lab.powerfolder.net:8666/login' successfully

2020-08-21 13:50:26 - [TEST_STEP][PASSED] - assert getWindowTitle().equals("Login - PowerFolder"): Current window's title is: 'Login - PowerFolder'

2020-08-21 13:50:26 - [MESSAGE][PASSED] - Current window's title is: 'Login - PowerFolder'

2020-08-21 13:50:26 - [TEST_STEP][PASSED] - setText(findTestObject("Object Repository/Login/Page_Login - PowerFolder/input_register new account_Username"), Username): Text 'admin' is set on object 'Object Repository/Login/Page_Login - PowerFolder/input_register new account_Username'

2020-08-21 13:50:26 - [MESSAGE][PASSED] - Text 'admin' is set on object 'Object Repository/Login/Page_Login - PowerFolder/input_register new account_Username'

2020-08-21 13:50:26 - [TEST_STEP][PASSED] - click(findTestObject("Object Repository/Login/Page_Login - PowerFolder/input_register new account_Login")): Object: 'Object Repository/Login/Page_Login - PowerFolder/input_register new account_Login' is clicked on

2020-08-21 13:50:27 - [MESSAGE][PASSED] - Object: 'Object Repository/Login/Page_Login - PowerFolder/input_register new account_Login' is clicked on

2020-08-21 13:50:27 - [TEST_STEP][PASSED] - isPresent = waitForElementVisible(findTestObject("Object Repository/Login/Page_Login - PowerFolder/input_Recover password_Password"), 2): Object 'Object Repository/Login/Page_Login - PowerFolder/input_Recover password_Password' is visible

2020-08-21 13:50:27 - [MESSAGE][PASSED] - Object 'Object Repository/Login/Page_Login - PowerFolder/input_Recover password_Password' is visible

2020-08-21 13:50:27 - [TEST_STEP][PASSED] - assert isPresent: null

2020-08-21 13:50:27 - [TEST_STEP][PASSED] - setText(findTestObject("Object Repository/Login/Page_Login - PowerFolder/input_Recover password_Password"), Password): Text 'password' is set on object 'Object Repository/Login/Page_Login - PowerFolder/input_Recover password_Password'

2020-08-21 13:50:28 - [MESSAGE][PASSED] - Text 'password' is set on object 'Object Repository/Login/Page_Login - PowerFolder/input_Recover password_Password'

2020-08-21 13:50:28 - [TEST_STEP][PASSED] - click(findTestObject("Object Repository/Login/Page_Login - PowerFolder/input_register new account_Login")): Object: 'Object Repository/Login/Page_Login - PowerFolder/input_register new account_Login' is clicked on

2020-08-21 13:50:29 - [MESSAGE][PASSED] - Object: 'Object Repository/Login/Page_Login - PowerFolder/input_register new account_Login' is clicked on

2020-08-21 13:50:29 - [TEST_STEP][PASSED] - assert getWindowTitle().equals("Dashboard - PowerFolder"): Current window's title is: 'Dashboard - PowerFolder'

2020-08-21 13:50:29 - [MESSAGE][PASSED] - Current window's title is: 'Dashboard - PowerFolder'

2020-08-21 13:50:29 - [TEST_STEP][PASSED] - click(findTestObject("Object Repository/Folders/Page_Folders - PowerFolder/lang_Folders")): Object: 'Object Repository/Folders/Page_Folders - PowerFolder/lang_Folders' is clicked on

2020-08-21 13:50:30 - [MESSAGE][PASSED] - Object: 'Object Repository/Folders/Page_Folders - PowerFolder/lang_Folders' is clicked on

2020-08-21 13:50:30 - [TEST_STEP][PASSED] - assert getWindowTitle().equals("Folders - PowerFolder"): Current window's title is: 'Folders - PowerFolder'

2020-08-21 13:50:30 - [MESSAGE][PASSED] - Current window's title is: 'Folders - PowerFolder'

2020-08-21 13:50:30 - [MESSAGE][PASSED] - Call Test Case 'Test Cases/Folders/Should Go to Folderstable' successfully

2020-08-21 13:50:30 - [TEST_STEP][PASSED] - folderName = RandomStringUtils.random(9, true, true): null

2020-08-21 13:50:30 - [TEST_STEP][PASSED] - click(findTestObject("Object Repository/Share/Page_Folders - PowerFolder/span_Paste_pica-glyph glyphicons glyphicons_ca92f0")): Object: 'Object Repository/Share/Page_Folders - PowerFolder/span_Paste_pica-glyph glyphicons glyphicons_ca92f0' is clicked on

2020-08-21 13:50:32 - [MESSAGE][PASSED] - Object: 'Object Repository/Share/Page_Folders - PowerFolder/span_Paste_pica-glyph glyphicons glyphicons_ca92f0' is clicked on

2020-08-21 13:50:32 - [TEST_STEP][PASSED] - click(findTestObject("Object Repository/Share/Page_Folders - PowerFolder/a_Create Folder                            _852e7b")): Object: 'Object Repository/Share/Page_Folders - PowerFolder/a_Create Folder                            _852e7b' is clicked on

2020-08-21 13:50:32 - [MESSAGE][PASSED] - Object: 'Object Repository/Share/Page_Folders - PowerFolder/a_Create Folder                            _852e7b' is clicked on

2020-08-21 13:50:32 - [TEST_STEP][PASSED] - setText(findTestObject("Object Repository/Share/Page_Folders - PowerFolder/input_Create a new Folder_pencil"), folderName): Text 'oEUjGon5v' is set on object 'Object Repository/Share/Page_Folders - PowerFolder/input_Create a new Folder_pencil'

2020-08-21 13:50:33 - [MESSAGE][PASSED] - Text 'oEUjGon5v' is set on object 'Object Repository/Share/Page_Folders - PowerFolder/input_Create a new Folder_pencil'

2020-08-21 13:50:33 - [TEST_STEP][PASSED] - sendKeys(findTestObject("Object Repository/Share/Page_Folders - PowerFolder/input_Create a new Folder_pencil"), Keys.chord(ENTER)): Keys 'ENTER + ' sent to object: 'Object Repository/Share/Page_Folders - PowerFolder/input_Create a new Folder_pencil'

2020-08-21 13:50:33 - [MESSAGE][PASSED] - Keys 'ENTER + ' sent to object: 'Object Repository/Share/Page_Folders - PowerFolder/input_Create a new Folder_pencil'

2020-08-21 13:50:33 - [TEST_STEP][PASSED] - btn = findShareButton(folderName): null

2020-08-21 13:50:33 - [TEST_STEP][PASSED] - driver = getWebDriver(): null

2020-08-21 13:50:33 - [TEST_STEP][PASSED] - return driver.findElement(org.openqa.selenium.By.xpath(//table[@id='files_files_table']/tbody/tr/td[2]/a[contains(text(),'$fileName')]/../../td[6]/a)): null

2020-08-21 13:50:35 - [TEST_STEP][PASSED] - executeJavaScript("arguments[0].click()", Arrays.asList(btn)): Execute JavaScript 'arguments[0].click()' successfully

2020-08-21 13:50:35 - [MESSAGE][PASSED] - Execute JavaScript 'arguments[0].click()' successfully

2020-08-21 13:50:35 - [TEST_STEP][PASSED] - mail = ${ -> ... } <${ -> ... }@outlook.com>: null

2020-08-21 13:50:35 - [TEST_STEP][PASSED] - setText(findTestObject("Object Repository/Share/Page_Folders - PowerFolder/input_Invite users and groups or create a l_797df6"), mail): Text 'oEUjGon5v <oEUjGon5v@outlook.com>' is set on object 'Object Repository/Share/Page_Folders - PowerFolder/input_Invite users and groups or create a l_797df6'

2020-08-21 13:50:35 - [MESSAGE][PASSED] - Text 'oEUjGon5v <oEUjGon5v@outlook.com>' is set on object 'Object Repository/Share/Page_Folders - PowerFolder/input_Invite users and groups or create a l_797df6'

2020-08-21 13:50:35 - [TEST_STEP][PASSED] - click(findTestObject("Object Repository/Share/Page_Folders - PowerFolder/button_Can administrate_pica-taginput-butto_3eb2fe")): Object: 'Object Repository/Share/Page_Folders - PowerFolder/button_Can administrate_pica-taginput-butto_3eb2fe' is clicked on

2020-08-21 13:50:36 - [MESSAGE][PASSED] - Object: 'Object Repository/Share/Page_Folders - PowerFolder/button_Can administrate_pica-taginput-butto_3eb2fe' is clicked on

2020-08-21 13:50:36 - [TEST_STEP][PASSED] - verifyElementText(findTestObject("Object Repository/Share/Page_Folders - PowerFolder/td_usermailcom"), folderName): Actual text and expected text of test object 'Object Repository/Share/Page_Folders - PowerFolder/td_usermailcom' are matched.

2020-08-21 13:50:36 - [MESSAGE][PASSED] - Actual text and expected text of test object 'Object Repository/Share/Page_Folders - PowerFolder/td_usermailcom' are matched.

2020-08-21 13:50:36 - [TEST_STEP][PASSED] - closeBrowser(): Browser is closed

2020-08-21 13:50:38 - [MESSAGE][PASSED] - Browser is closed]]></system-out>
         <system-err><![CDATA[]]></system-err>
      </testcase>
      <testcase name="Test Cases/Share/Share Using plus button/Share folder with Multiple emails tabulation separator" time="17.193" classname="Test Cases/Share/Share Using plus button/Share folder with Multiple emails tabulation separator" status="FAILED">
         <failure type="FAILED" message="Test Cases/Share/Share Using plus button/Share folder with Multiple emails tabulation separator FAILED.
Reason:
Assertion failed: 

assert membersCount+3 == getMembersCount()
       |           |  |  |
       1           4  |  1
                      false

	at Share folder with Multiple emails tabulation separator.run(Share folder with Multiple emails tabulation separator:50)
	at com.kms.katalon.core.main.ScriptEngine.run(ScriptEngine.java:194)
	at com.kms.katalon.core.main.ScriptEngine.runScriptAsRawText(ScriptEngine.java:119)
	at com.kms.katalon.core.main.TestCaseExecutor.runScript(TestCaseExecutor.java:337)
	at com.kms.katalon.core.main.TestCaseExecutor.doExecute(TestCaseExecutor.java:328)
	at com.kms.katalon.core.main.TestCaseExecutor.processExecutionPhase(TestCaseExecutor.java:307)
	at com.kms.katalon.core.main.TestCaseExecutor.accessMainPhase(TestCaseExecutor.java:299)
	at com.kms.katalon.core.main.TestCaseExecutor.execute(TestCaseExecutor.java:233)
	at com.kms.katalon.core.main.TestSuiteExecutor.accessTestCaseMainPhase(TestSuiteExecutor.java:169)
	at com.kms.katalon.core.main.TestSuiteExecutor.accessTestSuiteMainPhase(TestSuiteExecutor.java:142)
	at com.kms.katalon.core.main.TestSuiteExecutor.execute(TestSuiteExecutor.java:91)
	at com.kms.katalon.core.main.TestCaseMain.startTestSuite(TestCaseMain.java:157)
	at com.kms.katalon.core.main.TestCaseMain$startTestSuite$0.call(Unknown Source)
	at TempTestSuite1598014192128.run(TempTestSuite1598014192128.groovy:36)
"/>
         <system-out><![CDATA[2020-08-21 13:50:38 - [TEST_CASE][FAILED] - Test Cases/Share/Share Using plus button/Share folder with Multiple emails tabulation separator: Test Cases/Share/Share Using plus button/Share folder with Multiple emails tabulation separator FAILED.
Reason:
Assertion failed: 

assert membersCount+3 == getMembersCount()
       |           |  |  |
       1           4  |  1
                      false

	at Share folder with Multiple emails tabulation separator.run(Share folder with Multiple emails tabulation separator:50)
	at com.kms.katalon.core.main.ScriptEngine.run(ScriptEngine.java:194)
	at com.kms.katalon.core.main.ScriptEngine.runScriptAsRawText(ScriptEngine.java:119)
	at com.kms.katalon.core.main.TestCaseExecutor.runScript(TestCaseExecutor.java:337)
	at com.kms.katalon.core.main.TestCaseExecutor.doExecute(TestCaseExecutor.java:328)
	at com.kms.katalon.core.main.TestCaseExecutor.processExecutionPhase(TestCaseExecutor.java:307)
	at com.kms.katalon.core.main.TestCaseExecutor.accessMainPhase(TestCaseExecutor.java:299)
	at com.kms.katalon.core.main.TestCaseExecutor.execute(TestCaseExecutor.java:233)
	at com.kms.katalon.core.main.TestSuiteExecutor.accessTestCaseMainPhase(TestSuiteExecutor.java:169)
	at com.kms.katalon.core.main.TestSuiteExecutor.accessTestSuiteMainPhase(TestSuiteExecutor.java:142)
	at com.kms.katalon.core.main.TestSuiteExecutor.execute(TestSuiteExecutor.java:91)
	at com.kms.katalon.core.main.TestCaseMain.startTestSuite(TestCaseMain.java:157)
	at com.kms.katalon.core.main.TestCaseMain$startTestSuite$0.call(Unknown Source)
	at TempTestSuite1598014192128.run(TempTestSuite1598014192128.groovy:36)


2020-08-21 13:50:38 - [TEST_STEP][PASSED] - callTestCase(findTestCase("Folders/Should Go to Folderstable"), [:], OPTIONAL): Call Test Case 'Test Cases/Folders/Should Go to Folderstable' successfully

2020-08-21 13:50:38 - [TEST_CASE][PASSED] - Test Cases/Folders/Should Go to Folderstable: Test Cases/Folders/Should Go to Folderstable

2020-08-21 13:50:38 - [TEST_STEP][PASSED] - openBrowser(""): Browser is opened with url: ''

2020-08-21 13:50:38 - [MESSAGE][INFO] - Starting 'Firefox' driver

2020-08-21 13:50:41 - [MESSAGE][PASSED] - Browser is opened with url: ''

2020-08-21 13:50:41 - [TEST_STEP][PASSED] - navigateToUrl(URL): Navigate to 'https://lab.powerfolder.net:8666/login' successfully

2020-08-21 13:50:44 - [MESSAGE][PASSED] - Navigate to 'https://lab.powerfolder.net:8666/login' successfully

2020-08-21 13:50:44 - [TEST_STEP][PASSED] - assert getWindowTitle().equals("Login - PowerFolder"): Current window's title is: 'Login - PowerFolder'

2020-08-21 13:50:44 - [MESSAGE][PASSED] - Current window's title is: 'Login - PowerFolder'

2020-08-21 13:50:44 - [TEST_STEP][PASSED] - setText(findTestObject("Object Repository/Login/Page_Login - PowerFolder/input_register new account_Username"), Username): Text 'admin' is set on object 'Object Repository/Login/Page_Login - PowerFolder/input_register new account_Username'

2020-08-21 13:50:44 - [MESSAGE][PASSED] - Text 'admin' is set on object 'Object Repository/Login/Page_Login - PowerFolder/input_register new account_Username'

2020-08-21 13:50:44 - [TEST_STEP][PASSED] - click(findTestObject("Object Repository/Login/Page_Login - PowerFolder/input_register new account_Login")): Object: 'Object Repository/Login/Page_Login - PowerFolder/input_register new account_Login' is clicked on

2020-08-21 13:50:44 - [MESSAGE][PASSED] - Object: 'Object Repository/Login/Page_Login - PowerFolder/input_register new account_Login' is clicked on

2020-08-21 13:50:44 - [TEST_STEP][PASSED] - isPresent = waitForElementVisible(findTestObject("Object Repository/Login/Page_Login - PowerFolder/input_Recover password_Password"), 2): Object 'Object Repository/Login/Page_Login - PowerFolder/input_Recover password_Password' is visible

2020-08-21 13:50:45 - [MESSAGE][PASSED] - Object 'Object Repository/Login/Page_Login - PowerFolder/input_Recover password_Password' is visible

2020-08-21 13:50:45 - [TEST_STEP][PASSED] - assert isPresent: null

2020-08-21 13:50:45 - [TEST_STEP][PASSED] - setText(findTestObject("Object Repository/Login/Page_Login - PowerFolder/input_Recover password_Password"), Password): Text 'password' is set on object 'Object Repository/Login/Page_Login - PowerFolder/input_Recover password_Password'

2020-08-21 13:50:45 - [MESSAGE][PASSED] - Text 'password' is set on object 'Object Repository/Login/Page_Login - PowerFolder/input_Recover password_Password'

2020-08-21 13:50:45 - [TEST_STEP][PASSED] - click(findTestObject("Object Repository/Login/Page_Login - PowerFolder/input_register new account_Login")): Object: 'Object Repository/Login/Page_Login - PowerFolder/input_register new account_Login' is clicked on

2020-08-21 13:50:47 - [MESSAGE][PASSED] - Object: 'Object Repository/Login/Page_Login - PowerFolder/input_register new account_Login' is clicked on

2020-08-21 13:50:47 - [TEST_STEP][PASSED] - assert getWindowTitle().equals("Dashboard - PowerFolder"): Current window's title is: 'Dashboard - PowerFolder'

2020-08-21 13:50:47 - [MESSAGE][PASSED] - Current window's title is: 'Dashboard - PowerFolder'

2020-08-21 13:50:47 - [TEST_STEP][PASSED] - click(findTestObject("Object Repository/Folders/Page_Folders - PowerFolder/lang_Folders")): Object: 'Object Repository/Folders/Page_Folders - PowerFolder/lang_Folders' is clicked on

2020-08-21 13:50:48 - [MESSAGE][PASSED] - Object: 'Object Repository/Folders/Page_Folders - PowerFolder/lang_Folders' is clicked on

2020-08-21 13:50:48 - [TEST_STEP][PASSED] - assert getWindowTitle().equals("Folders - PowerFolder"): Current window's title is: 'Folders - PowerFolder'

2020-08-21 13:50:48 - [MESSAGE][PASSED] - Current window's title is: 'Folders - PowerFolder'

2020-08-21 13:50:48 - [MESSAGE][PASSED] - Call Test Case 'Test Cases/Folders/Should Go to Folderstable' successfully

2020-08-21 13:50:48 - [TEST_STEP][PASSED] - folderName = RandomStringUtils.random(9, true, true): null

2020-08-21 13:50:48 - [TEST_STEP][PASSED] - click(findTestObject("Object Repository/Share/Page_Folders - PowerFolder/span_Paste_pica-glyph glyphicons glyphicons_ca92f0")): Object: 'Object Repository/Share/Page_Folders - PowerFolder/span_Paste_pica-glyph glyphicons glyphicons_ca92f0' is clicked on

2020-08-21 13:50:49 - [MESSAGE][PASSED] - Object: 'Object Repository/Share/Page_Folders - PowerFolder/span_Paste_pica-glyph glyphicons glyphicons_ca92f0' is clicked on

2020-08-21 13:50:49 - [TEST_STEP][PASSED] - click(findTestObject("Object Repository/Share/Page_Folders - PowerFolder/a_Create Folder                            _852e7b")): Object: 'Object Repository/Share/Page_Folders - PowerFolder/a_Create Folder                            _852e7b' is clicked on

2020-08-21 13:50:50 - [MESSAGE][PASSED] - Object: 'Object Repository/Share/Page_Folders - PowerFolder/a_Create Folder                            _852e7b' is clicked on

2020-08-21 13:50:50 - [TEST_STEP][PASSED] - setText(findTestObject("Object Repository/Share/Page_Folders - PowerFolder/input_Create a new Folder_pencil"), folderName): Text 'DKlYlSXKz' is set on object 'Object Repository/Share/Page_Folders - PowerFolder/input_Create a new Folder_pencil'

2020-08-21 13:50:50 - [MESSAGE][PASSED] - Text 'DKlYlSXKz' is set on object 'Object Repository/Share/Page_Folders - PowerFolder/input_Create a new Folder_pencil'

2020-08-21 13:50:50 - [TEST_STEP][PASSED] - sendKeys(findTestObject("Object Repository/Share/Page_Folders - PowerFolder/input_Create a new Folder_pencil"), Keys.chord(ENTER)): Keys 'ENTER + ' sent to object: 'Object Repository/Share/Page_Folders - PowerFolder/input_Create a new Folder_pencil'

2020-08-21 13:50:51 - [MESSAGE][PASSED] - Keys 'ENTER + ' sent to object: 'Object Repository/Share/Page_Folders - PowerFolder/input_Create a new Folder_pencil'

2020-08-21 13:50:51 - [TEST_STEP][PASSED] - btn = findShareButton(folderName): null

2020-08-21 13:50:51 - [TEST_STEP][PASSED] - driver = getWebDriver(): null

2020-08-21 13:50:51 - [TEST_STEP][PASSED] - return driver.findElement(org.openqa.selenium.By.xpath(//table[@id='files_files_table']/tbody/tr/td[2]/a[contains(text(),'$fileName')]/../../td[6]/a)): null

2020-08-21 13:50:52 - [TEST_STEP][PASSED] - executeJavaScript("arguments[0].click()", Arrays.asList(btn)): Execute JavaScript 'arguments[0].click()' successfully

2020-08-21 13:50:52 - [MESSAGE][PASSED] - Execute JavaScript 'arguments[0].click()' successfully

2020-08-21 13:50:52 - [TEST_STEP][PASSED] - mails = a_${ -> ... }@a.com	b_${ -> ... }@b.com	c_${ -> ... }@c.com: null

2020-08-21 13:50:52 - [TEST_STEP][PASSED] - membersCount = getMembersCount(): null

2020-08-21 13:50:52 - [TEST_STEP][PASSED] - driver = getWebDriver(): null

2020-08-21 13:50:52 - [TEST_STEP][PASSED] - tbody = driver.findElement(By.xpath("//table[@id='share_table']/tbody")): null

2020-08-21 13:50:53 - [TEST_STEP][PASSED] - assert tbody: null

2020-08-21 13:50:53 - [TEST_STEP][PASSED] - rows_table = tbody.findElements(By.tagName("tr")): null

2020-08-21 13:50:53 - [TEST_STEP][PASSED] - return rows_table.size(): null

2020-08-21 13:50:53 - [TEST_STEP][PASSED] - setText(findTestObject("Object Repository/Share/Page_Folders - PowerFolder/input_Invite users and groups or create a l_797df6"), mails): Text 'a_DKlYlSXKz@a.com	b_DKlYlSXKz@b.com	c_DKlYlSXKz@c.com' is set on object 'Object Repository/Share/Page_Folders - PowerFolder/input_Invite users and groups or create a l_797df6'

2020-08-21 13:50:54 - [MESSAGE][PASSED] - Text 'a_DKlYlSXKz@a.com	b_DKlYlSXKz@b.com	c_DKlYlSXKz@c.com' is set on object 'Object Repository/Share/Page_Folders - PowerFolder/input_Invite users and groups or create a l_797df6'

2020-08-21 13:50:54 - [TEST_STEP][PASSED] - click(findTestObject("Object Repository/Share/Page_Folders - PowerFolder/button_Can administrate_pica-taginput-butto_3eb2fe")): Object: 'Object Repository/Share/Page_Folders - PowerFolder/button_Can administrate_pica-taginput-butto_3eb2fe' is clicked on

2020-08-21 13:50:54 - [MESSAGE][PASSED] - Object: 'Object Repository/Share/Page_Folders - PowerFolder/button_Can administrate_pica-taginput-butto_3eb2fe' is clicked on

2020-08-21 13:50:54 - [TEST_STEP][PASSED] - assert membersCount + 3 == getMembersCount(): null

2020-08-21 13:50:54 - [TEST_STEP][PASSED] - driver = getWebDriver(): null

2020-08-21 13:50:54 - [TEST_STEP][PASSED] - tbody = driver.findElement(By.xpath("//table[@id='share_table']/tbody")): null

2020-08-21 13:50:55 - [TEST_STEP][PASSED] - assert tbody: null

2020-08-21 13:50:55 - [TEST_STEP][PASSED] - rows_table = tbody.findElements(By.tagName("tr")): null

2020-08-21 13:50:55 - [TEST_STEP][PASSED] - return rows_table.size(): null]]></system-out>
         <system-err><![CDATA[2020-08-21 13:50:38 - [TEST_CASE][FAILED] - Test Cases/Share/Share Using plus button/Share folder with Multiple emails tabulation separator: Test Cases/Share/Share Using plus button/Share folder with Multiple emails tabulation separator FAILED.
Reason:
Assertion failed: 

assert membersCount+3 == getMembersCount()
       |           |  |  |
       1           4  |  1
                      false

	at Share folder with Multiple emails tabulation separator.run(Share folder with Multiple emails tabulation separator:50)
	at com.kms.katalon.core.main.ScriptEngine.run(ScriptEngine.java:194)
	at com.kms.katalon.core.main.ScriptEngine.runScriptAsRawText(ScriptEngine.java:119)
	at com.kms.katalon.core.main.TestCaseExecutor.runScript(TestCaseExecutor.java:337)
	at com.kms.katalon.core.main.TestCaseExecutor.doExecute(TestCaseExecutor.java:328)
	at com.kms.katalon.core.main.TestCaseExecutor.processExecutionPhase(TestCaseExecutor.java:307)
	at com.kms.katalon.core.main.TestCaseExecutor.accessMainPhase(TestCaseExecutor.java:299)
	at com.kms.katalon.core.main.TestCaseExecutor.execute(TestCaseExecutor.java:233)
	at com.kms.katalon.core.main.TestSuiteExecutor.accessTestCaseMainPhase(TestSuiteExecutor.java:169)
	at com.kms.katalon.core.main.TestSuiteExecutor.accessTestSuiteMainPhase(TestSuiteExecutor.java:142)
	at com.kms.katalon.core.main.TestSuiteExecutor.execute(TestSuiteExecutor.java:91)
	at com.kms.katalon.core.main.TestCaseMain.startTestSuite(TestCaseMain.java:157)
	at com.kms.katalon.core.main.TestCaseMain$startTestSuite$0.call(Unknown Source)
	at TempTestSuite1598014192128.run(TempTestSuite1598014192128.groovy:36)]]></system-err>
      </testcase>
      <testcase name="Test Cases/Share/Share Using plus button/Share Folder With Group" time="27.09" classname="Test Cases/Share/Share Using plus button/Share Folder With Group" status="PASSED">
         <system-out><![CDATA[2020-08-21 13:50:55 - [TEST_CASE][PASSED] - Test Cases/Share/Share Using plus button/Share Folder With Group: Test Cases/Share/Share Using plus button/Share Folder With Group

2020-08-21 13:50:55 - [TEST_STEP][PASSED] - callTestCase(findTestCase("Folders/Should Go to Folderstable"), [:], OPTIONAL): Call Test Case 'Test Cases/Folders/Should Go to Folderstable' successfully

2020-08-21 13:50:55 - [TEST_CASE][PASSED] - Test Cases/Folders/Should Go to Folderstable: Test Cases/Folders/Should Go to Folderstable

2020-08-21 13:50:55 - [TEST_STEP][PASSED] - openBrowser(""): Browser is opened with url: ''

2020-08-21 13:50:55 - [MESSAGE][WARNING] - A browser is already opened. Closing browser and opening a new one

2020-08-21 13:50:57 - [MESSAGE][INFO] - Starting 'Firefox' driver

2020-08-21 13:50:59 - [MESSAGE][PASSED] - Browser is opened with url: ''

2020-08-21 13:50:59 - [TEST_STEP][PASSED] - navigateToUrl(URL): Navigate to 'https://lab.powerfolder.net:8666/login' successfully

2020-08-21 13:51:02 - [MESSAGE][PASSED] - Navigate to 'https://lab.powerfolder.net:8666/login' successfully

2020-08-21 13:51:02 - [TEST_STEP][PASSED] - assert getWindowTitle().equals("Login - PowerFolder"): Current window's title is: 'Login - PowerFolder'

2020-08-21 13:51:02 - [MESSAGE][PASSED] - Current window's title is: 'Login - PowerFolder'

2020-08-21 13:51:02 - [TEST_STEP][PASSED] - setText(findTestObject("Object Repository/Login/Page_Login - PowerFolder/input_register new account_Username"), Username): Text 'admin' is set on object 'Object Repository/Login/Page_Login - PowerFolder/input_register new account_Username'

2020-08-21 13:51:02 - [MESSAGE][PASSED] - Text 'admin' is set on object 'Object Repository/Login/Page_Login - PowerFolder/input_register new account_Username'

2020-08-21 13:51:02 - [TEST_STEP][PASSED] - click(findTestObject("Object Repository/Login/Page_Login - PowerFolder/input_register new account_Login")): Object: 'Object Repository/Login/Page_Login - PowerFolder/input_register new account_Login' is clicked on

2020-08-21 13:51:03 - [MESSAGE][PASSED] - Object: 'Object Repository/Login/Page_Login - PowerFolder/input_register new account_Login' is clicked on

2020-08-21 13:51:03 - [TEST_STEP][PASSED] - isPresent = waitForElementVisible(findTestObject("Object Repository/Login/Page_Login - PowerFolder/input_Recover password_Password"), 2): Object 'Object Repository/Login/Page_Login - PowerFolder/input_Recover password_Password' is visible

2020-08-21 13:51:04 - [MESSAGE][PASSED] - Object 'Object Repository/Login/Page_Login - PowerFolder/input_Recover password_Password' is visible

2020-08-21 13:51:04 - [TEST_STEP][PASSED] - assert isPresent: null

2020-08-21 13:51:04 - [TEST_STEP][PASSED] - setText(findTestObject("Object Repository/Login/Page_Login - PowerFolder/input_Recover password_Password"), Password): Text 'password' is set on object 'Object Repository/Login/Page_Login - PowerFolder/input_Recover password_Password'

2020-08-21 13:51:04 - [MESSAGE][PASSED] - Text 'password' is set on object 'Object Repository/Login/Page_Login - PowerFolder/input_Recover password_Password'

2020-08-21 13:51:04 - [TEST_STEP][PASSED] - click(findTestObject("Object Repository/Login/Page_Login - PowerFolder/input_register new account_Login")): Object: 'Object Repository/Login/Page_Login - PowerFolder/input_register new account_Login' is clicked on

2020-08-21 13:51:05 - [MESSAGE][PASSED] - Object: 'Object Repository/Login/Page_Login - PowerFolder/input_register new account_Login' is clicked on

2020-08-21 13:51:05 - [TEST_STEP][PASSED] - assert getWindowTitle().equals("Dashboard - PowerFolder"): Current window's title is: 'Dashboard - PowerFolder'

2020-08-21 13:51:05 - [MESSAGE][PASSED] - Current window's title is: 'Dashboard - PowerFolder'

2020-08-21 13:51:05 - [TEST_STEP][PASSED] - click(findTestObject("Object Repository/Folders/Page_Folders - PowerFolder/lang_Folders")): Object: 'Object Repository/Folders/Page_Folders - PowerFolder/lang_Folders' is clicked on

2020-08-21 13:51:07 - [MESSAGE][PASSED] - Object: 'Object Repository/Folders/Page_Folders - PowerFolder/lang_Folders' is clicked on

2020-08-21 13:51:07 - [TEST_STEP][PASSED] - assert getWindowTitle().equals("Folders - PowerFolder"): Current window's title is: 'Folders - PowerFolder'

2020-08-21 13:51:07 - [MESSAGE][PASSED] - Current window's title is: 'Folders - PowerFolder'

2020-08-21 13:51:07 - [MESSAGE][PASSED] - Call Test Case 'Test Cases/Folders/Should Go to Folderstable' successfully

2020-08-21 13:51:07 - [TEST_STEP][PASSED] - folderName = RandomStringUtils.random(9, true, true): null

2020-08-21 13:51:07 - [TEST_STEP][PASSED] - click(findTestObject("Object Repository/Share/Page_Folders - PowerFolder/span_Paste_pica-glyph glyphicons glyphicons_ca92f0")): Object: 'Object Repository/Share/Page_Folders - PowerFolder/span_Paste_pica-glyph glyphicons glyphicons_ca92f0' is clicked on

2020-08-21 13:51:08 - [MESSAGE][PASSED] - Object: 'Object Repository/Share/Page_Folders - PowerFolder/span_Paste_pica-glyph glyphicons glyphicons_ca92f0' is clicked on

2020-08-21 13:51:08 - [TEST_STEP][PASSED] - click(findTestObject("Object Repository/Share/Page_Folders - PowerFolder/a_Create Folder                            _852e7b")): Object: 'Object Repository/Share/Page_Folders - PowerFolder/a_Create Folder                            _852e7b' is clicked on

2020-08-21 13:51:09 - [MESSAGE][PASSED] - Object: 'Object Repository/Share/Page_Folders - PowerFolder/a_Create Folder                            _852e7b' is clicked on

2020-08-21 13:51:09 - [TEST_STEP][PASSED] - setText(findTestObject("Object Repository/Share/Page_Folders - PowerFolder/input_Create a new Folder_pencil"), folderName): Text 'x9F4jaXT0' is set on object 'Object Repository/Share/Page_Folders - PowerFolder/input_Create a new Folder_pencil'

2020-08-21 13:51:09 - [MESSAGE][PASSED] - Text 'x9F4jaXT0' is set on object 'Object Repository/Share/Page_Folders - PowerFolder/input_Create a new Folder_pencil'

2020-08-21 13:51:09 - [TEST_STEP][PASSED] - sendKeys(findTestObject("Object Repository/Share/Page_Folders - PowerFolder/input_Create a new Folder_pencil"), Keys.chord(ENTER)): Keys 'ENTER + ' sent to object: 'Object Repository/Share/Page_Folders - PowerFolder/input_Create a new Folder_pencil'

2020-08-21 13:51:10 - [MESSAGE][PASSED] - Keys 'ENTER + ' sent to object: 'Object Repository/Share/Page_Folders - PowerFolder/input_Create a new Folder_pencil'

2020-08-21 13:51:10 - [TEST_STEP][PASSED] - click(findTestObject("Object Repository/Folders/Page_Dashboard - PowerFolder/lang_Groups")): Object: 'Object Repository/Folders/Page_Dashboard - PowerFolder/lang_Groups' is clicked on

2020-08-21 13:51:12 - [MESSAGE][PASSED] - Object: 'Object Repository/Folders/Page_Dashboard - PowerFolder/lang_Groups' is clicked on

2020-08-21 13:51:12 - [TEST_STEP][PASSED] - click(findTestObject("Object Repository/Share/Page_Groups - PowerFolder/span_Log out_pica-icon pica-glyph glyphicon_0824b5")): Object: 'Object Repository/Share/Page_Groups - PowerFolder/span_Log out_pica-icon pica-glyph glyphicon_0824b5' is clicked on

2020-08-21 13:51:12 - [MESSAGE][PASSED] - Object: 'Object Repository/Share/Page_Groups - PowerFolder/span_Log out_pica-icon pica-glyph glyphicon_0824b5' is clicked on

2020-08-21 13:51:12 - [TEST_STEP][PASSED] - setText(findTestObject("Object Repository/Share/Page_Groups - PowerFolder/input_Organizations_pica_group_name"), Group_${ -> ... }): Text 'Group_x9F4jaXT0' is set on object 'Object Repository/Share/Page_Groups - PowerFolder/input_Organizations_pica_group_name'

2020-08-21 13:51:13 - [MESSAGE][PASSED] - Text 'Group_x9F4jaXT0' is set on object 'Object Repository/Share/Page_Groups - PowerFolder/input_Organizations_pica_group_name'

2020-08-21 13:51:13 - [TEST_STEP][PASSED] - click(findTestObject("Object Repository/Share/Page_Groups - PowerFolder/lang_Save")): Object: 'Object Repository/Share/Page_Groups - PowerFolder/lang_Save' is clicked on

2020-08-21 13:51:13 - [MESSAGE][PASSED] - Object: 'Object Repository/Share/Page_Groups - PowerFolder/lang_Save' is clicked on

2020-08-21 13:51:13 - [TEST_STEP][PASSED] - click(findTestObject("Object Repository/Folders/Page_Folders - PowerFolder/lang_Folders")): Object: 'Object Repository/Folders/Page_Folders - PowerFolder/lang_Folders' is clicked on

2020-08-21 13:51:16 - [MESSAGE][PASSED] - Object: 'Object Repository/Folders/Page_Folders - PowerFolder/lang_Folders' is clicked on

2020-08-21 13:51:16 - [TEST_STEP][PASSED] - assert getWindowTitle().equals("Folders - PowerFolder"): Current window's title is: 'Folders - PowerFolder'

2020-08-21 13:51:16 - [MESSAGE][PASSED] - Current window's title is: 'Folders - PowerFolder'

2020-08-21 13:51:16 - [TEST_STEP][PASSED] - btn = findShareButton(folderName): null

2020-08-21 13:51:16 - [TEST_STEP][PASSED] - driver = getWebDriver(): null

2020-08-21 13:51:16 - [TEST_STEP][PASSED] - return driver.findElement(org.openqa.selenium.By.xpath(//table[@id='files_files_table']/tbody/tr/td[2]/a[contains(text(),'$fileName')]/../../td[6]/a)): null

2020-08-21 13:51:18 - [TEST_STEP][PASSED] - executeJavaScript("arguments[0].click()", Arrays.asList(btn)): Execute JavaScript 'arguments[0].click()' successfully

2020-08-21 13:51:18 - [MESSAGE][PASSED] - Execute JavaScript 'arguments[0].click()' successfully

2020-08-21 13:51:18 - [TEST_STEP][PASSED] - Group = Group_${ -> ... }: null

2020-08-21 13:51:18 - [TEST_STEP][PASSED] - setText(findTestObject("Object Repository/Share/Page_Folders - PowerFolder/input_Invite users and groups or create a l_797df6"), Group): Text 'Group_x9F4jaXT0' is set on object 'Object Repository/Share/Page_Folders - PowerFolder/input_Invite users and groups or create a l_797df6'

2020-08-21 13:51:18 - [MESSAGE][PASSED] - Text 'Group_x9F4jaXT0' is set on object 'Object Repository/Share/Page_Folders - PowerFolder/input_Invite users and groups or create a l_797df6'

2020-08-21 13:51:18 - [TEST_STEP][PASSED] - click(findTestObject("Object Repository/Share/Page_Folders - PowerFolder/tag")): Object: 'Object Repository/Share/Page_Folders - PowerFolder/tag' is clicked on

2020-08-21 13:51:20 - [MESSAGE][PASSED] - Object: 'Object Repository/Share/Page_Folders - PowerFolder/tag' is clicked on

2020-08-21 13:51:20 - [TEST_STEP][PASSED] - click(findTestObject("Object Repository/Share/Page_Folders - PowerFolder/button_Can administrate_pica-taginput-butto_3eb2fe")): Object: 'Object Repository/Share/Page_Folders - PowerFolder/button_Can administrate_pica-taginput-butto_3eb2fe' is clicked on

2020-08-21 13:51:20 - [MESSAGE][PASSED] - Object: 'Object Repository/Share/Page_Folders - PowerFolder/button_Can administrate_pica-taginput-butto_3eb2fe' is clicked on

2020-08-21 13:51:20 - [TEST_STEP][PASSED] - verifyElementText(findTestObject("Object Repository/Share/Page_Folders - PowerFolder/td_Group"), Group): Actual text and expected text of test object 'Object Repository/Share/Page_Folders - PowerFolder/td_Group' are matched.

2020-08-21 13:51:21 - [MESSAGE][PASSED] - Actual text and expected text of test object 'Object Repository/Share/Page_Folders - PowerFolder/td_Group' are matched.

2020-08-21 13:51:21 - [TEST_STEP][PASSED] - closeBrowser(): Browser is closed

2020-08-21 13:51:22 - [MESSAGE][PASSED] - Browser is closed]]></system-out>
         <system-err><![CDATA[]]></system-err>
      </testcase>
      <testcase name="Test Cases/Share/Share Using plus button/Share folder with Multiple outlook emails" time="18.202" classname="Test Cases/Share/Share Using plus button/Share folder with Multiple outlook emails" status="FAILED">
         <failure type="FAILED" message="Test Cases/Share/Share Using plus button/Share folder with Multiple outlook emails FAILED.
Reason:
Assertion failed: 

assert membersCount+3 == getMembersCount()
       |           |  |  |
       1           4  |  5
                      false

	at Share folder with Multiple outlook emails.run(Share folder with Multiple outlook emails:50)
	at com.kms.katalon.core.main.ScriptEngine.run(ScriptEngine.java:194)
	at com.kms.katalon.core.main.ScriptEngine.runScriptAsRawText(ScriptEngine.java:119)
	at com.kms.katalon.core.main.TestCaseExecutor.runScript(TestCaseExecutor.java:337)
	at com.kms.katalon.core.main.TestCaseExecutor.doExecute(TestCaseExecutor.java:328)
	at com.kms.katalon.core.main.TestCaseExecutor.processExecutionPhase(TestCaseExecutor.java:307)
	at com.kms.katalon.core.main.TestCaseExecutor.accessMainPhase(TestCaseExecutor.java:299)
	at com.kms.katalon.core.main.TestCaseExecutor.execute(TestCaseExecutor.java:233)
	at com.kms.katalon.core.main.TestSuiteExecutor.accessTestCaseMainPhase(TestSuiteExecutor.java:169)
	at com.kms.katalon.core.main.TestSuiteExecutor.accessTestSuiteMainPhase(TestSuiteExecutor.java:142)
	at com.kms.katalon.core.main.TestSuiteExecutor.execute(TestSuiteExecutor.java:91)
	at com.kms.katalon.core.main.TestCaseMain.startTestSuite(TestCaseMain.java:157)
	at com.kms.katalon.core.main.TestCaseMain$startTestSuite$0.call(Unknown Source)
	at TempTestSuite1598014192128.run(TempTestSuite1598014192128.groovy:36)
"/>
         <system-out><![CDATA[2020-08-21 13:51:22 - [TEST_CASE][FAILED] - Test Cases/Share/Share Using plus button/Share folder with Multiple outlook emails: Test Cases/Share/Share Using plus button/Share folder with Multiple outlook emails FAILED.
Reason:
Assertion failed: 

assert membersCount+3 == getMembersCount()
       |           |  |  |
       1           4  |  5
                      false

	at Share folder with Multiple outlook emails.run(Share folder with Multiple outlook emails:50)
	at com.kms.katalon.core.main.ScriptEngine.run(ScriptEngine.java:194)
	at com.kms.katalon.core.main.ScriptEngine.runScriptAsRawText(ScriptEngine.java:119)
	at com.kms.katalon.core.main.TestCaseExecutor.runScript(TestCaseExecutor.java:337)
	at com.kms.katalon.core.main.TestCaseExecutor.doExecute(TestCaseExecutor.java:328)
	at com.kms.katalon.core.main.TestCaseExecutor.processExecutionPhase(TestCaseExecutor.java:307)
	at com.kms.katalon.core.main.TestCaseExecutor.accessMainPhase(TestCaseExecutor.java:299)
	at com.kms.katalon.core.main.TestCaseExecutor.execute(TestCaseExecutor.java:233)
	at com.kms.katalon.core.main.TestSuiteExecutor.accessTestCaseMainPhase(TestSuiteExecutor.java:169)
	at com.kms.katalon.core.main.TestSuiteExecutor.accessTestSuiteMainPhase(TestSuiteExecutor.java:142)
	at com.kms.katalon.core.main.TestSuiteExecutor.execute(TestSuiteExecutor.java:91)
	at com.kms.katalon.core.main.TestCaseMain.startTestSuite(TestCaseMain.java:157)
	at com.kms.katalon.core.main.TestCaseMain$startTestSuite$0.call(Unknown Source)
	at TempTestSuite1598014192128.run(TempTestSuite1598014192128.groovy:36)


2020-08-21 13:51:22 - [TEST_STEP][PASSED] - callTestCase(findTestCase("Folders/Should Go to Folderstable"), [:], OPTIONAL): Call Test Case 'Test Cases/Folders/Should Go to Folderstable' successfully

2020-08-21 13:51:22 - [TEST_CASE][PASSED] - Test Cases/Folders/Should Go to Folderstable: Test Cases/Folders/Should Go to Folderstable

2020-08-21 13:51:22 - [TEST_STEP][PASSED] - openBrowser(""): Browser is opened with url: ''

2020-08-21 13:51:22 - [MESSAGE][INFO] - Starting 'Firefox' driver

2020-08-21 13:51:25 - [MESSAGE][PASSED] - Browser is opened with url: ''

2020-08-21 13:51:25 - [TEST_STEP][PASSED] - navigateToUrl(URL): Navigate to 'https://lab.powerfolder.net:8666/login' successfully

2020-08-21 13:51:28 - [MESSAGE][PASSED] - Navigate to 'https://lab.powerfolder.net:8666/login' successfully

2020-08-21 13:51:28 - [TEST_STEP][PASSED] - assert getWindowTitle().equals("Login - PowerFolder"): Current window's title is: 'Login - PowerFolder'

2020-08-21 13:51:28 - [MESSAGE][PASSED] - Current window's title is: 'Login - PowerFolder'

2020-08-21 13:51:28 - [TEST_STEP][PASSED] - setText(findTestObject("Object Repository/Login/Page_Login - PowerFolder/input_register new account_Username"), Username): Text 'admin' is set on object 'Object Repository/Login/Page_Login - PowerFolder/input_register new account_Username'

2020-08-21 13:51:29 - [MESSAGE][PASSED] - Text 'admin' is set on object 'Object Repository/Login/Page_Login - PowerFolder/input_register new account_Username'

2020-08-21 13:51:29 - [TEST_STEP][PASSED] - click(findTestObject("Object Repository/Login/Page_Login - PowerFolder/input_register new account_Login")): Object: 'Object Repository/Login/Page_Login - PowerFolder/input_register new account_Login' is clicked on

2020-08-21 13:51:29 - [MESSAGE][PASSED] - Object: 'Object Repository/Login/Page_Login - PowerFolder/input_register new account_Login' is clicked on

2020-08-21 13:51:29 - [TEST_STEP][PASSED] - isPresent = waitForElementVisible(findTestObject("Object Repository/Login/Page_Login - PowerFolder/input_Recover password_Password"), 2): Object 'Object Repository/Login/Page_Login - PowerFolder/input_Recover password_Password' is visible

2020-08-21 13:51:30 - [MESSAGE][PASSED] - Object 'Object Repository/Login/Page_Login - PowerFolder/input_Recover password_Password' is visible

2020-08-21 13:51:30 - [TEST_STEP][PASSED] - assert isPresent: null

2020-08-21 13:51:30 - [TEST_STEP][PASSED] - setText(findTestObject("Object Repository/Login/Page_Login - PowerFolder/input_Recover password_Password"), Password): Text 'password' is set on object 'Object Repository/Login/Page_Login - PowerFolder/input_Recover password_Password'

2020-08-21 13:51:30 - [MESSAGE][PASSED] - Text 'password' is set on object 'Object Repository/Login/Page_Login - PowerFolder/input_Recover password_Password'

2020-08-21 13:51:30 - [TEST_STEP][PASSED] - click(findTestObject("Object Repository/Login/Page_Login - PowerFolder/input_register new account_Login")): Object: 'Object Repository/Login/Page_Login - PowerFolder/input_register new account_Login' is clicked on

2020-08-21 13:51:32 - [MESSAGE][PASSED] - Object: 'Object Repository/Login/Page_Login - PowerFolder/input_register new account_Login' is clicked on

2020-08-21 13:51:32 - [TEST_STEP][PASSED] - assert getWindowTitle().equals("Dashboard - PowerFolder"): Current window's title is: 'Dashboard - PowerFolder'

2020-08-21 13:51:32 - [MESSAGE][PASSED] - Current window's title is: 'Dashboard - PowerFolder'

2020-08-21 13:51:32 - [TEST_STEP][PASSED] - click(findTestObject("Object Repository/Folders/Page_Folders - PowerFolder/lang_Folders")): Object: 'Object Repository/Folders/Page_Folders - PowerFolder/lang_Folders' is clicked on

2020-08-21 13:51:33 - [MESSAGE][PASSED] - Object: 'Object Repository/Folders/Page_Folders - PowerFolder/lang_Folders' is clicked on

2020-08-21 13:51:33 - [TEST_STEP][PASSED] - assert getWindowTitle().equals("Folders - PowerFolder"): Current window's title is: 'Folders - PowerFolder'

2020-08-21 13:51:33 - [MESSAGE][PASSED] - Current window's title is: 'Folders - PowerFolder'

2020-08-21 13:51:33 - [MESSAGE][PASSED] - Call Test Case 'Test Cases/Folders/Should Go to Folderstable' successfully

2020-08-21 13:51:33 - [TEST_STEP][PASSED] - folderName = RandomStringUtils.random(9, true, true): null

2020-08-21 13:51:33 - [TEST_STEP][PASSED] - click(findTestObject("Object Repository/Share/Page_Folders - PowerFolder/span_Paste_pica-glyph glyphicons glyphicons_ca92f0")): Object: 'Object Repository/Share/Page_Folders - PowerFolder/span_Paste_pica-glyph glyphicons glyphicons_ca92f0' is clicked on

2020-08-21 13:51:35 - [MESSAGE][PASSED] - Object: 'Object Repository/Share/Page_Folders - PowerFolder/span_Paste_pica-glyph glyphicons glyphicons_ca92f0' is clicked on

2020-08-21 13:51:35 - [TEST_STEP][PASSED] - click(findTestObject("Object Repository/Share/Page_Folders - PowerFolder/a_Create Folder                            _852e7b")): Object: 'Object Repository/Share/Page_Folders - PowerFolder/a_Create Folder                            _852e7b' is clicked on

2020-08-21 13:51:35 - [MESSAGE][PASSED] - Object: 'Object Repository/Share/Page_Folders - PowerFolder/a_Create Folder                            _852e7b' is clicked on

2020-08-21 13:51:35 - [TEST_STEP][PASSED] - setText(findTestObject("Object Repository/Share/Page_Folders - PowerFolder/input_Create a new Folder_pencil"), folderName): Text 'wCYwAuUsQ' is set on object 'Object Repository/Share/Page_Folders - PowerFolder/input_Create a new Folder_pencil'

2020-08-21 13:51:36 - [MESSAGE][PASSED] - Text 'wCYwAuUsQ' is set on object 'Object Repository/Share/Page_Folders - PowerFolder/input_Create a new Folder_pencil'

2020-08-21 13:51:36 - [TEST_STEP][PASSED] - sendKeys(findTestObject("Object Repository/Share/Page_Folders - PowerFolder/input_Create a new Folder_pencil"), Keys.chord(ENTER)): Keys 'ENTER + ' sent to object: 'Object Repository/Share/Page_Folders - PowerFolder/input_Create a new Folder_pencil'

2020-08-21 13:51:36 - [MESSAGE][PASSED] - Keys 'ENTER + ' sent to object: 'Object Repository/Share/Page_Folders - PowerFolder/input_Create a new Folder_pencil'

2020-08-21 13:51:36 - [TEST_STEP][PASSED] - btn = findShareButton(folderName): null

2020-08-21 13:51:36 - [TEST_STEP][PASSED] - driver = getWebDriver(): null

2020-08-21 13:51:36 - [TEST_STEP][PASSED] - return driver.findElement(org.openqa.selenium.By.xpath(//table[@id='files_files_table']/tbody/tr/td[2]/a[contains(text(),'$fileName')]/../../td[6]/a)): null

2020-08-21 13:51:38 - [TEST_STEP][PASSED] - executeJavaScript("arguments[0].click()", Arrays.asList(btn)): Execute JavaScript 'arguments[0].click()' successfully

2020-08-21 13:51:38 - [MESSAGE][PASSED] - Execute JavaScript 'arguments[0].click()' successfully

2020-08-21 13:51:38 - [TEST_STEP][PASSED] - mails = ${ -> ... } <${ -> ... }@outlook.com>;${ -> ... } <${ -> ... }@outlook.com>;${ -> ... } <${ -> ... }@outlook.com>: null

2020-08-21 13:51:38 - [TEST_STEP][PASSED] - membersCount = getMembersCount(): null

2020-08-21 13:51:38 - [TEST_STEP][PASSED] - driver = getWebDriver(): null

2020-08-21 13:51:38 - [TEST_STEP][PASSED] - tbody = driver.findElement(By.xpath("//table[@id='share_table']/tbody")): null

2020-08-21 13:51:38 - [TEST_STEP][PASSED] - assert tbody: null

2020-08-21 13:51:38 - [TEST_STEP][PASSED] - rows_table = tbody.findElements(By.tagName("tr")): null

2020-08-21 13:51:39 - [TEST_STEP][PASSED] - return rows_table.size(): null

2020-08-21 13:51:39 - [TEST_STEP][PASSED] - setText(findTestObject("Object Repository/Share/Page_Folders - PowerFolder/input_Invite users and groups or create a l_797df6"), mails): Text 'wCYwAuUsQa <wCYwAuUsQa@outlook.com>;wCYwAuUsQb <wCYwAuUsQb@outlook.com>;wCYwAuUsQc <wCYwAuUsQc@outlook.com>' is set on object 'Object Repository/Share/Page_Folders - PowerFolder/input_Invite users and groups or create a l_797df6'

2020-08-21 13:51:39 - [MESSAGE][PASSED] - Text 'wCYwAuUsQa <wCYwAuUsQa@outlook.com>;wCYwAuUsQb <wCYwAuUsQb@outlook.com>;wCYwAuUsQc <wCYwAuUsQc@outlook.com>' is set on object 'Object Repository/Share/Page_Folders - PowerFolder/input_Invite users and groups or create a l_797df6'

2020-08-21 13:51:39 - [TEST_STEP][PASSED] - click(findTestObject("Object Repository/Share/Page_Folders - PowerFolder/button_Can administrate_pica-taginput-butto_3eb2fe")): Object: 'Object Repository/Share/Page_Folders - PowerFolder/button_Can administrate_pica-taginput-butto_3eb2fe' is clicked on

2020-08-21 13:51:39 - [MESSAGE][PASSED] - Object: 'Object Repository/Share/Page_Folders - PowerFolder/button_Can administrate_pica-taginput-butto_3eb2fe' is clicked on

2020-08-21 13:51:39 - [TEST_STEP][PASSED] - assert membersCount + 3 == getMembersCount(): null

2020-08-21 13:51:39 - [TEST_STEP][PASSED] - driver = getWebDriver(): null

2020-08-21 13:51:39 - [TEST_STEP][PASSED] - tbody = driver.findElement(By.xpath("//table[@id='share_table']/tbody")): null

2020-08-21 13:51:40 - [TEST_STEP][PASSED] - assert tbody: null

2020-08-21 13:51:40 - [TEST_STEP][PASSED] - rows_table = tbody.findElements(By.tagName("tr")): null

2020-08-21 13:51:40 - [TEST_STEP][PASSED] - return rows_table.size(): null]]></system-out>
         <system-err><![CDATA[2020-08-21 13:51:22 - [TEST_CASE][FAILED] - Test Cases/Share/Share Using plus button/Share folder with Multiple outlook emails: Test Cases/Share/Share Using plus button/Share folder with Multiple outlook emails FAILED.
Reason:
Assertion failed: 

assert membersCount+3 == getMembersCount()
       |           |  |  |
       1           4  |  5
                      false

	at Share folder with Multiple outlook emails.run(Share folder with Multiple outlook emails:50)
	at com.kms.katalon.core.main.ScriptEngine.run(ScriptEngine.java:194)
	at com.kms.katalon.core.main.ScriptEngine.runScriptAsRawText(ScriptEngine.java:119)
	at com.kms.katalon.core.main.TestCaseExecutor.runScript(TestCaseExecutor.java:337)
	at com.kms.katalon.core.main.TestCaseExecutor.doExecute(TestCaseExecutor.java:328)
	at com.kms.katalon.core.main.TestCaseExecutor.processExecutionPhase(TestCaseExecutor.java:307)
	at com.kms.katalon.core.main.TestCaseExecutor.accessMainPhase(TestCaseExecutor.java:299)
	at com.kms.katalon.core.main.TestCaseExecutor.execute(TestCaseExecutor.java:233)
	at com.kms.katalon.core.main.TestSuiteExecutor.accessTestCaseMainPhase(TestSuiteExecutor.java:169)
	at com.kms.katalon.core.main.TestSuiteExecutor.accessTestSuiteMainPhase(TestSuiteExecutor.java:142)
	at com.kms.katalon.core.main.TestSuiteExecutor.execute(TestSuiteExecutor.java:91)
	at com.kms.katalon.core.main.TestCaseMain.startTestSuite(TestCaseMain.java:157)
	at com.kms.katalon.core.main.TestCaseMain$startTestSuite$0.call(Unknown Source)
	at TempTestSuite1598014192128.run(TempTestSuite1598014192128.groovy:36)]]></system-err>
      </testcase>
      <testcase name="Test Cases/Share/Share Using plus button/Share folder with Multiple emails colon separator" time="22.219" classname="Test Cases/Share/Share Using plus button/Share folder with Multiple emails colon separator" status="FAILED">
         <failure type="FAILED" message="Test Cases/Share/Share Using plus button/Share folder with Multiple emails colon separator FAILED.
Reason:
Assertion failed: 

assert membersCount+3 == getMembersCount()
       |           |  |  |
       1           4  |  1
                      false

	at Share folder with Multiple emails colon separator.run(Share folder with Multiple emails colon separator:50)
	at com.kms.katalon.core.main.ScriptEngine.run(ScriptEngine.java:194)
	at com.kms.katalon.core.main.ScriptEngine.runScriptAsRawText(ScriptEngine.java:119)
	at com.kms.katalon.core.main.TestCaseExecutor.runScript(TestCaseExecutor.java:337)
	at com.kms.katalon.core.main.TestCaseExecutor.doExecute(TestCaseExecutor.java:328)
	at com.kms.katalon.core.main.TestCaseExecutor.processExecutionPhase(TestCaseExecutor.java:307)
	at com.kms.katalon.core.main.TestCaseExecutor.accessMainPhase(TestCaseExecutor.java:299)
	at com.kms.katalon.core.main.TestCaseExecutor.execute(TestCaseExecutor.java:233)
	at com.kms.katalon.core.main.TestSuiteExecutor.accessTestCaseMainPhase(TestSuiteExecutor.java:169)
	at com.kms.katalon.core.main.TestSuiteExecutor.accessTestSuiteMainPhase(TestSuiteExecutor.java:142)
	at com.kms.katalon.core.main.TestSuiteExecutor.execute(TestSuiteExecutor.java:91)
	at com.kms.katalon.core.main.TestCaseMain.startTestSuite(TestCaseMain.java:157)
	at com.kms.katalon.core.main.TestCaseMain$startTestSuite$0.call(Unknown Source)
	at TempTestSuite1598014192128.run(TempTestSuite1598014192128.groovy:36)
"/>
         <system-out><![CDATA[2020-08-21 13:51:40 - [TEST_CASE][FAILED] - Test Cases/Share/Share Using plus button/Share folder with Multiple emails colon separator: Test Cases/Share/Share Using plus button/Share folder with Multiple emails colon separator FAILED.
Reason:
Assertion failed: 

assert membersCount+3 == getMembersCount()
       |           |  |  |
       1           4  |  1
                      false

	at Share folder with Multiple emails colon separator.run(Share folder with Multiple emails colon separator:50)
	at com.kms.katalon.core.main.ScriptEngine.run(ScriptEngine.java:194)
	at com.kms.katalon.core.main.ScriptEngine.runScriptAsRawText(ScriptEngine.java:119)
	at com.kms.katalon.core.main.TestCaseExecutor.runScript(TestCaseExecutor.java:337)
	at com.kms.katalon.core.main.TestCaseExecutor.doExecute(TestCaseExecutor.java:328)
	at com.kms.katalon.core.main.TestCaseExecutor.processExecutionPhase(TestCaseExecutor.java:307)
	at com.kms.katalon.core.main.TestCaseExecutor.accessMainPhase(TestCaseExecutor.java:299)
	at com.kms.katalon.core.main.TestCaseExecutor.execute(TestCaseExecutor.java:233)
	at com.kms.katalon.core.main.TestSuiteExecutor.accessTestCaseMainPhase(TestSuiteExecutor.java:169)
	at com.kms.katalon.core.main.TestSuiteExecutor.accessTestSuiteMainPhase(TestSuiteExecutor.java:142)
	at com.kms.katalon.core.main.TestSuiteExecutor.execute(TestSuiteExecutor.java:91)
	at com.kms.katalon.core.main.TestCaseMain.startTestSuite(TestCaseMain.java:157)
	at com.kms.katalon.core.main.TestCaseMain$startTestSuite$0.call(Unknown Source)
	at TempTestSuite1598014192128.run(TempTestSuite1598014192128.groovy:36)


2020-08-21 13:51:40 - [TEST_STEP][PASSED] - callTestCase(findTestCase("Folders/Should Go to Folderstable"), [:], OPTIONAL): Call Test Case 'Test Cases/Folders/Should Go to Folderstable' successfully

2020-08-21 13:51:40 - [TEST_CASE][PASSED] - Test Cases/Folders/Should Go to Folderstable: Test Cases/Folders/Should Go to Folderstable

2020-08-21 13:51:40 - [TEST_STEP][PASSED] - openBrowser(""): Browser is opened with url: ''

2020-08-21 13:51:40 - [MESSAGE][WARNING] - A browser is already opened. Closing browser and opening a new one

2020-08-21 13:51:42 - [MESSAGE][INFO] - Starting 'Firefox' driver

2020-08-21 13:51:44 - [MESSAGE][PASSED] - Browser is opened with url: ''

2020-08-21 13:51:44 - [TEST_STEP][PASSED] - navigateToUrl(URL): Navigate to 'https://lab.powerfolder.net:8666/login' successfully

2020-08-21 13:51:49 - [MESSAGE][PASSED] - Navigate to 'https://lab.powerfolder.net:8666/login' successfully

2020-08-21 13:51:49 - [TEST_STEP][PASSED] - assert getWindowTitle().equals("Login - PowerFolder"): Current window's title is: 'Login - PowerFolder'

2020-08-21 13:51:49 - [MESSAGE][PASSED] - Current window's title is: 'Login - PowerFolder'

2020-08-21 13:51:49 - [TEST_STEP][PASSED] - setText(findTestObject("Object Repository/Login/Page_Login - PowerFolder/input_register new account_Username"), Username): Text 'admin' is set on object 'Object Repository/Login/Page_Login - PowerFolder/input_register new account_Username'

2020-08-21 13:51:49 - [MESSAGE][PASSED] - Text 'admin' is set on object 'Object Repository/Login/Page_Login - PowerFolder/input_register new account_Username'

2020-08-21 13:51:49 - [TEST_STEP][PASSED] - click(findTestObject("Object Repository/Login/Page_Login - PowerFolder/input_register new account_Login")): Object: 'Object Repository/Login/Page_Login - PowerFolder/input_register new account_Login' is clicked on

2020-08-21 13:51:50 - [MESSAGE][PASSED] - Object: 'Object Repository/Login/Page_Login - PowerFolder/input_register new account_Login' is clicked on

2020-08-21 13:51:50 - [TEST_STEP][PASSED] - isPresent = waitForElementVisible(findTestObject("Object Repository/Login/Page_Login - PowerFolder/input_Recover password_Password"), 2): Object 'Object Repository/Login/Page_Login - PowerFolder/input_Recover password_Password' is visible

2020-08-21 13:51:51 - [MESSAGE][PASSED] - Object 'Object Repository/Login/Page_Login - PowerFolder/input_Recover password_Password' is visible

2020-08-21 13:51:51 - [TEST_STEP][PASSED] - assert isPresent: null

2020-08-21 13:51:51 - [TEST_STEP][PASSED] - setText(findTestObject("Object Repository/Login/Page_Login - PowerFolder/input_Recover password_Password"), Password): Text 'password' is set on object 'Object Repository/Login/Page_Login - PowerFolder/input_Recover password_Password'

2020-08-21 13:51:51 - [MESSAGE][PASSED] - Text 'password' is set on object 'Object Repository/Login/Page_Login - PowerFolder/input_Recover password_Password'

2020-08-21 13:51:51 - [TEST_STEP][PASSED] - click(findTestObject("Object Repository/Login/Page_Login - PowerFolder/input_register new account_Login")): Object: 'Object Repository/Login/Page_Login - PowerFolder/input_register new account_Login' is clicked on

2020-08-21 13:51:52 - [MESSAGE][PASSED] - Object: 'Object Repository/Login/Page_Login - PowerFolder/input_register new account_Login' is clicked on

2020-08-21 13:51:52 - [TEST_STEP][PASSED] - assert getWindowTitle().equals("Dashboard - PowerFolder"): Current window's title is: 'Dashboard - PowerFolder'

2020-08-21 13:51:52 - [MESSAGE][PASSED] - Current window's title is: 'Dashboard - PowerFolder'

2020-08-21 13:51:52 - [TEST_STEP][PASSED] - click(findTestObject("Object Repository/Folders/Page_Folders - PowerFolder/lang_Folders")): Object: 'Object Repository/Folders/Page_Folders - PowerFolder/lang_Folders' is clicked on

2020-08-21 13:51:55 - [MESSAGE][PASSED] - Object: 'Object Repository/Folders/Page_Folders - PowerFolder/lang_Folders' is clicked on

2020-08-21 13:51:55 - [TEST_STEP][PASSED] - assert getWindowTitle().equals("Folders - PowerFolder"): Current window's title is: 'Folders - PowerFolder'

2020-08-21 13:51:55 - [MESSAGE][PASSED] - Current window's title is: 'Folders - PowerFolder'

2020-08-21 13:51:55 - [MESSAGE][PASSED] - Call Test Case 'Test Cases/Folders/Should Go to Folderstable' successfully

2020-08-21 13:51:55 - [TEST_STEP][PASSED] - folderName = RandomStringUtils.random(9, true, true): null

2020-08-21 13:51:55 - [TEST_STEP][PASSED] - click(findTestObject("Object Repository/Share/Page_Folders - PowerFolder/span_Paste_pica-glyph glyphicons glyphicons_ca92f0")): Object: 'Object Repository/Share/Page_Folders - PowerFolder/span_Paste_pica-glyph glyphicons glyphicons_ca92f0' is clicked on

2020-08-21 13:51:57 - [MESSAGE][PASSED] - Object: 'Object Repository/Share/Page_Folders - PowerFolder/span_Paste_pica-glyph glyphicons glyphicons_ca92f0' is clicked on

2020-08-21 13:51:57 - [TEST_STEP][PASSED] - click(findTestObject("Object Repository/Share/Page_Folders - PowerFolder/a_Create Folder                            _852e7b")): Object: 'Object Repository/Share/Page_Folders - PowerFolder/a_Create Folder                            _852e7b' is clicked on

2020-08-21 13:51:57 - [MESSAGE][PASSED] - Object: 'Object Repository/Share/Page_Folders - PowerFolder/a_Create Folder                            _852e7b' is clicked on

2020-08-21 13:51:57 - [TEST_STEP][PASSED] - setText(findTestObject("Object Repository/Share/Page_Folders - PowerFolder/input_Create a new Folder_pencil"), folderName): Text 'SuLUCKcBF' is set on object 'Object Repository/Share/Page_Folders - PowerFolder/input_Create a new Folder_pencil'

2020-08-21 13:51:58 - [MESSAGE][PASSED] - Text 'SuLUCKcBF' is set on object 'Object Repository/Share/Page_Folders - PowerFolder/input_Create a new Folder_pencil'

2020-08-21 13:51:58 - [TEST_STEP][PASSED] - sendKeys(findTestObject("Object Repository/Share/Page_Folders - PowerFolder/input_Create a new Folder_pencil"), Keys.chord(ENTER)): Keys 'ENTER + ' sent to object: 'Object Repository/Share/Page_Folders - PowerFolder/input_Create a new Folder_pencil'

2020-08-21 13:51:58 - [MESSAGE][PASSED] - Keys 'ENTER + ' sent to object: 'Object Repository/Share/Page_Folders - PowerFolder/input_Create a new Folder_pencil'

2020-08-21 13:51:58 - [TEST_STEP][PASSED] - btn = findShareButton(folderName): null

2020-08-21 13:51:58 - [TEST_STEP][PASSED] - driver = getWebDriver(): null

2020-08-21 13:51:58 - [TEST_STEP][PASSED] - return driver.findElement(org.openqa.selenium.By.xpath(//table[@id='files_files_table']/tbody/tr/td[2]/a[contains(text(),'$fileName')]/../../td[6]/a)): null

2020-08-21 13:52:00 - [TEST_STEP][PASSED] - executeJavaScript("arguments[0].click()", Arrays.asList(btn)): Execute JavaScript 'arguments[0].click()' successfully

2020-08-21 13:52:00 - [MESSAGE][PASSED] - Execute JavaScript 'arguments[0].click()' successfully

2020-08-21 13:52:00 - [TEST_STEP][PASSED] - mails = a_${ -> ... }@a.com:b_${ -> ... }@b.com:c_${ -> ... }@c.com: null

2020-08-21 13:52:00 - [TEST_STEP][PASSED] - membersCount = getMembersCount(): null

2020-08-21 13:52:00 - [TEST_STEP][PASSED] - driver = getWebDriver(): null

2020-08-21 13:52:00 - [TEST_STEP][PASSED] - tbody = driver.findElement(By.xpath("//table[@id='share_table']/tbody")): null

2020-08-21 13:52:01 - [TEST_STEP][PASSED] - assert tbody: null

2020-08-21 13:52:01 - [TEST_STEP][PASSED] - rows_table = tbody.findElements(By.tagName("tr")): null

2020-08-21 13:52:01 - [TEST_STEP][PASSED] - return rows_table.size(): null

2020-08-21 13:52:01 - [TEST_STEP][PASSED] - setText(findTestObject("Object Repository/Share/Page_Folders - PowerFolder/input_Invite users and groups or create a l_797df6"), mails): Text 'a_SuLUCKcBF@a.com:b_SuLUCKcBF@b.com:c_SuLUCKcBF@c.com' is set on object 'Object Repository/Share/Page_Folders - PowerFolder/input_Invite users and groups or create a l_797df6'

2020-08-21 13:52:01 - [MESSAGE][PASSED] - Text 'a_SuLUCKcBF@a.com:b_SuLUCKcBF@b.com:c_SuLUCKcBF@c.com' is set on object 'Object Repository/Share/Page_Folders - PowerFolder/input_Invite users and groups or create a l_797df6'

2020-08-21 13:52:01 - [TEST_STEP][PASSED] - click(findTestObject("Object Repository/Share/Page_Folders - PowerFolder/button_Can administrate_pica-taginput-butto_3eb2fe")): Object: 'Object Repository/Share/Page_Folders - PowerFolder/button_Can administrate_pica-taginput-butto_3eb2fe' is clicked on

2020-08-21 13:52:02 - [MESSAGE][PASSED] - Object: 'Object Repository/Share/Page_Folders - PowerFolder/button_Can administrate_pica-taginput-butto_3eb2fe' is clicked on

2020-08-21 13:52:02 - [TEST_STEP][PASSED] - assert membersCount + 3 == getMembersCount(): null

2020-08-21 13:52:02 - [TEST_STEP][PASSED] - driver = getWebDriver(): null

2020-08-21 13:52:02 - [TEST_STEP][PASSED] - tbody = driver.findElement(By.xpath("//table[@id='share_table']/tbody")): null

2020-08-21 13:52:02 - [TEST_STEP][PASSED] - assert tbody: null

2020-08-21 13:52:02 - [TEST_STEP][PASSED] - rows_table = tbody.findElements(By.tagName("tr")): null

2020-08-21 13:52:02 - [TEST_STEP][PASSED] - return rows_table.size(): null]]></system-out>
         <system-err><![CDATA[2020-08-21 13:51:40 - [TEST_CASE][FAILED] - Test Cases/Share/Share Using plus button/Share folder with Multiple emails colon separator: Test Cases/Share/Share Using plus button/Share folder with Multiple emails colon separator FAILED.
Reason:
Assertion failed: 

assert membersCount+3 == getMembersCount()
       |           |  |  |
       1           4  |  1
                      false

	at Share folder with Multiple emails colon separator.run(Share folder with Multiple emails colon separator:50)
	at com.kms.katalon.core.main.ScriptEngine.run(ScriptEngine.java:194)
	at com.kms.katalon.core.main.ScriptEngine.runScriptAsRawText(ScriptEngine.java:119)
	at com.kms.katalon.core.main.TestCaseExecutor.runScript(TestCaseExecutor.java:337)
	at com.kms.katalon.core.main.TestCaseExecutor.doExecute(TestCaseExecutor.java:328)
	at com.kms.katalon.core.main.TestCaseExecutor.processExecutionPhase(TestCaseExecutor.java:307)
	at com.kms.katalon.core.main.TestCaseExecutor.accessMainPhase(TestCaseExecutor.java:299)
	at com.kms.katalon.core.main.TestCaseExecutor.execute(TestCaseExecutor.java:233)
	at com.kms.katalon.core.main.TestSuiteExecutor.accessTestCaseMainPhase(TestSuiteExecutor.java:169)
	at com.kms.katalon.core.main.TestSuiteExecutor.accessTestSuiteMainPhase(TestSuiteExecutor.java:142)
	at com.kms.katalon.core.main.TestSuiteExecutor.execute(TestSuiteExecutor.java:91)
	at com.kms.katalon.core.main.TestCaseMain.startTestSuite(TestCaseMain.java:157)
	at com.kms.katalon.core.main.TestCaseMain$startTestSuite$0.call(Unknown Source)
	at TempTestSuite1598014192128.run(TempTestSuite1598014192128.groovy:36)]]></system-err>
      </testcase>
      <testcase name="Test Cases/Share/Share Using plus button/Share folder with Multiple emails comma separator" time="20.882" classname="Test Cases/Share/Share Using plus button/Share folder with Multiple emails comma separator" status="FAILED">
         <failure type="FAILED" message="Test Cases/Share/Share Using plus button/Share folder with Multiple emails comma separator FAILED.
Reason:
Assertion failed: 

assert membersCount+3 == getMembersCount()
       |           |  |  |
       1           4  |  1
                      false

	at Share folder with Multiple emails comma separator.run(Share folder with Multiple emails comma separator:50)
	at com.kms.katalon.core.main.ScriptEngine.run(ScriptEngine.java:194)
	at com.kms.katalon.core.main.ScriptEngine.runScriptAsRawText(ScriptEngine.java:119)
	at com.kms.katalon.core.main.TestCaseExecutor.runScript(TestCaseExecutor.java:337)
	at com.kms.katalon.core.main.TestCaseExecutor.doExecute(TestCaseExecutor.java:328)
	at com.kms.katalon.core.main.TestCaseExecutor.processExecutionPhase(TestCaseExecutor.java:307)
	at com.kms.katalon.core.main.TestCaseExecutor.accessMainPhase(TestCaseExecutor.java:299)
	at com.kms.katalon.core.main.TestCaseExecutor.execute(TestCaseExecutor.java:233)
	at com.kms.katalon.core.main.TestSuiteExecutor.accessTestCaseMainPhase(TestSuiteExecutor.java:169)
	at com.kms.katalon.core.main.TestSuiteExecutor.accessTestSuiteMainPhase(TestSuiteExecutor.java:142)
	at com.kms.katalon.core.main.TestSuiteExecutor.execute(TestSuiteExecutor.java:91)
	at com.kms.katalon.core.main.TestCaseMain.startTestSuite(TestCaseMain.java:157)
	at com.kms.katalon.core.main.TestCaseMain$startTestSuite$0.call(Unknown Source)
	at TempTestSuite1598014192128.run(TempTestSuite1598014192128.groovy:36)
"/>
         <system-out><![CDATA[2020-08-21 13:52:02 - [TEST_CASE][FAILED] - Test Cases/Share/Share Using plus button/Share folder with Multiple emails comma separator: Test Cases/Share/Share Using plus button/Share folder with Multiple emails comma separator FAILED.
Reason:
Assertion failed: 

assert membersCount+3 == getMembersCount()
       |           |  |  |
       1           4  |  1
                      false

	at Share folder with Multiple emails comma separator.run(Share folder with Multiple emails comma separator:50)
	at com.kms.katalon.core.main.ScriptEngine.run(ScriptEngine.java:194)
	at com.kms.katalon.core.main.ScriptEngine.runScriptAsRawText(ScriptEngine.java:119)
	at com.kms.katalon.core.main.TestCaseExecutor.runScript(TestCaseExecutor.java:337)
	at com.kms.katalon.core.main.TestCaseExecutor.doExecute(TestCaseExecutor.java:328)
	at com.kms.katalon.core.main.TestCaseExecutor.processExecutionPhase(TestCaseExecutor.java:307)
	at com.kms.katalon.core.main.TestCaseExecutor.accessMainPhase(TestCaseExecutor.java:299)
	at com.kms.katalon.core.main.TestCaseExecutor.execute(TestCaseExecutor.java:233)
	at com.kms.katalon.core.main.TestSuiteExecutor.accessTestCaseMainPhase(TestSuiteExecutor.java:169)
	at com.kms.katalon.core.main.TestSuiteExecutor.accessTestSuiteMainPhase(TestSuiteExecutor.java:142)
	at com.kms.katalon.core.main.TestSuiteExecutor.execute(TestSuiteExecutor.java:91)
	at com.kms.katalon.core.main.TestCaseMain.startTestSuite(TestCaseMain.java:157)
	at com.kms.katalon.core.main.TestCaseMain$startTestSuite$0.call(Unknown Source)
	at TempTestSuite1598014192128.run(TempTestSuite1598014192128.groovy:36)


2020-08-21 13:52:03 - [TEST_STEP][PASSED] - callTestCase(findTestCase("Folders/Should Go to Folderstable"), [:], OPTIONAL): Call Test Case 'Test Cases/Folders/Should Go to Folderstable' successfully

2020-08-21 13:52:03 - [TEST_CASE][PASSED] - Test Cases/Folders/Should Go to Folderstable: Test Cases/Folders/Should Go to Folderstable

2020-08-21 13:52:03 - [TEST_STEP][PASSED] - openBrowser(""): Browser is opened with url: ''

2020-08-21 13:52:03 - [MESSAGE][WARNING] - A browser is already opened. Closing browser and opening a new one

2020-08-21 13:52:04 - [MESSAGE][INFO] - Starting 'Firefox' driver

2020-08-21 13:52:07 - [MESSAGE][PASSED] - Browser is opened with url: ''

2020-08-21 13:52:07 - [TEST_STEP][PASSED] - navigateToUrl(URL): Navigate to 'https://lab.powerfolder.net:8666/login' successfully

2020-08-21 13:52:10 - [MESSAGE][PASSED] - Navigate to 'https://lab.powerfolder.net:8666/login' successfully

2020-08-21 13:52:10 - [TEST_STEP][PASSED] - assert getWindowTitle().equals("Login - PowerFolder"): Current window's title is: 'Login - PowerFolder'

2020-08-21 13:52:10 - [MESSAGE][PASSED] - Current window's title is: 'Login - PowerFolder'

2020-08-21 13:52:10 - [TEST_STEP][PASSED] - setText(findTestObject("Object Repository/Login/Page_Login - PowerFolder/input_register new account_Username"), Username): Text 'admin' is set on object 'Object Repository/Login/Page_Login - PowerFolder/input_register new account_Username'

2020-08-21 13:52:10 - [MESSAGE][PASSED] - Text 'admin' is set on object 'Object Repository/Login/Page_Login - PowerFolder/input_register new account_Username'

2020-08-21 13:52:10 - [TEST_STEP][PASSED] - click(findTestObject("Object Repository/Login/Page_Login - PowerFolder/input_register new account_Login")): Object: 'Object Repository/Login/Page_Login - PowerFolder/input_register new account_Login' is clicked on

2020-08-21 13:52:11 - [MESSAGE][PASSED] - Object: 'Object Repository/Login/Page_Login - PowerFolder/input_register new account_Login' is clicked on

2020-08-21 13:52:11 - [TEST_STEP][PASSED] - isPresent = waitForElementVisible(findTestObject("Object Repository/Login/Page_Login - PowerFolder/input_Recover password_Password"), 2): Object 'Object Repository/Login/Page_Login - PowerFolder/input_Recover password_Password' is visible

2020-08-21 13:52:12 - [MESSAGE][PASSED] - Object 'Object Repository/Login/Page_Login - PowerFolder/input_Recover password_Password' is visible

2020-08-21 13:52:12 - [TEST_STEP][PASSED] - assert isPresent: null

2020-08-21 13:52:12 - [TEST_STEP][PASSED] - setText(findTestObject("Object Repository/Login/Page_Login - PowerFolder/input_Recover password_Password"), Password): Text 'password' is set on object 'Object Repository/Login/Page_Login - PowerFolder/input_Recover password_Password'

2020-08-21 13:52:12 - [MESSAGE][PASSED] - Text 'password' is set on object 'Object Repository/Login/Page_Login - PowerFolder/input_Recover password_Password'

2020-08-21 13:52:12 - [TEST_STEP][PASSED] - click(findTestObject("Object Repository/Login/Page_Login - PowerFolder/input_register new account_Login")): Object: 'Object Repository/Login/Page_Login - PowerFolder/input_register new account_Login' is clicked on

2020-08-21 13:52:14 - [MESSAGE][PASSED] - Object: 'Object Repository/Login/Page_Login - PowerFolder/input_register new account_Login' is clicked on

2020-08-21 13:52:14 - [TEST_STEP][PASSED] - assert getWindowTitle().equals("Dashboard - PowerFolder"): Current window's title is: 'Dashboard - PowerFolder'

2020-08-21 13:52:14 - [MESSAGE][PASSED] - Current window's title is: 'Dashboard - PowerFolder'

2020-08-21 13:52:14 - [TEST_STEP][PASSED] - click(findTestObject("Object Repository/Folders/Page_Folders - PowerFolder/lang_Folders")): Object: 'Object Repository/Folders/Page_Folders - PowerFolder/lang_Folders' is clicked on

2020-08-21 13:52:15 - [MESSAGE][PASSED] - Object: 'Object Repository/Folders/Page_Folders - PowerFolder/lang_Folders' is clicked on

2020-08-21 13:52:15 - [TEST_STEP][PASSED] - assert getWindowTitle().equals("Folders - PowerFolder"): Current window's title is: 'Folders - PowerFolder'

2020-08-21 13:52:15 - [MESSAGE][PASSED] - Current window's title is: 'Folders - PowerFolder'

2020-08-21 13:52:15 - [MESSAGE][PASSED] - Call Test Case 'Test Cases/Folders/Should Go to Folderstable' successfully

2020-08-21 13:52:15 - [TEST_STEP][PASSED] - folderName = RandomStringUtils.random(9, true, true): null

2020-08-21 13:52:15 - [TEST_STEP][PASSED] - click(findTestObject("Object Repository/Share/Page_Folders - PowerFolder/span_Paste_pica-glyph glyphicons glyphicons_ca92f0")): Object: 'Object Repository/Share/Page_Folders - PowerFolder/span_Paste_pica-glyph glyphicons glyphicons_ca92f0' is clicked on

2020-08-21 13:52:17 - [MESSAGE][PASSED] - Object: 'Object Repository/Share/Page_Folders - PowerFolder/span_Paste_pica-glyph glyphicons glyphicons_ca92f0' is clicked on

2020-08-21 13:52:17 - [TEST_STEP][PASSED] - click(findTestObject("Object Repository/Share/Page_Folders - PowerFolder/a_Create Folder                            _852e7b")): Object: 'Object Repository/Share/Page_Folders - PowerFolder/a_Create Folder                            _852e7b' is clicked on

2020-08-21 13:52:18 - [MESSAGE][PASSED] - Object: 'Object Repository/Share/Page_Folders - PowerFolder/a_Create Folder                            _852e7b' is clicked on

2020-08-21 13:52:18 - [TEST_STEP][PASSED] - setText(findTestObject("Object Repository/Share/Page_Folders - PowerFolder/input_Create a new Folder_pencil"), folderName): Text 'YV8wPXBek' is set on object 'Object Repository/Share/Page_Folders - PowerFolder/input_Create a new Folder_pencil'

2020-08-21 13:52:18 - [MESSAGE][PASSED] - Text 'YV8wPXBek' is set on object 'Object Repository/Share/Page_Folders - PowerFolder/input_Create a new Folder_pencil'

2020-08-21 13:52:18 - [TEST_STEP][PASSED] - sendKeys(findTestObject("Object Repository/Share/Page_Folders - PowerFolder/input_Create a new Folder_pencil"), Keys.chord(ENTER)): Keys 'ENTER + ' sent to object: 'Object Repository/Share/Page_Folders - PowerFolder/input_Create a new Folder_pencil'

2020-08-21 13:52:18 - [MESSAGE][PASSED] - Keys 'ENTER + ' sent to object: 'Object Repository/Share/Page_Folders - PowerFolder/input_Create a new Folder_pencil'

2020-08-21 13:52:18 - [TEST_STEP][PASSED] - btn = findShareButton(folderName): null

2020-08-21 13:52:18 - [TEST_STEP][PASSED] - driver = getWebDriver(): null

2020-08-21 13:52:18 - [TEST_STEP][PASSED] - return driver.findElement(org.openqa.selenium.By.xpath(//table[@id='files_files_table']/tbody/tr/td[2]/a[contains(text(),'$fileName')]/../../td[6]/a)): null

2020-08-21 13:52:21 - [TEST_STEP][PASSED] - executeJavaScript("arguments[0].click()", Arrays.asList(btn)): Execute JavaScript 'arguments[0].click()' successfully

2020-08-21 13:52:21 - [MESSAGE][PASSED] - Execute JavaScript 'arguments[0].click()' successfully

2020-08-21 13:52:21 - [TEST_STEP][PASSED] - mails = a_${ -> ... }@a.com,b_${ -> ... }@b.com,c_${ -> ... }@c.com: null

2020-08-21 13:52:21 - [TEST_STEP][PASSED] - membersCount = getMembersCount(): null

2020-08-21 13:52:21 - [TEST_STEP][PASSED] - driver = getWebDriver(): null

2020-08-21 13:52:21 - [TEST_STEP][PASSED] - tbody = driver.findElement(By.xpath("//table[@id='share_table']/tbody")): null

2020-08-21 13:52:21 - [TEST_STEP][PASSED] - assert tbody: null

2020-08-21 13:52:21 - [TEST_STEP][PASSED] - rows_table = tbody.findElements(By.tagName("tr")): null

2020-08-21 13:52:22 - [TEST_STEP][PASSED] - return rows_table.size(): null

2020-08-21 13:52:22 - [TEST_STEP][PASSED] - setText(findTestObject("Object Repository/Share/Page_Folders - PowerFolder/input_Invite users and groups or create a l_797df6"), mails): Text 'a_YV8wPXBek@a.com,b_YV8wPXBek@b.com,c_YV8wPXBek@c.com' is set on object 'Object Repository/Share/Page_Folders - PowerFolder/input_Invite users and groups or create a l_797df6'

2020-08-21 13:52:22 - [MESSAGE][PASSED] - Text 'a_YV8wPXBek@a.com,b_YV8wPXBek@b.com,c_YV8wPXBek@c.com' is set on object 'Object Repository/Share/Page_Folders - PowerFolder/input_Invite users and groups or create a l_797df6'

2020-08-21 13:52:22 - [TEST_STEP][PASSED] - click(findTestObject("Object Repository/Share/Page_Folders - PowerFolder/button_Can administrate_pica-taginput-butto_3eb2fe")): Object: 'Object Repository/Share/Page_Folders - PowerFolder/button_Can administrate_pica-taginput-butto_3eb2fe' is clicked on

2020-08-21 13:52:22 - [MESSAGE][PASSED] - Object: 'Object Repository/Share/Page_Folders - PowerFolder/button_Can administrate_pica-taginput-butto_3eb2fe' is clicked on

2020-08-21 13:52:22 - [TEST_STEP][PASSED] - assert membersCount + 3 == getMembersCount(): null

2020-08-21 13:52:22 - [TEST_STEP][PASSED] - driver = getWebDriver(): null

2020-08-21 13:52:22 - [TEST_STEP][PASSED] - tbody = driver.findElement(By.xpath("//table[@id='share_table']/tbody")): null

2020-08-21 13:52:23 - [TEST_STEP][PASSED] - assert tbody: null

2020-08-21 13:52:23 - [TEST_STEP][PASSED] - rows_table = tbody.findElements(By.tagName("tr")): null

2020-08-21 13:52:23 - [TEST_STEP][PASSED] - return rows_table.size(): null]]></system-out>
         <system-err><![CDATA[2020-08-21 13:52:02 - [TEST_CASE][FAILED] - Test Cases/Share/Share Using plus button/Share folder with Multiple emails comma separator: Test Cases/Share/Share Using plus button/Share folder with Multiple emails comma separator FAILED.
Reason:
Assertion failed: 

assert membersCount+3 == getMembersCount()
       |           |  |  |
       1           4  |  1
                      false

	at Share folder with Multiple emails comma separator.run(Share folder with Multiple emails comma separator:50)
	at com.kms.katalon.core.main.ScriptEngine.run(ScriptEngine.java:194)
	at com.kms.katalon.core.main.ScriptEngine.runScriptAsRawText(ScriptEngine.java:119)
	at com.kms.katalon.core.main.TestCaseExecutor.runScript(TestCaseExecutor.java:337)
	at com.kms.katalon.core.main.TestCaseExecutor.doExecute(TestCaseExecutor.java:328)
	at com.kms.katalon.core.main.TestCaseExecutor.processExecutionPhase(TestCaseExecutor.java:307)
	at com.kms.katalon.core.main.TestCaseExecutor.accessMainPhase(TestCaseExecutor.java:299)
	at com.kms.katalon.core.main.TestCaseExecutor.execute(TestCaseExecutor.java:233)
	at com.kms.katalon.core.main.TestSuiteExecutor.accessTestCaseMainPhase(TestSuiteExecutor.java:169)
	at com.kms.katalon.core.main.TestSuiteExecutor.accessTestSuiteMainPhase(TestSuiteExecutor.java:142)
	at com.kms.katalon.core.main.TestSuiteExecutor.execute(TestSuiteExecutor.java:91)
	at com.kms.katalon.core.main.TestCaseMain.startTestSuite(TestCaseMain.java:157)
	at com.kms.katalon.core.main.TestCaseMain$startTestSuite$0.call(Unknown Source)
	at TempTestSuite1598014192128.run(TempTestSuite1598014192128.groovy:36)]]></system-err>
      </testcase>
      <testcase name="Test Cases/Share/Share Using plus button/Share folder with Multiple emails multiple separators" time="19.677" classname="Test Cases/Share/Share Using plus button/Share folder with Multiple emails multiple separators" status="FAILED">
         <failure type="FAILED" message="Test Cases/Share/Share Using plus button/Share folder with Multiple emails multiple separators FAILED.
Reason:
Assertion failed: 

assert membersCount+4 == getMembersCount()
       |           |  |  |
       1           5  |  1
                      false

	at Share folder with Multiple emails multiple separators.run(Share folder with Multiple emails multiple separators:50)
	at com.kms.katalon.core.main.ScriptEngine.run(ScriptEngine.java:194)
	at com.kms.katalon.core.main.ScriptEngine.runScriptAsRawText(ScriptEngine.java:119)
	at com.kms.katalon.core.main.TestCaseExecutor.runScript(TestCaseExecutor.java:337)
	at com.kms.katalon.core.main.TestCaseExecutor.doExecute(TestCaseExecutor.java:328)
	at com.kms.katalon.core.main.TestCaseExecutor.processExecutionPhase(TestCaseExecutor.java:307)
	at com.kms.katalon.core.main.TestCaseExecutor.accessMainPhase(TestCaseExecutor.java:299)
	at com.kms.katalon.core.main.TestCaseExecutor.execute(TestCaseExecutor.java:233)
	at com.kms.katalon.core.main.TestSuiteExecutor.accessTestCaseMainPhase(TestSuiteExecutor.java:169)
	at com.kms.katalon.core.main.TestSuiteExecutor.accessTestSuiteMainPhase(TestSuiteExecutor.java:142)
	at com.kms.katalon.core.main.TestSuiteExecutor.execute(TestSuiteExecutor.java:91)
	at com.kms.katalon.core.main.TestCaseMain.startTestSuite(TestCaseMain.java:157)
	at com.kms.katalon.core.main.TestCaseMain$startTestSuite$0.call(Unknown Source)
	at TempTestSuite1598014192128.run(TempTestSuite1598014192128.groovy:36)
"/>
         <system-out><![CDATA[2020-08-21 13:52:23 - [TEST_CASE][FAILED] - Test Cases/Share/Share Using plus button/Share folder with Multiple emails multiple separators: Test Cases/Share/Share Using plus button/Share folder with Multiple emails multiple separators FAILED.
Reason:
Assertion failed: 

assert membersCount+4 == getMembersCount()
       |           |  |  |
       1           5  |  1
                      false

	at Share folder with Multiple emails multiple separators.run(Share folder with Multiple emails multiple separators:50)
	at com.kms.katalon.core.main.ScriptEngine.run(ScriptEngine.java:194)
	at com.kms.katalon.core.main.ScriptEngine.runScriptAsRawText(ScriptEngine.java:119)
	at com.kms.katalon.core.main.TestCaseExecutor.runScript(TestCaseExecutor.java:337)
	at com.kms.katalon.core.main.TestCaseExecutor.doExecute(TestCaseExecutor.java:328)
	at com.kms.katalon.core.main.TestCaseExecutor.processExecutionPhase(TestCaseExecutor.java:307)
	at com.kms.katalon.core.main.TestCaseExecutor.accessMainPhase(TestCaseExecutor.java:299)
	at com.kms.katalon.core.main.TestCaseExecutor.execute(TestCaseExecutor.java:233)
	at com.kms.katalon.core.main.TestSuiteExecutor.accessTestCaseMainPhase(TestSuiteExecutor.java:169)
	at com.kms.katalon.core.main.TestSuiteExecutor.accessTestSuiteMainPhase(TestSuiteExecutor.java:142)
	at com.kms.katalon.core.main.TestSuiteExecutor.execute(TestSuiteExecutor.java:91)
	at com.kms.katalon.core.main.TestCaseMain.startTestSuite(TestCaseMain.java:157)
	at com.kms.katalon.core.main.TestCaseMain$startTestSuite$0.call(Unknown Source)
	at TempTestSuite1598014192128.run(TempTestSuite1598014192128.groovy:36)


2020-08-21 13:52:23 - [TEST_STEP][PASSED] - callTestCase(findTestCase("Folders/Should Go to Folderstable"), [:], OPTIONAL): Call Test Case 'Test Cases/Folders/Should Go to Folderstable' successfully

2020-08-21 13:52:24 - [TEST_CASE][PASSED] - Test Cases/Folders/Should Go to Folderstable: Test Cases/Folders/Should Go to Folderstable

2020-08-21 13:52:24 - [TEST_STEP][PASSED] - openBrowser(""): Browser is opened with url: ''

2020-08-21 13:52:24 - [MESSAGE][WARNING] - A browser is already opened. Closing browser and opening a new one

2020-08-21 13:52:25 - [MESSAGE][INFO] - Starting 'Firefox' driver

2020-08-21 13:52:28 - [MESSAGE][PASSED] - Browser is opened with url: ''

2020-08-21 13:52:28 - [TEST_STEP][PASSED] - navigateToUrl(URL): Navigate to 'https://lab.powerfolder.net:8666/login' successfully

2020-08-21 13:52:31 - [MESSAGE][PASSED] - Navigate to 'https://lab.powerfolder.net:8666/login' successfully

2020-08-21 13:52:31 - [TEST_STEP][PASSED] - assert getWindowTitle().equals("Login - PowerFolder"): Current window's title is: 'Login - PowerFolder'

2020-08-21 13:52:31 - [MESSAGE][PASSED] - Current window's title is: 'Login - PowerFolder'

2020-08-21 13:52:31 - [TEST_STEP][PASSED] - setText(findTestObject("Object Repository/Login/Page_Login - PowerFolder/input_register new account_Username"), Username): Text 'admin' is set on object 'Object Repository/Login/Page_Login - PowerFolder/input_register new account_Username'

2020-08-21 13:52:31 - [MESSAGE][PASSED] - Text 'admin' is set on object 'Object Repository/Login/Page_Login - PowerFolder/input_register new account_Username'

2020-08-21 13:52:31 - [TEST_STEP][PASSED] - click(findTestObject("Object Repository/Login/Page_Login - PowerFolder/input_register new account_Login")): Object: 'Object Repository/Login/Page_Login - PowerFolder/input_register new account_Login' is clicked on

2020-08-21 13:52:32 - [MESSAGE][PASSED] - Object: 'Object Repository/Login/Page_Login - PowerFolder/input_register new account_Login' is clicked on

2020-08-21 13:52:32 - [TEST_STEP][PASSED] - isPresent = waitForElementVisible(findTestObject("Object Repository/Login/Page_Login - PowerFolder/input_Recover password_Password"), 2): Object 'Object Repository/Login/Page_Login - PowerFolder/input_Recover password_Password' is visible

2020-08-21 13:52:32 - [MESSAGE][PASSED] - Object 'Object Repository/Login/Page_Login - PowerFolder/input_Recover password_Password' is visible

2020-08-21 13:52:32 - [TEST_STEP][PASSED] - assert isPresent: null

2020-08-21 13:52:32 - [TEST_STEP][PASSED] - setText(findTestObject("Object Repository/Login/Page_Login - PowerFolder/input_Recover password_Password"), Password): Text 'password' is set on object 'Object Repository/Login/Page_Login - PowerFolder/input_Recover password_Password'

2020-08-21 13:52:32 - [MESSAGE][PASSED] - Text 'password' is set on object 'Object Repository/Login/Page_Login - PowerFolder/input_Recover password_Password'

2020-08-21 13:52:32 - [TEST_STEP][PASSED] - click(findTestObject("Object Repository/Login/Page_Login - PowerFolder/input_register new account_Login")): Object: 'Object Repository/Login/Page_Login - PowerFolder/input_register new account_Login' is clicked on

2020-08-21 13:52:34 - [MESSAGE][PASSED] - Object: 'Object Repository/Login/Page_Login - PowerFolder/input_register new account_Login' is clicked on

2020-08-21 13:52:34 - [TEST_STEP][PASSED] - assert getWindowTitle().equals("Dashboard - PowerFolder"): Current window's title is: 'Dashboard - PowerFolder'

2020-08-21 13:52:34 - [MESSAGE][PASSED] - Current window's title is: 'Dashboard - PowerFolder'

2020-08-21 13:52:34 - [TEST_STEP][PASSED] - click(findTestObject("Object Repository/Folders/Page_Folders - PowerFolder/lang_Folders")): Object: 'Object Repository/Folders/Page_Folders - PowerFolder/lang_Folders' is clicked on

2020-08-21 13:52:35 - [MESSAGE][PASSED] - Object: 'Object Repository/Folders/Page_Folders - PowerFolder/lang_Folders' is clicked on

2020-08-21 13:52:35 - [TEST_STEP][PASSED] - assert getWindowTitle().equals("Folders - PowerFolder"): Current window's title is: 'Folders - PowerFolder'

2020-08-21 13:52:35 - [MESSAGE][PASSED] - Current window's title is: 'Folders - PowerFolder'

2020-08-21 13:52:35 - [MESSAGE][PASSED] - Call Test Case 'Test Cases/Folders/Should Go to Folderstable' successfully

2020-08-21 13:52:35 - [TEST_STEP][PASSED] - folderName = RandomStringUtils.random(9, true, true): null

2020-08-21 13:52:35 - [TEST_STEP][PASSED] - click(findTestObject("Object Repository/Share/Page_Folders - PowerFolder/span_Paste_pica-glyph glyphicons glyphicons_ca92f0")): Object: 'Object Repository/Share/Page_Folders - PowerFolder/span_Paste_pica-glyph glyphicons glyphicons_ca92f0' is clicked on

2020-08-21 13:52:37 - [MESSAGE][PASSED] - Object: 'Object Repository/Share/Page_Folders - PowerFolder/span_Paste_pica-glyph glyphicons glyphicons_ca92f0' is clicked on

2020-08-21 13:52:37 - [TEST_STEP][PASSED] - click(findTestObject("Object Repository/Share/Page_Folders - PowerFolder/a_Create Folder                            _852e7b")): Object: 'Object Repository/Share/Page_Folders - PowerFolder/a_Create Folder                            _852e7b' is clicked on

2020-08-21 13:52:38 - [MESSAGE][PASSED] - Object: 'Object Repository/Share/Page_Folders - PowerFolder/a_Create Folder                            _852e7b' is clicked on

2020-08-21 13:52:38 - [TEST_STEP][PASSED] - setText(findTestObject("Object Repository/Share/Page_Folders - PowerFolder/input_Create a new Folder_pencil"), folderName): Text 'dzpGKtmrr' is set on object 'Object Repository/Share/Page_Folders - PowerFolder/input_Create a new Folder_pencil'

2020-08-21 13:52:38 - [MESSAGE][PASSED] - Text 'dzpGKtmrr' is set on object 'Object Repository/Share/Page_Folders - PowerFolder/input_Create a new Folder_pencil'

2020-08-21 13:52:38 - [TEST_STEP][PASSED] - sendKeys(findTestObject("Object Repository/Share/Page_Folders - PowerFolder/input_Create a new Folder_pencil"), Keys.chord(ENTER)): Keys 'ENTER + ' sent to object: 'Object Repository/Share/Page_Folders - PowerFolder/input_Create a new Folder_pencil'

2020-08-21 13:52:39 - [MESSAGE][PASSED] - Keys 'ENTER + ' sent to object: 'Object Repository/Share/Page_Folders - PowerFolder/input_Create a new Folder_pencil'

2020-08-21 13:52:39 - [TEST_STEP][PASSED] - btn = findShareButton(folderName): null

2020-08-21 13:52:39 - [TEST_STEP][PASSED] - driver = getWebDriver(): null

2020-08-21 13:52:39 - [TEST_STEP][PASSED] - return driver.findElement(org.openqa.selenium.By.xpath(//table[@id='files_files_table']/tbody/tr/td[2]/a[contains(text(),'$fileName')]/../../td[6]/a)): null

2020-08-21 13:52:40 - [TEST_STEP][PASSED] - executeJavaScript("arguments[0].click()", Arrays.asList(btn)): Execute JavaScript 'arguments[0].click()' successfully

2020-08-21 13:52:40 - [MESSAGE][PASSED] - Execute JavaScript 'arguments[0].click()' successfully

2020-08-21 13:52:40 - [TEST_STEP][PASSED] - mails = a_${ -> ... }@a.com;b_${ -> ... }@b.com:c_${ -> ... }@c.com,d_${ -> ... }@d.com: null

2020-08-21 13:52:40 - [TEST_STEP][PASSED] - membersCount = getMembersCount(): null

2020-08-21 13:52:40 - [TEST_STEP][PASSED] - driver = getWebDriver(): null

2020-08-21 13:52:40 - [TEST_STEP][PASSED] - tbody = driver.findElement(By.xpath("//table[@id='share_table']/tbody")): null

2020-08-21 13:52:41 - [TEST_STEP][PASSED] - assert tbody: null

2020-08-21 13:52:41 - [TEST_STEP][PASSED] - rows_table = tbody.findElements(By.tagName("tr")): null

2020-08-21 13:52:41 - [TEST_STEP][PASSED] - return rows_table.size(): null

2020-08-21 13:52:41 - [TEST_STEP][PASSED] - setText(findTestObject("Object Repository/Share/Page_Folders - PowerFolder/input_Invite users and groups or create a l_797df6"), mails): Text 'a_dzpGKtmrr@a.com;b_dzpGKtmrr@b.com:c_dzpGKtmrr@c.com,d_dzpGKtmrr@d.com' is set on object 'Object Repository/Share/Page_Folders - PowerFolder/input_Invite users and groups or create a l_797df6'

2020-08-21 13:52:42 - [MESSAGE][PASSED] - Text 'a_dzpGKtmrr@a.com;b_dzpGKtmrr@b.com:c_dzpGKtmrr@c.com,d_dzpGKtmrr@d.com' is set on object 'Object Repository/Share/Page_Folders - PowerFolder/input_Invite users and groups or create a l_797df6'

2020-08-21 13:52:42 - [TEST_STEP][PASSED] - click(findTestObject("Object Repository/Share/Page_Folders - PowerFolder/button_Can administrate_pica-taginput-butto_3eb2fe")): Object: 'Object Repository/Share/Page_Folders - PowerFolder/button_Can administrate_pica-taginput-butto_3eb2fe' is clicked on

2020-08-21 13:52:42 - [MESSAGE][PASSED] - Object: 'Object Repository/Share/Page_Folders - PowerFolder/button_Can administrate_pica-taginput-butto_3eb2fe' is clicked on

2020-08-21 13:52:42 - [TEST_STEP][PASSED] - assert membersCount + 4 == getMembersCount(): null

2020-08-21 13:52:42 - [TEST_STEP][PASSED] - driver = getWebDriver(): null

2020-08-21 13:52:42 - [TEST_STEP][PASSED] - tbody = driver.findElement(By.xpath("//table[@id='share_table']/tbody")): null

2020-08-21 13:52:43 - [TEST_STEP][PASSED] - assert tbody: null

2020-08-21 13:52:43 - [TEST_STEP][PASSED] - rows_table = tbody.findElements(By.tagName("tr")): null

2020-08-21 13:52:43 - [TEST_STEP][PASSED] - return rows_table.size(): null]]></system-out>
         <system-err><![CDATA[2020-08-21 13:52:23 - [TEST_CASE][FAILED] - Test Cases/Share/Share Using plus button/Share folder with Multiple emails multiple separators: Test Cases/Share/Share Using plus button/Share folder with Multiple emails multiple separators FAILED.
Reason:
Assertion failed: 

assert membersCount+4 == getMembersCount()
       |           |  |  |
       1           5  |  1
                      false

	at Share folder with Multiple emails multiple separators.run(Share folder with Multiple emails multiple separators:50)
	at com.kms.katalon.core.main.ScriptEngine.run(ScriptEngine.java:194)
	at com.kms.katalon.core.main.ScriptEngine.runScriptAsRawText(ScriptEngine.java:119)
	at com.kms.katalon.core.main.TestCaseExecutor.runScript(TestCaseExecutor.java:337)
	at com.kms.katalon.core.main.TestCaseExecutor.doExecute(TestCaseExecutor.java:328)
	at com.kms.katalon.core.main.TestCaseExecutor.processExecutionPhase(TestCaseExecutor.java:307)
	at com.kms.katalon.core.main.TestCaseExecutor.accessMainPhase(TestCaseExecutor.java:299)
	at com.kms.katalon.core.main.TestCaseExecutor.execute(TestCaseExecutor.java:233)
	at com.kms.katalon.core.main.TestSuiteExecutor.accessTestCaseMainPhase(TestSuiteExecutor.java:169)
	at com.kms.katalon.core.main.TestSuiteExecutor.accessTestSuiteMainPhase(TestSuiteExecutor.java:142)
	at com.kms.katalon.core.main.TestSuiteExecutor.execute(TestSuiteExecutor.java:91)
	at com.kms.katalon.core.main.TestCaseMain.startTestSuite(TestCaseMain.java:157)
	at com.kms.katalon.core.main.TestCaseMain$startTestSuite$0.call(Unknown Source)
	at TempTestSuite1598014192128.run(TempTestSuite1598014192128.groovy:36)]]></system-err>
      </testcase>
      <testcase name="Test Cases/Share/Share Using enter/Share Folder With one email adress" time="21.148" classname="Test Cases/Share/Share Using enter/Share Folder With one email adress" status="PASSED">
         <system-out><![CDATA[2020-08-21 13:52:43 - [TEST_CASE][PASSED] - Test Cases/Share/Share Using enter/Share Folder With one email adress: Test Cases/Share/Share Using enter/Share Folder With one email adress

2020-08-21 13:52:43 - [TEST_STEP][PASSED] - callTestCase(findTestCase("Folders/Should Go to Folderstable"), [:], OPTIONAL): Call Test Case 'Test Cases/Folders/Should Go to Folderstable' successfully

2020-08-21 13:52:43 - [TEST_CASE][PASSED] - Test Cases/Folders/Should Go to Folderstable: Test Cases/Folders/Should Go to Folderstable

2020-08-21 13:52:43 - [TEST_STEP][PASSED] - openBrowser(""): Browser is opened with url: ''

2020-08-21 13:52:43 - [MESSAGE][WARNING] - A browser is already opened. Closing browser and opening a new one

2020-08-21 13:52:45 - [MESSAGE][INFO] - Starting 'Firefox' driver

2020-08-21 13:52:47 - [MESSAGE][PASSED] - Browser is opened with url: ''

2020-08-21 13:52:47 - [TEST_STEP][PASSED] - navigateToUrl(URL): Navigate to 'https://lab.powerfolder.net:8666/login' successfully

2020-08-21 13:52:50 - [MESSAGE][PASSED] - Navigate to 'https://lab.powerfolder.net:8666/login' successfully

2020-08-21 13:52:50 - [TEST_STEP][PASSED] - assert getWindowTitle().equals("Login - PowerFolder"): Current window's title is: 'Login - PowerFolder'

2020-08-21 13:52:50 - [MESSAGE][PASSED] - Current window's title is: 'Login - PowerFolder'

2020-08-21 13:52:50 - [TEST_STEP][PASSED] - setText(findTestObject("Object Repository/Login/Page_Login - PowerFolder/input_register new account_Username"), Username): Text 'admin' is set on object 'Object Repository/Login/Page_Login - PowerFolder/input_register new account_Username'

2020-08-21 13:52:51 - [MESSAGE][PASSED] - Text 'admin' is set on object 'Object Repository/Login/Page_Login - PowerFolder/input_register new account_Username'

2020-08-21 13:52:51 - [TEST_STEP][PASSED] - click(findTestObject("Object Repository/Login/Page_Login - PowerFolder/input_register new account_Login")): Object: 'Object Repository/Login/Page_Login - PowerFolder/input_register new account_Login' is clicked on

2020-08-21 13:52:51 - [MESSAGE][PASSED] - Object: 'Object Repository/Login/Page_Login - PowerFolder/input_register new account_Login' is clicked on

2020-08-21 13:52:51 - [TEST_STEP][PASSED] - isPresent = waitForElementVisible(findTestObject("Object Repository/Login/Page_Login - PowerFolder/input_Recover password_Password"), 2): Object 'Object Repository/Login/Page_Login - PowerFolder/input_Recover password_Password' is visible

2020-08-21 13:52:52 - [MESSAGE][PASSED] - Object 'Object Repository/Login/Page_Login - PowerFolder/input_Recover password_Password' is visible

2020-08-21 13:52:52 - [TEST_STEP][PASSED] - assert isPresent: null

2020-08-21 13:52:52 - [TEST_STEP][PASSED] - setText(findTestObject("Object Repository/Login/Page_Login - PowerFolder/input_Recover password_Password"), Password): Text 'password' is set on object 'Object Repository/Login/Page_Login - PowerFolder/input_Recover password_Password'

2020-08-21 13:52:52 - [MESSAGE][PASSED] - Text 'password' is set on object 'Object Repository/Login/Page_Login - PowerFolder/input_Recover password_Password'

2020-08-21 13:52:52 - [TEST_STEP][PASSED] - click(findTestObject("Object Repository/Login/Page_Login - PowerFolder/input_register new account_Login")): Object: 'Object Repository/Login/Page_Login - PowerFolder/input_register new account_Login' is clicked on

2020-08-21 13:52:54 - [MESSAGE][PASSED] - Object: 'Object Repository/Login/Page_Login - PowerFolder/input_register new account_Login' is clicked on

2020-08-21 13:52:54 - [TEST_STEP][PASSED] - assert getWindowTitle().equals("Dashboard - PowerFolder"): Current window's title is: 'Dashboard - PowerFolder'

2020-08-21 13:52:54 - [MESSAGE][PASSED] - Current window's title is: 'Dashboard - PowerFolder'

2020-08-21 13:52:54 - [TEST_STEP][PASSED] - click(findTestObject("Object Repository/Folders/Page_Folders - PowerFolder/lang_Folders")): Object: 'Object Repository/Folders/Page_Folders - PowerFolder/lang_Folders' is clicked on

2020-08-21 13:52:55 - [MESSAGE][PASSED] - Object: 'Object Repository/Folders/Page_Folders - PowerFolder/lang_Folders' is clicked on

2020-08-21 13:52:55 - [TEST_STEP][PASSED] - assert getWindowTitle().equals("Folders - PowerFolder"): Current window's title is: 'Folders - PowerFolder'

2020-08-21 13:52:55 - [MESSAGE][PASSED] - Current window's title is: 'Folders - PowerFolder'

2020-08-21 13:52:55 - [MESSAGE][PASSED] - Call Test Case 'Test Cases/Folders/Should Go to Folderstable' successfully

2020-08-21 13:52:55 - [TEST_STEP][PASSED] - folderName = RandomStringUtils.random(9, true, true): null

2020-08-21 13:52:55 - [TEST_STEP][PASSED] - click(findTestObject("Object Repository/Share/Page_Folders - PowerFolder/span_Paste_pica-glyph glyphicons glyphicons_ca92f0")): Object: 'Object Repository/Share/Page_Folders - PowerFolder/span_Paste_pica-glyph glyphicons glyphicons_ca92f0' is clicked on

2020-08-21 13:52:57 - [MESSAGE][PASSED] - Object: 'Object Repository/Share/Page_Folders - PowerFolder/span_Paste_pica-glyph glyphicons glyphicons_ca92f0' is clicked on

2020-08-21 13:52:57 - [TEST_STEP][PASSED] - click(findTestObject("Object Repository/Share/Page_Folders - PowerFolder/a_Create Folder                            _852e7b")): Object: 'Object Repository/Share/Page_Folders - PowerFolder/a_Create Folder                            _852e7b' is clicked on

2020-08-21 13:52:57 - [MESSAGE][PASSED] - Object: 'Object Repository/Share/Page_Folders - PowerFolder/a_Create Folder                            _852e7b' is clicked on

2020-08-21 13:52:57 - [TEST_STEP][PASSED] - setText(findTestObject("Object Repository/Share/Page_Folders - PowerFolder/input_Create a new Folder_pencil"), folderName): Text '2Ll7px5kV' is set on object 'Object Repository/Share/Page_Folders - PowerFolder/input_Create a new Folder_pencil'

2020-08-21 13:52:58 - [MESSAGE][PASSED] - Text '2Ll7px5kV' is set on object 'Object Repository/Share/Page_Folders - PowerFolder/input_Create a new Folder_pencil'

2020-08-21 13:52:58 - [TEST_STEP][PASSED] - sendKeys(findTestObject("Object Repository/Share/Page_Folders - PowerFolder/input_Create a new Folder_pencil"), Keys.chord(ENTER)): Keys 'ENTER + ' sent to object: 'Object Repository/Share/Page_Folders - PowerFolder/input_Create a new Folder_pencil'

2020-08-21 13:52:58 - [MESSAGE][PASSED] - Keys 'ENTER + ' sent to object: 'Object Repository/Share/Page_Folders - PowerFolder/input_Create a new Folder_pencil'

2020-08-21 13:52:58 - [TEST_STEP][PASSED] - btn = findShareButton(folderName): null

2020-08-21 13:52:58 - [TEST_STEP][PASSED] - driver = getWebDriver(): null

2020-08-21 13:52:58 - [TEST_STEP][PASSED] - return driver.findElement(org.openqa.selenium.By.xpath(//table[@id='files_files_table']/tbody/tr/td[2]/a[contains(text(),'$fileName')]/../../td[6]/a)): null

2020-08-21 13:53:00 - [TEST_STEP][PASSED] - executeJavaScript("arguments[0].click()", Arrays.asList(btn)): Execute JavaScript 'arguments[0].click()' successfully

2020-08-21 13:53:00 - [MESSAGE][PASSED] - Execute JavaScript 'arguments[0].click()' successfully

2020-08-21 13:53:00 - [TEST_STEP][PASSED] - mail = "user@mail.com": null

2020-08-21 13:53:00 - [TEST_STEP][PASSED] - setText(findTestObject("Object Repository/Share/Page_Folders - PowerFolder/input_Invite users and groups or create a l_797df6"), mail): Text 'user@mail.com' is set on object 'Object Repository/Share/Page_Folders - PowerFolder/input_Invite users and groups or create a l_797df6'

2020-08-21 13:53:01 - [MESSAGE][PASSED] - Text 'user@mail.com' is set on object 'Object Repository/Share/Page_Folders - PowerFolder/input_Invite users and groups or create a l_797df6'

2020-08-21 13:53:01 - [TEST_STEP][PASSED] - sendKeys(findTestObject("Object Repository/Share/Page_Folders - PowerFolder/input_Invite users and groups or create a l_797df6"), Keys.chord(ENTER)): Keys 'ENTER + ' sent to object: 'Object Repository/Share/Page_Folders - PowerFolder/input_Invite users and groups or create a l_797df6'

2020-08-21 13:53:02 - [MESSAGE][PASSED] - Keys 'ENTER + ' sent to object: 'Object Repository/Share/Page_Folders - PowerFolder/input_Invite users and groups or create a l_797df6'

2020-08-21 13:53:02 - [TEST_STEP][PASSED] - verifyElementText(findTestObject("Object Repository/Share/Page_Folders - PowerFolder/td_usermailcom"), mail): Actual text and expected text of test object 'Object Repository/Share/Page_Folders - PowerFolder/td_usermailcom' are matched.

2020-08-21 13:53:03 - [MESSAGE][PASSED] - Actual text and expected text of test object 'Object Repository/Share/Page_Folders - PowerFolder/td_usermailcom' are matched.

2020-08-21 13:53:03 - [TEST_STEP][PASSED] - closeBrowser(): Browser is closed

2020-08-21 13:53:04 - [MESSAGE][PASSED] - Browser is closed]]></system-out>
         <system-err><![CDATA[]]></system-err>
      </testcase>
      <testcase name="Test Cases/Share/Share Using enter/Share folder with Multiple emails semi colon" time="19.054" classname="Test Cases/Share/Share Using enter/Share folder with Multiple emails semi colon" status="FAILED">
         <failure type="FAILED" message="Test Cases/Share/Share Using enter/Share folder with Multiple emails semi colon FAILED.
Reason:
Assertion failed: 

assert membersCount+3 == getMembersCount()
       |           |  |  |
       1           4  |  5
                      false

	at Share folder with Multiple emails semi colon.run(Share folder with Multiple emails semi colon:50)
	at com.kms.katalon.core.main.ScriptEngine.run(ScriptEngine.java:194)
	at com.kms.katalon.core.main.ScriptEngine.runScriptAsRawText(ScriptEngine.java:119)
	at com.kms.katalon.core.main.TestCaseExecutor.runScript(TestCaseExecutor.java:337)
	at com.kms.katalon.core.main.TestCaseExecutor.doExecute(TestCaseExecutor.java:328)
	at com.kms.katalon.core.main.TestCaseExecutor.processExecutionPhase(TestCaseExecutor.java:307)
	at com.kms.katalon.core.main.TestCaseExecutor.accessMainPhase(TestCaseExecutor.java:299)
	at com.kms.katalon.core.main.TestCaseExecutor.execute(TestCaseExecutor.java:233)
	at com.kms.katalon.core.main.TestSuiteExecutor.accessTestCaseMainPhase(TestSuiteExecutor.java:169)
	at com.kms.katalon.core.main.TestSuiteExecutor.accessTestSuiteMainPhase(TestSuiteExecutor.java:142)
	at com.kms.katalon.core.main.TestSuiteExecutor.execute(TestSuiteExecutor.java:91)
	at com.kms.katalon.core.main.TestCaseMain.startTestSuite(TestCaseMain.java:157)
	at com.kms.katalon.core.main.TestCaseMain$startTestSuite$0.call(Unknown Source)
	at TempTestSuite1598014192128.run(TempTestSuite1598014192128.groovy:36)
"/>
         <system-out><![CDATA[2020-08-21 13:53:04 - [TEST_CASE][FAILED] - Test Cases/Share/Share Using enter/Share folder with Multiple emails semi colon: Test Cases/Share/Share Using enter/Share folder with Multiple emails semi colon FAILED.
Reason:
Assertion failed: 

assert membersCount+3 == getMembersCount()
       |           |  |  |
       1           4  |  5
                      false

	at Share folder with Multiple emails semi colon.run(Share folder with Multiple emails semi colon:50)
	at com.kms.katalon.core.main.ScriptEngine.run(ScriptEngine.java:194)
	at com.kms.katalon.core.main.ScriptEngine.runScriptAsRawText(ScriptEngine.java:119)
	at com.kms.katalon.core.main.TestCaseExecutor.runScript(TestCaseExecutor.java:337)
	at com.kms.katalon.core.main.TestCaseExecutor.doExecute(TestCaseExecutor.java:328)
	at com.kms.katalon.core.main.TestCaseExecutor.processExecutionPhase(TestCaseExecutor.java:307)
	at com.kms.katalon.core.main.TestCaseExecutor.accessMainPhase(TestCaseExecutor.java:299)
	at com.kms.katalon.core.main.TestCaseExecutor.execute(TestCaseExecutor.java:233)
	at com.kms.katalon.core.main.TestSuiteExecutor.accessTestCaseMainPhase(TestSuiteExecutor.java:169)
	at com.kms.katalon.core.main.TestSuiteExecutor.accessTestSuiteMainPhase(TestSuiteExecutor.java:142)
	at com.kms.katalon.core.main.TestSuiteExecutor.execute(TestSuiteExecutor.java:91)
	at com.kms.katalon.core.main.TestCaseMain.startTestSuite(TestCaseMain.java:157)
	at com.kms.katalon.core.main.TestCaseMain$startTestSuite$0.call(Unknown Source)
	at TempTestSuite1598014192128.run(TempTestSuite1598014192128.groovy:36)


2020-08-21 13:53:04 - [TEST_STEP][PASSED] - callTestCase(findTestCase("Folders/Should Go to Folderstable"), [:], OPTIONAL): Call Test Case 'Test Cases/Folders/Should Go to Folderstable' successfully

2020-08-21 13:53:04 - [TEST_CASE][PASSED] - Test Cases/Folders/Should Go to Folderstable: Test Cases/Folders/Should Go to Folderstable

2020-08-21 13:53:04 - [TEST_STEP][PASSED] - openBrowser(""): Browser is opened with url: ''

2020-08-21 13:53:04 - [MESSAGE][INFO] - Starting 'Firefox' driver

2020-08-21 13:53:07 - [MESSAGE][PASSED] - Browser is opened with url: ''

2020-08-21 13:53:07 - [TEST_STEP][PASSED] - navigateToUrl(URL): Navigate to 'https://lab.powerfolder.net:8666/login' successfully

2020-08-21 13:53:11 - [MESSAGE][PASSED] - Navigate to 'https://lab.powerfolder.net:8666/login' successfully

2020-08-21 13:53:11 - [TEST_STEP][PASSED] - assert getWindowTitle().equals("Login - PowerFolder"): Current window's title is: 'Login - PowerFolder'

2020-08-21 13:53:11 - [MESSAGE][PASSED] - Current window's title is: 'Login - PowerFolder'

2020-08-21 13:53:11 - [TEST_STEP][PASSED] - setText(findTestObject("Object Repository/Login/Page_Login - PowerFolder/input_register new account_Username"), Username): Text 'admin' is set on object 'Object Repository/Login/Page_Login - PowerFolder/input_register new account_Username'

2020-08-21 13:53:11 - [MESSAGE][PASSED] - Text 'admin' is set on object 'Object Repository/Login/Page_Login - PowerFolder/input_register new account_Username'

2020-08-21 13:53:11 - [TEST_STEP][PASSED] - click(findTestObject("Object Repository/Login/Page_Login - PowerFolder/input_register new account_Login")): Object: 'Object Repository/Login/Page_Login - PowerFolder/input_register new account_Login' is clicked on

2020-08-21 13:53:12 - [MESSAGE][PASSED] - Object: 'Object Repository/Login/Page_Login - PowerFolder/input_register new account_Login' is clicked on

2020-08-21 13:53:12 - [TEST_STEP][PASSED] - isPresent = waitForElementVisible(findTestObject("Object Repository/Login/Page_Login - PowerFolder/input_Recover password_Password"), 2): Object 'Object Repository/Login/Page_Login - PowerFolder/input_Recover password_Password' is visible

2020-08-21 13:53:12 - [MESSAGE][PASSED] - Object 'Object Repository/Login/Page_Login - PowerFolder/input_Recover password_Password' is visible

2020-08-21 13:53:12 - [TEST_STEP][PASSED] - assert isPresent: null

2020-08-21 13:53:12 - [TEST_STEP][PASSED] - setText(findTestObject("Object Repository/Login/Page_Login - PowerFolder/input_Recover password_Password"), Password): Text 'password' is set on object 'Object Repository/Login/Page_Login - PowerFolder/input_Recover password_Password'

2020-08-21 13:53:13 - [MESSAGE][PASSED] - Text 'password' is set on object 'Object Repository/Login/Page_Login - PowerFolder/input_Recover password_Password'

2020-08-21 13:53:13 - [TEST_STEP][PASSED] - click(findTestObject("Object Repository/Login/Page_Login - PowerFolder/input_register new account_Login")): Object: 'Object Repository/Login/Page_Login - PowerFolder/input_register new account_Login' is clicked on

2020-08-21 13:53:14 - [MESSAGE][PASSED] - Object: 'Object Repository/Login/Page_Login - PowerFolder/input_register new account_Login' is clicked on

2020-08-21 13:53:14 - [TEST_STEP][PASSED] - assert getWindowTitle().equals("Dashboard - PowerFolder"): Current window's title is: 'Dashboard - PowerFolder'

2020-08-21 13:53:14 - [MESSAGE][PASSED] - Current window's title is: 'Dashboard - PowerFolder'

2020-08-21 13:53:14 - [TEST_STEP][PASSED] - click(findTestObject("Object Repository/Folders/Page_Folders - PowerFolder/lang_Folders")): Object: 'Object Repository/Folders/Page_Folders - PowerFolder/lang_Folders' is clicked on

2020-08-21 13:53:15 - [MESSAGE][PASSED] - Object: 'Object Repository/Folders/Page_Folders - PowerFolder/lang_Folders' is clicked on

2020-08-21 13:53:15 - [TEST_STEP][PASSED] - assert getWindowTitle().equals("Folders - PowerFolder"): Current window's title is: 'Folders - PowerFolder'

2020-08-21 13:53:15 - [MESSAGE][PASSED] - Current window's title is: 'Folders - PowerFolder'

2020-08-21 13:53:15 - [MESSAGE][PASSED] - Call Test Case 'Test Cases/Folders/Should Go to Folderstable' successfully

2020-08-21 13:53:15 - [TEST_STEP][PASSED] - folderName = RandomStringUtils.random(9, true, true): null

2020-08-21 13:53:15 - [TEST_STEP][PASSED] - click(findTestObject("Object Repository/Share/Page_Folders - PowerFolder/span_Paste_pica-glyph glyphicons glyphicons_ca92f0")): Object: 'Object Repository/Share/Page_Folders - PowerFolder/span_Paste_pica-glyph glyphicons glyphicons_ca92f0' is clicked on

2020-08-21 13:53:17 - [MESSAGE][PASSED] - Object: 'Object Repository/Share/Page_Folders - PowerFolder/span_Paste_pica-glyph glyphicons glyphicons_ca92f0' is clicked on

2020-08-21 13:53:17 - [TEST_STEP][PASSED] - click(findTestObject("Object Repository/Share/Page_Folders - PowerFolder/a_Create Folder                            _852e7b")): Object: 'Object Repository/Share/Page_Folders - PowerFolder/a_Create Folder                            _852e7b' is clicked on

2020-08-21 13:53:18 - [MESSAGE][PASSED] - Object: 'Object Repository/Share/Page_Folders - PowerFolder/a_Create Folder                            _852e7b' is clicked on

2020-08-21 13:53:18 - [TEST_STEP][PASSED] - setText(findTestObject("Object Repository/Share/Page_Folders - PowerFolder/input_Create a new Folder_pencil"), folderName): Text 'ELj7L77Su' is set on object 'Object Repository/Share/Page_Folders - PowerFolder/input_Create a new Folder_pencil'

2020-08-21 13:53:18 - [MESSAGE][PASSED] - Text 'ELj7L77Su' is set on object 'Object Repository/Share/Page_Folders - PowerFolder/input_Create a new Folder_pencil'

2020-08-21 13:53:18 - [TEST_STEP][PASSED] - sendKeys(findTestObject("Object Repository/Share/Page_Folders - PowerFolder/input_Create a new Folder_pencil"), Keys.chord(ENTER)): Keys 'ENTER + ' sent to object: 'Object Repository/Share/Page_Folders - PowerFolder/input_Create a new Folder_pencil'

2020-08-21 13:53:18 - [MESSAGE][PASSED] - Keys 'ENTER + ' sent to object: 'Object Repository/Share/Page_Folders - PowerFolder/input_Create a new Folder_pencil'

2020-08-21 13:53:18 - [TEST_STEP][PASSED] - btn = findShareButton(folderName): null

2020-08-21 13:53:18 - [TEST_STEP][PASSED] - driver = getWebDriver(): null

2020-08-21 13:53:18 - [TEST_STEP][PASSED] - return driver.findElement(org.openqa.selenium.By.xpath(//table[@id='files_files_table']/tbody/tr/td[2]/a[contains(text(),'$fileName')]/../../td[6]/a)): null

2020-08-21 13:53:20 - [TEST_STEP][PASSED] - executeJavaScript("arguments[0].click()", Arrays.asList(btn)): Execute JavaScript 'arguments[0].click()' successfully

2020-08-21 13:53:20 - [MESSAGE][PASSED] - Execute JavaScript 'arguments[0].click()' successfully

2020-08-21 13:53:20 - [TEST_STEP][PASSED] - mails = "a@a.com;b@b.com;c@c.com": null

2020-08-21 13:53:20 - [TEST_STEP][PASSED] - membersCount = getMembersCount(): null

2020-08-21 13:53:20 - [TEST_STEP][PASSED] - driver = getWebDriver(): null

2020-08-21 13:53:20 - [TEST_STEP][PASSED] - tbody = driver.findElement(By.xpath("//table[@id='share_table']/tbody")): null

2020-08-21 13:53:21 - [TEST_STEP][PASSED] - assert tbody: null

2020-08-21 13:53:21 - [TEST_STEP][PASSED] - rows_table = tbody.findElements(By.tagName("tr")): null

2020-08-21 13:53:21 - [TEST_STEP][PASSED] - return rows_table.size(): null

2020-08-21 13:53:21 - [TEST_STEP][PASSED] - setText(findTestObject("Object Repository/Share/Page_Folders - PowerFolder/input_Invite users and groups or create a l_797df6"), mails): Text 'a@a.com;b@b.com;c@c.com' is set on object 'Object Repository/Share/Page_Folders - PowerFolder/input_Invite users and groups or create a l_797df6'

2020-08-21 13:53:22 - [MESSAGE][PASSED] - Text 'a@a.com;b@b.com;c@c.com' is set on object 'Object Repository/Share/Page_Folders - PowerFolder/input_Invite users and groups or create a l_797df6'

2020-08-21 13:53:22 - [TEST_STEP][PASSED] - sendKeys(findTestObject("Object Repository/Share/Page_Folders - PowerFolder/input_Invite users and groups or create a l_797df6"), Keys.chord(ENTER)): Keys 'ENTER + ' sent to object: 'Object Repository/Share/Page_Folders - PowerFolder/input_Invite users and groups or create a l_797df6'

2020-08-21 13:53:22 - [MESSAGE][PASSED] - Keys 'ENTER + ' sent to object: 'Object Repository/Share/Page_Folders - PowerFolder/input_Invite users and groups or create a l_797df6'

2020-08-21 13:53:22 - [TEST_STEP][PASSED] - assert membersCount + 3 == getMembersCount(): null

2020-08-21 13:53:22 - [TEST_STEP][PASSED] - driver = getWebDriver(): null

2020-08-21 13:53:22 - [TEST_STEP][PASSED] - tbody = driver.findElement(By.xpath("//table[@id='share_table']/tbody")): null

2020-08-21 13:53:23 - [TEST_STEP][PASSED] - assert tbody: null

2020-08-21 13:53:23 - [TEST_STEP][PASSED] - rows_table = tbody.findElements(By.tagName("tr")): null

2020-08-21 13:53:23 - [TEST_STEP][PASSED] - return rows_table.size(): null]]></system-out>
         <system-err><![CDATA[2020-08-21 13:53:04 - [TEST_CASE][FAILED] - Test Cases/Share/Share Using enter/Share folder with Multiple emails semi colon: Test Cases/Share/Share Using enter/Share folder with Multiple emails semi colon FAILED.
Reason:
Assertion failed: 

assert membersCount+3 == getMembersCount()
       |           |  |  |
       1           4  |  5
                      false

	at Share folder with Multiple emails semi colon.run(Share folder with Multiple emails semi colon:50)
	at com.kms.katalon.core.main.ScriptEngine.run(ScriptEngine.java:194)
	at com.kms.katalon.core.main.ScriptEngine.runScriptAsRawText(ScriptEngine.java:119)
	at com.kms.katalon.core.main.TestCaseExecutor.runScript(TestCaseExecutor.java:337)
	at com.kms.katalon.core.main.TestCaseExecutor.doExecute(TestCaseExecutor.java:328)
	at com.kms.katalon.core.main.TestCaseExecutor.processExecutionPhase(TestCaseExecutor.java:307)
	at com.kms.katalon.core.main.TestCaseExecutor.accessMainPhase(TestCaseExecutor.java:299)
	at com.kms.katalon.core.main.TestCaseExecutor.execute(TestCaseExecutor.java:233)
	at com.kms.katalon.core.main.TestSuiteExecutor.accessTestCaseMainPhase(TestSuiteExecutor.java:169)
	at com.kms.katalon.core.main.TestSuiteExecutor.accessTestSuiteMainPhase(TestSuiteExecutor.java:142)
	at com.kms.katalon.core.main.TestSuiteExecutor.execute(TestSuiteExecutor.java:91)
	at com.kms.katalon.core.main.TestCaseMain.startTestSuite(TestCaseMain.java:157)
	at com.kms.katalon.core.main.TestCaseMain$startTestSuite$0.call(Unknown Source)
	at TempTestSuite1598014192128.run(TempTestSuite1598014192128.groovy:36)]]></system-err>
      </testcase>
      <testcase name="Test Cases/Share/Share Using enter/Share folder with one email outlook format" time="21.101" classname="Test Cases/Share/Share Using enter/Share folder with one email outlook format" status="PASSED">
         <system-out><![CDATA[2020-08-21 13:53:23 - [TEST_CASE][PASSED] - Test Cases/Share/Share Using enter/Share folder with one email outlook format: Test Cases/Share/Share Using enter/Share folder with one email outlook format

2020-08-21 13:53:23 - [TEST_STEP][PASSED] - callTestCase(findTestCase("Folders/Should Go to Folderstable"), [:], OPTIONAL): Call Test Case 'Test Cases/Folders/Should Go to Folderstable' successfully

2020-08-21 13:53:23 - [TEST_CASE][PASSED] - Test Cases/Folders/Should Go to Folderstable: Test Cases/Folders/Should Go to Folderstable

2020-08-21 13:53:23 - [TEST_STEP][PASSED] - openBrowser(""): Browser is opened with url: ''

2020-08-21 13:53:23 - [MESSAGE][WARNING] - A browser is already opened. Closing browser and opening a new one

2020-08-21 13:53:25 - [MESSAGE][INFO] - Starting 'Firefox' driver

2020-08-21 13:53:27 - [MESSAGE][PASSED] - Browser is opened with url: ''

2020-08-21 13:53:27 - [TEST_STEP][PASSED] - navigateToUrl(URL): Navigate to 'https://lab.powerfolder.net:8666/login' successfully

2020-08-21 13:53:32 - [MESSAGE][PASSED] - Navigate to 'https://lab.powerfolder.net:8666/login' successfully

2020-08-21 13:53:32 - [TEST_STEP][PASSED] - assert getWindowTitle().equals("Login - PowerFolder"): Current window's title is: 'Login - PowerFolder'

2020-08-21 13:53:32 - [MESSAGE][PASSED] - Current window's title is: 'Login - PowerFolder'

2020-08-21 13:53:32 - [TEST_STEP][PASSED] - setText(findTestObject("Object Repository/Login/Page_Login - PowerFolder/input_register new account_Username"), Username): Text 'admin' is set on object 'Object Repository/Login/Page_Login - PowerFolder/input_register new account_Username'

2020-08-21 13:53:32 - [MESSAGE][PASSED] - Text 'admin' is set on object 'Object Repository/Login/Page_Login - PowerFolder/input_register new account_Username'

2020-08-21 13:53:32 - [TEST_STEP][PASSED] - click(findTestObject("Object Repository/Login/Page_Login - PowerFolder/input_register new account_Login")): Object: 'Object Repository/Login/Page_Login - PowerFolder/input_register new account_Login' is clicked on

2020-08-21 13:53:33 - [MESSAGE][PASSED] - Object: 'Object Repository/Login/Page_Login - PowerFolder/input_register new account_Login' is clicked on

2020-08-21 13:53:33 - [TEST_STEP][PASSED] - isPresent = waitForElementVisible(findTestObject("Object Repository/Login/Page_Login - PowerFolder/input_Recover password_Password"), 2): Object 'Object Repository/Login/Page_Login - PowerFolder/input_Recover password_Password' is visible

2020-08-21 13:53:33 - [MESSAGE][PASSED] - Object 'Object Repository/Login/Page_Login - PowerFolder/input_Recover password_Password' is visible

2020-08-21 13:53:33 - [TEST_STEP][PASSED] - assert isPresent: null

2020-08-21 13:53:33 - [TEST_STEP][PASSED] - setText(findTestObject("Object Repository/Login/Page_Login - PowerFolder/input_Recover password_Password"), Password): Text 'password' is set on object 'Object Repository/Login/Page_Login - PowerFolder/input_Recover password_Password'

2020-08-21 13:53:34 - [MESSAGE][PASSED] - Text 'password' is set on object 'Object Repository/Login/Page_Login - PowerFolder/input_Recover password_Password'

2020-08-21 13:53:34 - [TEST_STEP][PASSED] - click(findTestObject("Object Repository/Login/Page_Login - PowerFolder/input_register new account_Login")): Object: 'Object Repository/Login/Page_Login - PowerFolder/input_register new account_Login' is clicked on

2020-08-21 13:53:35 - [MESSAGE][PASSED] - Object: 'Object Repository/Login/Page_Login - PowerFolder/input_register new account_Login' is clicked on

2020-08-21 13:53:35 - [TEST_STEP][PASSED] - assert getWindowTitle().equals("Dashboard - PowerFolder"): Current window's title is: 'Dashboard - PowerFolder'

2020-08-21 13:53:35 - [MESSAGE][PASSED] - Current window's title is: 'Dashboard - PowerFolder'

2020-08-21 13:53:35 - [TEST_STEP][PASSED] - click(findTestObject("Object Repository/Folders/Page_Folders - PowerFolder/lang_Folders")): Object: 'Object Repository/Folders/Page_Folders - PowerFolder/lang_Folders' is clicked on

2020-08-21 13:53:36 - [MESSAGE][PASSED] - Object: 'Object Repository/Folders/Page_Folders - PowerFolder/lang_Folders' is clicked on

2020-08-21 13:53:36 - [TEST_STEP][PASSED] - assert getWindowTitle().equals("Folders - PowerFolder"): Current window's title is: 'Folders - PowerFolder'

2020-08-21 13:53:36 - [MESSAGE][PASSED] - Current window's title is: 'Folders - PowerFolder'

2020-08-21 13:53:36 - [MESSAGE][PASSED] - Call Test Case 'Test Cases/Folders/Should Go to Folderstable' successfully

2020-08-21 13:53:36 - [TEST_STEP][PASSED] - folderName = RandomStringUtils.random(9, true, true): null

2020-08-21 13:53:36 - [TEST_STEP][PASSED] - click(findTestObject("Object Repository/Share/Page_Folders - PowerFolder/span_Paste_pica-glyph glyphicons glyphicons_ca92f0")): Object: 'Object Repository/Share/Page_Folders - PowerFolder/span_Paste_pica-glyph glyphicons glyphicons_ca92f0' is clicked on

2020-08-21 13:53:38 - [MESSAGE][PASSED] - Object: 'Object Repository/Share/Page_Folders - PowerFolder/span_Paste_pica-glyph glyphicons glyphicons_ca92f0' is clicked on

2020-08-21 13:53:38 - [TEST_STEP][PASSED] - click(findTestObject("Object Repository/Share/Page_Folders - PowerFolder/a_Create Folder                            _852e7b")): Object: 'Object Repository/Share/Page_Folders - PowerFolder/a_Create Folder                            _852e7b' is clicked on

2020-08-21 13:53:38 - [MESSAGE][PASSED] - Object: 'Object Repository/Share/Page_Folders - PowerFolder/a_Create Folder                            _852e7b' is clicked on

2020-08-21 13:53:38 - [TEST_STEP][PASSED] - setText(findTestObject("Object Repository/Share/Page_Folders - PowerFolder/input_Create a new Folder_pencil"), folderName): Text 'bLGBalVOm' is set on object 'Object Repository/Share/Page_Folders - PowerFolder/input_Create a new Folder_pencil'

2020-08-21 13:53:39 - [MESSAGE][PASSED] - Text 'bLGBalVOm' is set on object 'Object Repository/Share/Page_Folders - PowerFolder/input_Create a new Folder_pencil'

2020-08-21 13:53:39 - [TEST_STEP][PASSED] - sendKeys(findTestObject("Object Repository/Share/Page_Folders - PowerFolder/input_Create a new Folder_pencil"), Keys.chord(ENTER)): Keys 'ENTER + ' sent to object: 'Object Repository/Share/Page_Folders - PowerFolder/input_Create a new Folder_pencil'

2020-08-21 13:53:39 - [MESSAGE][PASSED] - Keys 'ENTER + ' sent to object: 'Object Repository/Share/Page_Folders - PowerFolder/input_Create a new Folder_pencil'

2020-08-21 13:53:39 - [TEST_STEP][PASSED] - btn = findShareButton(folderName): null

2020-08-21 13:53:39 - [TEST_STEP][PASSED] - driver = getWebDriver(): null

2020-08-21 13:53:39 - [TEST_STEP][PASSED] - return driver.findElement(org.openqa.selenium.By.xpath(//table[@id='files_files_table']/tbody/tr/td[2]/a[contains(text(),'$fileName')]/../../td[6]/a)): null

2020-08-21 13:53:41 - [TEST_STEP][PASSED] - executeJavaScript("arguments[0].click()", Arrays.asList(btn)): Execute JavaScript 'arguments[0].click()' successfully

2020-08-21 13:53:41 - [MESSAGE][PASSED] - Execute JavaScript 'arguments[0].click()' successfully

2020-08-21 13:53:41 - [TEST_STEP][PASSED] - mail = ${ -> ... } <${ -> ... }@outlook.com>: null

2020-08-21 13:53:41 - [TEST_STEP][PASSED] - setText(findTestObject("Object Repository/Share/Page_Folders - PowerFolder/input_Invite users and groups or create a l_797df6"), mail): Text 'bLGBalVOm <bLGBalVOm@outlook.com>' is set on object 'Object Repository/Share/Page_Folders - PowerFolder/input_Invite users and groups or create a l_797df6'

2020-08-21 13:53:42 - [MESSAGE][PASSED] - Text 'bLGBalVOm <bLGBalVOm@outlook.com>' is set on object 'Object Repository/Share/Page_Folders - PowerFolder/input_Invite users and groups or create a l_797df6'

2020-08-21 13:53:42 - [TEST_STEP][PASSED] - sendKeys(findTestObject("Object Repository/Share/Page_Folders - PowerFolder/input_Invite users and groups or create a l_797df6"), Keys.chord(ENTER)): Keys 'ENTER + ' sent to object: 'Object Repository/Share/Page_Folders - PowerFolder/input_Invite users and groups or create a l_797df6'

2020-08-21 13:53:42 - [MESSAGE][PASSED] - Keys 'ENTER + ' sent to object: 'Object Repository/Share/Page_Folders - PowerFolder/input_Invite users and groups or create a l_797df6'

2020-08-21 13:53:42 - [TEST_STEP][PASSED] - verifyElementText(findTestObject("Object Repository/Share/Page_Folders - PowerFolder/td_usermailcom"), folderName): Actual text and expected text of test object 'Object Repository/Share/Page_Folders - PowerFolder/td_usermailcom' are matched.

2020-08-21 13:53:43 - [MESSAGE][PASSED] - Actual text and expected text of test object 'Object Repository/Share/Page_Folders - PowerFolder/td_usermailcom' are matched.

2020-08-21 13:53:43 - [TEST_STEP][PASSED] - closeBrowser(): Browser is closed

2020-08-21 13:53:44 - [MESSAGE][PASSED] - Browser is closed]]></system-out>
         <system-err><![CDATA[]]></system-err>
      </testcase>
      <testcase name="Test Cases/Share/Share Using enter/Share folder with Multiple emails tabulation separator" time="18.358" classname="Test Cases/Share/Share Using enter/Share folder with Multiple emails tabulation separator" status="FAILED">
         <failure type="FAILED" message="Test Cases/Share/Share Using enter/Share folder with Multiple emails tabulation separator FAILED.
Reason:
Assertion failed: 

assert membersCount+3 == getMembersCount()
       |           |  |  |
       1           4  |  5
                      false

	at Share folder with Multiple emails tabulation separator.run(Share folder with Multiple emails tabulation separator:50)
	at com.kms.katalon.core.main.ScriptEngine.run(ScriptEngine.java:194)
	at com.kms.katalon.core.main.ScriptEngine.runScriptAsRawText(ScriptEngine.java:119)
	at com.kms.katalon.core.main.TestCaseExecutor.runScript(TestCaseExecutor.java:337)
	at com.kms.katalon.core.main.TestCaseExecutor.doExecute(TestCaseExecutor.java:328)
	at com.kms.katalon.core.main.TestCaseExecutor.processExecutionPhase(TestCaseExecutor.java:307)
	at com.kms.katalon.core.main.TestCaseExecutor.accessMainPhase(TestCaseExecutor.java:299)
	at com.kms.katalon.core.main.TestCaseExecutor.execute(TestCaseExecutor.java:233)
	at com.kms.katalon.core.main.TestSuiteExecutor.accessTestCaseMainPhase(TestSuiteExecutor.java:169)
	at com.kms.katalon.core.main.TestSuiteExecutor.accessTestSuiteMainPhase(TestSuiteExecutor.java:142)
	at com.kms.katalon.core.main.TestSuiteExecutor.execute(TestSuiteExecutor.java:91)
	at com.kms.katalon.core.main.TestCaseMain.startTestSuite(TestCaseMain.java:157)
	at com.kms.katalon.core.main.TestCaseMain$startTestSuite$0.call(Unknown Source)
	at TempTestSuite1598014192128.run(TempTestSuite1598014192128.groovy:36)
"/>
         <system-out><![CDATA[2020-08-21 13:53:44 - [TEST_CASE][FAILED] - Test Cases/Share/Share Using enter/Share folder with Multiple emails tabulation separator: Test Cases/Share/Share Using enter/Share folder with Multiple emails tabulation separator FAILED.
Reason:
Assertion failed: 

assert membersCount+3 == getMembersCount()
       |           |  |  |
       1           4  |  5
                      false

	at Share folder with Multiple emails tabulation separator.run(Share folder with Multiple emails tabulation separator:50)
	at com.kms.katalon.core.main.ScriptEngine.run(ScriptEngine.java:194)
	at com.kms.katalon.core.main.ScriptEngine.runScriptAsRawText(ScriptEngine.java:119)
	at com.kms.katalon.core.main.TestCaseExecutor.runScript(TestCaseExecutor.java:337)
	at com.kms.katalon.core.main.TestCaseExecutor.doExecute(TestCaseExecutor.java:328)
	at com.kms.katalon.core.main.TestCaseExecutor.processExecutionPhase(TestCaseExecutor.java:307)
	at com.kms.katalon.core.main.TestCaseExecutor.accessMainPhase(TestCaseExecutor.java:299)
	at com.kms.katalon.core.main.TestCaseExecutor.execute(TestCaseExecutor.java:233)
	at com.kms.katalon.core.main.TestSuiteExecutor.accessTestCaseMainPhase(TestSuiteExecutor.java:169)
	at com.kms.katalon.core.main.TestSuiteExecutor.accessTestSuiteMainPhase(TestSuiteExecutor.java:142)
	at com.kms.katalon.core.main.TestSuiteExecutor.execute(TestSuiteExecutor.java:91)
	at com.kms.katalon.core.main.TestCaseMain.startTestSuite(TestCaseMain.java:157)
	at com.kms.katalon.core.main.TestCaseMain$startTestSuite$0.call(Unknown Source)
	at TempTestSuite1598014192128.run(TempTestSuite1598014192128.groovy:36)


2020-08-21 13:53:44 - [TEST_STEP][PASSED] - callTestCase(findTestCase("Folders/Should Go to Folderstable"), [:], OPTIONAL): Call Test Case 'Test Cases/Folders/Should Go to Folderstable' successfully

2020-08-21 13:53:45 - [TEST_CASE][PASSED] - Test Cases/Folders/Should Go to Folderstable: Test Cases/Folders/Should Go to Folderstable

2020-08-21 13:53:45 - [TEST_STEP][PASSED] - openBrowser(""): Browser is opened with url: ''

2020-08-21 13:53:45 - [MESSAGE][INFO] - Starting 'Firefox' driver

2020-08-21 13:53:47 - [MESSAGE][PASSED] - Browser is opened with url: ''

2020-08-21 13:53:47 - [TEST_STEP][PASSED] - navigateToUrl(URL): Navigate to 'https://lab.powerfolder.net:8666/login' successfully

2020-08-21 13:53:51 - [MESSAGE][PASSED] - Navigate to 'https://lab.powerfolder.net:8666/login' successfully

2020-08-21 13:53:51 - [TEST_STEP][PASSED] - assert getWindowTitle().equals("Login - PowerFolder"): Current window's title is: 'Login - PowerFolder'

2020-08-21 13:53:51 - [MESSAGE][PASSED] - Current window's title is: 'Login - PowerFolder'

2020-08-21 13:53:51 - [TEST_STEP][PASSED] - setText(findTestObject("Object Repository/Login/Page_Login - PowerFolder/input_register new account_Username"), Username): Text 'admin' is set on object 'Object Repository/Login/Page_Login - PowerFolder/input_register new account_Username'

2020-08-21 13:53:51 - [MESSAGE][PASSED] - Text 'admin' is set on object 'Object Repository/Login/Page_Login - PowerFolder/input_register new account_Username'

2020-08-21 13:53:51 - [TEST_STEP][PASSED] - click(findTestObject("Object Repository/Login/Page_Login - PowerFolder/input_register new account_Login")): Object: 'Object Repository/Login/Page_Login - PowerFolder/input_register new account_Login' is clicked on

2020-08-21 13:53:52 - [MESSAGE][PASSED] - Object: 'Object Repository/Login/Page_Login - PowerFolder/input_register new account_Login' is clicked on

2020-08-21 13:53:52 - [TEST_STEP][PASSED] - isPresent = waitForElementVisible(findTestObject("Object Repository/Login/Page_Login - PowerFolder/input_Recover password_Password"), 2): Object 'Object Repository/Login/Page_Login - PowerFolder/input_Recover password_Password' is visible

2020-08-21 13:53:52 - [MESSAGE][PASSED] - Object 'Object Repository/Login/Page_Login - PowerFolder/input_Recover password_Password' is visible

2020-08-21 13:53:52 - [TEST_STEP][PASSED] - assert isPresent: null

2020-08-21 13:53:52 - [TEST_STEP][PASSED] - setText(findTestObject("Object Repository/Login/Page_Login - PowerFolder/input_Recover password_Password"), Password): Text 'password' is set on object 'Object Repository/Login/Page_Login - PowerFolder/input_Recover password_Password'

2020-08-21 13:53:52 - [MESSAGE][PASSED] - Text 'password' is set on object 'Object Repository/Login/Page_Login - PowerFolder/input_Recover password_Password'

2020-08-21 13:53:52 - [TEST_STEP][PASSED] - click(findTestObject("Object Repository/Login/Page_Login - PowerFolder/input_register new account_Login")): Object: 'Object Repository/Login/Page_Login - PowerFolder/input_register new account_Login' is clicked on

2020-08-21 13:53:54 - [MESSAGE][PASSED] - Object: 'Object Repository/Login/Page_Login - PowerFolder/input_register new account_Login' is clicked on

2020-08-21 13:53:54 - [TEST_STEP][PASSED] - assert getWindowTitle().equals("Dashboard - PowerFolder"): Current window's title is: 'Dashboard - PowerFolder'

2020-08-21 13:53:54 - [MESSAGE][PASSED] - Current window's title is: 'Dashboard - PowerFolder'

2020-08-21 13:53:54 - [TEST_STEP][PASSED] - click(findTestObject("Object Repository/Folders/Page_Folders - PowerFolder/lang_Folders")): Object: 'Object Repository/Folders/Page_Folders - PowerFolder/lang_Folders' is clicked on

2020-08-21 13:53:55 - [MESSAGE][PASSED] - Object: 'Object Repository/Folders/Page_Folders - PowerFolder/lang_Folders' is clicked on

2020-08-21 13:53:55 - [TEST_STEP][PASSED] - assert getWindowTitle().equals("Folders - PowerFolder"): Current window's title is: 'Folders - PowerFolder'

2020-08-21 13:53:55 - [MESSAGE][PASSED] - Current window's title is: 'Folders - PowerFolder'

2020-08-21 13:53:55 - [MESSAGE][PASSED] - Call Test Case 'Test Cases/Folders/Should Go to Folderstable' successfully

2020-08-21 13:53:55 - [TEST_STEP][PASSED] - folderName = RandomStringUtils.random(9, true, true): null

2020-08-21 13:53:55 - [TEST_STEP][PASSED] - click(findTestObject("Object Repository/Share/Page_Folders - PowerFolder/span_Paste_pica-glyph glyphicons glyphicons_ca92f0")): Object: 'Object Repository/Share/Page_Folders - PowerFolder/span_Paste_pica-glyph glyphicons glyphicons_ca92f0' is clicked on

2020-08-21 13:53:57 - [MESSAGE][PASSED] - Object: 'Object Repository/Share/Page_Folders - PowerFolder/span_Paste_pica-glyph glyphicons glyphicons_ca92f0' is clicked on

2020-08-21 13:53:57 - [TEST_STEP][PASSED] - click(findTestObject("Object Repository/Share/Page_Folders - PowerFolder/a_Create Folder                            _852e7b")): Object: 'Object Repository/Share/Page_Folders - PowerFolder/a_Create Folder                            _852e7b' is clicked on

2020-08-21 13:53:58 - [MESSAGE][PASSED] - Object: 'Object Repository/Share/Page_Folders - PowerFolder/a_Create Folder                            _852e7b' is clicked on

2020-08-21 13:53:58 - [TEST_STEP][PASSED] - setText(findTestObject("Object Repository/Share/Page_Folders - PowerFolder/input_Create a new Folder_pencil"), folderName): Text 'J6OCXCJDM' is set on object 'Object Repository/Share/Page_Folders - PowerFolder/input_Create a new Folder_pencil'

2020-08-21 13:53:58 - [MESSAGE][PASSED] - Text 'J6OCXCJDM' is set on object 'Object Repository/Share/Page_Folders - PowerFolder/input_Create a new Folder_pencil'

2020-08-21 13:53:58 - [TEST_STEP][PASSED] - sendKeys(findTestObject("Object Repository/Share/Page_Folders - PowerFolder/input_Create a new Folder_pencil"), Keys.chord(ENTER)): Keys 'ENTER + ' sent to object: 'Object Repository/Share/Page_Folders - PowerFolder/input_Create a new Folder_pencil'

2020-08-21 13:53:58 - [MESSAGE][PASSED] - Keys 'ENTER + ' sent to object: 'Object Repository/Share/Page_Folders - PowerFolder/input_Create a new Folder_pencil'

2020-08-21 13:53:58 - [TEST_STEP][PASSED] - btn = findShareButton(folderName): null

2020-08-21 13:53:58 - [TEST_STEP][PASSED] - driver = getWebDriver(): null

2020-08-21 13:53:58 - [TEST_STEP][PASSED] - return driver.findElement(org.openqa.selenium.By.xpath(//table[@id='files_files_table']/tbody/tr/td[2]/a[contains(text(),'$fileName')]/../../td[6]/a)): null

2020-08-21 13:54:00 - [TEST_STEP][PASSED] - executeJavaScript("arguments[0].click()", Arrays.asList(btn)): Execute JavaScript 'arguments[0].click()' successfully

2020-08-21 13:54:00 - [MESSAGE][PASSED] - Execute JavaScript 'arguments[0].click()' successfully

2020-08-21 13:54:00 - [TEST_STEP][PASSED] - mails = a_${ -> ... }@a.com	b_${ -> ... }@b.com	c_${ -> ... }@c.com: null

2020-08-21 13:54:00 - [TEST_STEP][PASSED] - membersCount = getMembersCount(): null

2020-08-21 13:54:00 - [TEST_STEP][PASSED] - driver = getWebDriver(): null

2020-08-21 13:54:00 - [TEST_STEP][PASSED] - tbody = driver.findElement(By.xpath("//table[@id='share_table']/tbody")): null

2020-08-21 13:54:01 - [TEST_STEP][PASSED] - assert tbody: null

2020-08-21 13:54:01 - [TEST_STEP][PASSED] - rows_table = tbody.findElements(By.tagName("tr")): null

2020-08-21 13:54:01 - [TEST_STEP][PASSED] - return rows_table.size(): null

2020-08-21 13:54:01 - [TEST_STEP][PASSED] - setText(findTestObject("Object Repository/Share/Page_Folders - PowerFolder/input_Invite users and groups or create a l_797df6"), mails): Text 'a_J6OCXCJDM@a.com	b_J6OCXCJDM@b.com	c_J6OCXCJDM@c.com' is set on object 'Object Repository/Share/Page_Folders - PowerFolder/input_Invite users and groups or create a l_797df6'

2020-08-21 13:54:01 - [MESSAGE][PASSED] - Text 'a_J6OCXCJDM@a.com	b_J6OCXCJDM@b.com	c_J6OCXCJDM@c.com' is set on object 'Object Repository/Share/Page_Folders - PowerFolder/input_Invite users and groups or create a l_797df6'

2020-08-21 13:54:01 - [TEST_STEP][PASSED] - sendKeys(findTestObject("Object Repository/Share/Page_Folders - PowerFolder/input_Invite users and groups or create a l_797df6"), Keys.chord(ENTER)): Keys 'ENTER + ' sent to object: 'Object Repository/Share/Page_Folders - PowerFolder/input_Invite users and groups or create a l_797df6'

2020-08-21 13:54:01 - [MESSAGE][PASSED] - Keys 'ENTER + ' sent to object: 'Object Repository/Share/Page_Folders - PowerFolder/input_Invite users and groups or create a l_797df6'

2020-08-21 13:54:01 - [TEST_STEP][PASSED] - assert membersCount + 3 == getMembersCount(): null

2020-08-21 13:54:01 - [TEST_STEP][PASSED] - driver = getWebDriver(): null

2020-08-21 13:54:01 - [TEST_STEP][PASSED] - tbody = driver.findElement(By.xpath("//table[@id='share_table']/tbody")): null

2020-08-21 13:54:02 - [TEST_STEP][PASSED] - assert tbody: null

2020-08-21 13:54:02 - [TEST_STEP][PASSED] - rows_table = tbody.findElements(By.tagName("tr")): null

2020-08-21 13:54:03 - [TEST_STEP][PASSED] - return rows_table.size(): null]]></system-out>
         <system-err><![CDATA[2020-08-21 13:53:44 - [TEST_CASE][FAILED] - Test Cases/Share/Share Using enter/Share folder with Multiple emails tabulation separator: Test Cases/Share/Share Using enter/Share folder with Multiple emails tabulation separator FAILED.
Reason:
Assertion failed: 

assert membersCount+3 == getMembersCount()
       |           |  |  |
       1           4  |  5
                      false

	at Share folder with Multiple emails tabulation separator.run(Share folder with Multiple emails tabulation separator:50)
	at com.kms.katalon.core.main.ScriptEngine.run(ScriptEngine.java:194)
	at com.kms.katalon.core.main.ScriptEngine.runScriptAsRawText(ScriptEngine.java:119)
	at com.kms.katalon.core.main.TestCaseExecutor.runScript(TestCaseExecutor.java:337)
	at com.kms.katalon.core.main.TestCaseExecutor.doExecute(TestCaseExecutor.java:328)
	at com.kms.katalon.core.main.TestCaseExecutor.processExecutionPhase(TestCaseExecutor.java:307)
	at com.kms.katalon.core.main.TestCaseExecutor.accessMainPhase(TestCaseExecutor.java:299)
	at com.kms.katalon.core.main.TestCaseExecutor.execute(TestCaseExecutor.java:233)
	at com.kms.katalon.core.main.TestSuiteExecutor.accessTestCaseMainPhase(TestSuiteExecutor.java:169)
	at com.kms.katalon.core.main.TestSuiteExecutor.accessTestSuiteMainPhase(TestSuiteExecutor.java:142)
	at com.kms.katalon.core.main.TestSuiteExecutor.execute(TestSuiteExecutor.java:91)
	at com.kms.katalon.core.main.TestCaseMain.startTestSuite(TestCaseMain.java:157)
	at com.kms.katalon.core.main.TestCaseMain$startTestSuite$0.call(Unknown Source)
	at TempTestSuite1598014192128.run(TempTestSuite1598014192128.groovy:36)]]></system-err>
      </testcase>
      <testcase name="Test Cases/Share/Share Using enter/Share Folder With Group" time="33.931" classname="Test Cases/Share/Share Using enter/Share Folder With Group" status="PASSED">
         <system-out><![CDATA[2020-08-21 13:54:03 - [TEST_CASE][PASSED] - Test Cases/Share/Share Using enter/Share Folder With Group: Test Cases/Share/Share Using enter/Share Folder With Group

2020-08-21 13:54:03 - [TEST_STEP][PASSED] - callTestCase(findTestCase("Folders/Should Go to Folderstable"), [:], OPTIONAL): Call Test Case 'Test Cases/Folders/Should Go to Folderstable' successfully

2020-08-21 13:54:03 - [TEST_CASE][PASSED] - Test Cases/Folders/Should Go to Folderstable: Test Cases/Folders/Should Go to Folderstable

2020-08-21 13:54:03 - [TEST_STEP][PASSED] - openBrowser(""): Browser is opened with url: ''

2020-08-21 13:54:03 - [MESSAGE][WARNING] - A browser is already opened. Closing browser and opening a new one

2020-08-21 13:54:06 - [MESSAGE][INFO] - Starting 'Firefox' driver

2020-08-21 13:54:09 - [MESSAGE][PASSED] - Browser is opened with url: ''

2020-08-21 13:54:09 - [TEST_STEP][PASSED] - navigateToUrl(URL): Navigate to 'https://lab.powerfolder.net:8666/login' successfully

2020-08-21 13:54:13 - [MESSAGE][PASSED] - Navigate to 'https://lab.powerfolder.net:8666/login' successfully

2020-08-21 13:54:13 - [TEST_STEP][PASSED] - assert getWindowTitle().equals("Login - PowerFolder"): Current window's title is: 'Login - PowerFolder'

2020-08-21 13:54:13 - [MESSAGE][PASSED] - Current window's title is: 'Login - PowerFolder'

2020-08-21 13:54:13 - [TEST_STEP][PASSED] - setText(findTestObject("Object Repository/Login/Page_Login - PowerFolder/input_register new account_Username"), Username): Text 'admin' is set on object 'Object Repository/Login/Page_Login - PowerFolder/input_register new account_Username'

2020-08-21 13:54:13 - [MESSAGE][PASSED] - Text 'admin' is set on object 'Object Repository/Login/Page_Login - PowerFolder/input_register new account_Username'

2020-08-21 13:54:13 - [TEST_STEP][PASSED] - click(findTestObject("Object Repository/Login/Page_Login - PowerFolder/input_register new account_Login")): Object: 'Object Repository/Login/Page_Login - PowerFolder/input_register new account_Login' is clicked on

2020-08-21 13:54:14 - [MESSAGE][PASSED] - Object: 'Object Repository/Login/Page_Login - PowerFolder/input_register new account_Login' is clicked on

2020-08-21 13:54:14 - [TEST_STEP][PASSED] - isPresent = waitForElementVisible(findTestObject("Object Repository/Login/Page_Login - PowerFolder/input_Recover password_Password"), 2): Object 'Object Repository/Login/Page_Login - PowerFolder/input_Recover password_Password' is visible

2020-08-21 13:54:14 - [MESSAGE][PASSED] - Object 'Object Repository/Login/Page_Login - PowerFolder/input_Recover password_Password' is visible

2020-08-21 13:54:14 - [TEST_STEP][PASSED] - assert isPresent: null

2020-08-21 13:54:14 - [TEST_STEP][PASSED] - setText(findTestObject("Object Repository/Login/Page_Login - PowerFolder/input_Recover password_Password"), Password): Text 'password' is set on object 'Object Repository/Login/Page_Login - PowerFolder/input_Recover password_Password'

2020-08-21 13:54:14 - [MESSAGE][PASSED] - Text 'password' is set on object 'Object Repository/Login/Page_Login - PowerFolder/input_Recover password_Password'

2020-08-21 13:54:14 - [TEST_STEP][PASSED] - click(findTestObject("Object Repository/Login/Page_Login - PowerFolder/input_register new account_Login")): Object: 'Object Repository/Login/Page_Login - PowerFolder/input_register new account_Login' is clicked on

2020-08-21 13:54:16 - [MESSAGE][PASSED] - Object: 'Object Repository/Login/Page_Login - PowerFolder/input_register new account_Login' is clicked on

2020-08-21 13:54:16 - [TEST_STEP][PASSED] - assert getWindowTitle().equals("Dashboard - PowerFolder"): Current window's title is: 'Dashboard - PowerFolder'

2020-08-21 13:54:16 - [MESSAGE][PASSED] - Current window's title is: 'Dashboard - PowerFolder'

2020-08-21 13:54:16 - [TEST_STEP][PASSED] - click(findTestObject("Object Repository/Folders/Page_Folders - PowerFolder/lang_Folders")): Object: 'Object Repository/Folders/Page_Folders - PowerFolder/lang_Folders' is clicked on

2020-08-21 13:54:17 - [MESSAGE][PASSED] - Object: 'Object Repository/Folders/Page_Folders - PowerFolder/lang_Folders' is clicked on

2020-08-21 13:54:17 - [TEST_STEP][PASSED] - assert getWindowTitle().equals("Folders - PowerFolder"): Current window's title is: 'Folders - PowerFolder'

2020-08-21 13:54:17 - [MESSAGE][PASSED] - Current window's title is: 'Folders - PowerFolder'

2020-08-21 13:54:17 - [MESSAGE][PASSED] - Call Test Case 'Test Cases/Folders/Should Go to Folderstable' successfully

2020-08-21 13:54:17 - [TEST_STEP][PASSED] - folderName = RandomStringUtils.random(9, true, true): null

2020-08-21 13:54:17 - [TEST_STEP][PASSED] - click(findTestObject("Object Repository/Share/Page_Folders - PowerFolder/span_Paste_pica-glyph glyphicons glyphicons_ca92f0")): Object: 'Object Repository/Share/Page_Folders - PowerFolder/span_Paste_pica-glyph glyphicons glyphicons_ca92f0' is clicked on

2020-08-21 13:54:19 - [MESSAGE][PASSED] - Object: 'Object Repository/Share/Page_Folders - PowerFolder/span_Paste_pica-glyph glyphicons glyphicons_ca92f0' is clicked on

2020-08-21 13:54:19 - [TEST_STEP][PASSED] - click(findTestObject("Object Repository/Share/Page_Folders - PowerFolder/a_Create Folder                            _852e7b")): Object: 'Object Repository/Share/Page_Folders - PowerFolder/a_Create Folder                            _852e7b' is clicked on

2020-08-21 13:54:20 - [MESSAGE][PASSED] - Object: 'Object Repository/Share/Page_Folders - PowerFolder/a_Create Folder                            _852e7b' is clicked on

2020-08-21 13:54:20 - [TEST_STEP][PASSED] - setText(findTestObject("Object Repository/Share/Page_Folders - PowerFolder/input_Create a new Folder_pencil"), folderName): Text 'WU0C9tw6z' is set on object 'Object Repository/Share/Page_Folders - PowerFolder/input_Create a new Folder_pencil'

2020-08-21 13:54:20 - [MESSAGE][PASSED] - Text 'WU0C9tw6z' is set on object 'Object Repository/Share/Page_Folders - PowerFolder/input_Create a new Folder_pencil'

2020-08-21 13:54:20 - [TEST_STEP][PASSED] - sendKeys(findTestObject("Object Repository/Share/Page_Folders - PowerFolder/input_Create a new Folder_pencil"), Keys.chord(ENTER)): Keys 'ENTER + ' sent to object: 'Object Repository/Share/Page_Folders - PowerFolder/input_Create a new Folder_pencil'

2020-08-21 13:54:20 - [MESSAGE][PASSED] - Keys 'ENTER + ' sent to object: 'Object Repository/Share/Page_Folders - PowerFolder/input_Create a new Folder_pencil'

2020-08-21 13:54:20 - [TEST_STEP][PASSED] - click(findTestObject("Object Repository/Folders/Page_Dashboard - PowerFolder/lang_Groups")): Object: 'Object Repository/Folders/Page_Dashboard - PowerFolder/lang_Groups' is clicked on

2020-08-21 13:54:23 - [MESSAGE][PASSED] - Object: 'Object Repository/Folders/Page_Dashboard - PowerFolder/lang_Groups' is clicked on

2020-08-21 13:54:23 - [TEST_STEP][PASSED] - click(findTestObject("Object Repository/Share/Page_Groups - PowerFolder/span_Log out_pica-icon pica-glyph glyphicon_0824b5")): Object: 'Object Repository/Share/Page_Groups - PowerFolder/span_Log out_pica-icon pica-glyph glyphicon_0824b5' is clicked on

2020-08-21 13:54:24 - [MESSAGE][PASSED] - Object: 'Object Repository/Share/Page_Groups - PowerFolder/span_Log out_pica-icon pica-glyph glyphicon_0824b5' is clicked on

2020-08-21 13:54:24 - [TEST_STEP][PASSED] - setText(findTestObject("Object Repository/Share/Page_Groups - PowerFolder/input_Organizations_pica_group_name"), Group_${ -> ... }): Text 'Group_WU0C9tw6z' is set on object 'Object Repository/Share/Page_Groups - PowerFolder/input_Organizations_pica_group_name'

2020-08-21 13:54:25 - [MESSAGE][PASSED] - Text 'Group_WU0C9tw6z' is set on object 'Object Repository/Share/Page_Groups - PowerFolder/input_Organizations_pica_group_name'

2020-08-21 13:54:25 - [TEST_STEP][PASSED] - click(findTestObject("Object Repository/Share/Page_Groups - PowerFolder/lang_Save")): Object: 'Object Repository/Share/Page_Groups - PowerFolder/lang_Save' is clicked on

2020-08-21 13:54:25 - [MESSAGE][PASSED] - Object: 'Object Repository/Share/Page_Groups - PowerFolder/lang_Save' is clicked on

2020-08-21 13:54:25 - [TEST_STEP][PASSED] - click(findTestObject("Object Repository/Folders/Page_Folders - PowerFolder/lang_Folders")): Object: 'Object Repository/Folders/Page_Folders - PowerFolder/lang_Folders' is clicked on

2020-08-21 13:54:30 - [MESSAGE][PASSED] - Object: 'Object Repository/Folders/Page_Folders - PowerFolder/lang_Folders' is clicked on

2020-08-21 13:54:30 - [TEST_STEP][PASSED] - assert getWindowTitle().equals("Folders - PowerFolder"): Current window's title is: 'Folders - PowerFolder'

2020-08-21 13:54:30 - [MESSAGE][PASSED] - Current window's title is: 'Folders - PowerFolder'

2020-08-21 13:54:30 - [TEST_STEP][PASSED] - btn = findShareButton(folderName): null

2020-08-21 13:54:30 - [TEST_STEP][PASSED] - driver = getWebDriver(): null

2020-08-21 13:54:30 - [TEST_STEP][PASSED] - return driver.findElement(org.openqa.selenium.By.xpath(//table[@id='files_files_table']/tbody/tr/td[2]/a[contains(text(),'$fileName')]/../../td[6]/a)): null

2020-08-21 13:54:32 - [TEST_STEP][PASSED] - executeJavaScript("arguments[0].click()", Arrays.asList(btn)): Execute JavaScript 'arguments[0].click()' successfully

2020-08-21 13:54:32 - [MESSAGE][PASSED] - Execute JavaScript 'arguments[0].click()' successfully

2020-08-21 13:54:32 - [TEST_STEP][PASSED] - Group = Group_${ -> ... }: null

2020-08-21 13:54:32 - [TEST_STEP][PASSED] - setText(findTestObject("Object Repository/Share/Page_Folders - PowerFolder/input_Invite users and groups or create a l_797df6"), Group): Text 'Group_WU0C9tw6z' is set on object 'Object Repository/Share/Page_Folders - PowerFolder/input_Invite users and groups or create a l_797df6'

2020-08-21 13:54:33 - [MESSAGE][PASSED] - Text 'Group_WU0C9tw6z' is set on object 'Object Repository/Share/Page_Folders - PowerFolder/input_Invite users and groups or create a l_797df6'

2020-08-21 13:54:33 - [TEST_STEP][PASSED] - click(findTestObject("Object Repository/Share/Page_Folders - PowerFolder/tag")): Object: 'Object Repository/Share/Page_Folders - PowerFolder/tag' is clicked on

2020-08-21 13:54:34 - [MESSAGE][PASSED] - Object: 'Object Repository/Share/Page_Folders - PowerFolder/tag' is clicked on

2020-08-21 13:54:34 - [TEST_STEP][PASSED] - sendKeys(findTestObject("Object Repository/Share/Page_Folders - PowerFolder/input_Invite users and groups or create a l_797df6"), Keys.chord(ENTER)): Keys 'ENTER + ' sent to object: 'Object Repository/Share/Page_Folders - PowerFolder/input_Invite users and groups or create a l_797df6'

2020-08-21 13:54:34 - [MESSAGE][PASSED] - Keys 'ENTER + ' sent to object: 'Object Repository/Share/Page_Folders - PowerFolder/input_Invite users and groups or create a l_797df6'

2020-08-21 13:54:34 - [TEST_STEP][PASSED] - verifyElementText(findTestObject("Object Repository/Share/Page_Folders - PowerFolder/td_Group"), Group): Actual text and expected text of test object 'Object Repository/Share/Page_Folders - PowerFolder/td_Group' are matched.

2020-08-21 13:54:35 - [MESSAGE][PASSED] - Actual text and expected text of test object 'Object Repository/Share/Page_Folders - PowerFolder/td_Group' are matched.

2020-08-21 13:54:35 - [TEST_STEP][PASSED] - closeBrowser(): Browser is closed

2020-08-21 13:54:37 - [MESSAGE][PASSED] - Browser is closed]]></system-out>
         <system-err><![CDATA[]]></system-err>
      </testcase>
      <testcase name="Test Cases/Share/Share Using enter/Share folder with Multiple outlook emails" time="21.099" classname="Test Cases/Share/Share Using enter/Share folder with Multiple outlook emails" status="FAILED">
         <failure type="FAILED" message="Test Cases/Share/Share Using enter/Share folder with Multiple outlook emails FAILED.
Reason:
Assertion failed: 

assert membersCount+3 == getMembersCount()
       |           |  |  |
       1           4  |  5
                      false

	at Share folder with Multiple outlook emails.run(Share folder with Multiple outlook emails:50)
	at com.kms.katalon.core.main.ScriptEngine.run(ScriptEngine.java:194)
	at com.kms.katalon.core.main.ScriptEngine.runScriptAsRawText(ScriptEngine.java:119)
	at com.kms.katalon.core.main.TestCaseExecutor.runScript(TestCaseExecutor.java:337)
	at com.kms.katalon.core.main.TestCaseExecutor.doExecute(TestCaseExecutor.java:328)
	at com.kms.katalon.core.main.TestCaseExecutor.processExecutionPhase(TestCaseExecutor.java:307)
	at com.kms.katalon.core.main.TestCaseExecutor.accessMainPhase(TestCaseExecutor.java:299)
	at com.kms.katalon.core.main.TestCaseExecutor.execute(TestCaseExecutor.java:233)
	at com.kms.katalon.core.main.TestSuiteExecutor.accessTestCaseMainPhase(TestSuiteExecutor.java:169)
	at com.kms.katalon.core.main.TestSuiteExecutor.accessTestSuiteMainPhase(TestSuiteExecutor.java:142)
	at com.kms.katalon.core.main.TestSuiteExecutor.execute(TestSuiteExecutor.java:91)
	at com.kms.katalon.core.main.TestCaseMain.startTestSuite(TestCaseMain.java:157)
	at com.kms.katalon.core.main.TestCaseMain$startTestSuite$0.call(Unknown Source)
	at TempTestSuite1598014192128.run(TempTestSuite1598014192128.groovy:36)
"/>
         <system-out><![CDATA[2020-08-21 13:54:37 - [TEST_CASE][FAILED] - Test Cases/Share/Share Using enter/Share folder with Multiple outlook emails: Test Cases/Share/Share Using enter/Share folder with Multiple outlook emails FAILED.
Reason:
Assertion failed: 

assert membersCount+3 == getMembersCount()
       |           |  |  |
       1           4  |  5
                      false

	at Share folder with Multiple outlook emails.run(Share folder with Multiple outlook emails:50)
	at com.kms.katalon.core.main.ScriptEngine.run(ScriptEngine.java:194)
	at com.kms.katalon.core.main.ScriptEngine.runScriptAsRawText(ScriptEngine.java:119)
	at com.kms.katalon.core.main.TestCaseExecutor.runScript(TestCaseExecutor.java:337)
	at com.kms.katalon.core.main.TestCaseExecutor.doExecute(TestCaseExecutor.java:328)
	at com.kms.katalon.core.main.TestCaseExecutor.processExecutionPhase(TestCaseExecutor.java:307)
	at com.kms.katalon.core.main.TestCaseExecutor.accessMainPhase(TestCaseExecutor.java:299)
	at com.kms.katalon.core.main.TestCaseExecutor.execute(TestCaseExecutor.java:233)
	at com.kms.katalon.core.main.TestSuiteExecutor.accessTestCaseMainPhase(TestSuiteExecutor.java:169)
	at com.kms.katalon.core.main.TestSuiteExecutor.accessTestSuiteMainPhase(TestSuiteExecutor.java:142)
	at com.kms.katalon.core.main.TestSuiteExecutor.execute(TestSuiteExecutor.java:91)
	at com.kms.katalon.core.main.TestCaseMain.startTestSuite(TestCaseMain.java:157)
	at com.kms.katalon.core.main.TestCaseMain$startTestSuite$0.call(Unknown Source)
	at TempTestSuite1598014192128.run(TempTestSuite1598014192128.groovy:36)


2020-08-21 13:54:37 - [TEST_STEP][PASSED] - callTestCase(findTestCase("Folders/Should Go to Folderstable"), [:], OPTIONAL): Call Test Case 'Test Cases/Folders/Should Go to Folderstable' successfully

2020-08-21 13:54:37 - [TEST_CASE][PASSED] - Test Cases/Folders/Should Go to Folderstable: Test Cases/Folders/Should Go to Folderstable

2020-08-21 13:54:37 - [TEST_STEP][PASSED] - openBrowser(""): Browser is opened with url: ''

2020-08-21 13:54:37 - [MESSAGE][INFO] - Starting 'Firefox' driver

2020-08-21 13:54:39 - [MESSAGE][PASSED] - Browser is opened with url: ''

2020-08-21 13:54:39 - [TEST_STEP][PASSED] - navigateToUrl(URL): Navigate to 'https://lab.powerfolder.net:8666/login' successfully

2020-08-21 13:54:43 - [MESSAGE][PASSED] - Navigate to 'https://lab.powerfolder.net:8666/login' successfully

2020-08-21 13:54:43 - [TEST_STEP][PASSED] - assert getWindowTitle().equals("Login - PowerFolder"): Current window's title is: 'Login - PowerFolder'

2020-08-21 13:54:43 - [MESSAGE][PASSED] - Current window's title is: 'Login - PowerFolder'

2020-08-21 13:54:43 - [TEST_STEP][PASSED] - setText(findTestObject("Object Repository/Login/Page_Login - PowerFolder/input_register new account_Username"), Username): Text 'admin' is set on object 'Object Repository/Login/Page_Login - PowerFolder/input_register new account_Username'

2020-08-21 13:54:44 - [MESSAGE][PASSED] - Text 'admin' is set on object 'Object Repository/Login/Page_Login - PowerFolder/input_register new account_Username'

2020-08-21 13:54:44 - [TEST_STEP][PASSED] - click(findTestObject("Object Repository/Login/Page_Login - PowerFolder/input_register new account_Login")): Object: 'Object Repository/Login/Page_Login - PowerFolder/input_register new account_Login' is clicked on

2020-08-21 13:54:44 - [MESSAGE][PASSED] - Object: 'Object Repository/Login/Page_Login - PowerFolder/input_register new account_Login' is clicked on

2020-08-21 13:54:44 - [TEST_STEP][PASSED] - isPresent = waitForElementVisible(findTestObject("Object Repository/Login/Page_Login - PowerFolder/input_Recover password_Password"), 2): Object 'Object Repository/Login/Page_Login - PowerFolder/input_Recover password_Password' is visible

2020-08-21 13:54:45 - [MESSAGE][PASSED] - Object 'Object Repository/Login/Page_Login - PowerFolder/input_Recover password_Password' is visible

2020-08-21 13:54:45 - [TEST_STEP][PASSED] - assert isPresent: null

2020-08-21 13:54:45 - [TEST_STEP][PASSED] - setText(findTestObject("Object Repository/Login/Page_Login - PowerFolder/input_Recover password_Password"), Password): Text 'password' is set on object 'Object Repository/Login/Page_Login - PowerFolder/input_Recover password_Password'

2020-08-21 13:54:45 - [MESSAGE][PASSED] - Text 'password' is set on object 'Object Repository/Login/Page_Login - PowerFolder/input_Recover password_Password'

2020-08-21 13:54:45 - [TEST_STEP][PASSED] - click(findTestObject("Object Repository/Login/Page_Login - PowerFolder/input_register new account_Login")): Object: 'Object Repository/Login/Page_Login - PowerFolder/input_register new account_Login' is clicked on

2020-08-21 13:54:47 - [MESSAGE][PASSED] - Object: 'Object Repository/Login/Page_Login - PowerFolder/input_register new account_Login' is clicked on

2020-08-21 13:54:47 - [TEST_STEP][PASSED] - assert getWindowTitle().equals("Dashboard - PowerFolder"): Current window's title is: 'Dashboard - PowerFolder'

2020-08-21 13:54:47 - [MESSAGE][PASSED] - Current window's title is: 'Dashboard - PowerFolder'

2020-08-21 13:54:47 - [TEST_STEP][PASSED] - click(findTestObject("Object Repository/Folders/Page_Folders - PowerFolder/lang_Folders")): Object: 'Object Repository/Folders/Page_Folders - PowerFolder/lang_Folders' is clicked on

2020-08-21 13:54:48 - [MESSAGE][PASSED] - Object: 'Object Repository/Folders/Page_Folders - PowerFolder/lang_Folders' is clicked on

2020-08-21 13:54:48 - [TEST_STEP][PASSED] - assert getWindowTitle().equals("Folders - PowerFolder"): Current window's title is: 'Folders - PowerFolder'

2020-08-21 13:54:48 - [MESSAGE][PASSED] - Current window's title is: 'Folders - PowerFolder'

2020-08-21 13:54:48 - [MESSAGE][PASSED] - Call Test Case 'Test Cases/Folders/Should Go to Folderstable' successfully

2020-08-21 13:54:48 - [TEST_STEP][PASSED] - folderName = RandomStringUtils.random(9, true, true): null

2020-08-21 13:54:48 - [TEST_STEP][PASSED] - click(findTestObject("Object Repository/Share/Page_Folders - PowerFolder/span_Paste_pica-glyph glyphicons glyphicons_ca92f0")): Object: 'Object Repository/Share/Page_Folders - PowerFolder/span_Paste_pica-glyph glyphicons glyphicons_ca92f0' is clicked on

2020-08-21 13:54:50 - [MESSAGE][PASSED] - Object: 'Object Repository/Share/Page_Folders - PowerFolder/span_Paste_pica-glyph glyphicons glyphicons_ca92f0' is clicked on

2020-08-21 13:54:50 - [TEST_STEP][PASSED] - click(findTestObject("Object Repository/Share/Page_Folders - PowerFolder/a_Create Folder                            _852e7b")): Object: 'Object Repository/Share/Page_Folders - PowerFolder/a_Create Folder                            _852e7b' is clicked on

2020-08-21 13:54:51 - [MESSAGE][PASSED] - Object: 'Object Repository/Share/Page_Folders - PowerFolder/a_Create Folder                            _852e7b' is clicked on

2020-08-21 13:54:51 - [TEST_STEP][PASSED] - setText(findTestObject("Object Repository/Share/Page_Folders - PowerFolder/input_Create a new Folder_pencil"), folderName): Text 'cJyiPCG4O' is set on object 'Object Repository/Share/Page_Folders - PowerFolder/input_Create a new Folder_pencil'

2020-08-21 13:54:51 - [MESSAGE][PASSED] - Text 'cJyiPCG4O' is set on object 'Object Repository/Share/Page_Folders - PowerFolder/input_Create a new Folder_pencil'

2020-08-21 13:54:51 - [TEST_STEP][PASSED] - sendKeys(findTestObject("Object Repository/Share/Page_Folders - PowerFolder/input_Create a new Folder_pencil"), Keys.chord(ENTER)): Keys 'ENTER + ' sent to object: 'Object Repository/Share/Page_Folders - PowerFolder/input_Create a new Folder_pencil'

2020-08-21 13:54:51 - [MESSAGE][PASSED] - Keys 'ENTER + ' sent to object: 'Object Repository/Share/Page_Folders - PowerFolder/input_Create a new Folder_pencil'

2020-08-21 13:54:51 - [TEST_STEP][PASSED] - btn = findShareButton(folderName): null

2020-08-21 13:54:51 - [TEST_STEP][PASSED] - driver = getWebDriver(): null

2020-08-21 13:54:51 - [TEST_STEP][PASSED] - return driver.findElement(org.openqa.selenium.By.xpath(//table[@id='files_files_table']/tbody/tr/td[2]/a[contains(text(),'$fileName')]/../../td[6]/a)): null

2020-08-21 13:54:53 - [TEST_STEP][PASSED] - executeJavaScript("arguments[0].click()", Arrays.asList(btn)): Execute JavaScript 'arguments[0].click()' successfully

2020-08-21 13:54:53 - [MESSAGE][PASSED] - Execute JavaScript 'arguments[0].click()' successfully

2020-08-21 13:54:53 - [TEST_STEP][PASSED] - mails = ${ -> ... } <${ -> ... }@outlook.com>;${ -> ... } <${ -> ... }@outlook.com>;${ -> ... } <${ -> ... }@outlook.com>: null

2020-08-21 13:54:53 - [TEST_STEP][PASSED] - membersCount = getMembersCount(): null

2020-08-21 13:54:53 - [TEST_STEP][PASSED] - driver = getWebDriver(): null

2020-08-21 13:54:53 - [TEST_STEP][PASSED] - tbody = driver.findElement(By.xpath("//table[@id='share_table']/tbody")): null

2020-08-21 13:54:55 - [TEST_STEP][PASSED] - assert tbody: null

2020-08-21 13:54:55 - [TEST_STEP][PASSED] - rows_table = tbody.findElements(By.tagName("tr")): null

2020-08-21 13:54:56 - [TEST_STEP][PASSED] - return rows_table.size(): null

2020-08-21 13:54:56 - [TEST_STEP][PASSED] - setText(findTestObject("Object Repository/Share/Page_Folders - PowerFolder/input_Invite users and groups or create a l_797df6"), mails): Text 'cJyiPCG4Oa <cJyiPCG4Oa@outlook.com>;cJyiPCG4Ob <cJyiPCG4Ob@outlook.com>;cJyiPCG4Oc <cJyiPCG4Oc@outlook.com>' is set on object 'Object Repository/Share/Page_Folders - PowerFolder/input_Invite users and groups or create a l_797df6'

2020-08-21 13:54:56 - [MESSAGE][PASSED] - Text 'cJyiPCG4Oa <cJyiPCG4Oa@outlook.com>;cJyiPCG4Ob <cJyiPCG4Ob@outlook.com>;cJyiPCG4Oc <cJyiPCG4Oc@outlook.com>' is set on object 'Object Repository/Share/Page_Folders - PowerFolder/input_Invite users and groups or create a l_797df6'

2020-08-21 13:54:56 - [TEST_STEP][PASSED] - sendKeys(findTestObject("Object Repository/Share/Page_Folders - PowerFolder/input_Invite users and groups or create a l_797df6"), Keys.chord(ENTER)): Keys 'ENTER + ' sent to object: 'Object Repository/Share/Page_Folders - PowerFolder/input_Invite users and groups or create a l_797df6'

2020-08-21 13:54:56 - [MESSAGE][PASSED] - Keys 'ENTER + ' sent to object: 'Object Repository/Share/Page_Folders - PowerFolder/input_Invite users and groups or create a l_797df6'

2020-08-21 13:54:56 - [TEST_STEP][PASSED] - assert membersCount + 3 == getMembersCount(): null

2020-08-21 13:54:56 - [TEST_STEP][PASSED] - driver = getWebDriver(): null

2020-08-21 13:54:56 - [TEST_STEP][PASSED] - tbody = driver.findElement(By.xpath("//table[@id='share_table']/tbody")): null

2020-08-21 13:54:58 - [TEST_STEP][PASSED] - assert tbody: null

2020-08-21 13:54:58 - [TEST_STEP][PASSED] - rows_table = tbody.findElements(By.tagName("tr")): null

2020-08-21 13:54:58 - [TEST_STEP][PASSED] - return rows_table.size(): null]]></system-out>
         <system-err><![CDATA[2020-08-21 13:54:37 - [TEST_CASE][FAILED] - Test Cases/Share/Share Using enter/Share folder with Multiple outlook emails: Test Cases/Share/Share Using enter/Share folder with Multiple outlook emails FAILED.
Reason:
Assertion failed: 

assert membersCount+3 == getMembersCount()
       |           |  |  |
       1           4  |  5
                      false

	at Share folder with Multiple outlook emails.run(Share folder with Multiple outlook emails:50)
	at com.kms.katalon.core.main.ScriptEngine.run(ScriptEngine.java:194)
	at com.kms.katalon.core.main.ScriptEngine.runScriptAsRawText(ScriptEngine.java:119)
	at com.kms.katalon.core.main.TestCaseExecutor.runScript(TestCaseExecutor.java:337)
	at com.kms.katalon.core.main.TestCaseExecutor.doExecute(TestCaseExecutor.java:328)
	at com.kms.katalon.core.main.TestCaseExecutor.processExecutionPhase(TestCaseExecutor.java:307)
	at com.kms.katalon.core.main.TestCaseExecutor.accessMainPhase(TestCaseExecutor.java:299)
	at com.kms.katalon.core.main.TestCaseExecutor.execute(TestCaseExecutor.java:233)
	at com.kms.katalon.core.main.TestSuiteExecutor.accessTestCaseMainPhase(TestSuiteExecutor.java:169)
	at com.kms.katalon.core.main.TestSuiteExecutor.accessTestSuiteMainPhase(TestSuiteExecutor.java:142)
	at com.kms.katalon.core.main.TestSuiteExecutor.execute(TestSuiteExecutor.java:91)
	at com.kms.katalon.core.main.TestCaseMain.startTestSuite(TestCaseMain.java:157)
	at com.kms.katalon.core.main.TestCaseMain$startTestSuite$0.call(Unknown Source)
	at TempTestSuite1598014192128.run(TempTestSuite1598014192128.groovy:36)]]></system-err>
      </testcase>
      <testcase name="Test Cases/Share/Share Using enter/Share folder with Multiple emails colon separator" time="18.819" classname="Test Cases/Share/Share Using enter/Share folder with Multiple emails colon separator" status="FAILED">
         <failure type="FAILED" message="Test Cases/Share/Share Using enter/Share folder with Multiple emails colon separator FAILED.
Reason:
Assertion failed: 

assert membersCount+3 == getMembersCount()
       |           |  |  |
       1           4  |  5
                      false

	at Share folder with Multiple emails colon separator.run(Share folder with Multiple emails colon separator:50)
	at com.kms.katalon.core.main.ScriptEngine.run(ScriptEngine.java:194)
	at com.kms.katalon.core.main.ScriptEngine.runScriptAsRawText(ScriptEngine.java:119)
	at com.kms.katalon.core.main.TestCaseExecutor.runScript(TestCaseExecutor.java:337)
	at com.kms.katalon.core.main.TestCaseExecutor.doExecute(TestCaseExecutor.java:328)
	at com.kms.katalon.core.main.TestCaseExecutor.processExecutionPhase(TestCaseExecutor.java:307)
	at com.kms.katalon.core.main.TestCaseExecutor.accessMainPhase(TestCaseExecutor.java:299)
	at com.kms.katalon.core.main.TestCaseExecutor.execute(TestCaseExecutor.java:233)
	at com.kms.katalon.core.main.TestSuiteExecutor.accessTestCaseMainPhase(TestSuiteExecutor.java:169)
	at com.kms.katalon.core.main.TestSuiteExecutor.accessTestSuiteMainPhase(TestSuiteExecutor.java:142)
	at com.kms.katalon.core.main.TestSuiteExecutor.execute(TestSuiteExecutor.java:91)
	at com.kms.katalon.core.main.TestCaseMain.startTestSuite(TestCaseMain.java:157)
	at com.kms.katalon.core.main.TestCaseMain$startTestSuite$0.call(Unknown Source)
	at TempTestSuite1598014192128.run(TempTestSuite1598014192128.groovy:36)
"/>
         <system-out><![CDATA[2020-08-21 13:54:58 - [TEST_CASE][FAILED] - Test Cases/Share/Share Using enter/Share folder with Multiple emails colon separator: Test Cases/Share/Share Using enter/Share folder with Multiple emails colon separator FAILED.
Reason:
Assertion failed: 

assert membersCount+3 == getMembersCount()
       |           |  |  |
       1           4  |  5
                      false

	at Share folder with Multiple emails colon separator.run(Share folder with Multiple emails colon separator:50)
	at com.kms.katalon.core.main.ScriptEngine.run(ScriptEngine.java:194)
	at com.kms.katalon.core.main.ScriptEngine.runScriptAsRawText(ScriptEngine.java:119)
	at com.kms.katalon.core.main.TestCaseExecutor.runScript(TestCaseExecutor.java:337)
	at com.kms.katalon.core.main.TestCaseExecutor.doExecute(TestCaseExecutor.java:328)
	at com.kms.katalon.core.main.TestCaseExecutor.processExecutionPhase(TestCaseExecutor.java:307)
	at com.kms.katalon.core.main.TestCaseExecutor.accessMainPhase(TestCaseExecutor.java:299)
	at com.kms.katalon.core.main.TestCaseExecutor.execute(TestCaseExecutor.java:233)
	at com.kms.katalon.core.main.TestSuiteExecutor.accessTestCaseMainPhase(TestSuiteExecutor.java:169)
	at com.kms.katalon.core.main.TestSuiteExecutor.accessTestSuiteMainPhase(TestSuiteExecutor.java:142)
	at com.kms.katalon.core.main.TestSuiteExecutor.execute(TestSuiteExecutor.java:91)
	at com.kms.katalon.core.main.TestCaseMain.startTestSuite(TestCaseMain.java:157)
	at com.kms.katalon.core.main.TestCaseMain$startTestSuite$0.call(Unknown Source)
	at TempTestSuite1598014192128.run(TempTestSuite1598014192128.groovy:36)


2020-08-21 13:54:58 - [TEST_STEP][PASSED] - callTestCase(findTestCase("Folders/Should Go to Folderstable"), [:], OPTIONAL): Call Test Case 'Test Cases/Folders/Should Go to Folderstable' successfully

2020-08-21 13:54:58 - [TEST_CASE][PASSED] - Test Cases/Folders/Should Go to Folderstable: Test Cases/Folders/Should Go to Folderstable

2020-08-21 13:54:58 - [TEST_STEP][PASSED] - openBrowser(""): Browser is opened with url: ''

2020-08-21 13:54:58 - [MESSAGE][WARNING] - A browser is already opened. Closing browser and opening a new one

2020-08-21 13:54:59 - [MESSAGE][INFO] - Starting 'Firefox' driver

2020-08-21 13:55:02 - [MESSAGE][PASSED] - Browser is opened with url: ''

2020-08-21 13:55:02 - [TEST_STEP][PASSED] - navigateToUrl(URL): Navigate to 'https://lab.powerfolder.net:8666/login' successfully

2020-08-21 13:55:04 - [MESSAGE][PASSED] - Navigate to 'https://lab.powerfolder.net:8666/login' successfully

2020-08-21 13:55:04 - [TEST_STEP][PASSED] - assert getWindowTitle().equals("Login - PowerFolder"): Current window's title is: 'Login - PowerFolder'

2020-08-21 13:55:04 - [MESSAGE][PASSED] - Current window's title is: 'Login - PowerFolder'

2020-08-21 13:55:04 - [TEST_STEP][PASSED] - setText(findTestObject("Object Repository/Login/Page_Login - PowerFolder/input_register new account_Username"), Username): Text 'admin' is set on object 'Object Repository/Login/Page_Login - PowerFolder/input_register new account_Username'

2020-08-21 13:55:05 - [MESSAGE][PASSED] - Text 'admin' is set on object 'Object Repository/Login/Page_Login - PowerFolder/input_register new account_Username'

2020-08-21 13:55:05 - [TEST_STEP][PASSED] - click(findTestObject("Object Repository/Login/Page_Login - PowerFolder/input_register new account_Login")): Object: 'Object Repository/Login/Page_Login - PowerFolder/input_register new account_Login' is clicked on

2020-08-21 13:55:05 - [MESSAGE][PASSED] - Object: 'Object Repository/Login/Page_Login - PowerFolder/input_register new account_Login' is clicked on

2020-08-21 13:55:05 - [TEST_STEP][PASSED] - isPresent = waitForElementVisible(findTestObject("Object Repository/Login/Page_Login - PowerFolder/input_Recover password_Password"), 2): Object 'Object Repository/Login/Page_Login - PowerFolder/input_Recover password_Password' is visible

2020-08-21 13:55:06 - [MESSAGE][PASSED] - Object 'Object Repository/Login/Page_Login - PowerFolder/input_Recover password_Password' is visible

2020-08-21 13:55:06 - [TEST_STEP][PASSED] - assert isPresent: null

2020-08-21 13:55:06 - [TEST_STEP][PASSED] - setText(findTestObject("Object Repository/Login/Page_Login - PowerFolder/input_Recover password_Password"), Password): Text 'password' is set on object 'Object Repository/Login/Page_Login - PowerFolder/input_Recover password_Password'

2020-08-21 13:55:06 - [MESSAGE][PASSED] - Text 'password' is set on object 'Object Repository/Login/Page_Login - PowerFolder/input_Recover password_Password'

2020-08-21 13:55:06 - [TEST_STEP][PASSED] - click(findTestObject("Object Repository/Login/Page_Login - PowerFolder/input_register new account_Login")): Object: 'Object Repository/Login/Page_Login - PowerFolder/input_register new account_Login' is clicked on

2020-08-21 13:55:08 - [MESSAGE][PASSED] - Object: 'Object Repository/Login/Page_Login - PowerFolder/input_register new account_Login' is clicked on

2020-08-21 13:55:08 - [TEST_STEP][PASSED] - assert getWindowTitle().equals("Dashboard - PowerFolder"): Current window's title is: 'Dashboard - PowerFolder'

2020-08-21 13:55:08 - [MESSAGE][PASSED] - Current window's title is: 'Dashboard - PowerFolder'

2020-08-21 13:55:08 - [TEST_STEP][PASSED] - click(findTestObject("Object Repository/Folders/Page_Folders - PowerFolder/lang_Folders")): Object: 'Object Repository/Folders/Page_Folders - PowerFolder/lang_Folders' is clicked on

2020-08-21 13:55:09 - [MESSAGE][PASSED] - Object: 'Object Repository/Folders/Page_Folders - PowerFolder/lang_Folders' is clicked on

2020-08-21 13:55:09 - [TEST_STEP][PASSED] - assert getWindowTitle().equals("Folders - PowerFolder"): Current window's title is: 'Folders - PowerFolder'

2020-08-21 13:55:09 - [MESSAGE][PASSED] - Current window's title is: 'Folders - PowerFolder'

2020-08-21 13:55:09 - [MESSAGE][PASSED] - Call Test Case 'Test Cases/Folders/Should Go to Folderstable' successfully

2020-08-21 13:55:09 - [TEST_STEP][PASSED] - folderName = RandomStringUtils.random(9, true, true): null

2020-08-21 13:55:09 - [TEST_STEP][PASSED] - click(findTestObject("Object Repository/Share/Page_Folders - PowerFolder/span_Paste_pica-glyph glyphicons glyphicons_ca92f0")): Object: 'Object Repository/Share/Page_Folders - PowerFolder/span_Paste_pica-glyph glyphicons glyphicons_ca92f0' is clicked on

2020-08-21 13:55:11 - [MESSAGE][PASSED] - Object: 'Object Repository/Share/Page_Folders - PowerFolder/span_Paste_pica-glyph glyphicons glyphicons_ca92f0' is clicked on

2020-08-21 13:55:11 - [TEST_STEP][PASSED] - click(findTestObject("Object Repository/Share/Page_Folders - PowerFolder/a_Create Folder                            _852e7b")): Object: 'Object Repository/Share/Page_Folders - PowerFolder/a_Create Folder                            _852e7b' is clicked on

2020-08-21 13:55:11 - [MESSAGE][PASSED] - Object: 'Object Repository/Share/Page_Folders - PowerFolder/a_Create Folder                            _852e7b' is clicked on

2020-08-21 13:55:11 - [TEST_STEP][PASSED] - setText(findTestObject("Object Repository/Share/Page_Folders - PowerFolder/input_Create a new Folder_pencil"), folderName): Text 'IP38XsqLN' is set on object 'Object Repository/Share/Page_Folders - PowerFolder/input_Create a new Folder_pencil'

2020-08-21 13:55:12 - [MESSAGE][PASSED] - Text 'IP38XsqLN' is set on object 'Object Repository/Share/Page_Folders - PowerFolder/input_Create a new Folder_pencil'

2020-08-21 13:55:12 - [TEST_STEP][PASSED] - sendKeys(findTestObject("Object Repository/Share/Page_Folders - PowerFolder/input_Create a new Folder_pencil"), Keys.chord(ENTER)): Keys 'ENTER + ' sent to object: 'Object Repository/Share/Page_Folders - PowerFolder/input_Create a new Folder_pencil'

2020-08-21 13:55:12 - [MESSAGE][PASSED] - Keys 'ENTER + ' sent to object: 'Object Repository/Share/Page_Folders - PowerFolder/input_Create a new Folder_pencil'

2020-08-21 13:55:12 - [TEST_STEP][PASSED] - btn = findShareButton(folderName): null

2020-08-21 13:55:12 - [TEST_STEP][PASSED] - driver = getWebDriver(): null

2020-08-21 13:55:12 - [TEST_STEP][PASSED] - return driver.findElement(org.openqa.selenium.By.xpath(//table[@id='files_files_table']/tbody/tr/td[2]/a[contains(text(),'$fileName')]/../../td[6]/a)): null

2020-08-21 13:55:14 - [TEST_STEP][PASSED] - executeJavaScript("arguments[0].click()", Arrays.asList(btn)): Execute JavaScript 'arguments[0].click()' successfully

2020-08-21 13:55:14 - [MESSAGE][PASSED] - Execute JavaScript 'arguments[0].click()' successfully

2020-08-21 13:55:14 - [TEST_STEP][PASSED] - mails = a_${ -> ... }@a.com:b_${ -> ... }@b.com:c_${ -> ... }@c.com: null

2020-08-21 13:55:14 - [TEST_STEP][PASSED] - membersCount = getMembersCount(): null

2020-08-21 13:55:14 - [TEST_STEP][PASSED] - driver = getWebDriver(): null

2020-08-21 13:55:14 - [TEST_STEP][PASSED] - tbody = driver.findElement(By.xpath("//table[@id='share_table']/tbody")): null

2020-08-21 13:55:14 - [TEST_STEP][PASSED] - assert tbody: null

2020-08-21 13:55:14 - [TEST_STEP][PASSED] - rows_table = tbody.findElements(By.tagName("tr")): null

2020-08-21 13:55:15 - [TEST_STEP][PASSED] - return rows_table.size(): null

2020-08-21 13:55:15 - [TEST_STEP][PASSED] - setText(findTestObject("Object Repository/Share/Page_Folders - PowerFolder/input_Invite users and groups or create a l_797df6"), mails): Text 'a_IP38XsqLN@a.com:b_IP38XsqLN@b.com:c_IP38XsqLN@c.com' is set on object 'Object Repository/Share/Page_Folders - PowerFolder/input_Invite users and groups or create a l_797df6'

2020-08-21 13:55:15 - [MESSAGE][PASSED] - Text 'a_IP38XsqLN@a.com:b_IP38XsqLN@b.com:c_IP38XsqLN@c.com' is set on object 'Object Repository/Share/Page_Folders - PowerFolder/input_Invite users and groups or create a l_797df6'

2020-08-21 13:55:15 - [TEST_STEP][PASSED] - sendKeys(findTestObject("Object Repository/Share/Page_Folders - PowerFolder/input_Invite users and groups or create a l_797df6"), Keys.chord(ENTER)): Keys 'ENTER + ' sent to object: 'Object Repository/Share/Page_Folders - PowerFolder/input_Invite users and groups or create a l_797df6'

2020-08-21 13:55:15 - [MESSAGE][PASSED] - Keys 'ENTER + ' sent to object: 'Object Repository/Share/Page_Folders - PowerFolder/input_Invite users and groups or create a l_797df6'

2020-08-21 13:55:15 - [TEST_STEP][PASSED] - assert membersCount + 3 == getMembersCount(): null

2020-08-21 13:55:15 - [TEST_STEP][PASSED] - driver = getWebDriver(): null

2020-08-21 13:55:15 - [TEST_STEP][PASSED] - tbody = driver.findElement(By.xpath("//table[@id='share_table']/tbody")): null

2020-08-21 13:55:16 - [TEST_STEP][PASSED] - assert tbody: null

2020-08-21 13:55:16 - [TEST_STEP][PASSED] - rows_table = tbody.findElements(By.tagName("tr")): null

2020-08-21 13:55:17 - [TEST_STEP][PASSED] - return rows_table.size(): null]]></system-out>
         <system-err><![CDATA[2020-08-21 13:54:58 - [TEST_CASE][FAILED] - Test Cases/Share/Share Using enter/Share folder with Multiple emails colon separator: Test Cases/Share/Share Using enter/Share folder with Multiple emails colon separator FAILED.
Reason:
Assertion failed: 

assert membersCount+3 == getMembersCount()
       |           |  |  |
       1           4  |  5
                      false

	at Share folder with Multiple emails colon separator.run(Share folder with Multiple emails colon separator:50)
	at com.kms.katalon.core.main.ScriptEngine.run(ScriptEngine.java:194)
	at com.kms.katalon.core.main.ScriptEngine.runScriptAsRawText(ScriptEngine.java:119)
	at com.kms.katalon.core.main.TestCaseExecutor.runScript(TestCaseExecutor.java:337)
	at com.kms.katalon.core.main.TestCaseExecutor.doExecute(TestCaseExecutor.java:328)
	at com.kms.katalon.core.main.TestCaseExecutor.processExecutionPhase(TestCaseExecutor.java:307)
	at com.kms.katalon.core.main.TestCaseExecutor.accessMainPhase(TestCaseExecutor.java:299)
	at com.kms.katalon.core.main.TestCaseExecutor.execute(TestCaseExecutor.java:233)
	at com.kms.katalon.core.main.TestSuiteExecutor.accessTestCaseMainPhase(TestSuiteExecutor.java:169)
	at com.kms.katalon.core.main.TestSuiteExecutor.accessTestSuiteMainPhase(TestSuiteExecutor.java:142)
	at com.kms.katalon.core.main.TestSuiteExecutor.execute(TestSuiteExecutor.java:91)
	at com.kms.katalon.core.main.TestCaseMain.startTestSuite(TestCaseMain.java:157)
	at com.kms.katalon.core.main.TestCaseMain$startTestSuite$0.call(Unknown Source)
	at TempTestSuite1598014192128.run(TempTestSuite1598014192128.groovy:36)]]></system-err>
      </testcase>
      <testcase name="Test Cases/Share/Share Using enter/Share folder with Multiple emails comma separator" time="20.039" classname="Test Cases/Share/Share Using enter/Share folder with Multiple emails comma separator" status="FAILED">
         <failure type="FAILED" message="Test Cases/Share/Share Using enter/Share folder with Multiple emails comma separator FAILED.
Reason:
Assertion failed: 

assert membersCount+3 == getMembersCount()
       |           |  |  |
       1           4  |  5
                      false

	at Share folder with Multiple emails comma separator.run(Share folder with Multiple emails comma separator:50)
	at com.kms.katalon.core.main.ScriptEngine.run(ScriptEngine.java:194)
	at com.kms.katalon.core.main.ScriptEngine.runScriptAsRawText(ScriptEngine.java:119)
	at com.kms.katalon.core.main.TestCaseExecutor.runScript(TestCaseExecutor.java:337)
	at com.kms.katalon.core.main.TestCaseExecutor.doExecute(TestCaseExecutor.java:328)
	at com.kms.katalon.core.main.TestCaseExecutor.processExecutionPhase(TestCaseExecutor.java:307)
	at com.kms.katalon.core.main.TestCaseExecutor.accessMainPhase(TestCaseExecutor.java:299)
	at com.kms.katalon.core.main.TestCaseExecutor.execute(TestCaseExecutor.java:233)
	at com.kms.katalon.core.main.TestSuiteExecutor.accessTestCaseMainPhase(TestSuiteExecutor.java:169)
	at com.kms.katalon.core.main.TestSuiteExecutor.accessTestSuiteMainPhase(TestSuiteExecutor.java:142)
	at com.kms.katalon.core.main.TestSuiteExecutor.execute(TestSuiteExecutor.java:91)
	at com.kms.katalon.core.main.TestCaseMain.startTestSuite(TestCaseMain.java:157)
	at com.kms.katalon.core.main.TestCaseMain$startTestSuite$0.call(Unknown Source)
	at TempTestSuite1598014192128.run(TempTestSuite1598014192128.groovy:36)
"/>
         <system-out><![CDATA[2020-08-21 13:55:17 - [TEST_CASE][FAILED] - Test Cases/Share/Share Using enter/Share folder with Multiple emails comma separator: Test Cases/Share/Share Using enter/Share folder with Multiple emails comma separator FAILED.
Reason:
Assertion failed: 

assert membersCount+3 == getMembersCount()
       |           |  |  |
       1           4  |  5
                      false

	at Share folder with Multiple emails comma separator.run(Share folder with Multiple emails comma separator:50)
	at com.kms.katalon.core.main.ScriptEngine.run(ScriptEngine.java:194)
	at com.kms.katalon.core.main.ScriptEngine.runScriptAsRawText(ScriptEngine.java:119)
	at com.kms.katalon.core.main.TestCaseExecutor.runScript(TestCaseExecutor.java:337)
	at com.kms.katalon.core.main.TestCaseExecutor.doExecute(TestCaseExecutor.java:328)
	at com.kms.katalon.core.main.TestCaseExecutor.processExecutionPhase(TestCaseExecutor.java:307)
	at com.kms.katalon.core.main.TestCaseExecutor.accessMainPhase(TestCaseExecutor.java:299)
	at com.kms.katalon.core.main.TestCaseExecutor.execute(TestCaseExecutor.java:233)
	at com.kms.katalon.core.main.TestSuiteExecutor.accessTestCaseMainPhase(TestSuiteExecutor.java:169)
	at com.kms.katalon.core.main.TestSuiteExecutor.accessTestSuiteMainPhase(TestSuiteExecutor.java:142)
	at com.kms.katalon.core.main.TestSuiteExecutor.execute(TestSuiteExecutor.java:91)
	at com.kms.katalon.core.main.TestCaseMain.startTestSuite(TestCaseMain.java:157)
	at com.kms.katalon.core.main.TestCaseMain$startTestSuite$0.call(Unknown Source)
	at TempTestSuite1598014192128.run(TempTestSuite1598014192128.groovy:36)


2020-08-21 13:55:17 - [TEST_STEP][PASSED] - callTestCase(findTestCase("Folders/Should Go to Folderstable"), [:], OPTIONAL): Call Test Case 'Test Cases/Folders/Should Go to Folderstable' successfully

2020-08-21 13:55:17 - [TEST_CASE][PASSED] - Test Cases/Folders/Should Go to Folderstable: Test Cases/Folders/Should Go to Folderstable

2020-08-21 13:55:17 - [TEST_STEP][PASSED] - openBrowser(""): Browser is opened with url: ''

2020-08-21 13:55:17 - [MESSAGE][WARNING] - A browser is already opened. Closing browser and opening a new one

2020-08-21 13:55:19 - [MESSAGE][INFO] - Starting 'Firefox' driver

2020-08-21 13:55:21 - [MESSAGE][PASSED] - Browser is opened with url: ''

2020-08-21 13:55:21 - [TEST_STEP][PASSED] - navigateToUrl(URL): Navigate to 'https://lab.powerfolder.net:8666/login' successfully

2020-08-21 13:55:25 - [MESSAGE][PASSED] - Navigate to 'https://lab.powerfolder.net:8666/login' successfully

2020-08-21 13:55:25 - [TEST_STEP][PASSED] - assert getWindowTitle().equals("Login - PowerFolder"): Current window's title is: 'Login - PowerFolder'

2020-08-21 13:55:25 - [MESSAGE][PASSED] - Current window's title is: 'Login - PowerFolder'

2020-08-21 13:55:25 - [TEST_STEP][PASSED] - setText(findTestObject("Object Repository/Login/Page_Login - PowerFolder/input_register new account_Username"), Username): Text 'admin' is set on object 'Object Repository/Login/Page_Login - PowerFolder/input_register new account_Username'

2020-08-21 13:55:25 - [MESSAGE][PASSED] - Text 'admin' is set on object 'Object Repository/Login/Page_Login - PowerFolder/input_register new account_Username'

2020-08-21 13:55:25 - [TEST_STEP][PASSED] - click(findTestObject("Object Repository/Login/Page_Login - PowerFolder/input_register new account_Login")): Object: 'Object Repository/Login/Page_Login - PowerFolder/input_register new account_Login' is clicked on

2020-08-21 13:55:26 - [MESSAGE][PASSED] - Object: 'Object Repository/Login/Page_Login - PowerFolder/input_register new account_Login' is clicked on

2020-08-21 13:55:26 - [TEST_STEP][PASSED] - isPresent = waitForElementVisible(findTestObject("Object Repository/Login/Page_Login - PowerFolder/input_Recover password_Password"), 2): Object 'Object Repository/Login/Page_Login - PowerFolder/input_Recover password_Password' is visible

2020-08-21 13:55:26 - [MESSAGE][PASSED] - Object 'Object Repository/Login/Page_Login - PowerFolder/input_Recover password_Password' is visible

2020-08-21 13:55:26 - [TEST_STEP][PASSED] - assert isPresent: null

2020-08-21 13:55:26 - [TEST_STEP][PASSED] - setText(findTestObject("Object Repository/Login/Page_Login - PowerFolder/input_Recover password_Password"), Password): Text 'password' is set on object 'Object Repository/Login/Page_Login - PowerFolder/input_Recover password_Password'

2020-08-21 13:55:27 - [MESSAGE][PASSED] - Text 'password' is set on object 'Object Repository/Login/Page_Login - PowerFolder/input_Recover password_Password'

2020-08-21 13:55:27 - [TEST_STEP][PASSED] - click(findTestObject("Object Repository/Login/Page_Login - PowerFolder/input_register new account_Login")): Object: 'Object Repository/Login/Page_Login - PowerFolder/input_register new account_Login' is clicked on

2020-08-21 13:55:28 - [MESSAGE][PASSED] - Object: 'Object Repository/Login/Page_Login - PowerFolder/input_register new account_Login' is clicked on

2020-08-21 13:55:28 - [TEST_STEP][PASSED] - assert getWindowTitle().equals("Dashboard - PowerFolder"): Current window's title is: 'Dashboard - PowerFolder'

2020-08-21 13:55:28 - [MESSAGE][PASSED] - Current window's title is: 'Dashboard - PowerFolder'

2020-08-21 13:55:28 - [TEST_STEP][PASSED] - click(findTestObject("Object Repository/Folders/Page_Folders - PowerFolder/lang_Folders")): Object: 'Object Repository/Folders/Page_Folders - PowerFolder/lang_Folders' is clicked on

2020-08-21 13:55:30 - [MESSAGE][PASSED] - Object: 'Object Repository/Folders/Page_Folders - PowerFolder/lang_Folders' is clicked on

2020-08-21 13:55:30 - [TEST_STEP][PASSED] - assert getWindowTitle().equals("Folders - PowerFolder"): Current window's title is: 'Folders - PowerFolder'

2020-08-21 13:55:30 - [MESSAGE][PASSED] - Current window's title is: 'Folders - PowerFolder'

2020-08-21 13:55:30 - [MESSAGE][PASSED] - Call Test Case 'Test Cases/Folders/Should Go to Folderstable' successfully

2020-08-21 13:55:30 - [TEST_STEP][PASSED] - folderName = RandomStringUtils.random(9, true, true): null

2020-08-21 13:55:30 - [TEST_STEP][PASSED] - click(findTestObject("Object Repository/Share/Page_Folders - PowerFolder/span_Paste_pica-glyph glyphicons glyphicons_ca92f0")): Object: 'Object Repository/Share/Page_Folders - PowerFolder/span_Paste_pica-glyph glyphicons glyphicons_ca92f0' is clicked on

2020-08-21 13:55:31 - [MESSAGE][PASSED] - Object: 'Object Repository/Share/Page_Folders - PowerFolder/span_Paste_pica-glyph glyphicons glyphicons_ca92f0' is clicked on

2020-08-21 13:55:31 - [TEST_STEP][PASSED] - click(findTestObject("Object Repository/Share/Page_Folders - PowerFolder/a_Create Folder                            _852e7b")): Object: 'Object Repository/Share/Page_Folders - PowerFolder/a_Create Folder                            _852e7b' is clicked on

2020-08-21 13:55:32 - [MESSAGE][PASSED] - Object: 'Object Repository/Share/Page_Folders - PowerFolder/a_Create Folder                            _852e7b' is clicked on

2020-08-21 13:55:32 - [TEST_STEP][PASSED] - setText(findTestObject("Object Repository/Share/Page_Folders - PowerFolder/input_Create a new Folder_pencil"), folderName): Text 'aqbx7Ycfq' is set on object 'Object Repository/Share/Page_Folders - PowerFolder/input_Create a new Folder_pencil'

2020-08-21 13:55:32 - [MESSAGE][PASSED] - Text 'aqbx7Ycfq' is set on object 'Object Repository/Share/Page_Folders - PowerFolder/input_Create a new Folder_pencil'

2020-08-21 13:55:32 - [TEST_STEP][PASSED] - sendKeys(findTestObject("Object Repository/Share/Page_Folders - PowerFolder/input_Create a new Folder_pencil"), Keys.chord(ENTER)): Keys 'ENTER + ' sent to object: 'Object Repository/Share/Page_Folders - PowerFolder/input_Create a new Folder_pencil'

2020-08-21 13:55:32 - [MESSAGE][PASSED] - Keys 'ENTER + ' sent to object: 'Object Repository/Share/Page_Folders - PowerFolder/input_Create a new Folder_pencil'

2020-08-21 13:55:32 - [TEST_STEP][PASSED] - btn = findShareButton(folderName): null

2020-08-21 13:55:32 - [TEST_STEP][PASSED] - driver = getWebDriver(): null

2020-08-21 13:55:32 - [TEST_STEP][PASSED] - return driver.findElement(org.openqa.selenium.By.xpath(//table[@id='files_files_table']/tbody/tr/td[2]/a[contains(text(),'$fileName')]/../../td[6]/a)): null

2020-08-21 13:55:34 - [TEST_STEP][PASSED] - executeJavaScript("arguments[0].click()", Arrays.asList(btn)): Execute JavaScript 'arguments[0].click()' successfully

2020-08-21 13:55:34 - [MESSAGE][PASSED] - Execute JavaScript 'arguments[0].click()' successfully

2020-08-21 13:55:34 - [TEST_STEP][PASSED] - mails = a_${ -> ... }@a.com,b_${ -> ... }@b.com,c_${ -> ... }@c.com: null

2020-08-21 13:55:34 - [TEST_STEP][PASSED] - membersCount = getMembersCount(): null

2020-08-21 13:55:34 - [TEST_STEP][PASSED] - driver = getWebDriver(): null

2020-08-21 13:55:34 - [TEST_STEP][PASSED] - tbody = driver.findElement(By.xpath("//table[@id='share_table']/tbody")): null

2020-08-21 13:55:35 - [TEST_STEP][PASSED] - assert tbody: null

2020-08-21 13:55:35 - [TEST_STEP][PASSED] - rows_table = tbody.findElements(By.tagName("tr")): null

2020-08-21 13:55:35 - [TEST_STEP][PASSED] - return rows_table.size(): null

2020-08-21 13:55:35 - [TEST_STEP][PASSED] - setText(findTestObject("Object Repository/Share/Page_Folders - PowerFolder/input_Invite users and groups or create a l_797df6"), mails): Text 'a_aqbx7Ycfq@a.com,b_aqbx7Ycfq@b.com,c_aqbx7Ycfq@c.com' is set on object 'Object Repository/Share/Page_Folders - PowerFolder/input_Invite users and groups or create a l_797df6'

2020-08-21 13:55:35 - [MESSAGE][PASSED] - Text 'a_aqbx7Ycfq@a.com,b_aqbx7Ycfq@b.com,c_aqbx7Ycfq@c.com' is set on object 'Object Repository/Share/Page_Folders - PowerFolder/input_Invite users and groups or create a l_797df6'

2020-08-21 13:55:35 - [TEST_STEP][PASSED] - sendKeys(findTestObject("Object Repository/Share/Page_Folders - PowerFolder/input_Invite users and groups or create a l_797df6"), Keys.chord(ENTER)): Keys 'ENTER + ' sent to object: 'Object Repository/Share/Page_Folders - PowerFolder/input_Invite users and groups or create a l_797df6'

2020-08-21 13:55:35 - [MESSAGE][PASSED] - Keys 'ENTER + ' sent to object: 'Object Repository/Share/Page_Folders - PowerFolder/input_Invite users and groups or create a l_797df6'

2020-08-21 13:55:35 - [TEST_STEP][PASSED] - assert membersCount + 3 == getMembersCount(): null

2020-08-21 13:55:35 - [TEST_STEP][PASSED] - driver = getWebDriver(): null

2020-08-21 13:55:35 - [TEST_STEP][PASSED] - tbody = driver.findElement(By.xpath("//table[@id='share_table']/tbody")): null

2020-08-21 13:55:36 - [TEST_STEP][PASSED] - assert tbody: null

2020-08-21 13:55:36 - [TEST_STEP][PASSED] - rows_table = tbody.findElements(By.tagName("tr")): null

2020-08-21 13:55:37 - [TEST_STEP][PASSED] - return rows_table.size(): null]]></system-out>
         <system-err><![CDATA[2020-08-21 13:55:17 - [TEST_CASE][FAILED] - Test Cases/Share/Share Using enter/Share folder with Multiple emails comma separator: Test Cases/Share/Share Using enter/Share folder with Multiple emails comma separator FAILED.
Reason:
Assertion failed: 

assert membersCount+3 == getMembersCount()
       |           |  |  |
       1           4  |  5
                      false

	at Share folder with Multiple emails comma separator.run(Share folder with Multiple emails comma separator:50)
	at com.kms.katalon.core.main.ScriptEngine.run(ScriptEngine.java:194)
	at com.kms.katalon.core.main.ScriptEngine.runScriptAsRawText(ScriptEngine.java:119)
	at com.kms.katalon.core.main.TestCaseExecutor.runScript(TestCaseExecutor.java:337)
	at com.kms.katalon.core.main.TestCaseExecutor.doExecute(TestCaseExecutor.java:328)
	at com.kms.katalon.core.main.TestCaseExecutor.processExecutionPhase(TestCaseExecutor.java:307)
	at com.kms.katalon.core.main.TestCaseExecutor.accessMainPhase(TestCaseExecutor.java:299)
	at com.kms.katalon.core.main.TestCaseExecutor.execute(TestCaseExecutor.java:233)
	at com.kms.katalon.core.main.TestSuiteExecutor.accessTestCaseMainPhase(TestSuiteExecutor.java:169)
	at com.kms.katalon.core.main.TestSuiteExecutor.accessTestSuiteMainPhase(TestSuiteExecutor.java:142)
	at com.kms.katalon.core.main.TestSuiteExecutor.execute(TestSuiteExecutor.java:91)
	at com.kms.katalon.core.main.TestCaseMain.startTestSuite(TestCaseMain.java:157)
	at com.kms.katalon.core.main.TestCaseMain$startTestSuite$0.call(Unknown Source)
	at TempTestSuite1598014192128.run(TempTestSuite1598014192128.groovy:36)]]></system-err>
      </testcase>
      <testcase name="Test Cases/Share/Share Using enter/Share folder with Multiple emails multiple separators" time="21.604" classname="Test Cases/Share/Share Using enter/Share folder with Multiple emails multiple separators" status="FAILED">
         <failure type="FAILED" message="Test Cases/Share/Share Using enter/Share folder with Multiple emails multiple separators FAILED.
Reason:
Assertion failed: 

assert membersCount+4 == getMembersCount()
       |           |  |  |
       1           5  |  6
                      false

	at Share folder with Multiple emails multiple separators.run(Share folder with Multiple emails multiple separators:50)
	at com.kms.katalon.core.main.ScriptEngine.run(ScriptEngine.java:194)
	at com.kms.katalon.core.main.ScriptEngine.runScriptAsRawText(ScriptEngine.java:119)
	at com.kms.katalon.core.main.TestCaseExecutor.runScript(TestCaseExecutor.java:337)
	at com.kms.katalon.core.main.TestCaseExecutor.doExecute(TestCaseExecutor.java:328)
	at com.kms.katalon.core.main.TestCaseExecutor.processExecutionPhase(TestCaseExecutor.java:307)
	at com.kms.katalon.core.main.TestCaseExecutor.accessMainPhase(TestCaseExecutor.java:299)
	at com.kms.katalon.core.main.TestCaseExecutor.execute(TestCaseExecutor.java:233)
	at com.kms.katalon.core.main.TestSuiteExecutor.accessTestCaseMainPhase(TestSuiteExecutor.java:169)
	at com.kms.katalon.core.main.TestSuiteExecutor.accessTestSuiteMainPhase(TestSuiteExecutor.java:142)
	at com.kms.katalon.core.main.TestSuiteExecutor.execute(TestSuiteExecutor.java:91)
	at com.kms.katalon.core.main.TestCaseMain.startTestSuite(TestCaseMain.java:157)
	at com.kms.katalon.core.main.TestCaseMain$startTestSuite$0.call(Unknown Source)
	at TempTestSuite1598014192128.run(TempTestSuite1598014192128.groovy:36)
"/>
         <system-out><![CDATA[2020-08-21 13:55:37 - [TEST_CASE][FAILED] - Test Cases/Share/Share Using enter/Share folder with Multiple emails multiple separators: Test Cases/Share/Share Using enter/Share folder with Multiple emails multiple separators FAILED.
Reason:
Assertion failed: 

assert membersCount+4 == getMembersCount()
       |           |  |  |
       1           5  |  6
                      false

	at Share folder with Multiple emails multiple separators.run(Share folder with Multiple emails multiple separators:50)
	at com.kms.katalon.core.main.ScriptEngine.run(ScriptEngine.java:194)
	at com.kms.katalon.core.main.ScriptEngine.runScriptAsRawText(ScriptEngine.java:119)
	at com.kms.katalon.core.main.TestCaseExecutor.runScript(TestCaseExecutor.java:337)
	at com.kms.katalon.core.main.TestCaseExecutor.doExecute(TestCaseExecutor.java:328)
	at com.kms.katalon.core.main.TestCaseExecutor.processExecutionPhase(TestCaseExecutor.java:307)
	at com.kms.katalon.core.main.TestCaseExecutor.accessMainPhase(TestCaseExecutor.java:299)
	at com.kms.katalon.core.main.TestCaseExecutor.execute(TestCaseExecutor.java:233)
	at com.kms.katalon.core.main.TestSuiteExecutor.accessTestCaseMainPhase(TestSuiteExecutor.java:169)
	at com.kms.katalon.core.main.TestSuiteExecutor.accessTestSuiteMainPhase(TestSuiteExecutor.java:142)
	at com.kms.katalon.core.main.TestSuiteExecutor.execute(TestSuiteExecutor.java:91)
	at com.kms.katalon.core.main.TestCaseMain.startTestSuite(TestCaseMain.java:157)
	at com.kms.katalon.core.main.TestCaseMain$startTestSuite$0.call(Unknown Source)
	at TempTestSuite1598014192128.run(TempTestSuite1598014192128.groovy:36)


2020-08-21 13:55:37 - [TEST_STEP][PASSED] - callTestCase(findTestCase("Folders/Should Go to Folderstable"), [:], OPTIONAL): Call Test Case 'Test Cases/Folders/Should Go to Folderstable' successfully

2020-08-21 13:55:37 - [TEST_CASE][PASSED] - Test Cases/Folders/Should Go to Folderstable: Test Cases/Folders/Should Go to Folderstable

2020-08-21 13:55:37 - [TEST_STEP][PASSED] - openBrowser(""): Browser is opened with url: ''

2020-08-21 13:55:37 - [MESSAGE][WARNING] - A browser is already opened. Closing browser and opening a new one

2020-08-21 13:55:37 - [MESSAGE][INFO] - Starting 'Firefox' driver

2020-08-21 13:55:40 - [MESSAGE][PASSED] - Browser is opened with url: ''

2020-08-21 13:55:40 - [TEST_STEP][PASSED] - navigateToUrl(URL): Navigate to 'https://lab.powerfolder.net:8666/login' successfully

2020-08-21 13:55:44 - [MESSAGE][PASSED] - Navigate to 'https://lab.powerfolder.net:8666/login' successfully

2020-08-21 13:55:44 - [TEST_STEP][PASSED] - assert getWindowTitle().equals("Login - PowerFolder"): Current window's title is: 'Login - PowerFolder'

2020-08-21 13:55:44 - [MESSAGE][PASSED] - Current window's title is: 'Login - PowerFolder'

2020-08-21 13:55:44 - [TEST_STEP][PASSED] - setText(findTestObject("Object Repository/Login/Page_Login - PowerFolder/input_register new account_Username"), Username): Text 'admin' is set on object 'Object Repository/Login/Page_Login - PowerFolder/input_register new account_Username'

2020-08-21 13:55:44 - [MESSAGE][PASSED] - Text 'admin' is set on object 'Object Repository/Login/Page_Login - PowerFolder/input_register new account_Username'

2020-08-21 13:55:44 - [TEST_STEP][PASSED] - click(findTestObject("Object Repository/Login/Page_Login - PowerFolder/input_register new account_Login")): Object: 'Object Repository/Login/Page_Login - PowerFolder/input_register new account_Login' is clicked on

2020-08-21 13:55:45 - [MESSAGE][PASSED] - Object: 'Object Repository/Login/Page_Login - PowerFolder/input_register new account_Login' is clicked on

2020-08-21 13:55:45 - [TEST_STEP][PASSED] - isPresent = waitForElementVisible(findTestObject("Object Repository/Login/Page_Login - PowerFolder/input_Recover password_Password"), 2): Object 'Object Repository/Login/Page_Login - PowerFolder/input_Recover password_Password' is visible

2020-08-21 13:55:45 - [MESSAGE][PASSED] - Object 'Object Repository/Login/Page_Login - PowerFolder/input_Recover password_Password' is visible

2020-08-21 13:55:45 - [TEST_STEP][PASSED] - assert isPresent: null

2020-08-21 13:55:45 - [TEST_STEP][PASSED] - setText(findTestObject("Object Repository/Login/Page_Login - PowerFolder/input_Recover password_Password"), Password): Text 'password' is set on object 'Object Repository/Login/Page_Login - PowerFolder/input_Recover password_Password'

2020-08-21 13:55:46 - [MESSAGE][PASSED] - Text 'password' is set on object 'Object Repository/Login/Page_Login - PowerFolder/input_Recover password_Password'

2020-08-21 13:55:46 - [TEST_STEP][PASSED] - click(findTestObject("Object Repository/Login/Page_Login - PowerFolder/input_register new account_Login")): Object: 'Object Repository/Login/Page_Login - PowerFolder/input_register new account_Login' is clicked on

2020-08-21 13:55:47 - [MESSAGE][PASSED] - Object: 'Object Repository/Login/Page_Login - PowerFolder/input_register new account_Login' is clicked on

2020-08-21 13:55:47 - [TEST_STEP][PASSED] - assert getWindowTitle().equals("Dashboard - PowerFolder"): Current window's title is: 'Dashboard - PowerFolder'

2020-08-21 13:55:47 - [MESSAGE][PASSED] - Current window's title is: 'Dashboard - PowerFolder'

2020-08-21 13:55:47 - [TEST_STEP][PASSED] - click(findTestObject("Object Repository/Folders/Page_Folders - PowerFolder/lang_Folders")): Object: 'Object Repository/Folders/Page_Folders - PowerFolder/lang_Folders' is clicked on

2020-08-21 13:55:48 - [MESSAGE][PASSED] - Object: 'Object Repository/Folders/Page_Folders - PowerFolder/lang_Folders' is clicked on

2020-08-21 13:55:48 - [TEST_STEP][PASSED] - assert getWindowTitle().equals("Folders - PowerFolder"): Current window's title is: 'Folders - PowerFolder'

2020-08-21 13:55:48 - [MESSAGE][PASSED] - Current window's title is: 'Folders - PowerFolder'

2020-08-21 13:55:48 - [MESSAGE][PASSED] - Call Test Case 'Test Cases/Folders/Should Go to Folderstable' successfully

2020-08-21 13:55:48 - [TEST_STEP][PASSED] - folderName = RandomStringUtils.random(9, true, true): null

2020-08-21 13:55:48 - [TEST_STEP][PASSED] - click(findTestObject("Object Repository/Share/Page_Folders - PowerFolder/span_Paste_pica-glyph glyphicons glyphicons_ca92f0")): Object: 'Object Repository/Share/Page_Folders - PowerFolder/span_Paste_pica-glyph glyphicons glyphicons_ca92f0' is clicked on

2020-08-21 13:55:50 - [MESSAGE][PASSED] - Object: 'Object Repository/Share/Page_Folders - PowerFolder/span_Paste_pica-glyph glyphicons glyphicons_ca92f0' is clicked on

2020-08-21 13:55:50 - [TEST_STEP][PASSED] - click(findTestObject("Object Repository/Share/Page_Folders - PowerFolder/a_Create Folder                            _852e7b")): Object: 'Object Repository/Share/Page_Folders - PowerFolder/a_Create Folder                            _852e7b' is clicked on

2020-08-21 13:55:51 - [MESSAGE][PASSED] - Object: 'Object Repository/Share/Page_Folders - PowerFolder/a_Create Folder                            _852e7b' is clicked on

2020-08-21 13:55:51 - [TEST_STEP][PASSED] - setText(findTestObject("Object Repository/Share/Page_Folders - PowerFolder/input_Create a new Folder_pencil"), folderName): Text 'Fc7NoDexY' is set on object 'Object Repository/Share/Page_Folders - PowerFolder/input_Create a new Folder_pencil'

2020-08-21 13:55:51 - [MESSAGE][PASSED] - Text 'Fc7NoDexY' is set on object 'Object Repository/Share/Page_Folders - PowerFolder/input_Create a new Folder_pencil'

2020-08-21 13:55:51 - [TEST_STEP][PASSED] - sendKeys(findTestObject("Object Repository/Share/Page_Folders - PowerFolder/input_Create a new Folder_pencil"), Keys.chord(ENTER)): Keys 'ENTER + ' sent to object: 'Object Repository/Share/Page_Folders - PowerFolder/input_Create a new Folder_pencil'

2020-08-21 13:55:52 - [MESSAGE][PASSED] - Keys 'ENTER + ' sent to object: 'Object Repository/Share/Page_Folders - PowerFolder/input_Create a new Folder_pencil'

2020-08-21 13:55:52 - [TEST_STEP][PASSED] - btn = findShareButton(folderName): null

2020-08-21 13:55:52 - [TEST_STEP][PASSED] - driver = getWebDriver(): null

2020-08-21 13:55:52 - [TEST_STEP][PASSED] - return driver.findElement(org.openqa.selenium.By.xpath(//table[@id='files_files_table']/tbody/tr/td[2]/a[contains(text(),'$fileName')]/../../td[6]/a)): null

2020-08-21 13:55:55 - [TEST_STEP][PASSED] - executeJavaScript("arguments[0].click()", Arrays.asList(btn)): Execute JavaScript 'arguments[0].click()' successfully

2020-08-21 13:55:55 - [MESSAGE][PASSED] - Execute JavaScript 'arguments[0].click()' successfully

2020-08-21 13:55:55 - [TEST_STEP][PASSED] - mails = a_${ -> ... }@a.com;b_${ -> ... }@b.com:c_${ -> ... }@c.com,d_${ -> ... }@d.com: null

2020-08-21 13:55:55 - [TEST_STEP][PASSED] - membersCount = getMembersCount(): null

2020-08-21 13:55:55 - [TEST_STEP][PASSED] - driver = getWebDriver(): null

2020-08-21 13:55:55 - [TEST_STEP][PASSED] - tbody = driver.findElement(By.xpath("//table[@id='share_table']/tbody")): null

2020-08-21 13:55:56 - [TEST_STEP][PASSED] - assert tbody: null

2020-08-21 13:55:56 - [TEST_STEP][PASSED] - rows_table = tbody.findElements(By.tagName("tr")): null

2020-08-21 13:55:56 - [TEST_STEP][PASSED] - return rows_table.size(): null

2020-08-21 13:55:56 - [TEST_STEP][PASSED] - setText(findTestObject("Object Repository/Share/Page_Folders - PowerFolder/input_Invite users and groups or create a l_797df6"), mails): Text 'a_Fc7NoDexY@a.com;b_Fc7NoDexY@b.com:c_Fc7NoDexY@c.com,d_Fc7NoDexY@d.com' is set on object 'Object Repository/Share/Page_Folders - PowerFolder/input_Invite users and groups or create a l_797df6'

2020-08-21 13:55:56 - [MESSAGE][PASSED] - Text 'a_Fc7NoDexY@a.com;b_Fc7NoDexY@b.com:c_Fc7NoDexY@c.com,d_Fc7NoDexY@d.com' is set on object 'Object Repository/Share/Page_Folders - PowerFolder/input_Invite users and groups or create a l_797df6'

2020-08-21 13:55:56 - [TEST_STEP][PASSED] - sendKeys(findTestObject("Object Repository/Share/Page_Folders - PowerFolder/input_Invite users and groups or create a l_797df6"), Keys.chord(ENTER)): Keys 'ENTER + ' sent to object: 'Object Repository/Share/Page_Folders - PowerFolder/input_Invite users and groups or create a l_797df6'

2020-08-21 13:55:56 - [MESSAGE][PASSED] - Keys 'ENTER + ' sent to object: 'Object Repository/Share/Page_Folders - PowerFolder/input_Invite users and groups or create a l_797df6'

2020-08-21 13:55:56 - [TEST_STEP][PASSED] - assert membersCount + 4 == getMembersCount(): null

2020-08-21 13:55:56 - [TEST_STEP][PASSED] - driver = getWebDriver(): null

2020-08-21 13:55:56 - [TEST_STEP][PASSED] - tbody = driver.findElement(By.xpath("//table[@id='share_table']/tbody")): null

2020-08-21 13:55:58 - [TEST_STEP][PASSED] - assert tbody: null

2020-08-21 13:55:58 - [TEST_STEP][PASSED] - rows_table = tbody.findElements(By.tagName("tr")): null

2020-08-21 13:55:58 - [TEST_STEP][PASSED] - return rows_table.size(): null]]></system-out>
         <system-err><![CDATA[2020-08-21 13:55:37 - [TEST_CASE][FAILED] - Test Cases/Share/Share Using enter/Share folder with Multiple emails multiple separators: Test Cases/Share/Share Using enter/Share folder with Multiple emails multiple separators FAILED.
Reason:
Assertion failed: 

assert membersCount+4 == getMembersCount()
       |           |  |  |
       1           5  |  6
                      false

	at Share folder with Multiple emails multiple separators.run(Share folder with Multiple emails multiple separators:50)
	at com.kms.katalon.core.main.ScriptEngine.run(ScriptEngine.java:194)
	at com.kms.katalon.core.main.ScriptEngine.runScriptAsRawText(ScriptEngine.java:119)
	at com.kms.katalon.core.main.TestCaseExecutor.runScript(TestCaseExecutor.java:337)
	at com.kms.katalon.core.main.TestCaseExecutor.doExecute(TestCaseExecutor.java:328)
	at com.kms.katalon.core.main.TestCaseExecutor.processExecutionPhase(TestCaseExecutor.java:307)
	at com.kms.katalon.core.main.TestCaseExecutor.accessMainPhase(TestCaseExecutor.java:299)
	at com.kms.katalon.core.main.TestCaseExecutor.execute(TestCaseExecutor.java:233)
	at com.kms.katalon.core.main.TestSuiteExecutor.accessTestCaseMainPhase(TestSuiteExecutor.java:169)
	at com.kms.katalon.core.main.TestSuiteExecutor.accessTestSuiteMainPhase(TestSuiteExecutor.java:142)
	at com.kms.katalon.core.main.TestSuiteExecutor.execute(TestSuiteExecutor.java:91)
	at com.kms.katalon.core.main.TestCaseMain.startTestSuite(TestCaseMain.java:157)
	at com.kms.katalon.core.main.TestCaseMain$startTestSuite$0.call(Unknown Source)
	at TempTestSuite1598014192128.run(TempTestSuite1598014192128.groovy:36)]]></system-err>
      </testcase>
      <system-out><![CDATA[2020-08-21 13:49:54 - [TEST_SUITE][FAILED] - Folder Share: Test Cases/Share/Share Using plus button/Share Folder With one email adress FAILED.
Reason:
com.kms.katalon.core.exception.StepFailedException: Unable to click on object 'Object Repository/Share/Page_Folders - PowerFolder/span_Paste_pica-glyph glyphicons glyphicons_ca92f0'
	at com.kms.katalon.core.webui.keyword.internal.WebUIKeywordMain.stepFailed(WebUIKeywordMain.groovy:64)
	at com.kms.katalon.core.webui.keyword.internal.WebUIKeywordMain.runKeyword(WebUIKeywordMain.groovy:26)
	at com.kms.katalon.core.webui.keyword.builtin.ClickKeyword.click(ClickKeyword.groovy:102)
	at com.kms.katalon.core.webui.keyword.builtin.ClickKeyword.execute(ClickKeyword.groovy:43)
	at com.kms.katalon.core.keyword.internal.KeywordExecutor.executeKeywordForPlatform(KeywordExecutor.groovy:72)
	at com.kms.katalon.core.webui.keyword.WebUiBuiltInKeywords.click(WebUiBuiltInKeywords.groovy:616)
	at com.kms.katalon.core.webui.keyword.WebUiBuiltInKeywords$click$0.call(Unknown Source)
	at Share Folder With one email adress.run(Share Folder With one email adress:27)
	at com.kms.katalon.core.main.ScriptEngine.run(ScriptEngine.java:194)
	at com.kms.katalon.core.main.ScriptEngine.runScriptAsRawText(ScriptEngine.java:119)
	at com.kms.katalon.core.main.TestCaseExecutor.runScript(TestCaseExecutor.java:337)
	at com.kms.katalon.core.main.TestCaseExecutor.doExecute(TestCaseExecutor.java:328)
	at com.kms.katalon.core.main.TestCaseExecutor.processExecutionPhase(TestCaseExecutor.java:307)
	at com.kms.katalon.core.main.TestCaseExecutor.accessMainPhase(TestCaseExecutor.java:299)
	at com.kms.katalon.core.main.TestCaseExecutor.execute(TestCaseExecutor.java:233)
	at com.kms.katalon.core.main.TestSuiteExecutor.accessTestCaseMainPhase(TestSuiteExecutor.java:169)
	at com.kms.katalon.core.main.TestSuiteExecutor.accessTestSuiteMainPhase(TestSuiteExecutor.java:142)
	at com.kms.katalon.core.main.TestSuiteExecutor.execute(TestSuiteExecutor.java:91)
	at com.kms.katalon.core.main.TestCaseMain.startTestSuite(TestCaseMain.java:157)
	at com.kms.katalon.core.main.TestCaseMain$startTestSuite$0.call(Unknown Source)
	at TempTestSuite1598014192128.run(TempTestSuite1598014192128.groovy:36)
Caused by: com.kms.katalon.core.webui.exception.BrowserNotOpenedException: Browser is not opened
Build info: version: '3.141.59', revision: 'e82be7d358', time: '2018-11-14T08:25:53'
System info: host: 'MacBook-Pro-di-mac.local', ip: 'fe80:0:0:0:ca8:b2f6:3082:738c%en0', os.name: 'Mac OS X', os.arch: 'x86_64', os.version: '10.15.6', java.version: '1.8.0_181'
Driver info: driver.version: unknown
	at com.kms.katalon.core.webui.driver.DriverFactory.verifyWebDriverIsOpen(DriverFactory.java:816)
	at com.kms.katalon.core.webui.driver.DriverFactory.verifyWebDriver(DriverFactory.java:801)
	at com.kms.katalon.core.webui.driver.DriverFactory.getWebDriver(DriverFactory.java:787)
	at com.kms.katalon.core.webui.common.WebUiCommonHelper.findWebElements(WebUiCommonHelper.java:739)
	at com.kms.katalon.core.webui.common.WebUiCommonHelper.findWebElement(WebUiCommonHelper.java:1150)
	at com.kms.katalon.core.webui.keyword.internal.WebUIAbstractKeyword.findWebElement(WebUIAbstractKeyword.groovy:27)
	at com.kms.katalon.core.webui.keyword.internal.WebUIAbstractKeyword.findWebElement(WebUIAbstractKeyword.groovy:26)
	at com.kms.katalon.core.webui.keyword.builtin.ClickKeyword$_click_closure1.doCall(ClickKeyword.groovy:67)
	at com.kms.katalon.core.webui.keyword.builtin.ClickKeyword$_click_closure1.call(ClickKeyword.groovy)
	at com.kms.katalon.core.webui.keyword.internal.WebUIKeywordMain.runKeyword(WebUIKeywordMain.groovy:20)
	... 19 more]]></system-out>
      <system-err><![CDATA[2020-08-21 13:49:54 - [TEST_SUITE][FAILED] - Folder Share: Test Cases/Share/Share Using plus button/Share Folder With one email adress FAILED.
Reason:
com.kms.katalon.core.exception.StepFailedException: Unable to click on object 'Object Repository/Share/Page_Folders - PowerFolder/span_Paste_pica-glyph glyphicons glyphicons_ca92f0'
	at com.kms.katalon.core.webui.keyword.internal.WebUIKeywordMain.stepFailed(WebUIKeywordMain.groovy:64)
	at com.kms.katalon.core.webui.keyword.internal.WebUIKeywordMain.runKeyword(WebUIKeywordMain.groovy:26)
	at com.kms.katalon.core.webui.keyword.builtin.ClickKeyword.click(ClickKeyword.groovy:102)
	at com.kms.katalon.core.webui.keyword.builtin.ClickKeyword.execute(ClickKeyword.groovy:43)
	at com.kms.katalon.core.keyword.internal.KeywordExecutor.executeKeywordForPlatform(KeywordExecutor.groovy:72)
	at com.kms.katalon.core.webui.keyword.WebUiBuiltInKeywords.click(WebUiBuiltInKeywords.groovy:616)
	at com.kms.katalon.core.webui.keyword.WebUiBuiltInKeywords$click$0.call(Unknown Source)
	at Share Folder With one email adress.run(Share Folder With one email adress:27)
	at com.kms.katalon.core.main.ScriptEngine.run(ScriptEngine.java:194)
	at com.kms.katalon.core.main.ScriptEngine.runScriptAsRawText(ScriptEngine.java:119)
	at com.kms.katalon.core.main.TestCaseExecutor.runScript(TestCaseExecutor.java:337)
	at com.kms.katalon.core.main.TestCaseExecutor.doExecute(TestCaseExecutor.java:328)
	at com.kms.katalon.core.main.TestCaseExecutor.processExecutionPhase(TestCaseExecutor.java:307)
	at com.kms.katalon.core.main.TestCaseExecutor.accessMainPhase(TestCaseExecutor.java:299)
	at com.kms.katalon.core.main.TestCaseExecutor.execute(TestCaseExecutor.java:233)
	at com.kms.katalon.core.main.TestSuiteExecutor.accessTestCaseMainPhase(TestSuiteExecutor.java:169)
	at com.kms.katalon.core.main.TestSuiteExecutor.accessTestSuiteMainPhase(TestSuiteExecutor.java:142)
	at com.kms.katalon.core.main.TestSuiteExecutor.execute(TestSuiteExecutor.java:91)
	at com.kms.katalon.core.main.TestCaseMain.startTestSuite(TestCaseMain.java:157)
	at com.kms.katalon.core.main.TestCaseMain$startTestSuite$0.call(Unknown Source)
	at TempTestSuite1598014192128.run(TempTestSuite1598014192128.groovy:36)
Caused by: com.kms.katalon.core.webui.exception.BrowserNotOpenedException: Browser is not opened
Build info: version: '3.141.59', revision: 'e82be7d358', time: '2018-11-14T08:25:53'
System info: host: 'MacBook-Pro-di-mac.local', ip: 'fe80:0:0:0:ca8:b2f6:3082:738c%en0', os.name: 'Mac OS X', os.arch: 'x86_64', os.version: '10.15.6', java.version: '1.8.0_181'
Driver info: driver.version: unknown
	at com.kms.katalon.core.webui.driver.DriverFactory.verifyWebDriverIsOpen(DriverFactory.java:816)
	at com.kms.katalon.core.webui.driver.DriverFactory.verifyWebDriver(DriverFactory.java:801)
	at com.kms.katalon.core.webui.driver.DriverFactory.getWebDriver(DriverFactory.java:787)
	at com.kms.katalon.core.webui.common.WebUiCommonHelper.findWebElements(WebUiCommonHelper.java:739)
	at com.kms.katalon.core.webui.common.WebUiCommonHelper.findWebElement(WebUiCommonHelper.java:1150)
	at com.kms.katalon.core.webui.keyword.internal.WebUIAbstractKeyword.findWebElement(WebUIAbstractKeyword.groovy:27)
	at com.kms.katalon.core.webui.keyword.internal.WebUIAbstractKeyword.findWebElement(WebUIAbstractKeyword.groovy:26)
	at com.kms.katalon.core.webui.keyword.builtin.ClickKeyword$_click_closure1.doCall(ClickKeyword.groovy:67)
	at com.kms.katalon.core.webui.keyword.builtin.ClickKeyword$_click_closure1.call(ClickKeyword.groovy)
	at com.kms.katalon.core.webui.keyword.internal.WebUIKeywordMain.runKeyword(WebUIKeywordMain.groovy:20)
	... 19 more]]></system-err>
   </testsuite>
</testsuites>
