<?xml version="1.0" encoding="UTF-8"?>
<testsuites name="Folder Share" time="134.216" tests="4" failures="0" errors="0">
   <testsuite name="Folder Share" tests="4" failures="0" errors="0" time="134.216" timestamp="2020-04-11 00:11:33" hostname="mac - localhost" id="Test Suites/Folder Share">
      <properties>
         <property name="deviceName" value=""/>
         <property name="devicePlatform" value=""/>
         <property name="logFolder" value="/Users/mac/Documents/PF-WEBTEST/Reports/20200411_001131/Folder Share/20200411_001131"/>
         <property name="logFiles" value="/Users/mac/Documents/PF-WEBTEST/Reports/20200411_001131/Folder Share/20200411_001131/execution0.log"/>
         <property name="attachments" value=""/>
         <property name="hostName" value="mac - localhost"/>
         <property name="os" value="Mac OS X 64bit"/>
         <property name="katalonVersion" value="7.2.1.1"/>
         <property name="browser" value="Chrome 80.0.3987.163"/>
         <property name="hostAddress" value="127.0.0.1"/>
         <property name="sessionId" value="316c410b8231fcc59b414e78dc4d481b"/>
         <property name="seleniumVersion" value="3.141.59"/>
         <property name="proxyInformation" value="ProxyInformation{proxyOption=NO_PROXY, proxyServerType=HTTP, password=, proxyServerAddress=, proxyServerPort=0, executionList=}"/>
         <property name="platform" value="Mac OS X"/>
      </properties>
      <testcase name="Test Cases/Share/Share Folder With one email adress" time="61.722" classname="Test Cases/Share/Share Folder With one email adress" status="PASSED">
         <system-out><![CDATA[2020-04-11 00:11:33 - [TEST_CASE][PASSED] - Test Cases/Share/Share Folder With one email adress: Test Cases/Share/Share Folder With one email adress

2020-04-11 00:11:34 - [TEST_STEP][PASSED] - callTestCase(findTestCase("Folders/Should Go to Folderstable"), [:], OPTIONAL): Call Test Case 'Test Cases/Folders/Should Go to Folderstable' successfully

2020-04-11 00:11:34 - [TEST_CASE][PASSED] - Test Cases/Folders/Should Go to Folderstable: Test Cases/Folders/Should Go to Folderstable

2020-04-11 00:11:34 - [TEST_STEP][PASSED] - openBrowser(""): Browser is opened with url: ''

2020-04-11 00:11:34 - [MESSAGE][INFO] - Starting 'Chrome' driver

2020-04-11 00:11:34 - [MESSAGE][INFO] - Action delay is set to 0 seconds

2020-04-11 00:11:37 - [MESSAGE][PASSED] - Browser is opened with url: ''

2020-04-11 00:11:37 - [TEST_STEP][PASSED] - navigateToUrl("https://lab.powerfolder.net:8666/login"): Navigate to 'https://lab.powerfolder.net:8666/login' successfully

2020-04-11 00:12:15 - [MESSAGE][PASSED] - Navigate to 'https://lab.powerfolder.net:8666/login' successfully

2020-04-11 00:12:15 - [TEST_STEP][PASSED] - assert getWindowTitle().equals("Login - PowerFolder"): Current window's title is: 'Login - PowerFolder'

2020-04-11 00:12:15 - [MESSAGE][PASSED] - Current window's title is: 'Login - PowerFolder'

2020-04-11 00:12:15 - [TEST_STEP][PASSED] - setText(findTestObject("Object Repository/Login/Page_Login - PowerFolder/input_register new account_Username"), "admin"): Text 'admin' is set on object 'Object Repository/Login/Page_Login - PowerFolder/input_register new account_Username'

2020-04-11 00:12:16 - [MESSAGE][PASSED] - Text 'admin' is set on object 'Object Repository/Login/Page_Login - PowerFolder/input_register new account_Username'

2020-04-11 00:12:16 - [TEST_STEP][PASSED] - click(findTestObject("Object Repository/Login/Page_Login - PowerFolder/input_register new account_Login")): Object: 'Object Repository/Login/Page_Login - PowerFolder/input_register new account_Login' is clicked on

2020-04-11 00:12:17 - [MESSAGE][PASSED] - Object: 'Object Repository/Login/Page_Login - PowerFolder/input_register new account_Login' is clicked on

2020-04-11 00:12:17 - [TEST_STEP][PASSED] - isPresent = waitForElementVisible(findTestObject("Object Repository/Login/Page_Login - PowerFolder/input_Recover password_Password"), 2): Object 'Object Repository/Login/Page_Login - PowerFolder/input_Recover password_Password' is visible

2020-04-11 00:12:17 - [MESSAGE][PASSED] - Object 'Object Repository/Login/Page_Login - PowerFolder/input_Recover password_Password' is visible

2020-04-11 00:12:17 - [TEST_STEP][PASSED] - assert isPresent: null

2020-04-11 00:12:17 - [TEST_STEP][PASSED] - setEncryptedText(findTestObject("Object Repository/Login/Page_Login - PowerFolder/input_Recover password_Password"), "8SQVv/p9jVScEs4/2CZsLw=="): Text ****** has been set on object 'Object Repository/Login/Page_Login - PowerFolder/input_Recover password_Password'

2020-04-11 00:12:18 - [MESSAGE][PASSED] - Text ****** has been set on object 'Object Repository/Login/Page_Login - PowerFolder/input_Recover password_Password'

2020-04-11 00:12:18 - [TEST_STEP][PASSED] - click(findTestObject("Object Repository/Login/Page_Login - PowerFolder/input_register new account_Login")): Object: 'Object Repository/Login/Page_Login - PowerFolder/input_register new account_Login' is clicked on

2020-04-11 00:12:25 - [MESSAGE][PASSED] - Object: 'Object Repository/Login/Page_Login - PowerFolder/input_register new account_Login' is clicked on

2020-04-11 00:12:25 - [TEST_STEP][PASSED] - assert getWindowTitle().equals("Dashboard - PowerFolder"): Current window's title is: 'Dashboard - PowerFolder'

2020-04-11 00:12:25 - [MESSAGE][PASSED] - Current window's title is: 'Dashboard - PowerFolder'

2020-04-11 00:12:25 - [TEST_STEP][PASSED] - navigateToUrl("https://lab.powerfolder.net:8666/folderstable"): Navigate to 'https://lab.powerfolder.net:8666/folderstable' successfully

2020-04-11 00:12:26 - [MESSAGE][PASSED] - Navigate to 'https://lab.powerfolder.net:8666/folderstable' successfully

2020-04-11 00:12:26 - [TEST_STEP][PASSED] - assert getWindowTitle().equals("Folders - PowerFolder"): Current window's title is: 'Folders - PowerFolder'

2020-04-11 00:12:26 - [MESSAGE][PASSED] - Current window's title is: 'Folders - PowerFolder'

2020-04-11 00:12:26 - [MESSAGE][PASSED] - Call Test Case 'Test Cases/Folders/Should Go to Folderstable' successfully

2020-04-11 00:12:26 - [TEST_STEP][PASSED] - folderName = RandomStringUtils.random(9, true, true): null

2020-04-11 00:12:26 - [TEST_STEP][PASSED] - click(findTestObject("Object Repository/Share/Page_Folders - PowerFolder/span_Paste_pica-glyph glyphicons glyphicons_ca92f0")): Object: 'Object Repository/Share/Page_Folders - PowerFolder/span_Paste_pica-glyph glyphicons glyphicons_ca92f0' is clicked on

2020-04-11 00:12:27 - [MESSAGE][PASSED] - Object: 'Object Repository/Share/Page_Folders - PowerFolder/span_Paste_pica-glyph glyphicons glyphicons_ca92f0' is clicked on

2020-04-11 00:12:27 - [TEST_STEP][PASSED] - click(findTestObject("Object Repository/Share/Page_Folders - PowerFolder/a_Create Folder                            _852e7b")): Object: 'Object Repository/Share/Page_Folders - PowerFolder/a_Create Folder                            _852e7b' is clicked on

2020-04-11 00:12:28 - [MESSAGE][PASSED] - Object: 'Object Repository/Share/Page_Folders - PowerFolder/a_Create Folder                            _852e7b' is clicked on

2020-04-11 00:12:28 - [TEST_STEP][PASSED] - setText(findTestObject("Object Repository/Share/Page_Folders - PowerFolder/input_Create a new Folder_pencil"), folderName): Text '7BcC7F338' is set on object 'Object Repository/Share/Page_Folders - PowerFolder/input_Create a new Folder_pencil'

2020-04-11 00:12:28 - [MESSAGE][PASSED] - Text '7BcC7F338' is set on object 'Object Repository/Share/Page_Folders - PowerFolder/input_Create a new Folder_pencil'

2020-04-11 00:12:28 - [TEST_STEP][PASSED] - sendKeys(findTestObject("Object Repository/Share/Page_Folders - PowerFolder/input_Create a new Folder_pencil"), Keys.chord(ENTER)): Keys 'ENTER + ' sent to object: 'Object Repository/Share/Page_Folders - PowerFolder/input_Create a new Folder_pencil'

2020-04-11 00:12:29 - [MESSAGE][PASSED] - Keys 'ENTER + ' sent to object: 'Object Repository/Share/Page_Folders - PowerFolder/input_Create a new Folder_pencil'

2020-04-11 00:12:29 - [TEST_STEP][PASSED] - btn = findShareButton(folderName): null

2020-04-11 00:12:29 - [TEST_STEP][PASSED] - driver = getWebDriver(): null

2020-04-11 00:12:29 - [TEST_STEP][PASSED] - return driver.findElement(org.openqa.selenium.By.xpath(//table[@id='files_files_table']/tbody/tr/td[2]/a[contains(text(),'$fileName')]/../../td[6]/a)): null

2020-04-11 00:12:33 - [TEST_STEP][PASSED] - executeJavaScript("arguments[0].click()", Arrays.asList(btn)): Execute JavaScript 'arguments[0].click()' successfully

2020-04-11 00:12:33 - [MESSAGE][PASSED] - Execute JavaScript 'arguments[0].click()' successfully

2020-04-11 00:12:33 - [TEST_STEP][PASSED] - mail = "user@mail.com": null

2020-04-11 00:12:33 - [TEST_STEP][PASSED] - setText(findTestObject("Object Repository/Share/Page_Folders - PowerFolder/input_Invite users and groups or create a l_797df6"), mail): Text 'user@mail.com' is set on object 'Object Repository/Share/Page_Folders - PowerFolder/input_Invite users and groups or create a l_797df6'

2020-04-11 00:12:34 - [MESSAGE][PASSED] - Text 'user@mail.com' is set on object 'Object Repository/Share/Page_Folders - PowerFolder/input_Invite users and groups or create a l_797df6'

2020-04-11 00:12:34 - [TEST_STEP][PASSED] - sendKeys(findTestObject("Object Repository/Share/Page_Folders - PowerFolder/input_Invite users and groups or create a l_797df6"), Keys.chord(ENTER)): Keys 'ENTER + ' sent to object: 'Object Repository/Share/Page_Folders - PowerFolder/input_Invite users and groups or create a l_797df6'

2020-04-11 00:12:34 - [MESSAGE][PASSED] - Keys 'ENTER + ' sent to object: 'Object Repository/Share/Page_Folders - PowerFolder/input_Invite users and groups or create a l_797df6'

2020-04-11 00:12:34 - [TEST_STEP][PASSED] - verifyElementText(findTestObject("Object Repository/Share/Page_Folders - PowerFolder/td_usermailcom"), mail): Actual text and expected text of test object 'Object Repository/Share/Page_Folders - PowerFolder/td_usermailcom' are matched.

2020-04-11 00:12:35 - [MESSAGE][PASSED] - Actual text and expected text of test object 'Object Repository/Share/Page_Folders - PowerFolder/td_usermailcom' are matched.

2020-04-11 00:12:35 - [TEST_STEP][PASSED] - closeBrowser(): Browser is closed

2020-04-11 00:12:35 - [MESSAGE][PASSED] - Browser is closed]]></system-out>
         <system-err><![CDATA[]]></system-err>
      </testcase>
      <testcase name="Test Cases/Share/Share folder with Multiple emails comma separator" time="32.831" classname="Test Cases/Share/Share folder with Multiple emails comma separator" status="PASSED">
         <system-out><![CDATA[2020-04-11 00:12:35 - [TEST_CASE][PASSED] - Test Cases/Share/Share folder with Multiple emails comma separator: Test Cases/Share/Share folder with Multiple emails comma separator

2020-04-11 00:12:35 - [TEST_STEP][PASSED] - callTestCase(findTestCase("Folders/Should Go to Folderstable"), [:], OPTIONAL): Call Test Case 'Test Cases/Folders/Should Go to Folderstable' successfully

2020-04-11 00:12:35 - [TEST_CASE][PASSED] - Test Cases/Folders/Should Go to Folderstable: Test Cases/Folders/Should Go to Folderstable

2020-04-11 00:12:35 - [TEST_STEP][PASSED] - openBrowser(""): Browser is opened with url: ''

2020-04-11 00:12:35 - [MESSAGE][INFO] - Starting 'Chrome' driver

2020-04-11 00:12:37 - [MESSAGE][PASSED] - Browser is opened with url: ''

2020-04-11 00:12:37 - [TEST_STEP][PASSED] - navigateToUrl("https://lab.powerfolder.net:8666/login"): Navigate to 'https://lab.powerfolder.net:8666/login' successfully

2020-04-11 00:12:50 - [MESSAGE][PASSED] - Navigate to 'https://lab.powerfolder.net:8666/login' successfully

2020-04-11 00:12:50 - [TEST_STEP][PASSED] - assert getWindowTitle().equals("Login - PowerFolder"): Current window's title is: 'Login - PowerFolder'

2020-04-11 00:12:50 - [MESSAGE][PASSED] - Current window's title is: 'Login - PowerFolder'

2020-04-11 00:12:50 - [TEST_STEP][PASSED] - setText(findTestObject("Object Repository/Login/Page_Login - PowerFolder/input_register new account_Username"), "admin"): Text 'admin' is set on object 'Object Repository/Login/Page_Login - PowerFolder/input_register new account_Username'

2020-04-11 00:12:50 - [MESSAGE][PASSED] - Text 'admin' is set on object 'Object Repository/Login/Page_Login - PowerFolder/input_register new account_Username'

2020-04-11 00:12:50 - [TEST_STEP][PASSED] - click(findTestObject("Object Repository/Login/Page_Login - PowerFolder/input_register new account_Login")): Object: 'Object Repository/Login/Page_Login - PowerFolder/input_register new account_Login' is clicked on

2020-04-11 00:12:54 - [MESSAGE][PASSED] - Object: 'Object Repository/Login/Page_Login - PowerFolder/input_register new account_Login' is clicked on

2020-04-11 00:12:54 - [TEST_STEP][PASSED] - isPresent = waitForElementVisible(findTestObject("Object Repository/Login/Page_Login - PowerFolder/input_Recover password_Password"), 2): Object 'Object Repository/Login/Page_Login - PowerFolder/input_Recover password_Password' is visible

2020-04-11 00:12:54 - [MESSAGE][PASSED] - Object 'Object Repository/Login/Page_Login - PowerFolder/input_Recover password_Password' is visible

2020-04-11 00:12:54 - [TEST_STEP][PASSED] - assert isPresent: null

2020-04-11 00:12:54 - [TEST_STEP][PASSED] - setEncryptedText(findTestObject("Object Repository/Login/Page_Login - PowerFolder/input_Recover password_Password"), "8SQVv/p9jVScEs4/2CZsLw=="): Text ****** has been set on object 'Object Repository/Login/Page_Login - PowerFolder/input_Recover password_Password'

2020-04-11 00:12:55 - [MESSAGE][PASSED] - Text ****** has been set on object 'Object Repository/Login/Page_Login - PowerFolder/input_Recover password_Password'

2020-04-11 00:12:55 - [TEST_STEP][PASSED] - click(findTestObject("Object Repository/Login/Page_Login - PowerFolder/input_register new account_Login")): Object: 'Object Repository/Login/Page_Login - PowerFolder/input_register new account_Login' is clicked on

2020-04-11 00:13:00 - [MESSAGE][PASSED] - Object: 'Object Repository/Login/Page_Login - PowerFolder/input_register new account_Login' is clicked on

2020-04-11 00:13:00 - [TEST_STEP][PASSED] - assert getWindowTitle().equals("Dashboard - PowerFolder"): Current window's title is: 'Dashboard - PowerFolder'

2020-04-11 00:13:00 - [MESSAGE][PASSED] - Current window's title is: 'Dashboard - PowerFolder'

2020-04-11 00:13:00 - [TEST_STEP][PASSED] - navigateToUrl("https://lab.powerfolder.net:8666/folderstable"): Navigate to 'https://lab.powerfolder.net:8666/folderstable' successfully

2020-04-11 00:13:01 - [MESSAGE][PASSED] - Navigate to 'https://lab.powerfolder.net:8666/folderstable' successfully

2020-04-11 00:13:01 - [TEST_STEP][PASSED] - assert getWindowTitle().equals("Folders - PowerFolder"): Current window's title is: 'Folders - PowerFolder'

2020-04-11 00:13:01 - [MESSAGE][PASSED] - Current window's title is: 'Folders - PowerFolder'

2020-04-11 00:13:01 - [MESSAGE][PASSED] - Call Test Case 'Test Cases/Folders/Should Go to Folderstable' successfully

2020-04-11 00:13:01 - [TEST_STEP][PASSED] - folderName = RandomStringUtils.random(9, true, true): null

2020-04-11 00:13:01 - [TEST_STEP][PASSED] - click(findTestObject("Object Repository/Share/Page_Folders - PowerFolder/span_Paste_pica-glyph glyphicons glyphicons_ca92f0")): Object: 'Object Repository/Share/Page_Folders - PowerFolder/span_Paste_pica-glyph glyphicons glyphicons_ca92f0' is clicked on

2020-04-11 00:13:02 - [MESSAGE][PASSED] - Object: 'Object Repository/Share/Page_Folders - PowerFolder/span_Paste_pica-glyph glyphicons glyphicons_ca92f0' is clicked on

2020-04-11 00:13:02 - [TEST_STEP][PASSED] - click(findTestObject("Object Repository/Share/Page_Folders - PowerFolder/a_Create Folder                            _852e7b")): Object: 'Object Repository/Share/Page_Folders - PowerFolder/a_Create Folder                            _852e7b' is clicked on

2020-04-11 00:13:03 - [MESSAGE][PASSED] - Object: 'Object Repository/Share/Page_Folders - PowerFolder/a_Create Folder                            _852e7b' is clicked on

2020-04-11 00:13:03 - [TEST_STEP][PASSED] - setText(findTestObject("Object Repository/Share/Page_Folders - PowerFolder/input_Create a new Folder_pencil"), folderName): Text 'lLGiDewcR' is set on object 'Object Repository/Share/Page_Folders - PowerFolder/input_Create a new Folder_pencil'

2020-04-11 00:13:03 - [MESSAGE][PASSED] - Text 'lLGiDewcR' is set on object 'Object Repository/Share/Page_Folders - PowerFolder/input_Create a new Folder_pencil'

2020-04-11 00:13:03 - [TEST_STEP][PASSED] - sendKeys(findTestObject("Object Repository/Share/Page_Folders - PowerFolder/input_Create a new Folder_pencil"), Keys.chord(ENTER)): Keys 'ENTER + ' sent to object: 'Object Repository/Share/Page_Folders - PowerFolder/input_Create a new Folder_pencil'

2020-04-11 00:13:04 - [MESSAGE][PASSED] - Keys 'ENTER + ' sent to object: 'Object Repository/Share/Page_Folders - PowerFolder/input_Create a new Folder_pencil'

2020-04-11 00:13:04 - [TEST_STEP][PASSED] - btn = findShareButton(folderName): null

2020-04-11 00:13:04 - [TEST_STEP][PASSED] - driver = getWebDriver(): null

2020-04-11 00:13:04 - [TEST_STEP][PASSED] - return driver.findElement(org.openqa.selenium.By.xpath(//table[@id='files_files_table']/tbody/tr/td[2]/a[contains(text(),'$fileName')]/../../td[6]/a)): null

2020-04-11 00:13:05 - [TEST_STEP][PASSED] - executeJavaScript("arguments[0].click()", Arrays.asList(btn)): Execute JavaScript 'arguments[0].click()' successfully

2020-04-11 00:13:05 - [MESSAGE][PASSED] - Execute JavaScript 'arguments[0].click()' successfully

2020-04-11 00:13:05 - [TEST_STEP][PASSED] - mails = "a@a.com,b@b.com,c@c.com": null

2020-04-11 00:13:05 - [TEST_STEP][PASSED] - membersCount = getMembersCount(): null

2020-04-11 00:13:05 - [TEST_STEP][PASSED] - driver = getWebDriver(): null

2020-04-11 00:13:05 - [TEST_STEP][PASSED] - tbody = driver.findElement(By.xpath("//table[@id='share_table']/tbody")): null

2020-04-11 00:13:05 - [TEST_STEP][PASSED] - assert tbody: null

2020-04-11 00:13:05 - [TEST_STEP][PASSED] - rows_table = tbody.findElements(By.tagName("tr")): null

2020-04-11 00:13:06 - [TEST_STEP][PASSED] - return rows_table.size(): null

2020-04-11 00:13:06 - [TEST_STEP][PASSED] - setText(findTestObject("Object Repository/Share/Page_Folders - PowerFolder/input_Invite users and groups or create a l_797df6"), mails): Text 'a@a.com,b@b.com,c@c.com' is set on object 'Object Repository/Share/Page_Folders - PowerFolder/input_Invite users and groups or create a l_797df6'

2020-04-11 00:13:06 - [MESSAGE][PASSED] - Text 'a@a.com,b@b.com,c@c.com' is set on object 'Object Repository/Share/Page_Folders - PowerFolder/input_Invite users and groups or create a l_797df6'

2020-04-11 00:13:06 - [TEST_STEP][PASSED] - sendKeys(findTestObject("Object Repository/Share/Page_Folders - PowerFolder/input_Invite users and groups or create a l_797df6"), Keys.chord(ENTER)): Keys 'ENTER + ' sent to object: 'Object Repository/Share/Page_Folders - PowerFolder/input_Invite users and groups or create a l_797df6'

2020-04-11 00:13:07 - [MESSAGE][PASSED] - Keys 'ENTER + ' sent to object: 'Object Repository/Share/Page_Folders - PowerFolder/input_Invite users and groups or create a l_797df6'

2020-04-11 00:13:07 - [TEST_STEP][PASSED] - assert membersCount + 3 == getMembersCount(): null

2020-04-11 00:13:07 - [TEST_STEP][PASSED] - driver = getWebDriver(): null

2020-04-11 00:13:07 - [TEST_STEP][PASSED] - tbody = driver.findElement(By.xpath("//table[@id='share_table']/tbody")): null

2020-04-11 00:13:08 - [TEST_STEP][PASSED] - assert tbody: null

2020-04-11 00:13:08 - [TEST_STEP][PASSED] - rows_table = tbody.findElements(By.tagName("tr")): null

2020-04-11 00:13:08 - [TEST_STEP][PASSED] - return rows_table.size(): null

2020-04-11 00:13:08 - [TEST_STEP][PASSED] - closeBrowser(): Browser is closed

2020-04-11 00:13:08 - [MESSAGE][PASSED] - Browser is closed]]></system-out>
         <system-err><![CDATA[]]></system-err>
      </testcase>
      <testcase name="Test Cases/Share/Share folder with one email outlook format" time="18.125" classname="Test Cases/Share/Share folder with one email outlook format" status="PASSED">
         <system-out><![CDATA[2020-04-11 00:13:08 - [TEST_CASE][PASSED] - Test Cases/Share/Share folder with one email outlook format: Test Cases/Share/Share folder with one email outlook format

2020-04-11 00:13:08 - [TEST_STEP][PASSED] - callTestCase(findTestCase("Folders/Should Go to Folderstable"), [:], OPTIONAL): Call Test Case 'Test Cases/Folders/Should Go to Folderstable' successfully

2020-04-11 00:13:08 - [TEST_CASE][PASSED] - Test Cases/Folders/Should Go to Folderstable: Test Cases/Folders/Should Go to Folderstable

2020-04-11 00:13:08 - [TEST_STEP][PASSED] - openBrowser(""): Browser is opened with url: ''

2020-04-11 00:13:08 - [MESSAGE][INFO] - Starting 'Chrome' driver

2020-04-11 00:13:09 - [MESSAGE][PASSED] - Browser is opened with url: ''

2020-04-11 00:13:09 - [TEST_STEP][PASSED] - navigateToUrl("https://lab.powerfolder.net:8666/login"): Navigate to 'https://lab.powerfolder.net:8666/login' successfully

2020-04-11 00:13:15 - [MESSAGE][PASSED] - Navigate to 'https://lab.powerfolder.net:8666/login' successfully

2020-04-11 00:13:15 - [TEST_STEP][PASSED] - assert getWindowTitle().equals("Login - PowerFolder"): Current window's title is: 'Login - PowerFolder'

2020-04-11 00:13:15 - [MESSAGE][PASSED] - Current window's title is: 'Login - PowerFolder'

2020-04-11 00:13:15 - [TEST_STEP][PASSED] - setText(findTestObject("Object Repository/Login/Page_Login - PowerFolder/input_register new account_Username"), "admin"): Text 'admin' is set on object 'Object Repository/Login/Page_Login - PowerFolder/input_register new account_Username'

2020-04-11 00:13:16 - [MESSAGE][PASSED] - Text 'admin' is set on object 'Object Repository/Login/Page_Login - PowerFolder/input_register new account_Username'

2020-04-11 00:13:16 - [TEST_STEP][PASSED] - click(findTestObject("Object Repository/Login/Page_Login - PowerFolder/input_register new account_Login")): Object: 'Object Repository/Login/Page_Login - PowerFolder/input_register new account_Login' is clicked on

2020-04-11 00:13:16 - [MESSAGE][PASSED] - Object: 'Object Repository/Login/Page_Login - PowerFolder/input_register new account_Login' is clicked on

2020-04-11 00:13:16 - [TEST_STEP][PASSED] - isPresent = waitForElementVisible(findTestObject("Object Repository/Login/Page_Login - PowerFolder/input_Recover password_Password"), 2): Object 'Object Repository/Login/Page_Login - PowerFolder/input_Recover password_Password' is visible

2020-04-11 00:13:17 - [MESSAGE][PASSED] - Object 'Object Repository/Login/Page_Login - PowerFolder/input_Recover password_Password' is visible

2020-04-11 00:13:17 - [TEST_STEP][PASSED] - assert isPresent: null

2020-04-11 00:13:17 - [TEST_STEP][PASSED] - setEncryptedText(findTestObject("Object Repository/Login/Page_Login - PowerFolder/input_Recover password_Password"), "8SQVv/p9jVScEs4/2CZsLw=="): Text ****** has been set on object 'Object Repository/Login/Page_Login - PowerFolder/input_Recover password_Password'

2020-04-11 00:13:17 - [MESSAGE][PASSED] - Text ****** has been set on object 'Object Repository/Login/Page_Login - PowerFolder/input_Recover password_Password'

2020-04-11 00:13:17 - [TEST_STEP][PASSED] - click(findTestObject("Object Repository/Login/Page_Login - PowerFolder/input_register new account_Login")): Object: 'Object Repository/Login/Page_Login - PowerFolder/input_register new account_Login' is clicked on

2020-04-11 00:13:19 - [MESSAGE][PASSED] - Object: 'Object Repository/Login/Page_Login - PowerFolder/input_register new account_Login' is clicked on

2020-04-11 00:13:19 - [TEST_STEP][PASSED] - assert getWindowTitle().equals("Dashboard - PowerFolder"): Current window's title is: 'Dashboard - PowerFolder'

2020-04-11 00:13:19 - [MESSAGE][PASSED] - Current window's title is: 'Dashboard - PowerFolder'

2020-04-11 00:13:19 - [TEST_STEP][PASSED] - navigateToUrl("https://lab.powerfolder.net:8666/folderstable"): Navigate to 'https://lab.powerfolder.net:8666/folderstable' successfully

2020-04-11 00:13:20 - [MESSAGE][PASSED] - Navigate to 'https://lab.powerfolder.net:8666/folderstable' successfully

2020-04-11 00:13:20 - [TEST_STEP][PASSED] - assert getWindowTitle().equals("Folders - PowerFolder"): Current window's title is: 'Folders - PowerFolder'

2020-04-11 00:13:20 - [MESSAGE][PASSED] - Current window's title is: 'Folders - PowerFolder'

2020-04-11 00:13:20 - [MESSAGE][PASSED] - Call Test Case 'Test Cases/Folders/Should Go to Folderstable' successfully

2020-04-11 00:13:20 - [TEST_STEP][PASSED] - folderName = RandomStringUtils.random(9, true, true): null

2020-04-11 00:13:20 - [TEST_STEP][PASSED] - click(findTestObject("Object Repository/Share/Page_Folders - PowerFolder/span_Paste_pica-glyph glyphicons glyphicons_ca92f0")): Object: 'Object Repository/Share/Page_Folders - PowerFolder/span_Paste_pica-glyph glyphicons glyphicons_ca92f0' is clicked on

2020-04-11 00:13:21 - [MESSAGE][PASSED] - Object: 'Object Repository/Share/Page_Folders - PowerFolder/span_Paste_pica-glyph glyphicons glyphicons_ca92f0' is clicked on

2020-04-11 00:13:21 - [TEST_STEP][PASSED] - click(findTestObject("Object Repository/Share/Page_Folders - PowerFolder/a_Create Folder                            _852e7b")): Object: 'Object Repository/Share/Page_Folders - PowerFolder/a_Create Folder                            _852e7b' is clicked on

2020-04-11 00:13:21 - [MESSAGE][PASSED] - Object: 'Object Repository/Share/Page_Folders - PowerFolder/a_Create Folder                            _852e7b' is clicked on

2020-04-11 00:13:21 - [TEST_STEP][PASSED] - setText(findTestObject("Object Repository/Share/Page_Folders - PowerFolder/input_Create a new Folder_pencil"), folderName): Text 'jofEkRbdx' is set on object 'Object Repository/Share/Page_Folders - PowerFolder/input_Create a new Folder_pencil'

2020-04-11 00:13:22 - [MESSAGE][PASSED] - Text 'jofEkRbdx' is set on object 'Object Repository/Share/Page_Folders - PowerFolder/input_Create a new Folder_pencil'

2020-04-11 00:13:22 - [TEST_STEP][PASSED] - sendKeys(findTestObject("Object Repository/Share/Page_Folders - PowerFolder/input_Create a new Folder_pencil"), Keys.chord(ENTER)): Keys 'ENTER + ' sent to object: 'Object Repository/Share/Page_Folders - PowerFolder/input_Create a new Folder_pencil'

2020-04-11 00:13:22 - [MESSAGE][PASSED] - Keys 'ENTER + ' sent to object: 'Object Repository/Share/Page_Folders - PowerFolder/input_Create a new Folder_pencil'

2020-04-11 00:13:22 - [TEST_STEP][PASSED] - btn = findShareButton(folderName): null

2020-04-11 00:13:22 - [TEST_STEP][PASSED] - driver = getWebDriver(): null

2020-04-11 00:13:22 - [TEST_STEP][PASSED] - return driver.findElement(org.openqa.selenium.By.xpath(//table[@id='files_files_table']/tbody/tr/td[2]/a[contains(text(),'$fileName')]/../../td[6]/a)): null

2020-04-11 00:13:24 - [TEST_STEP][PASSED] - executeJavaScript("arguments[0].click()", Arrays.asList(btn)): Execute JavaScript 'arguments[0].click()' successfully

2020-04-11 00:13:24 - [MESSAGE][PASSED] - Execute JavaScript 'arguments[0].click()' successfully

2020-04-11 00:13:24 - [TEST_STEP][PASSED] - mail = ${ -> ... } <${ -> ... }@outlook.com>: null

2020-04-11 00:13:24 - [TEST_STEP][PASSED] - setText(findTestObject("Object Repository/Share/Page_Folders - PowerFolder/input_Invite users and groups or create a l_797df6"), mail): Text 'jofEkRbdx <jofEkRbdx@outlook.com>' is set on object 'Object Repository/Share/Page_Folders - PowerFolder/input_Invite users and groups or create a l_797df6'

2020-04-11 00:13:25 - [MESSAGE][PASSED] - Text 'jofEkRbdx <jofEkRbdx@outlook.com>' is set on object 'Object Repository/Share/Page_Folders - PowerFolder/input_Invite users and groups or create a l_797df6'

2020-04-11 00:13:25 - [TEST_STEP][PASSED] - sendKeys(findTestObject("Object Repository/Share/Page_Folders - PowerFolder/input_Invite users and groups or create a l_797df6"), Keys.chord(ENTER)): Keys 'ENTER + ' sent to object: 'Object Repository/Share/Page_Folders - PowerFolder/input_Invite users and groups or create a l_797df6'

2020-04-11 00:13:25 - [MESSAGE][PASSED] - Keys 'ENTER + ' sent to object: 'Object Repository/Share/Page_Folders - PowerFolder/input_Invite users and groups or create a l_797df6'

2020-04-11 00:13:25 - [TEST_STEP][PASSED] - verifyElementText(findTestObject("Object Repository/Share/Page_Folders - PowerFolder/td_usermailcom"), folderName): Actual text and expected text of test object 'Object Repository/Share/Page_Folders - PowerFolder/td_usermailcom' are matched.

2020-04-11 00:13:26 - [MESSAGE][PASSED] - Actual text and expected text of test object 'Object Repository/Share/Page_Folders - PowerFolder/td_usermailcom' are matched.

2020-04-11 00:13:26 - [TEST_STEP][PASSED] - closeBrowser(): Browser is closed

2020-04-11 00:13:26 - [MESSAGE][PASSED] - Browser is closed]]></system-out>
         <system-err><![CDATA[]]></system-err>
      </testcase>
      <testcase name="Test Cases/Share/Share folder with Multiple emails semi colon" time="21.288" classname="Test Cases/Share/Share folder with Multiple emails semi colon" status="PASSED">
         <system-out><![CDATA[2020-04-11 00:13:26 - [TEST_CASE][PASSED] - Test Cases/Share/Share folder with Multiple emails semi colon: Test Cases/Share/Share folder with Multiple emails semi colon

2020-04-11 00:13:26 - [TEST_STEP][PASSED] - callTestCase(findTestCase("Folders/Should Go to Folderstable"), [:], OPTIONAL): Call Test Case 'Test Cases/Folders/Should Go to Folderstable' successfully

2020-04-11 00:13:26 - [TEST_CASE][PASSED] - Test Cases/Folders/Should Go to Folderstable: Test Cases/Folders/Should Go to Folderstable

2020-04-11 00:13:26 - [TEST_STEP][PASSED] - openBrowser(""): Browser is opened with url: ''

2020-04-11 00:13:26 - [MESSAGE][INFO] - Starting 'Chrome' driver

2020-04-11 00:13:27 - [MESSAGE][PASSED] - Browser is opened with url: ''

2020-04-11 00:13:27 - [TEST_STEP][PASSED] - navigateToUrl("https://lab.powerfolder.net:8666/login"): Navigate to 'https://lab.powerfolder.net:8666/login' successfully

2020-04-11 00:13:32 - [MESSAGE][PASSED] - Navigate to 'https://lab.powerfolder.net:8666/login' successfully

2020-04-11 00:13:32 - [TEST_STEP][PASSED] - assert getWindowTitle().equals("Login - PowerFolder"): Current window's title is: 'Login - PowerFolder'

2020-04-11 00:13:32 - [MESSAGE][PASSED] - Current window's title is: 'Login - PowerFolder'

2020-04-11 00:13:32 - [TEST_STEP][PASSED] - setText(findTestObject("Object Repository/Login/Page_Login - PowerFolder/input_register new account_Username"), "admin"): Text 'admin' is set on object 'Object Repository/Login/Page_Login - PowerFolder/input_register new account_Username'

2020-04-11 00:13:32 - [MESSAGE][PASSED] - Text 'admin' is set on object 'Object Repository/Login/Page_Login - PowerFolder/input_register new account_Username'

2020-04-11 00:13:32 - [TEST_STEP][PASSED] - click(findTestObject("Object Repository/Login/Page_Login - PowerFolder/input_register new account_Login")): Object: 'Object Repository/Login/Page_Login - PowerFolder/input_register new account_Login' is clicked on

2020-04-11 00:13:33 - [MESSAGE][PASSED] - Object: 'Object Repository/Login/Page_Login - PowerFolder/input_register new account_Login' is clicked on

2020-04-11 00:13:33 - [TEST_STEP][PASSED] - isPresent = waitForElementVisible(findTestObject("Object Repository/Login/Page_Login - PowerFolder/input_Recover password_Password"), 2): Object 'Object Repository/Login/Page_Login - PowerFolder/input_Recover password_Password' is visible

2020-04-11 00:13:34 - [MESSAGE][PASSED] - Object 'Object Repository/Login/Page_Login - PowerFolder/input_Recover password_Password' is visible

2020-04-11 00:13:34 - [TEST_STEP][PASSED] - assert isPresent: null

2020-04-11 00:13:34 - [TEST_STEP][PASSED] - setEncryptedText(findTestObject("Object Repository/Login/Page_Login - PowerFolder/input_Recover password_Password"), "8SQVv/p9jVScEs4/2CZsLw=="): Text ****** has been set on object 'Object Repository/Login/Page_Login - PowerFolder/input_Recover password_Password'

2020-04-11 00:13:34 - [MESSAGE][PASSED] - Text ****** has been set on object 'Object Repository/Login/Page_Login - PowerFolder/input_Recover password_Password'

2020-04-11 00:13:34 - [TEST_STEP][PASSED] - click(findTestObject("Object Repository/Login/Page_Login - PowerFolder/input_register new account_Login")): Object: 'Object Repository/Login/Page_Login - PowerFolder/input_register new account_Login' is clicked on

2020-04-11 00:13:37 - [MESSAGE][PASSED] - Object: 'Object Repository/Login/Page_Login - PowerFolder/input_register new account_Login' is clicked on

2020-04-11 00:13:37 - [TEST_STEP][PASSED] - assert getWindowTitle().equals("Dashboard - PowerFolder"): Current window's title is: 'Dashboard - PowerFolder'

2020-04-11 00:13:37 - [MESSAGE][PASSED] - Current window's title is: 'Dashboard - PowerFolder'

2020-04-11 00:13:37 - [TEST_STEP][PASSED] - navigateToUrl("https://lab.powerfolder.net:8666/folderstable"): Navigate to 'https://lab.powerfolder.net:8666/folderstable' successfully

2020-04-11 00:13:39 - [MESSAGE][PASSED] - Navigate to 'https://lab.powerfolder.net:8666/folderstable' successfully

2020-04-11 00:13:39 - [TEST_STEP][PASSED] - assert getWindowTitle().equals("Folders - PowerFolder"): Current window's title is: 'Folders - PowerFolder'

2020-04-11 00:13:39 - [MESSAGE][PASSED] - Current window's title is: 'Folders - PowerFolder'

2020-04-11 00:13:39 - [MESSAGE][PASSED] - Call Test Case 'Test Cases/Folders/Should Go to Folderstable' successfully

2020-04-11 00:13:39 - [TEST_STEP][PASSED] - folderName = RandomStringUtils.random(9, true, true): null

2020-04-11 00:13:39 - [TEST_STEP][PASSED] - click(findTestObject("Object Repository/Share/Page_Folders - PowerFolder/span_Paste_pica-glyph glyphicons glyphicons_ca92f0")): Object: 'Object Repository/Share/Page_Folders - PowerFolder/span_Paste_pica-glyph glyphicons glyphicons_ca92f0' is clicked on

2020-04-11 00:13:40 - [MESSAGE][PASSED] - Object: 'Object Repository/Share/Page_Folders - PowerFolder/span_Paste_pica-glyph glyphicons glyphicons_ca92f0' is clicked on

2020-04-11 00:13:40 - [TEST_STEP][PASSED] - click(findTestObject("Object Repository/Share/Page_Folders - PowerFolder/a_Create Folder                            _852e7b")): Object: 'Object Repository/Share/Page_Folders - PowerFolder/a_Create Folder                            _852e7b' is clicked on

2020-04-11 00:13:41 - [MESSAGE][PASSED] - Object: 'Object Repository/Share/Page_Folders - PowerFolder/a_Create Folder                            _852e7b' is clicked on

2020-04-11 00:13:41 - [TEST_STEP][PASSED] - setText(findTestObject("Object Repository/Share/Page_Folders - PowerFolder/input_Create a new Folder_pencil"), folderName): Text 'aIRJ3rLDO' is set on object 'Object Repository/Share/Page_Folders - PowerFolder/input_Create a new Folder_pencil'

2020-04-11 00:13:41 - [MESSAGE][PASSED] - Text 'aIRJ3rLDO' is set on object 'Object Repository/Share/Page_Folders - PowerFolder/input_Create a new Folder_pencil'

2020-04-11 00:13:41 - [TEST_STEP][PASSED] - sendKeys(findTestObject("Object Repository/Share/Page_Folders - PowerFolder/input_Create a new Folder_pencil"), Keys.chord(ENTER)): Keys 'ENTER + ' sent to object: 'Object Repository/Share/Page_Folders - PowerFolder/input_Create a new Folder_pencil'

2020-04-11 00:13:42 - [MESSAGE][PASSED] - Keys 'ENTER + ' sent to object: 'Object Repository/Share/Page_Folders - PowerFolder/input_Create a new Folder_pencil'

2020-04-11 00:13:42 - [TEST_STEP][PASSED] - btn = findShareButton(folderName): null

2020-04-11 00:13:42 - [TEST_STEP][PASSED] - driver = getWebDriver(): null

2020-04-11 00:13:42 - [TEST_STEP][PASSED] - return driver.findElement(org.openqa.selenium.By.xpath(//table[@id='files_files_table']/tbody/tr/td[2]/a[contains(text(),'$fileName')]/../../td[6]/a)): null

2020-04-11 00:13:43 - [TEST_STEP][PASSED] - executeJavaScript("arguments[0].click()", Arrays.asList(btn)): Execute JavaScript 'arguments[0].click()' successfully

2020-04-11 00:13:43 - [MESSAGE][PASSED] - Execute JavaScript 'arguments[0].click()' successfully

2020-04-11 00:13:43 - [TEST_STEP][PASSED] - mails = "a@a.com;b@b.com;c@c.com": null

2020-04-11 00:13:43 - [TEST_STEP][PASSED] - membersCount = getMembersCount(): null

2020-04-11 00:13:43 - [TEST_STEP][PASSED] - driver = getWebDriver(): null

2020-04-11 00:13:43 - [TEST_STEP][PASSED] - tbody = driver.findElement(By.xpath("//table[@id='share_table']/tbody")): null

2020-04-11 00:13:45 - [TEST_STEP][PASSED] - assert tbody: null

2020-04-11 00:13:45 - [TEST_STEP][PASSED] - rows_table = tbody.findElements(By.tagName("tr")): null

2020-04-11 00:13:45 - [TEST_STEP][PASSED] - return rows_table.size(): null

2020-04-11 00:13:45 - [TEST_STEP][PASSED] - setText(findTestObject("Object Repository/Share/Page_Folders - PowerFolder/input_Invite users and groups or create a l_797df6"), mails): Text 'a@a.com;b@b.com;c@c.com' is set on object 'Object Repository/Share/Page_Folders - PowerFolder/input_Invite users and groups or create a l_797df6'

2020-04-11 00:13:46 - [MESSAGE][PASSED] - Text 'a@a.com;b@b.com;c@c.com' is set on object 'Object Repository/Share/Page_Folders - PowerFolder/input_Invite users and groups or create a l_797df6'

2020-04-11 00:13:46 - [TEST_STEP][PASSED] - sendKeys(findTestObject("Object Repository/Share/Page_Folders - PowerFolder/input_Invite users and groups or create a l_797df6"), Keys.chord(ENTER)): Keys 'ENTER + ' sent to object: 'Object Repository/Share/Page_Folders - PowerFolder/input_Invite users and groups or create a l_797df6'

2020-04-11 00:13:46 - [MESSAGE][PASSED] - Keys 'ENTER + ' sent to object: 'Object Repository/Share/Page_Folders - PowerFolder/input_Invite users and groups or create a l_797df6'

2020-04-11 00:13:46 - [TEST_STEP][PASSED] - assert membersCount + 3 == getMembersCount(): null

2020-04-11 00:13:46 - [TEST_STEP][PASSED] - driver = getWebDriver(): null

2020-04-11 00:13:46 - [TEST_STEP][PASSED] - tbody = driver.findElement(By.xpath("//table[@id='share_table']/tbody")): null

2020-04-11 00:13:47 - [TEST_STEP][PASSED] - assert tbody: null

2020-04-11 00:13:47 - [TEST_STEP][PASSED] - rows_table = tbody.findElements(By.tagName("tr")): null

2020-04-11 00:13:47 - [TEST_STEP][PASSED] - return rows_table.size(): null

2020-04-11 00:13:47 - [TEST_STEP][PASSED] - closeBrowser(): Browser is closed

2020-04-11 00:13:47 - [MESSAGE][PASSED] - Browser is closed]]></system-out>
         <system-err><![CDATA[]]></system-err>
      </testcase>
      <system-out><![CDATA[2020-04-11 00:11:33 - [TEST_SUITE][PASSED] - Folder Share: Test Cases/Share/Share folder with Multiple emails semi colon]]></system-out>
      <system-err><![CDATA[]]></system-err>
   </testsuite>
</testsuites>
