<?xml version="1.0" encoding="UTF-8"?>
<testsuites name="Folder Share" time="293.87" tests="18" failures="6" errors="0">
   <testsuite name="Folder Share" tests="18" failures="6" errors="0" time="293.87" timestamp="2020-07-21 20:43:00" hostname="mac - localhost" id="Test Suites/Folder Share">
      <properties>
         <property name="deviceName" value=""/>
         <property name="devicePlatform" value=""/>
         <property name="logFolder" value="/Users/mac/Documents/PF-WEBTEST/Reports/20200721_204258/Folder Share/20200721_204258"/>
         <property name="logFiles" value="/Users/mac/Documents/PF-WEBTEST/Reports/20200721_204258/Folder Share/20200721_204258/execution0.log"/>
         <property name="attachments" value="/Users/mac/Documents/PF-WEBTEST/Reports/20200721_204258/Folder Share/20200721_204258/1595360856141.png"/>
         <property name="hostName" value="mac - localhost"/>
         <property name="os" value="Mac OS X 64bit"/>
         <property name="katalonVersion" value="7.2.1.1"/>
         <property name="browser" value="Firefox 76.0"/>
         <property name="hostAddress" value="127.0.0.1"/>
         <property name="sessionId" value="82ec97b3-550d-fd40-9e37-c94da5588996"/>
         <property name="seleniumVersion" value="3.141.59"/>
         <property name="proxyInformation" value="ProxyInformation{proxyOption=NO_PROXY, proxyServerType=HTTP, password=, proxyServerAddress=, proxyServerPort=0, executionList=}"/>
         <property name="platform" value="Mac OS X"/>
      </properties>
      <testcase name="Test Cases/Share/Share Using plus button/Share Folder With one email adress" time="17.448" classname="Test Cases/Share/Share Using plus button/Share Folder With one email adress" status="PASSED">
         <system-out><![CDATA[2020-07-21 20:43:00 - [TEST_CASE][PASSED] - Test Cases/Share/Share Using plus button/Share Folder With one email adress: Test Cases/Share/Share Using plus button/Share Folder With one email adress

2020-07-21 20:43:01 - [TEST_STEP][PASSED] - callTestCase(findTestCase("Folders/Should Go to Folderstable"), [:], OPTIONAL): Call Test Case 'Test Cases/Folders/Should Go to Folderstable' successfully

2020-07-21 20:43:01 - [TEST_CASE][PASSED] - Test Cases/Folders/Should Go to Folderstable: Test Cases/Folders/Should Go to Folderstable

2020-07-21 20:43:01 - [TEST_STEP][PASSED] - openBrowser(""): Browser is opened with url: ''

2020-07-21 20:43:01 - [MESSAGE][INFO] - Starting 'Firefox' driver

2020-07-21 20:43:01 - [MESSAGE][INFO] - Action delay is set to 0 seconds

2020-07-21 20:43:05 - [MESSAGE][PASSED] - Browser is opened with url: ''

2020-07-21 20:43:05 - [TEST_STEP][PASSED] - navigateToUrl(URL): Navigate to 'https://lab.powerfolder.net:8666/login' successfully

2020-07-21 20:43:07 - [MESSAGE][PASSED] - Navigate to 'https://lab.powerfolder.net:8666/login' successfully

2020-07-21 20:43:07 - [TEST_STEP][PASSED] - assert getWindowTitle().equals("Login - PowerFolder"): Current window's title is: 'Login - PowerFolder'

2020-07-21 20:43:07 - [MESSAGE][PASSED] - Current window's title is: 'Login - PowerFolder'

2020-07-21 20:43:07 - [TEST_STEP][PASSED] - setText(findTestObject("Object Repository/Login/Page_Login - PowerFolder/input_register new account_Username"), Username): Text 'admin' is set on object 'Object Repository/Login/Page_Login - PowerFolder/input_register new account_Username'

2020-07-21 20:43:07 - [MESSAGE][PASSED] - Text 'admin' is set on object 'Object Repository/Login/Page_Login - PowerFolder/input_register new account_Username'

2020-07-21 20:43:07 - [TEST_STEP][PASSED] - click(findTestObject("Object Repository/Login/Page_Login - PowerFolder/input_register new account_Login")): Object: 'Object Repository/Login/Page_Login - PowerFolder/input_register new account_Login' is clicked on

2020-07-21 20:43:08 - [MESSAGE][PASSED] - Object: 'Object Repository/Login/Page_Login - PowerFolder/input_register new account_Login' is clicked on

2020-07-21 20:43:08 - [TEST_STEP][PASSED] - isPresent = waitForElementVisible(findTestObject("Object Repository/Login/Page_Login - PowerFolder/input_Recover password_Password"), 2): Object 'Object Repository/Login/Page_Login - PowerFolder/input_Recover password_Password' is visible

2020-07-21 20:43:08 - [MESSAGE][PASSED] - Object 'Object Repository/Login/Page_Login - PowerFolder/input_Recover password_Password' is visible

2020-07-21 20:43:08 - [TEST_STEP][PASSED] - assert isPresent: null

2020-07-21 20:43:08 - [TEST_STEP][PASSED] - setText(findTestObject("Object Repository/Login/Page_Login - PowerFolder/input_Recover password_Password"), Password): Text 'password' is set on object 'Object Repository/Login/Page_Login - PowerFolder/input_Recover password_Password'

2020-07-21 20:43:09 - [MESSAGE][PASSED] - Text 'password' is set on object 'Object Repository/Login/Page_Login - PowerFolder/input_Recover password_Password'

2020-07-21 20:43:09 - [TEST_STEP][PASSED] - click(findTestObject("Object Repository/Login/Page_Login - PowerFolder/input_register new account_Login")): Object: 'Object Repository/Login/Page_Login - PowerFolder/input_register new account_Login' is clicked on

2020-07-21 20:43:10 - [MESSAGE][PASSED] - Object: 'Object Repository/Login/Page_Login - PowerFolder/input_register new account_Login' is clicked on

2020-07-21 20:43:10 - [TEST_STEP][PASSED] - assert getWindowTitle().equals("Dashboard - PowerFolder"): Current window's title is: 'Dashboard - PowerFolder'

2020-07-21 20:43:10 - [MESSAGE][PASSED] - Current window's title is: 'Dashboard - PowerFolder'

2020-07-21 20:43:10 - [TEST_STEP][PASSED] - click(findTestObject("Object Repository/Folders/Page_Folders - PowerFolder/lang_Folders")): Object: 'Object Repository/Folders/Page_Folders - PowerFolder/lang_Folders' is clicked on

2020-07-21 20:43:11 - [MESSAGE][PASSED] - Object: 'Object Repository/Folders/Page_Folders - PowerFolder/lang_Folders' is clicked on

2020-07-21 20:43:11 - [TEST_STEP][PASSED] - assert getWindowTitle().equals("Folders - PowerFolder"): Current window's title is: 'Folders - PowerFolder'

2020-07-21 20:43:11 - [MESSAGE][PASSED] - Current window's title is: 'Folders - PowerFolder'

2020-07-21 20:43:11 - [MESSAGE][PASSED] - Call Test Case 'Test Cases/Folders/Should Go to Folderstable' successfully

2020-07-21 20:43:11 - [TEST_STEP][PASSED] - folderName = RandomStringUtils.random(9, true, true): null

2020-07-21 20:43:11 - [TEST_STEP][PASSED] - click(findTestObject("Object Repository/Share/Page_Folders - PowerFolder/span_Paste_pica-glyph glyphicons glyphicons_ca92f0")): Object: 'Object Repository/Share/Page_Folders - PowerFolder/span_Paste_pica-glyph glyphicons glyphicons_ca92f0' is clicked on

2020-07-21 20:43:12 - [MESSAGE][PASSED] - Object: 'Object Repository/Share/Page_Folders - PowerFolder/span_Paste_pica-glyph glyphicons glyphicons_ca92f0' is clicked on

2020-07-21 20:43:12 - [TEST_STEP][PASSED] - click(findTestObject("Object Repository/Share/Page_Folders - PowerFolder/a_Create Folder                            _852e7b")): Object: 'Object Repository/Share/Page_Folders - PowerFolder/a_Create Folder                            _852e7b' is clicked on

2020-07-21 20:43:12 - [MESSAGE][PASSED] - Object: 'Object Repository/Share/Page_Folders - PowerFolder/a_Create Folder                            _852e7b' is clicked on

2020-07-21 20:43:12 - [TEST_STEP][PASSED] - setText(findTestObject("Object Repository/Share/Page_Folders - PowerFolder/input_Create a new Folder_pencil"), folderName): Text 'AHvnQbsQo' is set on object 'Object Repository/Share/Page_Folders - PowerFolder/input_Create a new Folder_pencil'

2020-07-21 20:43:13 - [MESSAGE][PASSED] - Text 'AHvnQbsQo' is set on object 'Object Repository/Share/Page_Folders - PowerFolder/input_Create a new Folder_pencil'

2020-07-21 20:43:13 - [TEST_STEP][PASSED] - sendKeys(findTestObject("Object Repository/Share/Page_Folders - PowerFolder/input_Create a new Folder_pencil"), Keys.chord(ENTER)): Keys 'ENTER + ' sent to object: 'Object Repository/Share/Page_Folders - PowerFolder/input_Create a new Folder_pencil'

2020-07-21 20:43:13 - [MESSAGE][PASSED] - Keys 'ENTER + ' sent to object: 'Object Repository/Share/Page_Folders - PowerFolder/input_Create a new Folder_pencil'

2020-07-21 20:43:13 - [TEST_STEP][PASSED] - btn = findShareButton(folderName): null

2020-07-21 20:43:13 - [TEST_STEP][PASSED] - driver = getWebDriver(): null

2020-07-21 20:43:13 - [TEST_STEP][PASSED] - return driver.findElement(org.openqa.selenium.By.xpath(//table[@id='files_files_table']/tbody/tr/td[2]/a[contains(text(),'$fileName')]/../../td[6]/a)): null

2020-07-21 20:43:14 - [TEST_STEP][PASSED] - executeJavaScript("arguments[0].click()", Arrays.asList(btn)): Execute JavaScript 'arguments[0].click()' successfully

2020-07-21 20:43:14 - [MESSAGE][PASSED] - Execute JavaScript 'arguments[0].click()' successfully

2020-07-21 20:43:14 - [TEST_STEP][PASSED] - mail = "user@mail.com": null

2020-07-21 20:43:14 - [TEST_STEP][PASSED] - setText(findTestObject("Object Repository/Share/Page_Folders - PowerFolder/input_Invite users and groups or create a l_797df6"), mail): Text 'user@mail.com' is set on object 'Object Repository/Share/Page_Folders - PowerFolder/input_Invite users and groups or create a l_797df6'

2020-07-21 20:43:15 - [MESSAGE][PASSED] - Text 'user@mail.com' is set on object 'Object Repository/Share/Page_Folders - PowerFolder/input_Invite users and groups or create a l_797df6'

2020-07-21 20:43:15 - [TEST_STEP][PASSED] - click(findTestObject("Object Repository/Share/Page_Folders - PowerFolder/button_Can administrate_pica-taginput-butto_3eb2fe")): Object: 'Object Repository/Share/Page_Folders - PowerFolder/button_Can administrate_pica-taginput-butto_3eb2fe' is clicked on

2020-07-21 20:43:15 - [MESSAGE][PASSED] - Object: 'Object Repository/Share/Page_Folders - PowerFolder/button_Can administrate_pica-taginput-butto_3eb2fe' is clicked on

2020-07-21 20:43:15 - [TEST_STEP][PASSED] - verifyElementText(findTestObject("Object Repository/Share/Page_Folders - PowerFolder/td_usermailcom"), mail): Actual text and expected text of test object 'Object Repository/Share/Page_Folders - PowerFolder/td_usermailcom' are matched.

2020-07-21 20:43:16 - [MESSAGE][PASSED] - Actual text and expected text of test object 'Object Repository/Share/Page_Folders - PowerFolder/td_usermailcom' are matched.

2020-07-21 20:43:16 - [TEST_STEP][PASSED] - closeBrowser(): Browser is closed

2020-07-21 20:43:17 - [MESSAGE][PASSED] - Browser is closed]]></system-out>
         <system-err><![CDATA[]]></system-err>
      </testcase>
      <testcase name="Test Cases/Share/Share Using plus button/Share folder with Multiple emails semi colon" time="14.0" classname="Test Cases/Share/Share Using plus button/Share folder with Multiple emails semi colon" status="FAILED">
         <failure type="FAILED" message="Test Cases/Share/Share Using plus button/Share folder with Multiple emails semi colon FAILED.
Reason:
Assertion failed: 

assert membersCount+3 == getMembersCount()
       |           |  |  |
       1           4  |  1
                      false

	at Share folder with Multiple emails semi colon.run(Share folder with Multiple emails semi colon:50)
	at com.kms.katalon.core.main.ScriptEngine.run(ScriptEngine.java:194)
	at com.kms.katalon.core.main.ScriptEngine.runScriptAsRawText(ScriptEngine.java:119)
	at com.kms.katalon.core.main.TestCaseExecutor.runScript(TestCaseExecutor.java:337)
	at com.kms.katalon.core.main.TestCaseExecutor.doExecute(TestCaseExecutor.java:328)
	at com.kms.katalon.core.main.TestCaseExecutor.processExecutionPhase(TestCaseExecutor.java:307)
	at com.kms.katalon.core.main.TestCaseExecutor.accessMainPhase(TestCaseExecutor.java:299)
	at com.kms.katalon.core.main.TestCaseExecutor.execute(TestCaseExecutor.java:233)
	at com.kms.katalon.core.main.TestSuiteExecutor.accessTestCaseMainPhase(TestSuiteExecutor.java:169)
	at com.kms.katalon.core.main.TestSuiteExecutor.accessTestSuiteMainPhase(TestSuiteExecutor.java:142)
	at com.kms.katalon.core.main.TestSuiteExecutor.execute(TestSuiteExecutor.java:91)
	at com.kms.katalon.core.main.TestCaseMain.startTestSuite(TestCaseMain.java:157)
	at com.kms.katalon.core.main.TestCaseMain$startTestSuite$0.call(Unknown Source)
	at TempTestSuite1595360578386.run(TempTestSuite1595360578386.groovy:36)
"/>
         <system-out><![CDATA[2020-07-21 20:43:17 - [TEST_CASE][FAILED] - Test Cases/Share/Share Using plus button/Share folder with Multiple emails semi colon: Test Cases/Share/Share Using plus button/Share folder with Multiple emails semi colon FAILED.
Reason:
Assertion failed: 

assert membersCount+3 == getMembersCount()
       |           |  |  |
       1           4  |  1
                      false

	at Share folder with Multiple emails semi colon.run(Share folder with Multiple emails semi colon:50)
	at com.kms.katalon.core.main.ScriptEngine.run(ScriptEngine.java:194)
	at com.kms.katalon.core.main.ScriptEngine.runScriptAsRawText(ScriptEngine.java:119)
	at com.kms.katalon.core.main.TestCaseExecutor.runScript(TestCaseExecutor.java:337)
	at com.kms.katalon.core.main.TestCaseExecutor.doExecute(TestCaseExecutor.java:328)
	at com.kms.katalon.core.main.TestCaseExecutor.processExecutionPhase(TestCaseExecutor.java:307)
	at com.kms.katalon.core.main.TestCaseExecutor.accessMainPhase(TestCaseExecutor.java:299)
	at com.kms.katalon.core.main.TestCaseExecutor.execute(TestCaseExecutor.java:233)
	at com.kms.katalon.core.main.TestSuiteExecutor.accessTestCaseMainPhase(TestSuiteExecutor.java:169)
	at com.kms.katalon.core.main.TestSuiteExecutor.accessTestSuiteMainPhase(TestSuiteExecutor.java:142)
	at com.kms.katalon.core.main.TestSuiteExecutor.execute(TestSuiteExecutor.java:91)
	at com.kms.katalon.core.main.TestCaseMain.startTestSuite(TestCaseMain.java:157)
	at com.kms.katalon.core.main.TestCaseMain$startTestSuite$0.call(Unknown Source)
	at TempTestSuite1595360578386.run(TempTestSuite1595360578386.groovy:36)


2020-07-21 20:43:18 - [TEST_STEP][PASSED] - callTestCase(findTestCase("Folders/Should Go to Folderstable"), [:], OPTIONAL): Call Test Case 'Test Cases/Folders/Should Go to Folderstable' successfully

2020-07-21 20:43:18 - [TEST_CASE][PASSED] - Test Cases/Folders/Should Go to Folderstable: Test Cases/Folders/Should Go to Folderstable

2020-07-21 20:43:18 - [TEST_STEP][PASSED] - openBrowser(""): Browser is opened with url: ''

2020-07-21 20:43:18 - [MESSAGE][INFO] - Starting 'Firefox' driver

2020-07-21 20:43:20 - [MESSAGE][PASSED] - Browser is opened with url: ''

2020-07-21 20:43:20 - [TEST_STEP][PASSED] - navigateToUrl(URL): Navigate to 'https://lab.powerfolder.net:8666/login' successfully

2020-07-21 20:43:22 - [MESSAGE][PASSED] - Navigate to 'https://lab.powerfolder.net:8666/login' successfully

2020-07-21 20:43:22 - [TEST_STEP][PASSED] - assert getWindowTitle().equals("Login - PowerFolder"): Current window's title is: 'Login - PowerFolder'

2020-07-21 20:43:22 - [MESSAGE][PASSED] - Current window's title is: 'Login - PowerFolder'

2020-07-21 20:43:22 - [TEST_STEP][PASSED] - setText(findTestObject("Object Repository/Login/Page_Login - PowerFolder/input_register new account_Username"), Username): Text 'admin' is set on object 'Object Repository/Login/Page_Login - PowerFolder/input_register new account_Username'

2020-07-21 20:43:22 - [MESSAGE][PASSED] - Text 'admin' is set on object 'Object Repository/Login/Page_Login - PowerFolder/input_register new account_Username'

2020-07-21 20:43:22 - [TEST_STEP][PASSED] - click(findTestObject("Object Repository/Login/Page_Login - PowerFolder/input_register new account_Login")): Object: 'Object Repository/Login/Page_Login - PowerFolder/input_register new account_Login' is clicked on

2020-07-21 20:43:23 - [MESSAGE][PASSED] - Object: 'Object Repository/Login/Page_Login - PowerFolder/input_register new account_Login' is clicked on

2020-07-21 20:43:23 - [TEST_STEP][PASSED] - isPresent = waitForElementVisible(findTestObject("Object Repository/Login/Page_Login - PowerFolder/input_Recover password_Password"), 2): Object 'Object Repository/Login/Page_Login - PowerFolder/input_Recover password_Password' is visible

2020-07-21 20:43:24 - [MESSAGE][PASSED] - Object 'Object Repository/Login/Page_Login - PowerFolder/input_Recover password_Password' is visible

2020-07-21 20:43:24 - [TEST_STEP][PASSED] - assert isPresent: null

2020-07-21 20:43:24 - [TEST_STEP][PASSED] - setText(findTestObject("Object Repository/Login/Page_Login - PowerFolder/input_Recover password_Password"), Password): Text 'password' is set on object 'Object Repository/Login/Page_Login - PowerFolder/input_Recover password_Password'

2020-07-21 20:43:24 - [MESSAGE][PASSED] - Text 'password' is set on object 'Object Repository/Login/Page_Login - PowerFolder/input_Recover password_Password'

2020-07-21 20:43:24 - [TEST_STEP][PASSED] - click(findTestObject("Object Repository/Login/Page_Login - PowerFolder/input_register new account_Login")): Object: 'Object Repository/Login/Page_Login - PowerFolder/input_register new account_Login' is clicked on

2020-07-21 20:43:25 - [MESSAGE][PASSED] - Object: 'Object Repository/Login/Page_Login - PowerFolder/input_register new account_Login' is clicked on

2020-07-21 20:43:25 - [TEST_STEP][PASSED] - assert getWindowTitle().equals("Dashboard - PowerFolder"): Current window's title is: 'Dashboard - PowerFolder'

2020-07-21 20:43:25 - [MESSAGE][PASSED] - Current window's title is: 'Dashboard - PowerFolder'

2020-07-21 20:43:25 - [TEST_STEP][PASSED] - click(findTestObject("Object Repository/Folders/Page_Folders - PowerFolder/lang_Folders")): Object: 'Object Repository/Folders/Page_Folders - PowerFolder/lang_Folders' is clicked on

2020-07-21 20:43:26 - [MESSAGE][PASSED] - Object: 'Object Repository/Folders/Page_Folders - PowerFolder/lang_Folders' is clicked on

2020-07-21 20:43:26 - [TEST_STEP][PASSED] - assert getWindowTitle().equals("Folders - PowerFolder"): Current window's title is: 'Folders - PowerFolder'

2020-07-21 20:43:26 - [MESSAGE][PASSED] - Current window's title is: 'Folders - PowerFolder'

2020-07-21 20:43:26 - [MESSAGE][PASSED] - Call Test Case 'Test Cases/Folders/Should Go to Folderstable' successfully

2020-07-21 20:43:26 - [TEST_STEP][PASSED] - folderName = RandomStringUtils.random(9, true, true): null

2020-07-21 20:43:26 - [TEST_STEP][PASSED] - click(findTestObject("Object Repository/Share/Page_Folders - PowerFolder/span_Paste_pica-glyph glyphicons glyphicons_ca92f0")): Object: 'Object Repository/Share/Page_Folders - PowerFolder/span_Paste_pica-glyph glyphicons glyphicons_ca92f0' is clicked on

2020-07-21 20:43:27 - [MESSAGE][PASSED] - Object: 'Object Repository/Share/Page_Folders - PowerFolder/span_Paste_pica-glyph glyphicons glyphicons_ca92f0' is clicked on

2020-07-21 20:43:27 - [TEST_STEP][PASSED] - click(findTestObject("Object Repository/Share/Page_Folders - PowerFolder/a_Create Folder                            _852e7b")): Object: 'Object Repository/Share/Page_Folders - PowerFolder/a_Create Folder                            _852e7b' is clicked on

2020-07-21 20:43:27 - [MESSAGE][PASSED] - Object: 'Object Repository/Share/Page_Folders - PowerFolder/a_Create Folder                            _852e7b' is clicked on

2020-07-21 20:43:27 - [TEST_STEP][PASSED] - setText(findTestObject("Object Repository/Share/Page_Folders - PowerFolder/input_Create a new Folder_pencil"), folderName): Text 'GnIogo1be' is set on object 'Object Repository/Share/Page_Folders - PowerFolder/input_Create a new Folder_pencil'

2020-07-21 20:43:28 - [MESSAGE][PASSED] - Text 'GnIogo1be' is set on object 'Object Repository/Share/Page_Folders - PowerFolder/input_Create a new Folder_pencil'

2020-07-21 20:43:28 - [TEST_STEP][PASSED] - sendKeys(findTestObject("Object Repository/Share/Page_Folders - PowerFolder/input_Create a new Folder_pencil"), Keys.chord(ENTER)): Keys 'ENTER + ' sent to object: 'Object Repository/Share/Page_Folders - PowerFolder/input_Create a new Folder_pencil'

2020-07-21 20:43:28 - [MESSAGE][PASSED] - Keys 'ENTER + ' sent to object: 'Object Repository/Share/Page_Folders - PowerFolder/input_Create a new Folder_pencil'

2020-07-21 20:43:28 - [TEST_STEP][PASSED] - btn = findShareButton(folderName): null

2020-07-21 20:43:28 - [TEST_STEP][PASSED] - driver = getWebDriver(): null

2020-07-21 20:43:28 - [TEST_STEP][PASSED] - return driver.findElement(org.openqa.selenium.By.xpath(//table[@id='files_files_table']/tbody/tr/td[2]/a[contains(text(),'$fileName')]/../../td[6]/a)): null

2020-07-21 20:43:29 - [TEST_STEP][PASSED] - executeJavaScript("arguments[0].click()", Arrays.asList(btn)): Execute JavaScript 'arguments[0].click()' successfully

2020-07-21 20:43:29 - [MESSAGE][PASSED] - Execute JavaScript 'arguments[0].click()' successfully

2020-07-21 20:43:29 - [TEST_STEP][PASSED] - mails = "a@a.com;b@b.com;c@c.com": null

2020-07-21 20:43:29 - [TEST_STEP][PASSED] - membersCount = getMembersCount(): null

2020-07-21 20:43:29 - [TEST_STEP][PASSED] - driver = getWebDriver(): null

2020-07-21 20:43:29 - [TEST_STEP][PASSED] - tbody = driver.findElement(By.xpath("//table[@id='share_table']/tbody")): null

2020-07-21 20:43:30 - [TEST_STEP][PASSED] - assert tbody: null

2020-07-21 20:43:30 - [TEST_STEP][PASSED] - rows_table = tbody.findElements(By.tagName("tr")): null

2020-07-21 20:43:30 - [TEST_STEP][PASSED] - return rows_table.size(): null

2020-07-21 20:43:30 - [TEST_STEP][PASSED] - setText(findTestObject("Object Repository/Share/Page_Folders - PowerFolder/input_Invite users and groups or create a l_797df6"), mails): Text 'a@a.com;b@b.com;c@c.com' is set on object 'Object Repository/Share/Page_Folders - PowerFolder/input_Invite users and groups or create a l_797df6'

2020-07-21 20:43:30 - [MESSAGE][PASSED] - Text 'a@a.com;b@b.com;c@c.com' is set on object 'Object Repository/Share/Page_Folders - PowerFolder/input_Invite users and groups or create a l_797df6'

2020-07-21 20:43:30 - [TEST_STEP][PASSED] - click(findTestObject("Object Repository/Share/Page_Folders - PowerFolder/button_Can administrate_pica-taginput-butto_3eb2fe")): Object: 'Object Repository/Share/Page_Folders - PowerFolder/button_Can administrate_pica-taginput-butto_3eb2fe' is clicked on

2020-07-21 20:43:31 - [MESSAGE][PASSED] - Object: 'Object Repository/Share/Page_Folders - PowerFolder/button_Can administrate_pica-taginput-butto_3eb2fe' is clicked on

2020-07-21 20:43:31 - [TEST_STEP][PASSED] - assert membersCount + 3 == getMembersCount(): null

2020-07-21 20:43:31 - [TEST_STEP][PASSED] - driver = getWebDriver(): null

2020-07-21 20:43:31 - [TEST_STEP][PASSED] - tbody = driver.findElement(By.xpath("//table[@id='share_table']/tbody")): null

2020-07-21 20:43:31 - [TEST_STEP][PASSED] - assert tbody: null

2020-07-21 20:43:31 - [TEST_STEP][PASSED] - rows_table = tbody.findElements(By.tagName("tr")): null

2020-07-21 20:43:31 - [TEST_STEP][PASSED] - return rows_table.size(): null]]></system-out>
         <system-err><![CDATA[2020-07-21 20:43:17 - [TEST_CASE][FAILED] - Test Cases/Share/Share Using plus button/Share folder with Multiple emails semi colon: Test Cases/Share/Share Using plus button/Share folder with Multiple emails semi colon FAILED.
Reason:
Assertion failed: 

assert membersCount+3 == getMembersCount()
       |           |  |  |
       1           4  |  1
                      false

	at Share folder with Multiple emails semi colon.run(Share folder with Multiple emails semi colon:50)
	at com.kms.katalon.core.main.ScriptEngine.run(ScriptEngine.java:194)
	at com.kms.katalon.core.main.ScriptEngine.runScriptAsRawText(ScriptEngine.java:119)
	at com.kms.katalon.core.main.TestCaseExecutor.runScript(TestCaseExecutor.java:337)
	at com.kms.katalon.core.main.TestCaseExecutor.doExecute(TestCaseExecutor.java:328)
	at com.kms.katalon.core.main.TestCaseExecutor.processExecutionPhase(TestCaseExecutor.java:307)
	at com.kms.katalon.core.main.TestCaseExecutor.accessMainPhase(TestCaseExecutor.java:299)
	at com.kms.katalon.core.main.TestCaseExecutor.execute(TestCaseExecutor.java:233)
	at com.kms.katalon.core.main.TestSuiteExecutor.accessTestCaseMainPhase(TestSuiteExecutor.java:169)
	at com.kms.katalon.core.main.TestSuiteExecutor.accessTestSuiteMainPhase(TestSuiteExecutor.java:142)
	at com.kms.katalon.core.main.TestSuiteExecutor.execute(TestSuiteExecutor.java:91)
	at com.kms.katalon.core.main.TestCaseMain.startTestSuite(TestCaseMain.java:157)
	at com.kms.katalon.core.main.TestCaseMain$startTestSuite$0.call(Unknown Source)
	at TempTestSuite1595360578386.run(TempTestSuite1595360578386.groovy:36)]]></system-err>
      </testcase>
      <testcase name="Test Cases/Share/Share Using plus button/Share folder with one email outlook format" time="17.297" classname="Test Cases/Share/Share Using plus button/Share folder with one email outlook format" status="PASSED">
         <system-out><![CDATA[2020-07-21 20:43:31 - [TEST_CASE][PASSED] - Test Cases/Share/Share Using plus button/Share folder with one email outlook format: Test Cases/Share/Share Using plus button/Share folder with one email outlook format

2020-07-21 20:43:32 - [TEST_STEP][PASSED] - callTestCase(findTestCase("Folders/Should Go to Folderstable"), [:], OPTIONAL): Call Test Case 'Test Cases/Folders/Should Go to Folderstable' successfully

2020-07-21 20:43:32 - [TEST_CASE][PASSED] - Test Cases/Folders/Should Go to Folderstable: Test Cases/Folders/Should Go to Folderstable

2020-07-21 20:43:32 - [TEST_STEP][PASSED] - openBrowser(""): Browser is opened with url: ''

2020-07-21 20:43:32 - [MESSAGE][WARNING] - A browser is already opened. Closing browser and opening a new one

2020-07-21 20:43:34 - [MESSAGE][INFO] - Starting 'Firefox' driver

2020-07-21 20:43:36 - [MESSAGE][PASSED] - Browser is opened with url: ''

2020-07-21 20:43:36 - [TEST_STEP][PASSED] - navigateToUrl(URL): Navigate to 'https://lab.powerfolder.net:8666/login' successfully

2020-07-21 20:43:38 - [MESSAGE][PASSED] - Navigate to 'https://lab.powerfolder.net:8666/login' successfully

2020-07-21 20:43:38 - [TEST_STEP][PASSED] - assert getWindowTitle().equals("Login - PowerFolder"): Current window's title is: 'Login - PowerFolder'

2020-07-21 20:43:38 - [MESSAGE][PASSED] - Current window's title is: 'Login - PowerFolder'

2020-07-21 20:43:38 - [TEST_STEP][PASSED] - setText(findTestObject("Object Repository/Login/Page_Login - PowerFolder/input_register new account_Username"), Username): Text 'admin' is set on object 'Object Repository/Login/Page_Login - PowerFolder/input_register new account_Username'

2020-07-21 20:43:39 - [MESSAGE][PASSED] - Text 'admin' is set on object 'Object Repository/Login/Page_Login - PowerFolder/input_register new account_Username'

2020-07-21 20:43:39 - [TEST_STEP][PASSED] - click(findTestObject("Object Repository/Login/Page_Login - PowerFolder/input_register new account_Login")): Object: 'Object Repository/Login/Page_Login - PowerFolder/input_register new account_Login' is clicked on

2020-07-21 20:43:39 - [MESSAGE][PASSED] - Object: 'Object Repository/Login/Page_Login - PowerFolder/input_register new account_Login' is clicked on

2020-07-21 20:43:39 - [TEST_STEP][PASSED] - isPresent = waitForElementVisible(findTestObject("Object Repository/Login/Page_Login - PowerFolder/input_Recover password_Password"), 2): Object 'Object Repository/Login/Page_Login - PowerFolder/input_Recover password_Password' is visible

2020-07-21 20:43:40 - [MESSAGE][PASSED] - Object 'Object Repository/Login/Page_Login - PowerFolder/input_Recover password_Password' is visible

2020-07-21 20:43:40 - [TEST_STEP][PASSED] - assert isPresent: null

2020-07-21 20:43:40 - [TEST_STEP][PASSED] - setText(findTestObject("Object Repository/Login/Page_Login - PowerFolder/input_Recover password_Password"), Password): Text 'password' is set on object 'Object Repository/Login/Page_Login - PowerFolder/input_Recover password_Password'

2020-07-21 20:43:40 - [MESSAGE][PASSED] - Text 'password' is set on object 'Object Repository/Login/Page_Login - PowerFolder/input_Recover password_Password'

2020-07-21 20:43:40 - [TEST_STEP][PASSED] - click(findTestObject("Object Repository/Login/Page_Login - PowerFolder/input_register new account_Login")): Object: 'Object Repository/Login/Page_Login - PowerFolder/input_register new account_Login' is clicked on

2020-07-21 20:43:41 - [MESSAGE][PASSED] - Object: 'Object Repository/Login/Page_Login - PowerFolder/input_register new account_Login' is clicked on

2020-07-21 20:43:41 - [TEST_STEP][PASSED] - assert getWindowTitle().equals("Dashboard - PowerFolder"): Current window's title is: 'Dashboard - PowerFolder'

2020-07-21 20:43:41 - [MESSAGE][PASSED] - Current window's title is: 'Dashboard - PowerFolder'

2020-07-21 20:43:41 - [TEST_STEP][PASSED] - click(findTestObject("Object Repository/Folders/Page_Folders - PowerFolder/lang_Folders")): Object: 'Object Repository/Folders/Page_Folders - PowerFolder/lang_Folders' is clicked on

2020-07-21 20:43:42 - [MESSAGE][PASSED] - Object: 'Object Repository/Folders/Page_Folders - PowerFolder/lang_Folders' is clicked on

2020-07-21 20:43:42 - [TEST_STEP][PASSED] - assert getWindowTitle().equals("Folders - PowerFolder"): Current window's title is: 'Folders - PowerFolder'

2020-07-21 20:43:42 - [MESSAGE][PASSED] - Current window's title is: 'Folders - PowerFolder'

2020-07-21 20:43:42 - [MESSAGE][PASSED] - Call Test Case 'Test Cases/Folders/Should Go to Folderstable' successfully

2020-07-21 20:43:42 - [TEST_STEP][PASSED] - folderName = RandomStringUtils.random(9, true, true): null

2020-07-21 20:43:42 - [TEST_STEP][PASSED] - click(findTestObject("Object Repository/Share/Page_Folders - PowerFolder/span_Paste_pica-glyph glyphicons glyphicons_ca92f0")): Object: 'Object Repository/Share/Page_Folders - PowerFolder/span_Paste_pica-glyph glyphicons glyphicons_ca92f0' is clicked on

2020-07-21 20:43:43 - [MESSAGE][PASSED] - Object: 'Object Repository/Share/Page_Folders - PowerFolder/span_Paste_pica-glyph glyphicons glyphicons_ca92f0' is clicked on

2020-07-21 20:43:43 - [TEST_STEP][PASSED] - click(findTestObject("Object Repository/Share/Page_Folders - PowerFolder/a_Create Folder                            _852e7b")): Object: 'Object Repository/Share/Page_Folders - PowerFolder/a_Create Folder                            _852e7b' is clicked on

2020-07-21 20:43:44 - [MESSAGE][PASSED] - Object: 'Object Repository/Share/Page_Folders - PowerFolder/a_Create Folder                            _852e7b' is clicked on

2020-07-21 20:43:44 - [TEST_STEP][PASSED] - setText(findTestObject("Object Repository/Share/Page_Folders - PowerFolder/input_Create a new Folder_pencil"), folderName): Text 'h8k5JR4L9' is set on object 'Object Repository/Share/Page_Folders - PowerFolder/input_Create a new Folder_pencil'

2020-07-21 20:43:44 - [MESSAGE][PASSED] - Text 'h8k5JR4L9' is set on object 'Object Repository/Share/Page_Folders - PowerFolder/input_Create a new Folder_pencil'

2020-07-21 20:43:44 - [TEST_STEP][PASSED] - sendKeys(findTestObject("Object Repository/Share/Page_Folders - PowerFolder/input_Create a new Folder_pencil"), Keys.chord(ENTER)): Keys 'ENTER + ' sent to object: 'Object Repository/Share/Page_Folders - PowerFolder/input_Create a new Folder_pencil'

2020-07-21 20:43:44 - [MESSAGE][PASSED] - Keys 'ENTER + ' sent to object: 'Object Repository/Share/Page_Folders - PowerFolder/input_Create a new Folder_pencil'

2020-07-21 20:43:44 - [TEST_STEP][PASSED] - btn = findShareButton(folderName): null

2020-07-21 20:43:44 - [TEST_STEP][PASSED] - driver = getWebDriver(): null

2020-07-21 20:43:44 - [TEST_STEP][PASSED] - return driver.findElement(org.openqa.selenium.By.xpath(//table[@id='files_files_table']/tbody/tr/td[2]/a[contains(text(),'$fileName')]/../../td[6]/a)): null

2020-07-21 20:43:45 - [TEST_STEP][PASSED] - executeJavaScript("arguments[0].click()", Arrays.asList(btn)): Execute JavaScript 'arguments[0].click()' successfully

2020-07-21 20:43:45 - [MESSAGE][PASSED] - Execute JavaScript 'arguments[0].click()' successfully

2020-07-21 20:43:45 - [TEST_STEP][PASSED] - mail = ${ -> ... } <${ -> ... }@outlook.com>: null

2020-07-21 20:43:45 - [TEST_STEP][PASSED] - setText(findTestObject("Object Repository/Share/Page_Folders - PowerFolder/input_Invite users and groups or create a l_797df6"), mail): Text 'h8k5JR4L9 <h8k5JR4L9@outlook.com>' is set on object 'Object Repository/Share/Page_Folders - PowerFolder/input_Invite users and groups or create a l_797df6'

2020-07-21 20:43:46 - [MESSAGE][PASSED] - Text 'h8k5JR4L9 <h8k5JR4L9@outlook.com>' is set on object 'Object Repository/Share/Page_Folders - PowerFolder/input_Invite users and groups or create a l_797df6'

2020-07-21 20:43:46 - [TEST_STEP][PASSED] - click(findTestObject("Object Repository/Share/Page_Folders - PowerFolder/button_Can administrate_pica-taginput-butto_3eb2fe")): Object: 'Object Repository/Share/Page_Folders - PowerFolder/button_Can administrate_pica-taginput-butto_3eb2fe' is clicked on

2020-07-21 20:43:46 - [MESSAGE][PASSED] - Object: 'Object Repository/Share/Page_Folders - PowerFolder/button_Can administrate_pica-taginput-butto_3eb2fe' is clicked on

2020-07-21 20:43:46 - [TEST_STEP][PASSED] - verifyElementText(findTestObject("Object Repository/Share/Page_Folders - PowerFolder/td_usermailcom"), folderName): Actual text and expected text of test object 'Object Repository/Share/Page_Folders - PowerFolder/td_usermailcom' are matched.

2020-07-21 20:43:47 - [MESSAGE][PASSED] - Actual text and expected text of test object 'Object Repository/Share/Page_Folders - PowerFolder/td_usermailcom' are matched.

2020-07-21 20:43:47 - [TEST_STEP][PASSED] - closeBrowser(): Browser is closed

2020-07-21 20:43:49 - [MESSAGE][PASSED] - Browser is closed]]></system-out>
         <system-err><![CDATA[]]></system-err>
      </testcase>
      <testcase name="Test Cases/Share/Share Using plus button/Share folder with Multiple emails tabulation separator" time="13.632" classname="Test Cases/Share/Share Using plus button/Share folder with Multiple emails tabulation separator" status="FAILED">
         <failure type="FAILED" message="Test Cases/Share/Share Using plus button/Share folder with Multiple emails tabulation separator FAILED.
Reason:
Assertion failed: 

assert membersCount+3 == getMembersCount()
       |           |  |  |
       1           4  |  1
                      false

	at Share folder with Multiple emails tabulation separator.run(Share folder with Multiple emails tabulation separator:50)
	at com.kms.katalon.core.main.ScriptEngine.run(ScriptEngine.java:194)
	at com.kms.katalon.core.main.ScriptEngine.runScriptAsRawText(ScriptEngine.java:119)
	at com.kms.katalon.core.main.TestCaseExecutor.runScript(TestCaseExecutor.java:337)
	at com.kms.katalon.core.main.TestCaseExecutor.doExecute(TestCaseExecutor.java:328)
	at com.kms.katalon.core.main.TestCaseExecutor.processExecutionPhase(TestCaseExecutor.java:307)
	at com.kms.katalon.core.main.TestCaseExecutor.accessMainPhase(TestCaseExecutor.java:299)
	at com.kms.katalon.core.main.TestCaseExecutor.execute(TestCaseExecutor.java:233)
	at com.kms.katalon.core.main.TestSuiteExecutor.accessTestCaseMainPhase(TestSuiteExecutor.java:169)
	at com.kms.katalon.core.main.TestSuiteExecutor.accessTestSuiteMainPhase(TestSuiteExecutor.java:142)
	at com.kms.katalon.core.main.TestSuiteExecutor.execute(TestSuiteExecutor.java:91)
	at com.kms.katalon.core.main.TestCaseMain.startTestSuite(TestCaseMain.java:157)
	at com.kms.katalon.core.main.TestCaseMain$startTestSuite$0.call(Unknown Source)
	at TempTestSuite1595360578386.run(TempTestSuite1595360578386.groovy:36)
"/>
         <system-out><![CDATA[2020-07-21 20:43:49 - [TEST_CASE][FAILED] - Test Cases/Share/Share Using plus button/Share folder with Multiple emails tabulation separator: Test Cases/Share/Share Using plus button/Share folder with Multiple emails tabulation separator FAILED.
Reason:
Assertion failed: 

assert membersCount+3 == getMembersCount()
       |           |  |  |
       1           4  |  1
                      false

	at Share folder with Multiple emails tabulation separator.run(Share folder with Multiple emails tabulation separator:50)
	at com.kms.katalon.core.main.ScriptEngine.run(ScriptEngine.java:194)
	at com.kms.katalon.core.main.ScriptEngine.runScriptAsRawText(ScriptEngine.java:119)
	at com.kms.katalon.core.main.TestCaseExecutor.runScript(TestCaseExecutor.java:337)
	at com.kms.katalon.core.main.TestCaseExecutor.doExecute(TestCaseExecutor.java:328)
	at com.kms.katalon.core.main.TestCaseExecutor.processExecutionPhase(TestCaseExecutor.java:307)
	at com.kms.katalon.core.main.TestCaseExecutor.accessMainPhase(TestCaseExecutor.java:299)
	at com.kms.katalon.core.main.TestCaseExecutor.execute(TestCaseExecutor.java:233)
	at com.kms.katalon.core.main.TestSuiteExecutor.accessTestCaseMainPhase(TestSuiteExecutor.java:169)
	at com.kms.katalon.core.main.TestSuiteExecutor.accessTestSuiteMainPhase(TestSuiteExecutor.java:142)
	at com.kms.katalon.core.main.TestSuiteExecutor.execute(TestSuiteExecutor.java:91)
	at com.kms.katalon.core.main.TestCaseMain.startTestSuite(TestCaseMain.java:157)
	at com.kms.katalon.core.main.TestCaseMain$startTestSuite$0.call(Unknown Source)
	at TempTestSuite1595360578386.run(TempTestSuite1595360578386.groovy:36)


2020-07-21 20:43:49 - [TEST_STEP][PASSED] - callTestCase(findTestCase("Folders/Should Go to Folderstable"), [:], OPTIONAL): Call Test Case 'Test Cases/Folders/Should Go to Folderstable' successfully

2020-07-21 20:43:49 - [TEST_CASE][PASSED] - Test Cases/Folders/Should Go to Folderstable: Test Cases/Folders/Should Go to Folderstable

2020-07-21 20:43:49 - [TEST_STEP][PASSED] - openBrowser(""): Browser is opened with url: ''

2020-07-21 20:43:49 - [MESSAGE][INFO] - Starting 'Firefox' driver

2020-07-21 20:43:52 - [MESSAGE][PASSED] - Browser is opened with url: ''

2020-07-21 20:43:52 - [TEST_STEP][PASSED] - navigateToUrl(URL): Navigate to 'https://lab.powerfolder.net:8666/login' successfully

2020-07-21 20:43:53 - [MESSAGE][PASSED] - Navigate to 'https://lab.powerfolder.net:8666/login' successfully

2020-07-21 20:43:53 - [TEST_STEP][PASSED] - assert getWindowTitle().equals("Login - PowerFolder"): Current window's title is: 'Login - PowerFolder'

2020-07-21 20:43:53 - [MESSAGE][PASSED] - Current window's title is: 'Login - PowerFolder'

2020-07-21 20:43:53 - [TEST_STEP][PASSED] - setText(findTestObject("Object Repository/Login/Page_Login - PowerFolder/input_register new account_Username"), Username): Text 'admin' is set on object 'Object Repository/Login/Page_Login - PowerFolder/input_register new account_Username'

2020-07-21 20:43:54 - [MESSAGE][PASSED] - Text 'admin' is set on object 'Object Repository/Login/Page_Login - PowerFolder/input_register new account_Username'

2020-07-21 20:43:54 - [TEST_STEP][PASSED] - click(findTestObject("Object Repository/Login/Page_Login - PowerFolder/input_register new account_Login")): Object: 'Object Repository/Login/Page_Login - PowerFolder/input_register new account_Login' is clicked on

2020-07-21 20:43:54 - [MESSAGE][PASSED] - Object: 'Object Repository/Login/Page_Login - PowerFolder/input_register new account_Login' is clicked on

2020-07-21 20:43:54 - [TEST_STEP][PASSED] - isPresent = waitForElementVisible(findTestObject("Object Repository/Login/Page_Login - PowerFolder/input_Recover password_Password"), 2): Object 'Object Repository/Login/Page_Login - PowerFolder/input_Recover password_Password' is visible

2020-07-21 20:43:55 - [MESSAGE][PASSED] - Object 'Object Repository/Login/Page_Login - PowerFolder/input_Recover password_Password' is visible

2020-07-21 20:43:55 - [TEST_STEP][PASSED] - assert isPresent: null

2020-07-21 20:43:55 - [TEST_STEP][PASSED] - setText(findTestObject("Object Repository/Login/Page_Login - PowerFolder/input_Recover password_Password"), Password): Text 'password' is set on object 'Object Repository/Login/Page_Login - PowerFolder/input_Recover password_Password'

2020-07-21 20:43:55 - [MESSAGE][PASSED] - Text 'password' is set on object 'Object Repository/Login/Page_Login - PowerFolder/input_Recover password_Password'

2020-07-21 20:43:55 - [TEST_STEP][PASSED] - click(findTestObject("Object Repository/Login/Page_Login - PowerFolder/input_register new account_Login")): Object: 'Object Repository/Login/Page_Login - PowerFolder/input_register new account_Login' is clicked on

2020-07-21 20:43:56 - [MESSAGE][PASSED] - Object: 'Object Repository/Login/Page_Login - PowerFolder/input_register new account_Login' is clicked on

2020-07-21 20:43:56 - [TEST_STEP][PASSED] - assert getWindowTitle().equals("Dashboard - PowerFolder"): Current window's title is: 'Dashboard - PowerFolder'

2020-07-21 20:43:56 - [MESSAGE][PASSED] - Current window's title is: 'Dashboard - PowerFolder'

2020-07-21 20:43:56 - [TEST_STEP][PASSED] - click(findTestObject("Object Repository/Folders/Page_Folders - PowerFolder/lang_Folders")): Object: 'Object Repository/Folders/Page_Folders - PowerFolder/lang_Folders' is clicked on

2020-07-21 20:43:57 - [MESSAGE][PASSED] - Object: 'Object Repository/Folders/Page_Folders - PowerFolder/lang_Folders' is clicked on

2020-07-21 20:43:57 - [TEST_STEP][PASSED] - assert getWindowTitle().equals("Folders - PowerFolder"): Current window's title is: 'Folders - PowerFolder'

2020-07-21 20:43:57 - [MESSAGE][PASSED] - Current window's title is: 'Folders - PowerFolder'

2020-07-21 20:43:57 - [MESSAGE][PASSED] - Call Test Case 'Test Cases/Folders/Should Go to Folderstable' successfully

2020-07-21 20:43:57 - [TEST_STEP][PASSED] - folderName = RandomStringUtils.random(9, true, true): null

2020-07-21 20:43:57 - [TEST_STEP][PASSED] - click(findTestObject("Object Repository/Share/Page_Folders - PowerFolder/span_Paste_pica-glyph glyphicons glyphicons_ca92f0")): Object: 'Object Repository/Share/Page_Folders - PowerFolder/span_Paste_pica-glyph glyphicons glyphicons_ca92f0' is clicked on

2020-07-21 20:43:58 - [MESSAGE][PASSED] - Object: 'Object Repository/Share/Page_Folders - PowerFolder/span_Paste_pica-glyph glyphicons glyphicons_ca92f0' is clicked on

2020-07-21 20:43:58 - [TEST_STEP][PASSED] - click(findTestObject("Object Repository/Share/Page_Folders - PowerFolder/a_Create Folder                            _852e7b")): Object: 'Object Repository/Share/Page_Folders - PowerFolder/a_Create Folder                            _852e7b' is clicked on

2020-07-21 20:43:58 - [MESSAGE][PASSED] - Object: 'Object Repository/Share/Page_Folders - PowerFolder/a_Create Folder                            _852e7b' is clicked on

2020-07-21 20:43:58 - [TEST_STEP][PASSED] - setText(findTestObject("Object Repository/Share/Page_Folders - PowerFolder/input_Create a new Folder_pencil"), folderName): Text 'Evkr70aCh' is set on object 'Object Repository/Share/Page_Folders - PowerFolder/input_Create a new Folder_pencil'

2020-07-21 20:43:59 - [MESSAGE][PASSED] - Text 'Evkr70aCh' is set on object 'Object Repository/Share/Page_Folders - PowerFolder/input_Create a new Folder_pencil'

2020-07-21 20:43:59 - [TEST_STEP][PASSED] - sendKeys(findTestObject("Object Repository/Share/Page_Folders - PowerFolder/input_Create a new Folder_pencil"), Keys.chord(ENTER)): Keys 'ENTER + ' sent to object: 'Object Repository/Share/Page_Folders - PowerFolder/input_Create a new Folder_pencil'

2020-07-21 20:43:59 - [MESSAGE][PASSED] - Keys 'ENTER + ' sent to object: 'Object Repository/Share/Page_Folders - PowerFolder/input_Create a new Folder_pencil'

2020-07-21 20:43:59 - [TEST_STEP][PASSED] - btn = findShareButton(folderName): null

2020-07-21 20:43:59 - [TEST_STEP][PASSED] - driver = getWebDriver(): null

2020-07-21 20:43:59 - [TEST_STEP][PASSED] - return driver.findElement(org.openqa.selenium.By.xpath(//table[@id='files_files_table']/tbody/tr/td[2]/a[contains(text(),'$fileName')]/../../td[6]/a)): null

2020-07-21 20:44:00 - [TEST_STEP][PASSED] - executeJavaScript("arguments[0].click()", Arrays.asList(btn)): Execute JavaScript 'arguments[0].click()' successfully

2020-07-21 20:44:00 - [MESSAGE][PASSED] - Execute JavaScript 'arguments[0].click()' successfully

2020-07-21 20:44:00 - [TEST_STEP][PASSED] - mails = a_${ -> ... }@a.com	b_${ -> ... }@b.com	c_${ -> ... }@c.com: null

2020-07-21 20:44:00 - [TEST_STEP][PASSED] - membersCount = getMembersCount(): null

2020-07-21 20:44:00 - [TEST_STEP][PASSED] - driver = getWebDriver(): null

2020-07-21 20:44:00 - [TEST_STEP][PASSED] - tbody = driver.findElement(By.xpath("//table[@id='share_table']/tbody")): null

2020-07-21 20:44:01 - [TEST_STEP][PASSED] - assert tbody: null

2020-07-21 20:44:01 - [TEST_STEP][PASSED] - rows_table = tbody.findElements(By.tagName("tr")): null

2020-07-21 20:44:01 - [TEST_STEP][PASSED] - return rows_table.size(): null

2020-07-21 20:44:01 - [TEST_STEP][PASSED] - setText(findTestObject("Object Repository/Share/Page_Folders - PowerFolder/input_Invite users and groups or create a l_797df6"), mails): Text 'a_Evkr70aCh@a.com	b_Evkr70aCh@b.com	c_Evkr70aCh@c.com' is set on object 'Object Repository/Share/Page_Folders - PowerFolder/input_Invite users and groups or create a l_797df6'

2020-07-21 20:44:01 - [MESSAGE][PASSED] - Text 'a_Evkr70aCh@a.com	b_Evkr70aCh@b.com	c_Evkr70aCh@c.com' is set on object 'Object Repository/Share/Page_Folders - PowerFolder/input_Invite users and groups or create a l_797df6'

2020-07-21 20:44:01 - [TEST_STEP][PASSED] - click(findTestObject("Object Repository/Share/Page_Folders - PowerFolder/button_Can administrate_pica-taginput-butto_3eb2fe")): Object: 'Object Repository/Share/Page_Folders - PowerFolder/button_Can administrate_pica-taginput-butto_3eb2fe' is clicked on

2020-07-21 20:44:02 - [MESSAGE][PASSED] - Object: 'Object Repository/Share/Page_Folders - PowerFolder/button_Can administrate_pica-taginput-butto_3eb2fe' is clicked on

2020-07-21 20:44:02 - [TEST_STEP][PASSED] - assert membersCount + 3 == getMembersCount(): null

2020-07-21 20:44:02 - [TEST_STEP][PASSED] - driver = getWebDriver(): null

2020-07-21 20:44:02 - [TEST_STEP][PASSED] - tbody = driver.findElement(By.xpath("//table[@id='share_table']/tbody")): null

2020-07-21 20:44:02 - [TEST_STEP][PASSED] - assert tbody: null

2020-07-21 20:44:02 - [TEST_STEP][PASSED] - rows_table = tbody.findElements(By.tagName("tr")): null

2020-07-21 20:44:02 - [TEST_STEP][PASSED] - return rows_table.size(): null]]></system-out>
         <system-err><![CDATA[2020-07-21 20:43:49 - [TEST_CASE][FAILED] - Test Cases/Share/Share Using plus button/Share folder with Multiple emails tabulation separator: Test Cases/Share/Share Using plus button/Share folder with Multiple emails tabulation separator FAILED.
Reason:
Assertion failed: 

assert membersCount+3 == getMembersCount()
       |           |  |  |
       1           4  |  1
                      false

	at Share folder with Multiple emails tabulation separator.run(Share folder with Multiple emails tabulation separator:50)
	at com.kms.katalon.core.main.ScriptEngine.run(ScriptEngine.java:194)
	at com.kms.katalon.core.main.ScriptEngine.runScriptAsRawText(ScriptEngine.java:119)
	at com.kms.katalon.core.main.TestCaseExecutor.runScript(TestCaseExecutor.java:337)
	at com.kms.katalon.core.main.TestCaseExecutor.doExecute(TestCaseExecutor.java:328)
	at com.kms.katalon.core.main.TestCaseExecutor.processExecutionPhase(TestCaseExecutor.java:307)
	at com.kms.katalon.core.main.TestCaseExecutor.accessMainPhase(TestCaseExecutor.java:299)
	at com.kms.katalon.core.main.TestCaseExecutor.execute(TestCaseExecutor.java:233)
	at com.kms.katalon.core.main.TestSuiteExecutor.accessTestCaseMainPhase(TestSuiteExecutor.java:169)
	at com.kms.katalon.core.main.TestSuiteExecutor.accessTestSuiteMainPhase(TestSuiteExecutor.java:142)
	at com.kms.katalon.core.main.TestSuiteExecutor.execute(TestSuiteExecutor.java:91)
	at com.kms.katalon.core.main.TestCaseMain.startTestSuite(TestCaseMain.java:157)
	at com.kms.katalon.core.main.TestCaseMain$startTestSuite$0.call(Unknown Source)
	at TempTestSuite1595360578386.run(TempTestSuite1595360578386.groovy:36)]]></system-err>
      </testcase>
      <testcase name="Test Cases/Share/Share Using plus button/Share Folder With Group" time="24.903" classname="Test Cases/Share/Share Using plus button/Share Folder With Group" status="PASSED">
         <system-out><![CDATA[2020-07-21 20:44:02 - [TEST_CASE][PASSED] - Test Cases/Share/Share Using plus button/Share Folder With Group: Test Cases/Share/Share Using plus button/Share Folder With Group

2020-07-21 20:44:03 - [TEST_STEP][PASSED] - callTestCase(findTestCase("Folders/Should Go to Folderstable"), [:], OPTIONAL): Call Test Case 'Test Cases/Folders/Should Go to Folderstable' successfully

2020-07-21 20:44:03 - [TEST_CASE][PASSED] - Test Cases/Folders/Should Go to Folderstable: Test Cases/Folders/Should Go to Folderstable

2020-07-21 20:44:03 - [TEST_STEP][PASSED] - openBrowser(""): Browser is opened with url: ''

2020-07-21 20:44:03 - [MESSAGE][WARNING] - A browser is already opened. Closing browser and opening a new one

2020-07-21 20:44:06 - [MESSAGE][INFO] - Starting 'Firefox' driver

2020-07-21 20:44:09 - [MESSAGE][PASSED] - Browser is opened with url: ''

2020-07-21 20:44:09 - [TEST_STEP][PASSED] - navigateToUrl(URL): Navigate to 'https://lab.powerfolder.net:8666/login' successfully

2020-07-21 20:44:10 - [MESSAGE][PASSED] - Navigate to 'https://lab.powerfolder.net:8666/login' successfully

2020-07-21 20:44:10 - [TEST_STEP][PASSED] - assert getWindowTitle().equals("Login - PowerFolder"): Current window's title is: 'Login - PowerFolder'

2020-07-21 20:44:10 - [MESSAGE][PASSED] - Current window's title is: 'Login - PowerFolder'

2020-07-21 20:44:10 - [TEST_STEP][PASSED] - setText(findTestObject("Object Repository/Login/Page_Login - PowerFolder/input_register new account_Username"), Username): Text 'admin' is set on object 'Object Repository/Login/Page_Login - PowerFolder/input_register new account_Username'

2020-07-21 20:44:11 - [MESSAGE][PASSED] - Text 'admin' is set on object 'Object Repository/Login/Page_Login - PowerFolder/input_register new account_Username'

2020-07-21 20:44:11 - [TEST_STEP][PASSED] - click(findTestObject("Object Repository/Login/Page_Login - PowerFolder/input_register new account_Login")): Object: 'Object Repository/Login/Page_Login - PowerFolder/input_register new account_Login' is clicked on

2020-07-21 20:44:11 - [MESSAGE][PASSED] - Object: 'Object Repository/Login/Page_Login - PowerFolder/input_register new account_Login' is clicked on

2020-07-21 20:44:11 - [TEST_STEP][PASSED] - isPresent = waitForElementVisible(findTestObject("Object Repository/Login/Page_Login - PowerFolder/input_Recover password_Password"), 2): Object 'Object Repository/Login/Page_Login - PowerFolder/input_Recover password_Password' is visible

2020-07-21 20:44:12 - [MESSAGE][PASSED] - Object 'Object Repository/Login/Page_Login - PowerFolder/input_Recover password_Password' is visible

2020-07-21 20:44:12 - [TEST_STEP][PASSED] - assert isPresent: null

2020-07-21 20:44:12 - [TEST_STEP][PASSED] - setText(findTestObject("Object Repository/Login/Page_Login - PowerFolder/input_Recover password_Password"), Password): Text 'password' is set on object 'Object Repository/Login/Page_Login - PowerFolder/input_Recover password_Password'

2020-07-21 20:44:12 - [MESSAGE][PASSED] - Text 'password' is set on object 'Object Repository/Login/Page_Login - PowerFolder/input_Recover password_Password'

2020-07-21 20:44:12 - [TEST_STEP][PASSED] - click(findTestObject("Object Repository/Login/Page_Login - PowerFolder/input_register new account_Login")): Object: 'Object Repository/Login/Page_Login - PowerFolder/input_register new account_Login' is clicked on

2020-07-21 20:44:13 - [MESSAGE][PASSED] - Object: 'Object Repository/Login/Page_Login - PowerFolder/input_register new account_Login' is clicked on

2020-07-21 20:44:13 - [TEST_STEP][PASSED] - assert getWindowTitle().equals("Dashboard - PowerFolder"): Current window's title is: 'Dashboard - PowerFolder'

2020-07-21 20:44:13 - [MESSAGE][PASSED] - Current window's title is: 'Dashboard - PowerFolder'

2020-07-21 20:44:13 - [TEST_STEP][PASSED] - click(findTestObject("Object Repository/Folders/Page_Folders - PowerFolder/lang_Folders")): Object: 'Object Repository/Folders/Page_Folders - PowerFolder/lang_Folders' is clicked on

2020-07-21 20:44:14 - [MESSAGE][PASSED] - Object: 'Object Repository/Folders/Page_Folders - PowerFolder/lang_Folders' is clicked on

2020-07-21 20:44:14 - [TEST_STEP][PASSED] - assert getWindowTitle().equals("Folders - PowerFolder"): Current window's title is: 'Folders - PowerFolder'

2020-07-21 20:44:14 - [MESSAGE][PASSED] - Current window's title is: 'Folders - PowerFolder'

2020-07-21 20:44:14 - [MESSAGE][PASSED] - Call Test Case 'Test Cases/Folders/Should Go to Folderstable' successfully

2020-07-21 20:44:14 - [TEST_STEP][PASSED] - folderName = RandomStringUtils.random(9, true, true): null

2020-07-21 20:44:14 - [TEST_STEP][PASSED] - click(findTestObject("Object Repository/Share/Page_Folders - PowerFolder/span_Paste_pica-glyph glyphicons glyphicons_ca92f0")): Object: 'Object Repository/Share/Page_Folders - PowerFolder/span_Paste_pica-glyph glyphicons glyphicons_ca92f0' is clicked on

2020-07-21 20:44:15 - [MESSAGE][PASSED] - Object: 'Object Repository/Share/Page_Folders - PowerFolder/span_Paste_pica-glyph glyphicons glyphicons_ca92f0' is clicked on

2020-07-21 20:44:15 - [TEST_STEP][PASSED] - click(findTestObject("Object Repository/Share/Page_Folders - PowerFolder/a_Create Folder                            _852e7b")): Object: 'Object Repository/Share/Page_Folders - PowerFolder/a_Create Folder                            _852e7b' is clicked on

2020-07-21 20:44:16 - [MESSAGE][PASSED] - Object: 'Object Repository/Share/Page_Folders - PowerFolder/a_Create Folder                            _852e7b' is clicked on

2020-07-21 20:44:16 - [TEST_STEP][PASSED] - setText(findTestObject("Object Repository/Share/Page_Folders - PowerFolder/input_Create a new Folder_pencil"), folderName): Text 'QhTgS6qhH' is set on object 'Object Repository/Share/Page_Folders - PowerFolder/input_Create a new Folder_pencil'

2020-07-21 20:44:16 - [MESSAGE][PASSED] - Text 'QhTgS6qhH' is set on object 'Object Repository/Share/Page_Folders - PowerFolder/input_Create a new Folder_pencil'

2020-07-21 20:44:16 - [TEST_STEP][PASSED] - sendKeys(findTestObject("Object Repository/Share/Page_Folders - PowerFolder/input_Create a new Folder_pencil"), Keys.chord(ENTER)): Keys 'ENTER + ' sent to object: 'Object Repository/Share/Page_Folders - PowerFolder/input_Create a new Folder_pencil'

2020-07-21 20:44:16 - [MESSAGE][PASSED] - Keys 'ENTER + ' sent to object: 'Object Repository/Share/Page_Folders - PowerFolder/input_Create a new Folder_pencil'

2020-07-21 20:44:16 - [TEST_STEP][PASSED] - click(findTestObject("Object Repository/Folders/Page_Dashboard - PowerFolder/lang_Groups")): Object: 'Object Repository/Folders/Page_Dashboard - PowerFolder/lang_Groups' is clicked on

2020-07-21 20:44:17 - [MESSAGE][PASSED] - Object: 'Object Repository/Folders/Page_Dashboard - PowerFolder/lang_Groups' is clicked on

2020-07-21 20:44:17 - [TEST_STEP][PASSED] - click(findTestObject("Object Repository/Share/Page_Groups - PowerFolder/span_Log out_pica-icon pica-glyph glyphicon_0824b5")): Object: 'Object Repository/Share/Page_Groups - PowerFolder/span_Log out_pica-icon pica-glyph glyphicon_0824b5' is clicked on

2020-07-21 20:44:18 - [MESSAGE][PASSED] - Object: 'Object Repository/Share/Page_Groups - PowerFolder/span_Log out_pica-icon pica-glyph glyphicon_0824b5' is clicked on

2020-07-21 20:44:18 - [TEST_STEP][PASSED] - setText(findTestObject("Object Repository/Share/Page_Groups - PowerFolder/input_Organizations_pica_group_name"), Group_${ -> ... }): Text 'Group_QhTgS6qhH' is set on object 'Object Repository/Share/Page_Groups - PowerFolder/input_Organizations_pica_group_name'

2020-07-21 20:44:19 - [MESSAGE][PASSED] - Text 'Group_QhTgS6qhH' is set on object 'Object Repository/Share/Page_Groups - PowerFolder/input_Organizations_pica_group_name'

2020-07-21 20:44:19 - [TEST_STEP][PASSED] - click(findTestObject("Object Repository/Share/Page_Groups - PowerFolder/lang_Save")): Object: 'Object Repository/Share/Page_Groups - PowerFolder/lang_Save' is clicked on

2020-07-21 20:44:19 - [MESSAGE][PASSED] - Object: 'Object Repository/Share/Page_Groups - PowerFolder/lang_Save' is clicked on

2020-07-21 20:44:19 - [TEST_STEP][PASSED] - click(findTestObject("Object Repository/Folders/Page_Folders - PowerFolder/lang_Folders")): Object: 'Object Repository/Folders/Page_Folders - PowerFolder/lang_Folders' is clicked on

2020-07-21 20:44:21 - [MESSAGE][PASSED] - Object: 'Object Repository/Folders/Page_Folders - PowerFolder/lang_Folders' is clicked on

2020-07-21 20:44:21 - [TEST_STEP][PASSED] - assert getWindowTitle().equals("Folders - PowerFolder"): Current window's title is: 'Folders - PowerFolder'

2020-07-21 20:44:21 - [MESSAGE][PASSED] - Current window's title is: 'Folders - PowerFolder'

2020-07-21 20:44:21 - [TEST_STEP][PASSED] - btn = findShareButton(folderName): null

2020-07-21 20:44:21 - [TEST_STEP][PASSED] - driver = getWebDriver(): null

2020-07-21 20:44:21 - [TEST_STEP][PASSED] - return driver.findElement(org.openqa.selenium.By.xpath(//table[@id='files_files_table']/tbody/tr/td[2]/a[contains(text(),'$fileName')]/../../td[6]/a)): null

2020-07-21 20:44:22 - [TEST_STEP][PASSED] - executeJavaScript("arguments[0].click()", Arrays.asList(btn)): Execute JavaScript 'arguments[0].click()' successfully

2020-07-21 20:44:22 - [MESSAGE][PASSED] - Execute JavaScript 'arguments[0].click()' successfully

2020-07-21 20:44:22 - [TEST_STEP][PASSED] - Group = Group_${ -> ... }: null

2020-07-21 20:44:22 - [TEST_STEP][PASSED] - setText(findTestObject("Object Repository/Share/Page_Folders - PowerFolder/input_Invite users and groups or create a l_797df6"), Group): Text 'Group_QhTgS6qhH' is set on object 'Object Repository/Share/Page_Folders - PowerFolder/input_Invite users and groups or create a l_797df6'

2020-07-21 20:44:22 - [MESSAGE][PASSED] - Text 'Group_QhTgS6qhH' is set on object 'Object Repository/Share/Page_Folders - PowerFolder/input_Invite users and groups or create a l_797df6'

2020-07-21 20:44:22 - [TEST_STEP][PASSED] - click(findTestObject("Object Repository/Share/Page_Folders - PowerFolder/tag")): Object: 'Object Repository/Share/Page_Folders - PowerFolder/tag' is clicked on

2020-07-21 20:44:24 - [MESSAGE][PASSED] - Object: 'Object Repository/Share/Page_Folders - PowerFolder/tag' is clicked on

2020-07-21 20:44:24 - [TEST_STEP][PASSED] - click(findTestObject("Object Repository/Share/Page_Folders - PowerFolder/button_Can administrate_pica-taginput-butto_3eb2fe")): Object: 'Object Repository/Share/Page_Folders - PowerFolder/button_Can administrate_pica-taginput-butto_3eb2fe' is clicked on

2020-07-21 20:44:24 - [MESSAGE][PASSED] - Object: 'Object Repository/Share/Page_Folders - PowerFolder/button_Can administrate_pica-taginput-butto_3eb2fe' is clicked on

2020-07-21 20:44:24 - [TEST_STEP][PASSED] - verifyElementText(findTestObject("Object Repository/Share/Page_Folders - PowerFolder/td_Group"), Group): Actual text and expected text of test object 'Object Repository/Share/Page_Folders - PowerFolder/td_Group' are matched.

2020-07-21 20:44:24 - [MESSAGE][PASSED] - Actual text and expected text of test object 'Object Repository/Share/Page_Folders - PowerFolder/td_Group' are matched.

2020-07-21 20:44:24 - [TEST_STEP][PASSED] - closeBrowser(): Browser is closed

2020-07-21 20:44:27 - [MESSAGE][PASSED] - Browser is closed]]></system-out>
         <system-err><![CDATA[]]></system-err>
      </testcase>
      <testcase name="Test Cases/Share/Share Using plus button/Share folder with Multiple outlook emails" time="15.767" classname="Test Cases/Share/Share Using plus button/Share folder with Multiple outlook emails" status="PASSED">
         <system-out><![CDATA[2020-07-21 20:44:27 - [TEST_CASE][PASSED] - Test Cases/Share/Share Using plus button/Share folder with Multiple outlook emails: Test Cases/Share/Share Using plus button/Share folder with Multiple outlook emails

2020-07-21 20:44:28 - [TEST_STEP][PASSED] - callTestCase(findTestCase("Folders/Should Go to Folderstable"), [:], OPTIONAL): Call Test Case 'Test Cases/Folders/Should Go to Folderstable' successfully

2020-07-21 20:44:28 - [TEST_CASE][PASSED] - Test Cases/Folders/Should Go to Folderstable: Test Cases/Folders/Should Go to Folderstable

2020-07-21 20:44:28 - [TEST_STEP][PASSED] - openBrowser(""): Browser is opened with url: ''

2020-07-21 20:44:28 - [MESSAGE][INFO] - Starting 'Firefox' driver

2020-07-21 20:44:30 - [MESSAGE][PASSED] - Browser is opened with url: ''

2020-07-21 20:44:30 - [TEST_STEP][PASSED] - navigateToUrl(URL): Navigate to 'https://lab.powerfolder.net:8666/login' successfully

2020-07-21 20:44:32 - [MESSAGE][PASSED] - Navigate to 'https://lab.powerfolder.net:8666/login' successfully

2020-07-21 20:44:32 - [TEST_STEP][PASSED] - assert getWindowTitle().equals("Login - PowerFolder"): Current window's title is: 'Login - PowerFolder'

2020-07-21 20:44:32 - [MESSAGE][PASSED] - Current window's title is: 'Login - PowerFolder'

2020-07-21 20:44:32 - [TEST_STEP][PASSED] - setText(findTestObject("Object Repository/Login/Page_Login - PowerFolder/input_register new account_Username"), Username): Text 'admin' is set on object 'Object Repository/Login/Page_Login - PowerFolder/input_register new account_Username'

2020-07-21 20:44:32 - [MESSAGE][PASSED] - Text 'admin' is set on object 'Object Repository/Login/Page_Login - PowerFolder/input_register new account_Username'

2020-07-21 20:44:32 - [TEST_STEP][PASSED] - click(findTestObject("Object Repository/Login/Page_Login - PowerFolder/input_register new account_Login")): Object: 'Object Repository/Login/Page_Login - PowerFolder/input_register new account_Login' is clicked on

2020-07-21 20:44:33 - [MESSAGE][PASSED] - Object: 'Object Repository/Login/Page_Login - PowerFolder/input_register new account_Login' is clicked on

2020-07-21 20:44:33 - [TEST_STEP][PASSED] - isPresent = waitForElementVisible(findTestObject("Object Repository/Login/Page_Login - PowerFolder/input_Recover password_Password"), 2): Object 'Object Repository/Login/Page_Login - PowerFolder/input_Recover password_Password' is visible

2020-07-21 20:44:33 - [MESSAGE][PASSED] - Object 'Object Repository/Login/Page_Login - PowerFolder/input_Recover password_Password' is visible

2020-07-21 20:44:33 - [TEST_STEP][PASSED] - assert isPresent: null

2020-07-21 20:44:33 - [TEST_STEP][PASSED] - setText(findTestObject("Object Repository/Login/Page_Login - PowerFolder/input_Recover password_Password"), Password): Text 'password' is set on object 'Object Repository/Login/Page_Login - PowerFolder/input_Recover password_Password'

2020-07-21 20:44:33 - [MESSAGE][PASSED] - Text 'password' is set on object 'Object Repository/Login/Page_Login - PowerFolder/input_Recover password_Password'

2020-07-21 20:44:33 - [TEST_STEP][PASSED] - click(findTestObject("Object Repository/Login/Page_Login - PowerFolder/input_register new account_Login")): Object: 'Object Repository/Login/Page_Login - PowerFolder/input_register new account_Login' is clicked on

2020-07-21 20:44:35 - [MESSAGE][PASSED] - Object: 'Object Repository/Login/Page_Login - PowerFolder/input_register new account_Login' is clicked on

2020-07-21 20:44:35 - [TEST_STEP][PASSED] - assert getWindowTitle().equals("Dashboard - PowerFolder"): Current window's title is: 'Dashboard - PowerFolder'

2020-07-21 20:44:35 - [MESSAGE][PASSED] - Current window's title is: 'Dashboard - PowerFolder'

2020-07-21 20:44:35 - [TEST_STEP][PASSED] - click(findTestObject("Object Repository/Folders/Page_Folders - PowerFolder/lang_Folders")): Object: 'Object Repository/Folders/Page_Folders - PowerFolder/lang_Folders' is clicked on

2020-07-21 20:44:36 - [MESSAGE][PASSED] - Object: 'Object Repository/Folders/Page_Folders - PowerFolder/lang_Folders' is clicked on

2020-07-21 20:44:36 - [TEST_STEP][PASSED] - assert getWindowTitle().equals("Folders - PowerFolder"): Current window's title is: 'Folders - PowerFolder'

2020-07-21 20:44:36 - [MESSAGE][PASSED] - Current window's title is: 'Folders - PowerFolder'

2020-07-21 20:44:36 - [MESSAGE][PASSED] - Call Test Case 'Test Cases/Folders/Should Go to Folderstable' successfully

2020-07-21 20:44:36 - [TEST_STEP][PASSED] - folderName = RandomStringUtils.random(9, true, true): null

2020-07-21 20:44:36 - [TEST_STEP][PASSED] - click(findTestObject("Object Repository/Share/Page_Folders - PowerFolder/span_Paste_pica-glyph glyphicons glyphicons_ca92f0")): Object: 'Object Repository/Share/Page_Folders - PowerFolder/span_Paste_pica-glyph glyphicons glyphicons_ca92f0' is clicked on

2020-07-21 20:44:37 - [MESSAGE][PASSED] - Object: 'Object Repository/Share/Page_Folders - PowerFolder/span_Paste_pica-glyph glyphicons glyphicons_ca92f0' is clicked on

2020-07-21 20:44:37 - [TEST_STEP][PASSED] - click(findTestObject("Object Repository/Share/Page_Folders - PowerFolder/a_Create Folder                            _852e7b")): Object: 'Object Repository/Share/Page_Folders - PowerFolder/a_Create Folder                            _852e7b' is clicked on

2020-07-21 20:44:37 - [MESSAGE][PASSED] - Object: 'Object Repository/Share/Page_Folders - PowerFolder/a_Create Folder                            _852e7b' is clicked on

2020-07-21 20:44:37 - [TEST_STEP][PASSED] - setText(findTestObject("Object Repository/Share/Page_Folders - PowerFolder/input_Create a new Folder_pencil"), folderName): Text '49SKFs3O8' is set on object 'Object Repository/Share/Page_Folders - PowerFolder/input_Create a new Folder_pencil'

2020-07-21 20:44:38 - [MESSAGE][PASSED] - Text '49SKFs3O8' is set on object 'Object Repository/Share/Page_Folders - PowerFolder/input_Create a new Folder_pencil'

2020-07-21 20:44:38 - [TEST_STEP][PASSED] - sendKeys(findTestObject("Object Repository/Share/Page_Folders - PowerFolder/input_Create a new Folder_pencil"), Keys.chord(ENTER)): Keys 'ENTER + ' sent to object: 'Object Repository/Share/Page_Folders - PowerFolder/input_Create a new Folder_pencil'

2020-07-21 20:44:38 - [MESSAGE][PASSED] - Keys 'ENTER + ' sent to object: 'Object Repository/Share/Page_Folders - PowerFolder/input_Create a new Folder_pencil'

2020-07-21 20:44:38 - [TEST_STEP][PASSED] - btn = findShareButton(folderName): null

2020-07-21 20:44:38 - [TEST_STEP][PASSED] - driver = getWebDriver(): null

2020-07-21 20:44:38 - [TEST_STEP][PASSED] - return driver.findElement(org.openqa.selenium.By.xpath(//table[@id='files_files_table']/tbody/tr/td[2]/a[contains(text(),'$fileName')]/../../td[6]/a)): null

2020-07-21 20:44:39 - [TEST_STEP][PASSED] - executeJavaScript("arguments[0].click()", Arrays.asList(btn)): Execute JavaScript 'arguments[0].click()' successfully

2020-07-21 20:44:39 - [MESSAGE][PASSED] - Execute JavaScript 'arguments[0].click()' successfully

2020-07-21 20:44:39 - [TEST_STEP][PASSED] - mails = ${ -> ... } <${ -> ... }@outlook.com>;${ -> ... } <${ -> ... }@outlook.com>;${ -> ... } <${ -> ... }@outlook.com>: null

2020-07-21 20:44:39 - [TEST_STEP][PASSED] - membersCount = getMembersCount(): null

2020-07-21 20:44:39 - [TEST_STEP][PASSED] - driver = getWebDriver(): null

2020-07-21 20:44:39 - [TEST_STEP][PASSED] - tbody = driver.findElement(By.xpath("//table[@id='share_table']/tbody")): null

2020-07-21 20:44:39 - [TEST_STEP][PASSED] - assert tbody: null

2020-07-21 20:44:39 - [TEST_STEP][PASSED] - rows_table = tbody.findElements(By.tagName("tr")): null

2020-07-21 20:44:40 - [TEST_STEP][PASSED] - return rows_table.size(): null

2020-07-21 20:44:40 - [TEST_STEP][PASSED] - setText(findTestObject("Object Repository/Share/Page_Folders - PowerFolder/input_Invite users and groups or create a l_797df6"), mails): Text '49SKFs3O8a <49SKFs3O8a@outlook.com>;49SKFs3O8b <49SKFs3O8b@outlook.com>;49SKFs3O8c <49SKFs3O8c@outlook.com>' is set on object 'Object Repository/Share/Page_Folders - PowerFolder/input_Invite users and groups or create a l_797df6'

2020-07-21 20:44:40 - [MESSAGE][PASSED] - Text '49SKFs3O8a <49SKFs3O8a@outlook.com>;49SKFs3O8b <49SKFs3O8b@outlook.com>;49SKFs3O8c <49SKFs3O8c@outlook.com>' is set on object 'Object Repository/Share/Page_Folders - PowerFolder/input_Invite users and groups or create a l_797df6'

2020-07-21 20:44:40 - [TEST_STEP][PASSED] - click(findTestObject("Object Repository/Share/Page_Folders - PowerFolder/button_Can administrate_pica-taginput-butto_3eb2fe")): Object: 'Object Repository/Share/Page_Folders - PowerFolder/button_Can administrate_pica-taginput-butto_3eb2fe' is clicked on

2020-07-21 20:44:40 - [MESSAGE][PASSED] - Object: 'Object Repository/Share/Page_Folders - PowerFolder/button_Can administrate_pica-taginput-butto_3eb2fe' is clicked on

2020-07-21 20:44:40 - [TEST_STEP][PASSED] - assert membersCount + 3 == getMembersCount(): null

2020-07-21 20:44:40 - [TEST_STEP][PASSED] - driver = getWebDriver(): null

2020-07-21 20:44:40 - [TEST_STEP][PASSED] - tbody = driver.findElement(By.xpath("//table[@id='share_table']/tbody")): null

2020-07-21 20:44:41 - [TEST_STEP][PASSED] - assert tbody: null

2020-07-21 20:44:41 - [TEST_STEP][PASSED] - rows_table = tbody.findElements(By.tagName("tr")): null

2020-07-21 20:44:41 - [TEST_STEP][PASSED] - return rows_table.size(): null

2020-07-21 20:44:41 - [TEST_STEP][PASSED] - closeBrowser(): Browser is closed

2020-07-21 20:44:43 - [MESSAGE][PASSED] - Browser is closed]]></system-out>
         <system-err><![CDATA[]]></system-err>
      </testcase>
      <testcase name="Test Cases/Share/Share Using plus button/Share folder with Multiple emails colon separator" time="13.752" classname="Test Cases/Share/Share Using plus button/Share folder with Multiple emails colon separator" status="FAILED">
         <failure type="FAILED" message="Test Cases/Share/Share Using plus button/Share folder with Multiple emails colon separator FAILED.
Reason:
Assertion failed: 

assert membersCount+3 == getMembersCount()
       |           |  |  |
       1           4  |  1
                      false

	at Share folder with Multiple emails colon separator.run(Share folder with Multiple emails colon separator:50)
	at com.kms.katalon.core.main.ScriptEngine.run(ScriptEngine.java:194)
	at com.kms.katalon.core.main.ScriptEngine.runScriptAsRawText(ScriptEngine.java:119)
	at com.kms.katalon.core.main.TestCaseExecutor.runScript(TestCaseExecutor.java:337)
	at com.kms.katalon.core.main.TestCaseExecutor.doExecute(TestCaseExecutor.java:328)
	at com.kms.katalon.core.main.TestCaseExecutor.processExecutionPhase(TestCaseExecutor.java:307)
	at com.kms.katalon.core.main.TestCaseExecutor.accessMainPhase(TestCaseExecutor.java:299)
	at com.kms.katalon.core.main.TestCaseExecutor.execute(TestCaseExecutor.java:233)
	at com.kms.katalon.core.main.TestSuiteExecutor.accessTestCaseMainPhase(TestSuiteExecutor.java:169)
	at com.kms.katalon.core.main.TestSuiteExecutor.accessTestSuiteMainPhase(TestSuiteExecutor.java:142)
	at com.kms.katalon.core.main.TestSuiteExecutor.execute(TestSuiteExecutor.java:91)
	at com.kms.katalon.core.main.TestCaseMain.startTestSuite(TestCaseMain.java:157)
	at com.kms.katalon.core.main.TestCaseMain$startTestSuite$0.call(Unknown Source)
	at TempTestSuite1595360578386.run(TempTestSuite1595360578386.groovy:36)
"/>
         <system-out><![CDATA[2020-07-21 20:44:43 - [TEST_CASE][FAILED] - Test Cases/Share/Share Using plus button/Share folder with Multiple emails colon separator: Test Cases/Share/Share Using plus button/Share folder with Multiple emails colon separator FAILED.
Reason:
Assertion failed: 

assert membersCount+3 == getMembersCount()
       |           |  |  |
       1           4  |  1
                      false

	at Share folder with Multiple emails colon separator.run(Share folder with Multiple emails colon separator:50)
	at com.kms.katalon.core.main.ScriptEngine.run(ScriptEngine.java:194)
	at com.kms.katalon.core.main.ScriptEngine.runScriptAsRawText(ScriptEngine.java:119)
	at com.kms.katalon.core.main.TestCaseExecutor.runScript(TestCaseExecutor.java:337)
	at com.kms.katalon.core.main.TestCaseExecutor.doExecute(TestCaseExecutor.java:328)
	at com.kms.katalon.core.main.TestCaseExecutor.processExecutionPhase(TestCaseExecutor.java:307)
	at com.kms.katalon.core.main.TestCaseExecutor.accessMainPhase(TestCaseExecutor.java:299)
	at com.kms.katalon.core.main.TestCaseExecutor.execute(TestCaseExecutor.java:233)
	at com.kms.katalon.core.main.TestSuiteExecutor.accessTestCaseMainPhase(TestSuiteExecutor.java:169)
	at com.kms.katalon.core.main.TestSuiteExecutor.accessTestSuiteMainPhase(TestSuiteExecutor.java:142)
	at com.kms.katalon.core.main.TestSuiteExecutor.execute(TestSuiteExecutor.java:91)
	at com.kms.katalon.core.main.TestCaseMain.startTestSuite(TestCaseMain.java:157)
	at com.kms.katalon.core.main.TestCaseMain$startTestSuite$0.call(Unknown Source)
	at TempTestSuite1595360578386.run(TempTestSuite1595360578386.groovy:36)


2020-07-21 20:44:43 - [TEST_STEP][PASSED] - callTestCase(findTestCase("Folders/Should Go to Folderstable"), [:], OPTIONAL): Call Test Case 'Test Cases/Folders/Should Go to Folderstable' successfully

2020-07-21 20:44:43 - [TEST_CASE][PASSED] - Test Cases/Folders/Should Go to Folderstable: Test Cases/Folders/Should Go to Folderstable

2020-07-21 20:44:43 - [TEST_STEP][PASSED] - openBrowser(""): Browser is opened with url: ''

2020-07-21 20:44:43 - [MESSAGE][INFO] - Starting 'Firefox' driver

2020-07-21 20:44:46 - [MESSAGE][PASSED] - Browser is opened with url: ''

2020-07-21 20:44:46 - [TEST_STEP][PASSED] - navigateToUrl(URL): Navigate to 'https://lab.powerfolder.net:8666/login' successfully

2020-07-21 20:44:48 - [MESSAGE][PASSED] - Navigate to 'https://lab.powerfolder.net:8666/login' successfully

2020-07-21 20:44:48 - [TEST_STEP][PASSED] - assert getWindowTitle().equals("Login - PowerFolder"): Current window's title is: 'Login - PowerFolder'

2020-07-21 20:44:48 - [MESSAGE][PASSED] - Current window's title is: 'Login - PowerFolder'

2020-07-21 20:44:48 - [TEST_STEP][PASSED] - setText(findTestObject("Object Repository/Login/Page_Login - PowerFolder/input_register new account_Username"), Username): Text 'admin' is set on object 'Object Repository/Login/Page_Login - PowerFolder/input_register new account_Username'

2020-07-21 20:44:48 - [MESSAGE][PASSED] - Text 'admin' is set on object 'Object Repository/Login/Page_Login - PowerFolder/input_register new account_Username'

2020-07-21 20:44:48 - [TEST_STEP][PASSED] - click(findTestObject("Object Repository/Login/Page_Login - PowerFolder/input_register new account_Login")): Object: 'Object Repository/Login/Page_Login - PowerFolder/input_register new account_Login' is clicked on

2020-07-21 20:44:48 - [MESSAGE][PASSED] - Object: 'Object Repository/Login/Page_Login - PowerFolder/input_register new account_Login' is clicked on

2020-07-21 20:44:48 - [TEST_STEP][PASSED] - isPresent = waitForElementVisible(findTestObject("Object Repository/Login/Page_Login - PowerFolder/input_Recover password_Password"), 2): Object 'Object Repository/Login/Page_Login - PowerFolder/input_Recover password_Password' is visible

2020-07-21 20:44:49 - [MESSAGE][PASSED] - Object 'Object Repository/Login/Page_Login - PowerFolder/input_Recover password_Password' is visible

2020-07-21 20:44:49 - [TEST_STEP][PASSED] - assert isPresent: null

2020-07-21 20:44:49 - [TEST_STEP][PASSED] - setText(findTestObject("Object Repository/Login/Page_Login - PowerFolder/input_Recover password_Password"), Password): Text 'password' is set on object 'Object Repository/Login/Page_Login - PowerFolder/input_Recover password_Password'

2020-07-21 20:44:49 - [MESSAGE][PASSED] - Text 'password' is set on object 'Object Repository/Login/Page_Login - PowerFolder/input_Recover password_Password'

2020-07-21 20:44:49 - [TEST_STEP][PASSED] - click(findTestObject("Object Repository/Login/Page_Login - PowerFolder/input_register new account_Login")): Object: 'Object Repository/Login/Page_Login - PowerFolder/input_register new account_Login' is clicked on

2020-07-21 20:44:50 - [MESSAGE][PASSED] - Object: 'Object Repository/Login/Page_Login - PowerFolder/input_register new account_Login' is clicked on

2020-07-21 20:44:50 - [TEST_STEP][PASSED] - assert getWindowTitle().equals("Dashboard - PowerFolder"): Current window's title is: 'Dashboard - PowerFolder'

2020-07-21 20:44:50 - [MESSAGE][PASSED] - Current window's title is: 'Dashboard - PowerFolder'

2020-07-21 20:44:50 - [TEST_STEP][PASSED] - click(findTestObject("Object Repository/Folders/Page_Folders - PowerFolder/lang_Folders")): Object: 'Object Repository/Folders/Page_Folders - PowerFolder/lang_Folders' is clicked on

2020-07-21 20:44:51 - [MESSAGE][PASSED] - Object: 'Object Repository/Folders/Page_Folders - PowerFolder/lang_Folders' is clicked on

2020-07-21 20:44:51 - [TEST_STEP][PASSED] - assert getWindowTitle().equals("Folders - PowerFolder"): Current window's title is: 'Folders - PowerFolder'

2020-07-21 20:44:51 - [MESSAGE][PASSED] - Current window's title is: 'Folders - PowerFolder'

2020-07-21 20:44:51 - [MESSAGE][PASSED] - Call Test Case 'Test Cases/Folders/Should Go to Folderstable' successfully

2020-07-21 20:44:51 - [TEST_STEP][PASSED] - folderName = RandomStringUtils.random(9, true, true): null

2020-07-21 20:44:51 - [TEST_STEP][PASSED] - click(findTestObject("Object Repository/Share/Page_Folders - PowerFolder/span_Paste_pica-glyph glyphicons glyphicons_ca92f0")): Object: 'Object Repository/Share/Page_Folders - PowerFolder/span_Paste_pica-glyph glyphicons glyphicons_ca92f0' is clicked on

2020-07-21 20:44:52 - [MESSAGE][PASSED] - Object: 'Object Repository/Share/Page_Folders - PowerFolder/span_Paste_pica-glyph glyphicons glyphicons_ca92f0' is clicked on

2020-07-21 20:44:52 - [TEST_STEP][PASSED] - click(findTestObject("Object Repository/Share/Page_Folders - PowerFolder/a_Create Folder                            _852e7b")): Object: 'Object Repository/Share/Page_Folders - PowerFolder/a_Create Folder                            _852e7b' is clicked on

2020-07-21 20:44:53 - [MESSAGE][PASSED] - Object: 'Object Repository/Share/Page_Folders - PowerFolder/a_Create Folder                            _852e7b' is clicked on

2020-07-21 20:44:53 - [TEST_STEP][PASSED] - setText(findTestObject("Object Repository/Share/Page_Folders - PowerFolder/input_Create a new Folder_pencil"), folderName): Text 'jKaXO4VBN' is set on object 'Object Repository/Share/Page_Folders - PowerFolder/input_Create a new Folder_pencil'

2020-07-21 20:44:53 - [MESSAGE][PASSED] - Text 'jKaXO4VBN' is set on object 'Object Repository/Share/Page_Folders - PowerFolder/input_Create a new Folder_pencil'

2020-07-21 20:44:53 - [TEST_STEP][PASSED] - sendKeys(findTestObject("Object Repository/Share/Page_Folders - PowerFolder/input_Create a new Folder_pencil"), Keys.chord(ENTER)): Keys 'ENTER + ' sent to object: 'Object Repository/Share/Page_Folders - PowerFolder/input_Create a new Folder_pencil'

2020-07-21 20:44:53 - [MESSAGE][PASSED] - Keys 'ENTER + ' sent to object: 'Object Repository/Share/Page_Folders - PowerFolder/input_Create a new Folder_pencil'

2020-07-21 20:44:53 - [TEST_STEP][PASSED] - btn = findShareButton(folderName): null

2020-07-21 20:44:53 - [TEST_STEP][PASSED] - driver = getWebDriver(): null

2020-07-21 20:44:53 - [TEST_STEP][PASSED] - return driver.findElement(org.openqa.selenium.By.xpath(//table[@id='files_files_table']/tbody/tr/td[2]/a[contains(text(),'$fileName')]/../../td[6]/a)): null

2020-07-21 20:44:54 - [TEST_STEP][PASSED] - executeJavaScript("arguments[0].click()", Arrays.asList(btn)): Execute JavaScript 'arguments[0].click()' successfully

2020-07-21 20:44:54 - [MESSAGE][PASSED] - Execute JavaScript 'arguments[0].click()' successfully

2020-07-21 20:44:54 - [TEST_STEP][PASSED] - mails = a_${ -> ... }@a.com:b_${ -> ... }@b.com:c_${ -> ... }@c.com: null

2020-07-21 20:44:54 - [TEST_STEP][PASSED] - membersCount = getMembersCount(): null

2020-07-21 20:44:54 - [TEST_STEP][PASSED] - driver = getWebDriver(): null

2020-07-21 20:44:54 - [TEST_STEP][PASSED] - tbody = driver.findElement(By.xpath("//table[@id='share_table']/tbody")): null

2020-07-21 20:44:55 - [TEST_STEP][PASSED] - assert tbody: null

2020-07-21 20:44:55 - [TEST_STEP][PASSED] - rows_table = tbody.findElements(By.tagName("tr")): null

2020-07-21 20:44:55 - [TEST_STEP][PASSED] - return rows_table.size(): null

2020-07-21 20:44:55 - [TEST_STEP][PASSED] - setText(findTestObject("Object Repository/Share/Page_Folders - PowerFolder/input_Invite users and groups or create a l_797df6"), mails): Text 'a_jKaXO4VBN@a.com:b_jKaXO4VBN@b.com:c_jKaXO4VBN@c.com' is set on object 'Object Repository/Share/Page_Folders - PowerFolder/input_Invite users and groups or create a l_797df6'

2020-07-21 20:44:56 - [MESSAGE][PASSED] - Text 'a_jKaXO4VBN@a.com:b_jKaXO4VBN@b.com:c_jKaXO4VBN@c.com' is set on object 'Object Repository/Share/Page_Folders - PowerFolder/input_Invite users and groups or create a l_797df6'

2020-07-21 20:44:56 - [TEST_STEP][PASSED] - click(findTestObject("Object Repository/Share/Page_Folders - PowerFolder/button_Can administrate_pica-taginput-butto_3eb2fe")): Object: 'Object Repository/Share/Page_Folders - PowerFolder/button_Can administrate_pica-taginput-butto_3eb2fe' is clicked on

2020-07-21 20:44:56 - [MESSAGE][PASSED] - Object: 'Object Repository/Share/Page_Folders - PowerFolder/button_Can administrate_pica-taginput-butto_3eb2fe' is clicked on

2020-07-21 20:44:56 - [TEST_STEP][PASSED] - assert membersCount + 3 == getMembersCount(): null

2020-07-21 20:44:56 - [TEST_STEP][PASSED] - driver = getWebDriver(): null

2020-07-21 20:44:56 - [TEST_STEP][PASSED] - tbody = driver.findElement(By.xpath("//table[@id='share_table']/tbody")): null

2020-07-21 20:44:57 - [TEST_STEP][PASSED] - assert tbody: null

2020-07-21 20:44:57 - [TEST_STEP][PASSED] - rows_table = tbody.findElements(By.tagName("tr")): null

2020-07-21 20:44:57 - [TEST_STEP][PASSED] - return rows_table.size(): null]]></system-out>
         <system-err><![CDATA[2020-07-21 20:44:43 - [TEST_CASE][FAILED] - Test Cases/Share/Share Using plus button/Share folder with Multiple emails colon separator: Test Cases/Share/Share Using plus button/Share folder with Multiple emails colon separator FAILED.
Reason:
Assertion failed: 

assert membersCount+3 == getMembersCount()
       |           |  |  |
       1           4  |  1
                      false

	at Share folder with Multiple emails colon separator.run(Share folder with Multiple emails colon separator:50)
	at com.kms.katalon.core.main.ScriptEngine.run(ScriptEngine.java:194)
	at com.kms.katalon.core.main.ScriptEngine.runScriptAsRawText(ScriptEngine.java:119)
	at com.kms.katalon.core.main.TestCaseExecutor.runScript(TestCaseExecutor.java:337)
	at com.kms.katalon.core.main.TestCaseExecutor.doExecute(TestCaseExecutor.java:328)
	at com.kms.katalon.core.main.TestCaseExecutor.processExecutionPhase(TestCaseExecutor.java:307)
	at com.kms.katalon.core.main.TestCaseExecutor.accessMainPhase(TestCaseExecutor.java:299)
	at com.kms.katalon.core.main.TestCaseExecutor.execute(TestCaseExecutor.java:233)
	at com.kms.katalon.core.main.TestSuiteExecutor.accessTestCaseMainPhase(TestSuiteExecutor.java:169)
	at com.kms.katalon.core.main.TestSuiteExecutor.accessTestSuiteMainPhase(TestSuiteExecutor.java:142)
	at com.kms.katalon.core.main.TestSuiteExecutor.execute(TestSuiteExecutor.java:91)
	at com.kms.katalon.core.main.TestCaseMain.startTestSuite(TestCaseMain.java:157)
	at com.kms.katalon.core.main.TestCaseMain$startTestSuite$0.call(Unknown Source)
	at TempTestSuite1595360578386.run(TempTestSuite1595360578386.groovy:36)]]></system-err>
      </testcase>
      <testcase name="Test Cases/Share/Share Using plus button/Share folder with Multiple emails comma separator" time="14.948" classname="Test Cases/Share/Share Using plus button/Share folder with Multiple emails comma separator" status="FAILED">
         <failure type="FAILED" message="Test Cases/Share/Share Using plus button/Share folder with Multiple emails comma separator FAILED.
Reason:
Assertion failed: 

assert membersCount+3 == getMembersCount()
       |           |  |  |
       1           4  |  1
                      false

	at Share folder with Multiple emails comma separator.run(Share folder with Multiple emails comma separator:50)
	at com.kms.katalon.core.main.ScriptEngine.run(ScriptEngine.java:194)
	at com.kms.katalon.core.main.ScriptEngine.runScriptAsRawText(ScriptEngine.java:119)
	at com.kms.katalon.core.main.TestCaseExecutor.runScript(TestCaseExecutor.java:337)
	at com.kms.katalon.core.main.TestCaseExecutor.doExecute(TestCaseExecutor.java:328)
	at com.kms.katalon.core.main.TestCaseExecutor.processExecutionPhase(TestCaseExecutor.java:307)
	at com.kms.katalon.core.main.TestCaseExecutor.accessMainPhase(TestCaseExecutor.java:299)
	at com.kms.katalon.core.main.TestCaseExecutor.execute(TestCaseExecutor.java:233)
	at com.kms.katalon.core.main.TestSuiteExecutor.accessTestCaseMainPhase(TestSuiteExecutor.java:169)
	at com.kms.katalon.core.main.TestSuiteExecutor.accessTestSuiteMainPhase(TestSuiteExecutor.java:142)
	at com.kms.katalon.core.main.TestSuiteExecutor.execute(TestSuiteExecutor.java:91)
	at com.kms.katalon.core.main.TestCaseMain.startTestSuite(TestCaseMain.java:157)
	at com.kms.katalon.core.main.TestCaseMain$startTestSuite$0.call(Unknown Source)
	at TempTestSuite1595360578386.run(TempTestSuite1595360578386.groovy:36)
"/>
         <system-out><![CDATA[2020-07-21 20:44:57 - [TEST_CASE][FAILED] - Test Cases/Share/Share Using plus button/Share folder with Multiple emails comma separator: Test Cases/Share/Share Using plus button/Share folder with Multiple emails comma separator FAILED.
Reason:
Assertion failed: 

assert membersCount+3 == getMembersCount()
       |           |  |  |
       1           4  |  1
                      false

	at Share folder with Multiple emails comma separator.run(Share folder with Multiple emails comma separator:50)
	at com.kms.katalon.core.main.ScriptEngine.run(ScriptEngine.java:194)
	at com.kms.katalon.core.main.ScriptEngine.runScriptAsRawText(ScriptEngine.java:119)
	at com.kms.katalon.core.main.TestCaseExecutor.runScript(TestCaseExecutor.java:337)
	at com.kms.katalon.core.main.TestCaseExecutor.doExecute(TestCaseExecutor.java:328)
	at com.kms.katalon.core.main.TestCaseExecutor.processExecutionPhase(TestCaseExecutor.java:307)
	at com.kms.katalon.core.main.TestCaseExecutor.accessMainPhase(TestCaseExecutor.java:299)
	at com.kms.katalon.core.main.TestCaseExecutor.execute(TestCaseExecutor.java:233)
	at com.kms.katalon.core.main.TestSuiteExecutor.accessTestCaseMainPhase(TestSuiteExecutor.java:169)
	at com.kms.katalon.core.main.TestSuiteExecutor.accessTestSuiteMainPhase(TestSuiteExecutor.java:142)
	at com.kms.katalon.core.main.TestSuiteExecutor.execute(TestSuiteExecutor.java:91)
	at com.kms.katalon.core.main.TestCaseMain.startTestSuite(TestCaseMain.java:157)
	at com.kms.katalon.core.main.TestCaseMain$startTestSuite$0.call(Unknown Source)
	at TempTestSuite1595360578386.run(TempTestSuite1595360578386.groovy:36)


2020-07-21 20:44:57 - [TEST_STEP][PASSED] - callTestCase(findTestCase("Folders/Should Go to Folderstable"), [:], OPTIONAL): Call Test Case 'Test Cases/Folders/Should Go to Folderstable' successfully

2020-07-21 20:44:57 - [TEST_CASE][PASSED] - Test Cases/Folders/Should Go to Folderstable: Test Cases/Folders/Should Go to Folderstable

2020-07-21 20:44:57 - [TEST_STEP][PASSED] - openBrowser(""): Browser is opened with url: ''

2020-07-21 20:44:57 - [MESSAGE][WARNING] - A browser is already opened. Closing browser and opening a new one

2020-07-21 20:44:59 - [MESSAGE][INFO] - Starting 'Firefox' driver

2020-07-21 20:45:01 - [MESSAGE][PASSED] - Browser is opened with url: ''

2020-07-21 20:45:01 - [TEST_STEP][PASSED] - navigateToUrl(URL): Navigate to 'https://lab.powerfolder.net:8666/login' successfully

2020-07-21 20:45:02 - [MESSAGE][PASSED] - Navigate to 'https://lab.powerfolder.net:8666/login' successfully

2020-07-21 20:45:02 - [TEST_STEP][PASSED] - assert getWindowTitle().equals("Login - PowerFolder"): Current window's title is: 'Login - PowerFolder'

2020-07-21 20:45:02 - [MESSAGE][PASSED] - Current window's title is: 'Login - PowerFolder'

2020-07-21 20:45:02 - [TEST_STEP][PASSED] - setText(findTestObject("Object Repository/Login/Page_Login - PowerFolder/input_register new account_Username"), Username): Text 'admin' is set on object 'Object Repository/Login/Page_Login - PowerFolder/input_register new account_Username'

2020-07-21 20:45:03 - [MESSAGE][PASSED] - Text 'admin' is set on object 'Object Repository/Login/Page_Login - PowerFolder/input_register new account_Username'

2020-07-21 20:45:03 - [TEST_STEP][PASSED] - click(findTestObject("Object Repository/Login/Page_Login - PowerFolder/input_register new account_Login")): Object: 'Object Repository/Login/Page_Login - PowerFolder/input_register new account_Login' is clicked on

2020-07-21 20:45:03 - [MESSAGE][PASSED] - Object: 'Object Repository/Login/Page_Login - PowerFolder/input_register new account_Login' is clicked on

2020-07-21 20:45:03 - [TEST_STEP][PASSED] - isPresent = waitForElementVisible(findTestObject("Object Repository/Login/Page_Login - PowerFolder/input_Recover password_Password"), 2): Object 'Object Repository/Login/Page_Login - PowerFolder/input_Recover password_Password' is visible

2020-07-21 20:45:04 - [MESSAGE][PASSED] - Object 'Object Repository/Login/Page_Login - PowerFolder/input_Recover password_Password' is visible

2020-07-21 20:45:04 - [TEST_STEP][PASSED] - assert isPresent: null

2020-07-21 20:45:04 - [TEST_STEP][PASSED] - setText(findTestObject("Object Repository/Login/Page_Login - PowerFolder/input_Recover password_Password"), Password): Text 'password' is set on object 'Object Repository/Login/Page_Login - PowerFolder/input_Recover password_Password'

2020-07-21 20:45:04 - [MESSAGE][PASSED] - Text 'password' is set on object 'Object Repository/Login/Page_Login - PowerFolder/input_Recover password_Password'

2020-07-21 20:45:04 - [TEST_STEP][PASSED] - click(findTestObject("Object Repository/Login/Page_Login - PowerFolder/input_register new account_Login")): Object: 'Object Repository/Login/Page_Login - PowerFolder/input_register new account_Login' is clicked on

2020-07-21 20:45:05 - [MESSAGE][PASSED] - Object: 'Object Repository/Login/Page_Login - PowerFolder/input_register new account_Login' is clicked on

2020-07-21 20:45:05 - [TEST_STEP][PASSED] - assert getWindowTitle().equals("Dashboard - PowerFolder"): Current window's title is: 'Dashboard - PowerFolder'

2020-07-21 20:45:05 - [MESSAGE][PASSED] - Current window's title is: 'Dashboard - PowerFolder'

2020-07-21 20:45:05 - [TEST_STEP][PASSED] - click(findTestObject("Object Repository/Folders/Page_Folders - PowerFolder/lang_Folders")): Object: 'Object Repository/Folders/Page_Folders - PowerFolder/lang_Folders' is clicked on

2020-07-21 20:45:06 - [MESSAGE][PASSED] - Object: 'Object Repository/Folders/Page_Folders - PowerFolder/lang_Folders' is clicked on

2020-07-21 20:45:06 - [TEST_STEP][PASSED] - assert getWindowTitle().equals("Folders - PowerFolder"): Current window's title is: 'Folders - PowerFolder'

2020-07-21 20:45:06 - [MESSAGE][PASSED] - Current window's title is: 'Folders - PowerFolder'

2020-07-21 20:45:06 - [MESSAGE][PASSED] - Call Test Case 'Test Cases/Folders/Should Go to Folderstable' successfully

2020-07-21 20:45:06 - [TEST_STEP][PASSED] - folderName = RandomStringUtils.random(9, true, true): null

2020-07-21 20:45:06 - [TEST_STEP][PASSED] - click(findTestObject("Object Repository/Share/Page_Folders - PowerFolder/span_Paste_pica-glyph glyphicons glyphicons_ca92f0")): Object: 'Object Repository/Share/Page_Folders - PowerFolder/span_Paste_pica-glyph glyphicons glyphicons_ca92f0' is clicked on

2020-07-21 20:45:07 - [MESSAGE][PASSED] - Object: 'Object Repository/Share/Page_Folders - PowerFolder/span_Paste_pica-glyph glyphicons glyphicons_ca92f0' is clicked on

2020-07-21 20:45:07 - [TEST_STEP][PASSED] - click(findTestObject("Object Repository/Share/Page_Folders - PowerFolder/a_Create Folder                            _852e7b")): Object: 'Object Repository/Share/Page_Folders - PowerFolder/a_Create Folder                            _852e7b' is clicked on

2020-07-21 20:45:08 - [MESSAGE][PASSED] - Object: 'Object Repository/Share/Page_Folders - PowerFolder/a_Create Folder                            _852e7b' is clicked on

2020-07-21 20:45:08 - [TEST_STEP][PASSED] - setText(findTestObject("Object Repository/Share/Page_Folders - PowerFolder/input_Create a new Folder_pencil"), folderName): Text 'niIMK9G1E' is set on object 'Object Repository/Share/Page_Folders - PowerFolder/input_Create a new Folder_pencil'

2020-07-21 20:45:08 - [MESSAGE][PASSED] - Text 'niIMK9G1E' is set on object 'Object Repository/Share/Page_Folders - PowerFolder/input_Create a new Folder_pencil'

2020-07-21 20:45:08 - [TEST_STEP][PASSED] - sendKeys(findTestObject("Object Repository/Share/Page_Folders - PowerFolder/input_Create a new Folder_pencil"), Keys.chord(ENTER)): Keys 'ENTER + ' sent to object: 'Object Repository/Share/Page_Folders - PowerFolder/input_Create a new Folder_pencil'

2020-07-21 20:45:08 - [MESSAGE][PASSED] - Keys 'ENTER + ' sent to object: 'Object Repository/Share/Page_Folders - PowerFolder/input_Create a new Folder_pencil'

2020-07-21 20:45:08 - [TEST_STEP][PASSED] - btn = findShareButton(folderName): null

2020-07-21 20:45:08 - [TEST_STEP][PASSED] - driver = getWebDriver(): null

2020-07-21 20:45:08 - [TEST_STEP][PASSED] - return driver.findElement(org.openqa.selenium.By.xpath(//table[@id='files_files_table']/tbody/tr/td[2]/a[contains(text(),'$fileName')]/../../td[6]/a)): null

2020-07-21 20:45:09 - [TEST_STEP][PASSED] - executeJavaScript("arguments[0].click()", Arrays.asList(btn)): Execute JavaScript 'arguments[0].click()' successfully

2020-07-21 20:45:09 - [MESSAGE][PASSED] - Execute JavaScript 'arguments[0].click()' successfully

2020-07-21 20:45:09 - [TEST_STEP][PASSED] - mails = a_${ -> ... }@a.com,b_${ -> ... }@b.com,c_${ -> ... }@c.com: null

2020-07-21 20:45:09 - [TEST_STEP][PASSED] - membersCount = getMembersCount(): null

2020-07-21 20:45:09 - [TEST_STEP][PASSED] - driver = getWebDriver(): null

2020-07-21 20:45:09 - [TEST_STEP][PASSED] - tbody = driver.findElement(By.xpath("//table[@id='share_table']/tbody")): null

2020-07-21 20:45:10 - [TEST_STEP][PASSED] - assert tbody: null

2020-07-21 20:45:10 - [TEST_STEP][PASSED] - rows_table = tbody.findElements(By.tagName("tr")): null

2020-07-21 20:45:10 - [TEST_STEP][PASSED] - return rows_table.size(): null

2020-07-21 20:45:10 - [TEST_STEP][PASSED] - setText(findTestObject("Object Repository/Share/Page_Folders - PowerFolder/input_Invite users and groups or create a l_797df6"), mails): Text 'a_niIMK9G1E@a.com,b_niIMK9G1E@b.com,c_niIMK9G1E@c.com' is set on object 'Object Repository/Share/Page_Folders - PowerFolder/input_Invite users and groups or create a l_797df6'

2020-07-21 20:45:11 - [MESSAGE][PASSED] - Text 'a_niIMK9G1E@a.com,b_niIMK9G1E@b.com,c_niIMK9G1E@c.com' is set on object 'Object Repository/Share/Page_Folders - PowerFolder/input_Invite users and groups or create a l_797df6'

2020-07-21 20:45:11 - [TEST_STEP][PASSED] - click(findTestObject("Object Repository/Share/Page_Folders - PowerFolder/button_Can administrate_pica-taginput-butto_3eb2fe")): Object: 'Object Repository/Share/Page_Folders - PowerFolder/button_Can administrate_pica-taginput-butto_3eb2fe' is clicked on

2020-07-21 20:45:11 - [MESSAGE][PASSED] - Object: 'Object Repository/Share/Page_Folders - PowerFolder/button_Can administrate_pica-taginput-butto_3eb2fe' is clicked on

2020-07-21 20:45:11 - [TEST_STEP][PASSED] - assert membersCount + 3 == getMembersCount(): null

2020-07-21 20:45:11 - [TEST_STEP][PASSED] - driver = getWebDriver(): null

2020-07-21 20:45:11 - [TEST_STEP][PASSED] - tbody = driver.findElement(By.xpath("//table[@id='share_table']/tbody")): null

2020-07-21 20:45:12 - [TEST_STEP][PASSED] - assert tbody: null

2020-07-21 20:45:12 - [TEST_STEP][PASSED] - rows_table = tbody.findElements(By.tagName("tr")): null

2020-07-21 20:45:12 - [TEST_STEP][PASSED] - return rows_table.size(): null]]></system-out>
         <system-err><![CDATA[2020-07-21 20:44:57 - [TEST_CASE][FAILED] - Test Cases/Share/Share Using plus button/Share folder with Multiple emails comma separator: Test Cases/Share/Share Using plus button/Share folder with Multiple emails comma separator FAILED.
Reason:
Assertion failed: 

assert membersCount+3 == getMembersCount()
       |           |  |  |
       1           4  |  1
                      false

	at Share folder with Multiple emails comma separator.run(Share folder with Multiple emails comma separator:50)
	at com.kms.katalon.core.main.ScriptEngine.run(ScriptEngine.java:194)
	at com.kms.katalon.core.main.ScriptEngine.runScriptAsRawText(ScriptEngine.java:119)
	at com.kms.katalon.core.main.TestCaseExecutor.runScript(TestCaseExecutor.java:337)
	at com.kms.katalon.core.main.TestCaseExecutor.doExecute(TestCaseExecutor.java:328)
	at com.kms.katalon.core.main.TestCaseExecutor.processExecutionPhase(TestCaseExecutor.java:307)
	at com.kms.katalon.core.main.TestCaseExecutor.accessMainPhase(TestCaseExecutor.java:299)
	at com.kms.katalon.core.main.TestCaseExecutor.execute(TestCaseExecutor.java:233)
	at com.kms.katalon.core.main.TestSuiteExecutor.accessTestCaseMainPhase(TestSuiteExecutor.java:169)
	at com.kms.katalon.core.main.TestSuiteExecutor.accessTestSuiteMainPhase(TestSuiteExecutor.java:142)
	at com.kms.katalon.core.main.TestSuiteExecutor.execute(TestSuiteExecutor.java:91)
	at com.kms.katalon.core.main.TestCaseMain.startTestSuite(TestCaseMain.java:157)
	at com.kms.katalon.core.main.TestCaseMain$startTestSuite$0.call(Unknown Source)
	at TempTestSuite1595360578386.run(TempTestSuite1595360578386.groovy:36)]]></system-err>
      </testcase>
      <testcase name="Test Cases/Share/Share Using plus button/Share folder with Multiple emails multiple separators" time="15.513" classname="Test Cases/Share/Share Using plus button/Share folder with Multiple emails multiple separators" status="FAILED">
         <failure type="FAILED" message="Test Cases/Share/Share Using plus button/Share folder with Multiple emails multiple separators FAILED.
Reason:
Assertion failed: 

assert membersCount+4 == getMembersCount()
       |           |  |  |
       1           5  |  1
                      false

	at Share folder with Multiple emails multiple separators.run(Share folder with Multiple emails multiple separators:50)
	at com.kms.katalon.core.main.ScriptEngine.run(ScriptEngine.java:194)
	at com.kms.katalon.core.main.ScriptEngine.runScriptAsRawText(ScriptEngine.java:119)
	at com.kms.katalon.core.main.TestCaseExecutor.runScript(TestCaseExecutor.java:337)
	at com.kms.katalon.core.main.TestCaseExecutor.doExecute(TestCaseExecutor.java:328)
	at com.kms.katalon.core.main.TestCaseExecutor.processExecutionPhase(TestCaseExecutor.java:307)
	at com.kms.katalon.core.main.TestCaseExecutor.accessMainPhase(TestCaseExecutor.java:299)
	at com.kms.katalon.core.main.TestCaseExecutor.execute(TestCaseExecutor.java:233)
	at com.kms.katalon.core.main.TestSuiteExecutor.accessTestCaseMainPhase(TestSuiteExecutor.java:169)
	at com.kms.katalon.core.main.TestSuiteExecutor.accessTestSuiteMainPhase(TestSuiteExecutor.java:142)
	at com.kms.katalon.core.main.TestSuiteExecutor.execute(TestSuiteExecutor.java:91)
	at com.kms.katalon.core.main.TestCaseMain.startTestSuite(TestCaseMain.java:157)
	at com.kms.katalon.core.main.TestCaseMain$startTestSuite$0.call(Unknown Source)
	at TempTestSuite1595360578386.run(TempTestSuite1595360578386.groovy:36)
"/>
         <system-out><![CDATA[2020-07-21 20:45:12 - [TEST_CASE][FAILED] - Test Cases/Share/Share Using plus button/Share folder with Multiple emails multiple separators: Test Cases/Share/Share Using plus button/Share folder with Multiple emails multiple separators FAILED.
Reason:
Assertion failed: 

assert membersCount+4 == getMembersCount()
       |           |  |  |
       1           5  |  1
                      false

	at Share folder with Multiple emails multiple separators.run(Share folder with Multiple emails multiple separators:50)
	at com.kms.katalon.core.main.ScriptEngine.run(ScriptEngine.java:194)
	at com.kms.katalon.core.main.ScriptEngine.runScriptAsRawText(ScriptEngine.java:119)
	at com.kms.katalon.core.main.TestCaseExecutor.runScript(TestCaseExecutor.java:337)
	at com.kms.katalon.core.main.TestCaseExecutor.doExecute(TestCaseExecutor.java:328)
	at com.kms.katalon.core.main.TestCaseExecutor.processExecutionPhase(TestCaseExecutor.java:307)
	at com.kms.katalon.core.main.TestCaseExecutor.accessMainPhase(TestCaseExecutor.java:299)
	at com.kms.katalon.core.main.TestCaseExecutor.execute(TestCaseExecutor.java:233)
	at com.kms.katalon.core.main.TestSuiteExecutor.accessTestCaseMainPhase(TestSuiteExecutor.java:169)
	at com.kms.katalon.core.main.TestSuiteExecutor.accessTestSuiteMainPhase(TestSuiteExecutor.java:142)
	at com.kms.katalon.core.main.TestSuiteExecutor.execute(TestSuiteExecutor.java:91)
	at com.kms.katalon.core.main.TestCaseMain.startTestSuite(TestCaseMain.java:157)
	at com.kms.katalon.core.main.TestCaseMain$startTestSuite$0.call(Unknown Source)
	at TempTestSuite1595360578386.run(TempTestSuite1595360578386.groovy:36)


2020-07-21 20:45:12 - [TEST_STEP][PASSED] - callTestCase(findTestCase("Folders/Should Go to Folderstable"), [:], OPTIONAL): Call Test Case 'Test Cases/Folders/Should Go to Folderstable' successfully

2020-07-21 20:45:12 - [TEST_CASE][PASSED] - Test Cases/Folders/Should Go to Folderstable: Test Cases/Folders/Should Go to Folderstable

2020-07-21 20:45:12 - [TEST_STEP][PASSED] - openBrowser(""): Browser is opened with url: ''

2020-07-21 20:45:12 - [MESSAGE][WARNING] - A browser is already opened. Closing browser and opening a new one

2020-07-21 20:45:14 - [MESSAGE][INFO] - Starting 'Firefox' driver

2020-07-21 20:45:17 - [MESSAGE][PASSED] - Browser is opened with url: ''

2020-07-21 20:45:17 - [TEST_STEP][PASSED] - navigateToUrl(URL): Navigate to 'https://lab.powerfolder.net:8666/login' successfully

2020-07-21 20:45:18 - [MESSAGE][PASSED] - Navigate to 'https://lab.powerfolder.net:8666/login' successfully

2020-07-21 20:45:18 - [TEST_STEP][PASSED] - assert getWindowTitle().equals("Login - PowerFolder"): Current window's title is: 'Login - PowerFolder'

2020-07-21 20:45:18 - [MESSAGE][PASSED] - Current window's title is: 'Login - PowerFolder'

2020-07-21 20:45:18 - [TEST_STEP][PASSED] - setText(findTestObject("Object Repository/Login/Page_Login - PowerFolder/input_register new account_Username"), Username): Text 'admin' is set on object 'Object Repository/Login/Page_Login - PowerFolder/input_register new account_Username'

2020-07-21 20:45:18 - [MESSAGE][PASSED] - Text 'admin' is set on object 'Object Repository/Login/Page_Login - PowerFolder/input_register new account_Username'

2020-07-21 20:45:18 - [TEST_STEP][PASSED] - click(findTestObject("Object Repository/Login/Page_Login - PowerFolder/input_register new account_Login")): Object: 'Object Repository/Login/Page_Login - PowerFolder/input_register new account_Login' is clicked on

2020-07-21 20:45:19 - [MESSAGE][PASSED] - Object: 'Object Repository/Login/Page_Login - PowerFolder/input_register new account_Login' is clicked on

2020-07-21 20:45:19 - [TEST_STEP][PASSED] - isPresent = waitForElementVisible(findTestObject("Object Repository/Login/Page_Login - PowerFolder/input_Recover password_Password"), 2): Object 'Object Repository/Login/Page_Login - PowerFolder/input_Recover password_Password' is visible

2020-07-21 20:45:19 - [MESSAGE][PASSED] - Object 'Object Repository/Login/Page_Login - PowerFolder/input_Recover password_Password' is visible

2020-07-21 20:45:19 - [TEST_STEP][PASSED] - assert isPresent: null

2020-07-21 20:45:19 - [TEST_STEP][PASSED] - setText(findTestObject("Object Repository/Login/Page_Login - PowerFolder/input_Recover password_Password"), Password): Text 'password' is set on object 'Object Repository/Login/Page_Login - PowerFolder/input_Recover password_Password'

2020-07-21 20:45:20 - [MESSAGE][PASSED] - Text 'password' is set on object 'Object Repository/Login/Page_Login - PowerFolder/input_Recover password_Password'

2020-07-21 20:45:20 - [TEST_STEP][PASSED] - click(findTestObject("Object Repository/Login/Page_Login - PowerFolder/input_register new account_Login")): Object: 'Object Repository/Login/Page_Login - PowerFolder/input_register new account_Login' is clicked on

2020-07-21 20:45:21 - [MESSAGE][PASSED] - Object: 'Object Repository/Login/Page_Login - PowerFolder/input_register new account_Login' is clicked on

2020-07-21 20:45:21 - [TEST_STEP][PASSED] - assert getWindowTitle().equals("Dashboard - PowerFolder"): Current window's title is: 'Dashboard - PowerFolder'

2020-07-21 20:45:21 - [MESSAGE][PASSED] - Current window's title is: 'Dashboard - PowerFolder'

2020-07-21 20:45:21 - [TEST_STEP][PASSED] - click(findTestObject("Object Repository/Folders/Page_Folders - PowerFolder/lang_Folders")): Object: 'Object Repository/Folders/Page_Folders - PowerFolder/lang_Folders' is clicked on

2020-07-21 20:45:22 - [MESSAGE][PASSED] - Object: 'Object Repository/Folders/Page_Folders - PowerFolder/lang_Folders' is clicked on

2020-07-21 20:45:22 - [TEST_STEP][PASSED] - assert getWindowTitle().equals("Folders - PowerFolder"): Current window's title is: 'Folders - PowerFolder'

2020-07-21 20:45:22 - [MESSAGE][PASSED] - Current window's title is: 'Folders - PowerFolder'

2020-07-21 20:45:22 - [MESSAGE][PASSED] - Call Test Case 'Test Cases/Folders/Should Go to Folderstable' successfully

2020-07-21 20:45:22 - [TEST_STEP][PASSED] - folderName = RandomStringUtils.random(9, true, true): null

2020-07-21 20:45:22 - [TEST_STEP][PASSED] - click(findTestObject("Object Repository/Share/Page_Folders - PowerFolder/span_Paste_pica-glyph glyphicons glyphicons_ca92f0")): Object: 'Object Repository/Share/Page_Folders - PowerFolder/span_Paste_pica-glyph glyphicons glyphicons_ca92f0' is clicked on

2020-07-21 20:45:23 - [MESSAGE][PASSED] - Object: 'Object Repository/Share/Page_Folders - PowerFolder/span_Paste_pica-glyph glyphicons glyphicons_ca92f0' is clicked on

2020-07-21 20:45:23 - [TEST_STEP][PASSED] - click(findTestObject("Object Repository/Share/Page_Folders - PowerFolder/a_Create Folder                            _852e7b")): Object: 'Object Repository/Share/Page_Folders - PowerFolder/a_Create Folder                            _852e7b' is clicked on

2020-07-21 20:45:23 - [MESSAGE][PASSED] - Object: 'Object Repository/Share/Page_Folders - PowerFolder/a_Create Folder                            _852e7b' is clicked on

2020-07-21 20:45:23 - [TEST_STEP][PASSED] - setText(findTestObject("Object Repository/Share/Page_Folders - PowerFolder/input_Create a new Folder_pencil"), folderName): Text '59ZBfJCDe' is set on object 'Object Repository/Share/Page_Folders - PowerFolder/input_Create a new Folder_pencil'

2020-07-21 20:45:24 - [MESSAGE][PASSED] - Text '59ZBfJCDe' is set on object 'Object Repository/Share/Page_Folders - PowerFolder/input_Create a new Folder_pencil'

2020-07-21 20:45:24 - [TEST_STEP][PASSED] - sendKeys(findTestObject("Object Repository/Share/Page_Folders - PowerFolder/input_Create a new Folder_pencil"), Keys.chord(ENTER)): Keys 'ENTER + ' sent to object: 'Object Repository/Share/Page_Folders - PowerFolder/input_Create a new Folder_pencil'

2020-07-21 20:45:24 - [MESSAGE][PASSED] - Keys 'ENTER + ' sent to object: 'Object Repository/Share/Page_Folders - PowerFolder/input_Create a new Folder_pencil'

2020-07-21 20:45:24 - [TEST_STEP][PASSED] - btn = findShareButton(folderName): null

2020-07-21 20:45:24 - [TEST_STEP][PASSED] - driver = getWebDriver(): null

2020-07-21 20:45:24 - [TEST_STEP][PASSED] - return driver.findElement(org.openqa.selenium.By.xpath(//table[@id='files_files_table']/tbody/tr/td[2]/a[contains(text(),'$fileName')]/../../td[6]/a)): null

2020-07-21 20:45:25 - [TEST_STEP][PASSED] - executeJavaScript("arguments[0].click()", Arrays.asList(btn)): Execute JavaScript 'arguments[0].click()' successfully

2020-07-21 20:45:25 - [MESSAGE][PASSED] - Execute JavaScript 'arguments[0].click()' successfully

2020-07-21 20:45:25 - [TEST_STEP][PASSED] - mails = a_${ -> ... }@a.com;b_${ -> ... }@b.com:c_${ -> ... }@c.com,d_${ -> ... }@d.com: null

2020-07-21 20:45:25 - [TEST_STEP][PASSED] - membersCount = getMembersCount(): null

2020-07-21 20:45:25 - [TEST_STEP][PASSED] - driver = getWebDriver(): null

2020-07-21 20:45:25 - [TEST_STEP][PASSED] - tbody = driver.findElement(By.xpath("//table[@id='share_table']/tbody")): null

2020-07-21 20:45:26 - [TEST_STEP][PASSED] - assert tbody: null

2020-07-21 20:45:26 - [TEST_STEP][PASSED] - rows_table = tbody.findElements(By.tagName("tr")): null

2020-07-21 20:45:26 - [TEST_STEP][PASSED] - return rows_table.size(): null

2020-07-21 20:45:26 - [TEST_STEP][PASSED] - setText(findTestObject("Object Repository/Share/Page_Folders - PowerFolder/input_Invite users and groups or create a l_797df6"), mails): Text 'a_59ZBfJCDe@a.com;b_59ZBfJCDe@b.com:c_59ZBfJCDe@c.com,d_59ZBfJCDe@d.com' is set on object 'Object Repository/Share/Page_Folders - PowerFolder/input_Invite users and groups or create a l_797df6'

2020-07-21 20:45:26 - [MESSAGE][PASSED] - Text 'a_59ZBfJCDe@a.com;b_59ZBfJCDe@b.com:c_59ZBfJCDe@c.com,d_59ZBfJCDe@d.com' is set on object 'Object Repository/Share/Page_Folders - PowerFolder/input_Invite users and groups or create a l_797df6'

2020-07-21 20:45:26 - [TEST_STEP][PASSED] - click(findTestObject("Object Repository/Share/Page_Folders - PowerFolder/button_Can administrate_pica-taginput-butto_3eb2fe")): Object: 'Object Repository/Share/Page_Folders - PowerFolder/button_Can administrate_pica-taginput-butto_3eb2fe' is clicked on

2020-07-21 20:45:27 - [MESSAGE][PASSED] - Object: 'Object Repository/Share/Page_Folders - PowerFolder/button_Can administrate_pica-taginput-butto_3eb2fe' is clicked on

2020-07-21 20:45:27 - [TEST_STEP][PASSED] - assert membersCount + 4 == getMembersCount(): null

2020-07-21 20:45:27 - [TEST_STEP][PASSED] - driver = getWebDriver(): null

2020-07-21 20:45:27 - [TEST_STEP][PASSED] - tbody = driver.findElement(By.xpath("//table[@id='share_table']/tbody")): null

2020-07-21 20:45:27 - [TEST_STEP][PASSED] - assert tbody: null

2020-07-21 20:45:27 - [TEST_STEP][PASSED] - rows_table = tbody.findElements(By.tagName("tr")): null

2020-07-21 20:45:27 - [TEST_STEP][PASSED] - return rows_table.size(): null]]></system-out>
         <system-err><![CDATA[2020-07-21 20:45:12 - [TEST_CASE][FAILED] - Test Cases/Share/Share Using plus button/Share folder with Multiple emails multiple separators: Test Cases/Share/Share Using plus button/Share folder with Multiple emails multiple separators FAILED.
Reason:
Assertion failed: 

assert membersCount+4 == getMembersCount()
       |           |  |  |
       1           5  |  1
                      false

	at Share folder with Multiple emails multiple separators.run(Share folder with Multiple emails multiple separators:50)
	at com.kms.katalon.core.main.ScriptEngine.run(ScriptEngine.java:194)
	at com.kms.katalon.core.main.ScriptEngine.runScriptAsRawText(ScriptEngine.java:119)
	at com.kms.katalon.core.main.TestCaseExecutor.runScript(TestCaseExecutor.java:337)
	at com.kms.katalon.core.main.TestCaseExecutor.doExecute(TestCaseExecutor.java:328)
	at com.kms.katalon.core.main.TestCaseExecutor.processExecutionPhase(TestCaseExecutor.java:307)
	at com.kms.katalon.core.main.TestCaseExecutor.accessMainPhase(TestCaseExecutor.java:299)
	at com.kms.katalon.core.main.TestCaseExecutor.execute(TestCaseExecutor.java:233)
	at com.kms.katalon.core.main.TestSuiteExecutor.accessTestCaseMainPhase(TestSuiteExecutor.java:169)
	at com.kms.katalon.core.main.TestSuiteExecutor.accessTestSuiteMainPhase(TestSuiteExecutor.java:142)
	at com.kms.katalon.core.main.TestSuiteExecutor.execute(TestSuiteExecutor.java:91)
	at com.kms.katalon.core.main.TestCaseMain.startTestSuite(TestCaseMain.java:157)
	at com.kms.katalon.core.main.TestCaseMain$startTestSuite$0.call(Unknown Source)
	at TempTestSuite1595360578386.run(TempTestSuite1595360578386.groovy:36)]]></system-err>
      </testcase>
      <testcase name="Test Cases/Share/Share Using enter/Share Folder With one email adress" time="15.827" classname="Test Cases/Share/Share Using enter/Share Folder With one email adress" status="PASSED">
         <system-out><![CDATA[2020-07-21 20:45:27 - [TEST_CASE][PASSED] - Test Cases/Share/Share Using enter/Share Folder With one email adress: Test Cases/Share/Share Using enter/Share Folder With one email adress

2020-07-21 20:45:27 - [TEST_STEP][PASSED] - callTestCase(findTestCase("Folders/Should Go to Folderstable"), [:], OPTIONAL): Call Test Case 'Test Cases/Folders/Should Go to Folderstable' successfully

2020-07-21 20:45:27 - [TEST_CASE][PASSED] - Test Cases/Folders/Should Go to Folderstable: Test Cases/Folders/Should Go to Folderstable

2020-07-21 20:45:27 - [TEST_STEP][PASSED] - openBrowser(""): Browser is opened with url: ''

2020-07-21 20:45:27 - [MESSAGE][WARNING] - A browser is already opened. Closing browser and opening a new one

2020-07-21 20:45:29 - [MESSAGE][INFO] - Starting 'Firefox' driver

2020-07-21 20:45:32 - [MESSAGE][PASSED] - Browser is opened with url: ''

2020-07-21 20:45:32 - [TEST_STEP][PASSED] - navigateToUrl(URL): Navigate to 'https://lab.powerfolder.net:8666/login' successfully

2020-07-21 20:45:33 - [MESSAGE][PASSED] - Navigate to 'https://lab.powerfolder.net:8666/login' successfully

2020-07-21 20:45:33 - [TEST_STEP][PASSED] - assert getWindowTitle().equals("Login - PowerFolder"): Current window's title is: 'Login - PowerFolder'

2020-07-21 20:45:33 - [MESSAGE][PASSED] - Current window's title is: 'Login - PowerFolder'

2020-07-21 20:45:33 - [TEST_STEP][PASSED] - setText(findTestObject("Object Repository/Login/Page_Login - PowerFolder/input_register new account_Username"), Username): Text 'admin' is set on object 'Object Repository/Login/Page_Login - PowerFolder/input_register new account_Username'

2020-07-21 20:45:33 - [MESSAGE][PASSED] - Text 'admin' is set on object 'Object Repository/Login/Page_Login - PowerFolder/input_register new account_Username'

2020-07-21 20:45:33 - [TEST_STEP][PASSED] - click(findTestObject("Object Repository/Login/Page_Login - PowerFolder/input_register new account_Login")): Object: 'Object Repository/Login/Page_Login - PowerFolder/input_register new account_Login' is clicked on

2020-07-21 20:45:34 - [MESSAGE][PASSED] - Object: 'Object Repository/Login/Page_Login - PowerFolder/input_register new account_Login' is clicked on

2020-07-21 20:45:34 - [TEST_STEP][PASSED] - isPresent = waitForElementVisible(findTestObject("Object Repository/Login/Page_Login - PowerFolder/input_Recover password_Password"), 2): Object 'Object Repository/Login/Page_Login - PowerFolder/input_Recover password_Password' is visible

2020-07-21 20:45:34 - [MESSAGE][PASSED] - Object 'Object Repository/Login/Page_Login - PowerFolder/input_Recover password_Password' is visible

2020-07-21 20:45:34 - [TEST_STEP][PASSED] - assert isPresent: null

2020-07-21 20:45:34 - [TEST_STEP][PASSED] - setText(findTestObject("Object Repository/Login/Page_Login - PowerFolder/input_Recover password_Password"), Password): Text 'password' is set on object 'Object Repository/Login/Page_Login - PowerFolder/input_Recover password_Password'

2020-07-21 20:45:35 - [MESSAGE][PASSED] - Text 'password' is set on object 'Object Repository/Login/Page_Login - PowerFolder/input_Recover password_Password'

2020-07-21 20:45:35 - [TEST_STEP][PASSED] - click(findTestObject("Object Repository/Login/Page_Login - PowerFolder/input_register new account_Login")): Object: 'Object Repository/Login/Page_Login - PowerFolder/input_register new account_Login' is clicked on

2020-07-21 20:45:36 - [MESSAGE][PASSED] - Object: 'Object Repository/Login/Page_Login - PowerFolder/input_register new account_Login' is clicked on

2020-07-21 20:45:36 - [TEST_STEP][PASSED] - assert getWindowTitle().equals("Dashboard - PowerFolder"): Current window's title is: 'Dashboard - PowerFolder'

2020-07-21 20:45:36 - [MESSAGE][PASSED] - Current window's title is: 'Dashboard - PowerFolder'

2020-07-21 20:45:36 - [TEST_STEP][PASSED] - click(findTestObject("Object Repository/Folders/Page_Folders - PowerFolder/lang_Folders")): Object: 'Object Repository/Folders/Page_Folders - PowerFolder/lang_Folders' is clicked on

2020-07-21 20:45:37 - [MESSAGE][PASSED] - Object: 'Object Repository/Folders/Page_Folders - PowerFolder/lang_Folders' is clicked on

2020-07-21 20:45:37 - [TEST_STEP][PASSED] - assert getWindowTitle().equals("Folders - PowerFolder"): Current window's title is: 'Folders - PowerFolder'

2020-07-21 20:45:37 - [MESSAGE][PASSED] - Current window's title is: 'Folders - PowerFolder'

2020-07-21 20:45:37 - [MESSAGE][PASSED] - Call Test Case 'Test Cases/Folders/Should Go to Folderstable' successfully

2020-07-21 20:45:37 - [TEST_STEP][PASSED] - folderName = RandomStringUtils.random(9, true, true): null

2020-07-21 20:45:37 - [TEST_STEP][PASSED] - click(findTestObject("Object Repository/Share/Page_Folders - PowerFolder/span_Paste_pica-glyph glyphicons glyphicons_ca92f0")): Object: 'Object Repository/Share/Page_Folders - PowerFolder/span_Paste_pica-glyph glyphicons glyphicons_ca92f0' is clicked on

2020-07-21 20:45:38 - [MESSAGE][PASSED] - Object: 'Object Repository/Share/Page_Folders - PowerFolder/span_Paste_pica-glyph glyphicons glyphicons_ca92f0' is clicked on

2020-07-21 20:45:38 - [TEST_STEP][PASSED] - click(findTestObject("Object Repository/Share/Page_Folders - PowerFolder/a_Create Folder                            _852e7b")): Object: 'Object Repository/Share/Page_Folders - PowerFolder/a_Create Folder                            _852e7b' is clicked on

2020-07-21 20:45:38 - [MESSAGE][PASSED] - Object: 'Object Repository/Share/Page_Folders - PowerFolder/a_Create Folder                            _852e7b' is clicked on

2020-07-21 20:45:38 - [TEST_STEP][PASSED] - setText(findTestObject("Object Repository/Share/Page_Folders - PowerFolder/input_Create a new Folder_pencil"), folderName): Text 'nlPCAHFIV' is set on object 'Object Repository/Share/Page_Folders - PowerFolder/input_Create a new Folder_pencil'

2020-07-21 20:45:38 - [MESSAGE][PASSED] - Text 'nlPCAHFIV' is set on object 'Object Repository/Share/Page_Folders - PowerFolder/input_Create a new Folder_pencil'

2020-07-21 20:45:38 - [TEST_STEP][PASSED] - sendKeys(findTestObject("Object Repository/Share/Page_Folders - PowerFolder/input_Create a new Folder_pencil"), Keys.chord(ENTER)): Keys 'ENTER + ' sent to object: 'Object Repository/Share/Page_Folders - PowerFolder/input_Create a new Folder_pencil'

2020-07-21 20:45:39 - [MESSAGE][PASSED] - Keys 'ENTER + ' sent to object: 'Object Repository/Share/Page_Folders - PowerFolder/input_Create a new Folder_pencil'

2020-07-21 20:45:39 - [TEST_STEP][PASSED] - btn = findShareButton(folderName): null

2020-07-21 20:45:39 - [TEST_STEP][PASSED] - driver = getWebDriver(): null

2020-07-21 20:45:39 - [TEST_STEP][PASSED] - return driver.findElement(org.openqa.selenium.By.xpath(//table[@id='files_files_table']/tbody/tr/td[2]/a[contains(text(),'$fileName')]/../../td[6]/a)): null

2020-07-21 20:45:40 - [TEST_STEP][PASSED] - executeJavaScript("arguments[0].click()", Arrays.asList(btn)): Execute JavaScript 'arguments[0].click()' successfully

2020-07-21 20:45:40 - [MESSAGE][PASSED] - Execute JavaScript 'arguments[0].click()' successfully

2020-07-21 20:45:40 - [TEST_STEP][PASSED] - mail = "user@mail.com": null

2020-07-21 20:45:40 - [TEST_STEP][PASSED] - setText(findTestObject("Object Repository/Share/Page_Folders - PowerFolder/input_Invite users and groups or create a l_797df6"), mail): Text 'user@mail.com' is set on object 'Object Repository/Share/Page_Folders - PowerFolder/input_Invite users and groups or create a l_797df6'

2020-07-21 20:45:41 - [MESSAGE][PASSED] - Text 'user@mail.com' is set on object 'Object Repository/Share/Page_Folders - PowerFolder/input_Invite users and groups or create a l_797df6'

2020-07-21 20:45:41 - [TEST_STEP][PASSED] - sendKeys(findTestObject("Object Repository/Share/Page_Folders - PowerFolder/input_Invite users and groups or create a l_797df6"), Keys.chord(ENTER)): Keys 'ENTER + ' sent to object: 'Object Repository/Share/Page_Folders - PowerFolder/input_Invite users and groups or create a l_797df6'

2020-07-21 20:45:41 - [MESSAGE][PASSED] - Keys 'ENTER + ' sent to object: 'Object Repository/Share/Page_Folders - PowerFolder/input_Invite users and groups or create a l_797df6'

2020-07-21 20:45:41 - [TEST_STEP][PASSED] - verifyElementText(findTestObject("Object Repository/Share/Page_Folders - PowerFolder/td_usermailcom"), mail): Actual text and expected text of test object 'Object Repository/Share/Page_Folders - PowerFolder/td_usermailcom' are matched.

2020-07-21 20:45:41 - [MESSAGE][PASSED] - Actual text and expected text of test object 'Object Repository/Share/Page_Folders - PowerFolder/td_usermailcom' are matched.

2020-07-21 20:45:41 - [TEST_STEP][PASSED] - closeBrowser(): Browser is closed

2020-07-21 20:45:43 - [MESSAGE][PASSED] - Browser is closed]]></system-out>
         <system-err><![CDATA[]]></system-err>
      </testcase>
      <testcase name="Test Cases/Share/Share Using enter/Share folder with Multiple emails semi colon" time="15.594" classname="Test Cases/Share/Share Using enter/Share folder with Multiple emails semi colon" status="PASSED">
         <system-out><![CDATA[2020-07-21 20:45:43 - [TEST_CASE][PASSED] - Test Cases/Share/Share Using enter/Share folder with Multiple emails semi colon: Test Cases/Share/Share Using enter/Share folder with Multiple emails semi colon

2020-07-21 20:45:43 - [TEST_STEP][PASSED] - callTestCase(findTestCase("Folders/Should Go to Folderstable"), [:], OPTIONAL): Call Test Case 'Test Cases/Folders/Should Go to Folderstable' successfully

2020-07-21 20:45:43 - [TEST_CASE][PASSED] - Test Cases/Folders/Should Go to Folderstable: Test Cases/Folders/Should Go to Folderstable

2020-07-21 20:45:43 - [TEST_STEP][PASSED] - openBrowser(""): Browser is opened with url: ''

2020-07-21 20:45:43 - [MESSAGE][INFO] - Starting 'Firefox' driver

2020-07-21 20:45:46 - [MESSAGE][PASSED] - Browser is opened with url: ''

2020-07-21 20:45:46 - [TEST_STEP][PASSED] - navigateToUrl(URL): Navigate to 'https://lab.powerfolder.net:8666/login' successfully

2020-07-21 20:45:47 - [MESSAGE][PASSED] - Navigate to 'https://lab.powerfolder.net:8666/login' successfully

2020-07-21 20:45:47 - [TEST_STEP][PASSED] - assert getWindowTitle().equals("Login - PowerFolder"): Current window's title is: 'Login - PowerFolder'

2020-07-21 20:45:47 - [MESSAGE][PASSED] - Current window's title is: 'Login - PowerFolder'

2020-07-21 20:45:47 - [TEST_STEP][PASSED] - setText(findTestObject("Object Repository/Login/Page_Login - PowerFolder/input_register new account_Username"), Username): Text 'admin' is set on object 'Object Repository/Login/Page_Login - PowerFolder/input_register new account_Username'

2020-07-21 20:45:48 - [MESSAGE][PASSED] - Text 'admin' is set on object 'Object Repository/Login/Page_Login - PowerFolder/input_register new account_Username'

2020-07-21 20:45:48 - [TEST_STEP][PASSED] - click(findTestObject("Object Repository/Login/Page_Login - PowerFolder/input_register new account_Login")): Object: 'Object Repository/Login/Page_Login - PowerFolder/input_register new account_Login' is clicked on

2020-07-21 20:45:48 - [MESSAGE][PASSED] - Object: 'Object Repository/Login/Page_Login - PowerFolder/input_register new account_Login' is clicked on

2020-07-21 20:45:48 - [TEST_STEP][PASSED] - isPresent = waitForElementVisible(findTestObject("Object Repository/Login/Page_Login - PowerFolder/input_Recover password_Password"), 2): Object 'Object Repository/Login/Page_Login - PowerFolder/input_Recover password_Password' is visible

2020-07-21 20:45:49 - [MESSAGE][PASSED] - Object 'Object Repository/Login/Page_Login - PowerFolder/input_Recover password_Password' is visible

2020-07-21 20:45:49 - [TEST_STEP][PASSED] - assert isPresent: null

2020-07-21 20:45:49 - [TEST_STEP][PASSED] - setText(findTestObject("Object Repository/Login/Page_Login - PowerFolder/input_Recover password_Password"), Password): Text 'password' is set on object 'Object Repository/Login/Page_Login - PowerFolder/input_Recover password_Password'

2020-07-21 20:45:49 - [MESSAGE][PASSED] - Text 'password' is set on object 'Object Repository/Login/Page_Login - PowerFolder/input_Recover password_Password'

2020-07-21 20:45:49 - [TEST_STEP][PASSED] - click(findTestObject("Object Repository/Login/Page_Login - PowerFolder/input_register new account_Login")): Object: 'Object Repository/Login/Page_Login - PowerFolder/input_register new account_Login' is clicked on

2020-07-21 20:45:50 - [MESSAGE][PASSED] - Object: 'Object Repository/Login/Page_Login - PowerFolder/input_register new account_Login' is clicked on

2020-07-21 20:45:50 - [TEST_STEP][PASSED] - assert getWindowTitle().equals("Dashboard - PowerFolder"): Current window's title is: 'Dashboard - PowerFolder'

2020-07-21 20:45:50 - [MESSAGE][PASSED] - Current window's title is: 'Dashboard - PowerFolder'

2020-07-21 20:45:50 - [TEST_STEP][PASSED] - click(findTestObject("Object Repository/Folders/Page_Folders - PowerFolder/lang_Folders")): Object: 'Object Repository/Folders/Page_Folders - PowerFolder/lang_Folders' is clicked on

2020-07-21 20:45:51 - [MESSAGE][PASSED] - Object: 'Object Repository/Folders/Page_Folders - PowerFolder/lang_Folders' is clicked on

2020-07-21 20:45:51 - [TEST_STEP][PASSED] - assert getWindowTitle().equals("Folders - PowerFolder"): Current window's title is: 'Folders - PowerFolder'

2020-07-21 20:45:51 - [MESSAGE][PASSED] - Current window's title is: 'Folders - PowerFolder'

2020-07-21 20:45:51 - [MESSAGE][PASSED] - Call Test Case 'Test Cases/Folders/Should Go to Folderstable' successfully

2020-07-21 20:45:51 - [TEST_STEP][PASSED] - folderName = RandomStringUtils.random(9, true, true): null

2020-07-21 20:45:51 - [TEST_STEP][PASSED] - click(findTestObject("Object Repository/Share/Page_Folders - PowerFolder/span_Paste_pica-glyph glyphicons glyphicons_ca92f0")): Object: 'Object Repository/Share/Page_Folders - PowerFolder/span_Paste_pica-glyph glyphicons glyphicons_ca92f0' is clicked on

2020-07-21 20:45:52 - [MESSAGE][PASSED] - Object: 'Object Repository/Share/Page_Folders - PowerFolder/span_Paste_pica-glyph glyphicons glyphicons_ca92f0' is clicked on

2020-07-21 20:45:52 - [TEST_STEP][PASSED] - click(findTestObject("Object Repository/Share/Page_Folders - PowerFolder/a_Create Folder                            _852e7b")): Object: 'Object Repository/Share/Page_Folders - PowerFolder/a_Create Folder                            _852e7b' is clicked on

2020-07-21 20:45:53 - [MESSAGE][PASSED] - Object: 'Object Repository/Share/Page_Folders - PowerFolder/a_Create Folder                            _852e7b' is clicked on

2020-07-21 20:45:53 - [TEST_STEP][PASSED] - setText(findTestObject("Object Repository/Share/Page_Folders - PowerFolder/input_Create a new Folder_pencil"), folderName): Text 'zxd0Vsgcp' is set on object 'Object Repository/Share/Page_Folders - PowerFolder/input_Create a new Folder_pencil'

2020-07-21 20:45:53 - [MESSAGE][PASSED] - Text 'zxd0Vsgcp' is set on object 'Object Repository/Share/Page_Folders - PowerFolder/input_Create a new Folder_pencil'

2020-07-21 20:45:53 - [TEST_STEP][PASSED] - sendKeys(findTestObject("Object Repository/Share/Page_Folders - PowerFolder/input_Create a new Folder_pencil"), Keys.chord(ENTER)): Keys 'ENTER + ' sent to object: 'Object Repository/Share/Page_Folders - PowerFolder/input_Create a new Folder_pencil'

2020-07-21 20:45:53 - [MESSAGE][PASSED] - Keys 'ENTER + ' sent to object: 'Object Repository/Share/Page_Folders - PowerFolder/input_Create a new Folder_pencil'

2020-07-21 20:45:53 - [TEST_STEP][PASSED] - btn = findShareButton(folderName): null

2020-07-21 20:45:53 - [TEST_STEP][PASSED] - driver = getWebDriver(): null

2020-07-21 20:45:53 - [TEST_STEP][PASSED] - return driver.findElement(org.openqa.selenium.By.xpath(//table[@id='files_files_table']/tbody/tr/td[2]/a[contains(text(),'$fileName')]/../../td[6]/a)): null

2020-07-21 20:45:54 - [TEST_STEP][PASSED] - executeJavaScript("arguments[0].click()", Arrays.asList(btn)): Execute JavaScript 'arguments[0].click()' successfully

2020-07-21 20:45:54 - [MESSAGE][PASSED] - Execute JavaScript 'arguments[0].click()' successfully

2020-07-21 20:45:54 - [TEST_STEP][PASSED] - mails = "a@a.com;b@b.com;c@c.com": null

2020-07-21 20:45:54 - [TEST_STEP][PASSED] - membersCount = getMembersCount(): null

2020-07-21 20:45:54 - [TEST_STEP][PASSED] - driver = getWebDriver(): null

2020-07-21 20:45:54 - [TEST_STEP][PASSED] - tbody = driver.findElement(By.xpath("//table[@id='share_table']/tbody")): null

2020-07-21 20:45:55 - [TEST_STEP][PASSED] - assert tbody: null

2020-07-21 20:45:55 - [TEST_STEP][PASSED] - rows_table = tbody.findElements(By.tagName("tr")): null

2020-07-21 20:45:55 - [TEST_STEP][PASSED] - return rows_table.size(): null

2020-07-21 20:45:55 - [TEST_STEP][PASSED] - setText(findTestObject("Object Repository/Share/Page_Folders - PowerFolder/input_Invite users and groups or create a l_797df6"), mails): Text 'a@a.com;b@b.com;c@c.com' is set on object 'Object Repository/Share/Page_Folders - PowerFolder/input_Invite users and groups or create a l_797df6'

2020-07-21 20:45:55 - [MESSAGE][PASSED] - Text 'a@a.com;b@b.com;c@c.com' is set on object 'Object Repository/Share/Page_Folders - PowerFolder/input_Invite users and groups or create a l_797df6'

2020-07-21 20:45:55 - [TEST_STEP][PASSED] - sendKeys(findTestObject("Object Repository/Share/Page_Folders - PowerFolder/input_Invite users and groups or create a l_797df6"), Keys.chord(ENTER)): Keys 'ENTER + ' sent to object: 'Object Repository/Share/Page_Folders - PowerFolder/input_Invite users and groups or create a l_797df6'

2020-07-21 20:45:56 - [MESSAGE][PASSED] - Keys 'ENTER + ' sent to object: 'Object Repository/Share/Page_Folders - PowerFolder/input_Invite users and groups or create a l_797df6'

2020-07-21 20:45:56 - [TEST_STEP][PASSED] - assert membersCount + 3 == getMembersCount(): null

2020-07-21 20:45:56 - [TEST_STEP][PASSED] - driver = getWebDriver(): null

2020-07-21 20:45:56 - [TEST_STEP][PASSED] - tbody = driver.findElement(By.xpath("//table[@id='share_table']/tbody")): null

2020-07-21 20:45:57 - [TEST_STEP][PASSED] - assert tbody: null

2020-07-21 20:45:57 - [TEST_STEP][PASSED] - rows_table = tbody.findElements(By.tagName("tr")): null

2020-07-21 20:45:57 - [TEST_STEP][PASSED] - return rows_table.size(): null

2020-07-21 20:45:57 - [TEST_STEP][PASSED] - closeBrowser(): Browser is closed

2020-07-21 20:45:59 - [MESSAGE][PASSED] - Browser is closed]]></system-out>
         <system-err><![CDATA[]]></system-err>
      </testcase>
      <testcase name="Test Cases/Share/Share Using enter/Share folder with one email outlook format" time="15.008" classname="Test Cases/Share/Share Using enter/Share folder with one email outlook format" status="PASSED">
         <system-out><![CDATA[2020-07-21 20:45:59 - [TEST_CASE][PASSED] - Test Cases/Share/Share Using enter/Share folder with one email outlook format: Test Cases/Share/Share Using enter/Share folder with one email outlook format

2020-07-21 20:45:59 - [TEST_STEP][PASSED] - callTestCase(findTestCase("Folders/Should Go to Folderstable"), [:], OPTIONAL): Call Test Case 'Test Cases/Folders/Should Go to Folderstable' successfully

2020-07-21 20:45:59 - [TEST_CASE][PASSED] - Test Cases/Folders/Should Go to Folderstable: Test Cases/Folders/Should Go to Folderstable

2020-07-21 20:45:59 - [TEST_STEP][PASSED] - openBrowser(""): Browser is opened with url: ''

2020-07-21 20:45:59 - [MESSAGE][INFO] - Starting 'Firefox' driver

2020-07-21 20:46:02 - [MESSAGE][PASSED] - Browser is opened with url: ''

2020-07-21 20:46:02 - [TEST_STEP][PASSED] - navigateToUrl(URL): Navigate to 'https://lab.powerfolder.net:8666/login' successfully

2020-07-21 20:46:03 - [MESSAGE][PASSED] - Navigate to 'https://lab.powerfolder.net:8666/login' successfully

2020-07-21 20:46:03 - [TEST_STEP][PASSED] - assert getWindowTitle().equals("Login - PowerFolder"): Current window's title is: 'Login - PowerFolder'

2020-07-21 20:46:03 - [MESSAGE][PASSED] - Current window's title is: 'Login - PowerFolder'

2020-07-21 20:46:03 - [TEST_STEP][PASSED] - setText(findTestObject("Object Repository/Login/Page_Login - PowerFolder/input_register new account_Username"), Username): Text 'admin' is set on object 'Object Repository/Login/Page_Login - PowerFolder/input_register new account_Username'

2020-07-21 20:46:03 - [MESSAGE][PASSED] - Text 'admin' is set on object 'Object Repository/Login/Page_Login - PowerFolder/input_register new account_Username'

2020-07-21 20:46:03 - [TEST_STEP][PASSED] - click(findTestObject("Object Repository/Login/Page_Login - PowerFolder/input_register new account_Login")): Object: 'Object Repository/Login/Page_Login - PowerFolder/input_register new account_Login' is clicked on

2020-07-21 20:46:04 - [MESSAGE][PASSED] - Object: 'Object Repository/Login/Page_Login - PowerFolder/input_register new account_Login' is clicked on

2020-07-21 20:46:04 - [TEST_STEP][PASSED] - isPresent = waitForElementVisible(findTestObject("Object Repository/Login/Page_Login - PowerFolder/input_Recover password_Password"), 2): Object 'Object Repository/Login/Page_Login - PowerFolder/input_Recover password_Password' is visible

2020-07-21 20:46:04 - [MESSAGE][PASSED] - Object 'Object Repository/Login/Page_Login - PowerFolder/input_Recover password_Password' is visible

2020-07-21 20:46:04 - [TEST_STEP][PASSED] - assert isPresent: null

2020-07-21 20:46:04 - [TEST_STEP][PASSED] - setText(findTestObject("Object Repository/Login/Page_Login - PowerFolder/input_Recover password_Password"), Password): Text 'password' is set on object 'Object Repository/Login/Page_Login - PowerFolder/input_Recover password_Password'

2020-07-21 20:46:05 - [MESSAGE][PASSED] - Text 'password' is set on object 'Object Repository/Login/Page_Login - PowerFolder/input_Recover password_Password'

2020-07-21 20:46:05 - [TEST_STEP][PASSED] - click(findTestObject("Object Repository/Login/Page_Login - PowerFolder/input_register new account_Login")): Object: 'Object Repository/Login/Page_Login - PowerFolder/input_register new account_Login' is clicked on

2020-07-21 20:46:06 - [MESSAGE][PASSED] - Object: 'Object Repository/Login/Page_Login - PowerFolder/input_register new account_Login' is clicked on

2020-07-21 20:46:06 - [TEST_STEP][PASSED] - assert getWindowTitle().equals("Dashboard - PowerFolder"): Current window's title is: 'Dashboard - PowerFolder'

2020-07-21 20:46:06 - [MESSAGE][PASSED] - Current window's title is: 'Dashboard - PowerFolder'

2020-07-21 20:46:06 - [TEST_STEP][PASSED] - click(findTestObject("Object Repository/Folders/Page_Folders - PowerFolder/lang_Folders")): Object: 'Object Repository/Folders/Page_Folders - PowerFolder/lang_Folders' is clicked on

2020-07-21 20:46:07 - [MESSAGE][PASSED] - Object: 'Object Repository/Folders/Page_Folders - PowerFolder/lang_Folders' is clicked on

2020-07-21 20:46:07 - [TEST_STEP][PASSED] - assert getWindowTitle().equals("Folders - PowerFolder"): Current window's title is: 'Folders - PowerFolder'

2020-07-21 20:46:07 - [MESSAGE][PASSED] - Current window's title is: 'Folders - PowerFolder'

2020-07-21 20:46:07 - [MESSAGE][PASSED] - Call Test Case 'Test Cases/Folders/Should Go to Folderstable' successfully

2020-07-21 20:46:07 - [TEST_STEP][PASSED] - folderName = RandomStringUtils.random(9, true, true): null

2020-07-21 20:46:07 - [TEST_STEP][PASSED] - click(findTestObject("Object Repository/Share/Page_Folders - PowerFolder/span_Paste_pica-glyph glyphicons glyphicons_ca92f0")): Object: 'Object Repository/Share/Page_Folders - PowerFolder/span_Paste_pica-glyph glyphicons glyphicons_ca92f0' is clicked on

2020-07-21 20:46:08 - [MESSAGE][PASSED] - Object: 'Object Repository/Share/Page_Folders - PowerFolder/span_Paste_pica-glyph glyphicons glyphicons_ca92f0' is clicked on

2020-07-21 20:46:08 - [TEST_STEP][PASSED] - click(findTestObject("Object Repository/Share/Page_Folders - PowerFolder/a_Create Folder                            _852e7b")): Object: 'Object Repository/Share/Page_Folders - PowerFolder/a_Create Folder                            _852e7b' is clicked on

2020-07-21 20:46:09 - [MESSAGE][PASSED] - Object: 'Object Repository/Share/Page_Folders - PowerFolder/a_Create Folder                            _852e7b' is clicked on

2020-07-21 20:46:09 - [TEST_STEP][PASSED] - setText(findTestObject("Object Repository/Share/Page_Folders - PowerFolder/input_Create a new Folder_pencil"), folderName): Text 'E1DZS9zQm' is set on object 'Object Repository/Share/Page_Folders - PowerFolder/input_Create a new Folder_pencil'

2020-07-21 20:46:09 - [MESSAGE][PASSED] - Text 'E1DZS9zQm' is set on object 'Object Repository/Share/Page_Folders - PowerFolder/input_Create a new Folder_pencil'

2020-07-21 20:46:09 - [TEST_STEP][PASSED] - sendKeys(findTestObject("Object Repository/Share/Page_Folders - PowerFolder/input_Create a new Folder_pencil"), Keys.chord(ENTER)): Keys 'ENTER + ' sent to object: 'Object Repository/Share/Page_Folders - PowerFolder/input_Create a new Folder_pencil'

2020-07-21 20:46:09 - [MESSAGE][PASSED] - Keys 'ENTER + ' sent to object: 'Object Repository/Share/Page_Folders - PowerFolder/input_Create a new Folder_pencil'

2020-07-21 20:46:09 - [TEST_STEP][PASSED] - btn = findShareButton(folderName): null

2020-07-21 20:46:09 - [TEST_STEP][PASSED] - driver = getWebDriver(): null

2020-07-21 20:46:09 - [TEST_STEP][PASSED] - return driver.findElement(org.openqa.selenium.By.xpath(//table[@id='files_files_table']/tbody/tr/td[2]/a[contains(text(),'$fileName')]/../../td[6]/a)): null

2020-07-21 20:46:10 - [TEST_STEP][PASSED] - executeJavaScript("arguments[0].click()", Arrays.asList(btn)): Execute JavaScript 'arguments[0].click()' successfully

2020-07-21 20:46:10 - [MESSAGE][PASSED] - Execute JavaScript 'arguments[0].click()' successfully

2020-07-21 20:46:10 - [TEST_STEP][PASSED] - mail = ${ -> ... } <${ -> ... }@outlook.com>: null

2020-07-21 20:46:10 - [TEST_STEP][PASSED] - setText(findTestObject("Object Repository/Share/Page_Folders - PowerFolder/input_Invite users and groups or create a l_797df6"), mail): Text 'E1DZS9zQm <E1DZS9zQm@outlook.com>' is set on object 'Object Repository/Share/Page_Folders - PowerFolder/input_Invite users and groups or create a l_797df6'

2020-07-21 20:46:11 - [MESSAGE][PASSED] - Text 'E1DZS9zQm <E1DZS9zQm@outlook.com>' is set on object 'Object Repository/Share/Page_Folders - PowerFolder/input_Invite users and groups or create a l_797df6'

2020-07-21 20:46:11 - [TEST_STEP][PASSED] - sendKeys(findTestObject("Object Repository/Share/Page_Folders - PowerFolder/input_Invite users and groups or create a l_797df6"), Keys.chord(ENTER)): Keys 'ENTER + ' sent to object: 'Object Repository/Share/Page_Folders - PowerFolder/input_Invite users and groups or create a l_797df6'

2020-07-21 20:46:11 - [MESSAGE][PASSED] - Keys 'ENTER + ' sent to object: 'Object Repository/Share/Page_Folders - PowerFolder/input_Invite users and groups or create a l_797df6'

2020-07-21 20:46:11 - [TEST_STEP][PASSED] - verifyElementText(findTestObject("Object Repository/Share/Page_Folders - PowerFolder/td_usermailcom"), folderName): Actual text and expected text of test object 'Object Repository/Share/Page_Folders - PowerFolder/td_usermailcom' are matched.

2020-07-21 20:46:12 - [MESSAGE][PASSED] - Actual text and expected text of test object 'Object Repository/Share/Page_Folders - PowerFolder/td_usermailcom' are matched.

2020-07-21 20:46:12 - [TEST_STEP][PASSED] - closeBrowser(): Browser is closed

2020-07-21 20:46:14 - [MESSAGE][PASSED] - Browser is closed]]></system-out>
         <system-err><![CDATA[]]></system-err>
      </testcase>
      <testcase name="Test Cases/Share/Share Using enter/Share folder with Multiple emails tabulation separator" time="15.836" classname="Test Cases/Share/Share Using enter/Share folder with Multiple emails tabulation separator" status="PASSED">
         <system-out><![CDATA[2020-07-21 20:46:14 - [TEST_CASE][PASSED] - Test Cases/Share/Share Using enter/Share folder with Multiple emails tabulation separator: Test Cases/Share/Share Using enter/Share folder with Multiple emails tabulation separator

2020-07-21 20:46:14 - [TEST_STEP][PASSED] - callTestCase(findTestCase("Folders/Should Go to Folderstable"), [:], OPTIONAL): Call Test Case 'Test Cases/Folders/Should Go to Folderstable' successfully

2020-07-21 20:46:14 - [TEST_CASE][PASSED] - Test Cases/Folders/Should Go to Folderstable: Test Cases/Folders/Should Go to Folderstable

2020-07-21 20:46:14 - [TEST_STEP][PASSED] - openBrowser(""): Browser is opened with url: ''

2020-07-21 20:46:14 - [MESSAGE][INFO] - Starting 'Firefox' driver

2020-07-21 20:46:17 - [MESSAGE][PASSED] - Browser is opened with url: ''

2020-07-21 20:46:17 - [TEST_STEP][PASSED] - navigateToUrl(URL): Navigate to 'https://lab.powerfolder.net:8666/login' successfully

2020-07-21 20:46:18 - [MESSAGE][PASSED] - Navigate to 'https://lab.powerfolder.net:8666/login' successfully

2020-07-21 20:46:18 - [TEST_STEP][PASSED] - assert getWindowTitle().equals("Login - PowerFolder"): Current window's title is: 'Login - PowerFolder'

2020-07-21 20:46:18 - [MESSAGE][PASSED] - Current window's title is: 'Login - PowerFolder'

2020-07-21 20:46:18 - [TEST_STEP][PASSED] - setText(findTestObject("Object Repository/Login/Page_Login - PowerFolder/input_register new account_Username"), Username): Text 'admin' is set on object 'Object Repository/Login/Page_Login - PowerFolder/input_register new account_Username'

2020-07-21 20:46:18 - [MESSAGE][PASSED] - Text 'admin' is set on object 'Object Repository/Login/Page_Login - PowerFolder/input_register new account_Username'

2020-07-21 20:46:18 - [TEST_STEP][PASSED] - click(findTestObject("Object Repository/Login/Page_Login - PowerFolder/input_register new account_Login")): Object: 'Object Repository/Login/Page_Login - PowerFolder/input_register new account_Login' is clicked on

2020-07-21 20:46:19 - [MESSAGE][PASSED] - Object: 'Object Repository/Login/Page_Login - PowerFolder/input_register new account_Login' is clicked on

2020-07-21 20:46:19 - [TEST_STEP][PASSED] - isPresent = waitForElementVisible(findTestObject("Object Repository/Login/Page_Login - PowerFolder/input_Recover password_Password"), 2): Object 'Object Repository/Login/Page_Login - PowerFolder/input_Recover password_Password' is visible

2020-07-21 20:46:19 - [MESSAGE][PASSED] - Object 'Object Repository/Login/Page_Login - PowerFolder/input_Recover password_Password' is visible

2020-07-21 20:46:19 - [TEST_STEP][PASSED] - assert isPresent: null

2020-07-21 20:46:19 - [TEST_STEP][PASSED] - setText(findTestObject("Object Repository/Login/Page_Login - PowerFolder/input_Recover password_Password"), Password): Text 'password' is set on object 'Object Repository/Login/Page_Login - PowerFolder/input_Recover password_Password'

2020-07-21 20:46:19 - [MESSAGE][PASSED] - Text 'password' is set on object 'Object Repository/Login/Page_Login - PowerFolder/input_Recover password_Password'

2020-07-21 20:46:19 - [TEST_STEP][PASSED] - click(findTestObject("Object Repository/Login/Page_Login - PowerFolder/input_register new account_Login")): Object: 'Object Repository/Login/Page_Login - PowerFolder/input_register new account_Login' is clicked on

2020-07-21 20:46:21 - [MESSAGE][PASSED] - Object: 'Object Repository/Login/Page_Login - PowerFolder/input_register new account_Login' is clicked on

2020-07-21 20:46:21 - [TEST_STEP][PASSED] - assert getWindowTitle().equals("Dashboard - PowerFolder"): Current window's title is: 'Dashboard - PowerFolder'

2020-07-21 20:46:21 - [MESSAGE][PASSED] - Current window's title is: 'Dashboard - PowerFolder'

2020-07-21 20:46:21 - [TEST_STEP][PASSED] - click(findTestObject("Object Repository/Folders/Page_Folders - PowerFolder/lang_Folders")): Object: 'Object Repository/Folders/Page_Folders - PowerFolder/lang_Folders' is clicked on

2020-07-21 20:46:22 - [MESSAGE][PASSED] - Object: 'Object Repository/Folders/Page_Folders - PowerFolder/lang_Folders' is clicked on

2020-07-21 20:46:22 - [TEST_STEP][PASSED] - assert getWindowTitle().equals("Folders - PowerFolder"): Current window's title is: 'Folders - PowerFolder'

2020-07-21 20:46:22 - [MESSAGE][PASSED] - Current window's title is: 'Folders - PowerFolder'

2020-07-21 20:46:22 - [MESSAGE][PASSED] - Call Test Case 'Test Cases/Folders/Should Go to Folderstable' successfully

2020-07-21 20:46:22 - [TEST_STEP][PASSED] - folderName = RandomStringUtils.random(9, true, true): null

2020-07-21 20:46:22 - [TEST_STEP][PASSED] - click(findTestObject("Object Repository/Share/Page_Folders - PowerFolder/span_Paste_pica-glyph glyphicons glyphicons_ca92f0")): Object: 'Object Repository/Share/Page_Folders - PowerFolder/span_Paste_pica-glyph glyphicons glyphicons_ca92f0' is clicked on

2020-07-21 20:46:23 - [MESSAGE][PASSED] - Object: 'Object Repository/Share/Page_Folders - PowerFolder/span_Paste_pica-glyph glyphicons glyphicons_ca92f0' is clicked on

2020-07-21 20:46:23 - [TEST_STEP][PASSED] - click(findTestObject("Object Repository/Share/Page_Folders - PowerFolder/a_Create Folder                            _852e7b")): Object: 'Object Repository/Share/Page_Folders - PowerFolder/a_Create Folder                            _852e7b' is clicked on

2020-07-21 20:46:23 - [MESSAGE][PASSED] - Object: 'Object Repository/Share/Page_Folders - PowerFolder/a_Create Folder                            _852e7b' is clicked on

2020-07-21 20:46:23 - [TEST_STEP][PASSED] - setText(findTestObject("Object Repository/Share/Page_Folders - PowerFolder/input_Create a new Folder_pencil"), folderName): Text 'K9OxO0Rin' is set on object 'Object Repository/Share/Page_Folders - PowerFolder/input_Create a new Folder_pencil'

2020-07-21 20:46:24 - [MESSAGE][PASSED] - Text 'K9OxO0Rin' is set on object 'Object Repository/Share/Page_Folders - PowerFolder/input_Create a new Folder_pencil'

2020-07-21 20:46:24 - [TEST_STEP][PASSED] - sendKeys(findTestObject("Object Repository/Share/Page_Folders - PowerFolder/input_Create a new Folder_pencil"), Keys.chord(ENTER)): Keys 'ENTER + ' sent to object: 'Object Repository/Share/Page_Folders - PowerFolder/input_Create a new Folder_pencil'

2020-07-21 20:46:24 - [MESSAGE][PASSED] - Keys 'ENTER + ' sent to object: 'Object Repository/Share/Page_Folders - PowerFolder/input_Create a new Folder_pencil'

2020-07-21 20:46:24 - [TEST_STEP][PASSED] - btn = findShareButton(folderName): null

2020-07-21 20:46:24 - [TEST_STEP][PASSED] - driver = getWebDriver(): null

2020-07-21 20:46:24 - [TEST_STEP][PASSED] - return driver.findElement(org.openqa.selenium.By.xpath(//table[@id='files_files_table']/tbody/tr/td[2]/a[contains(text(),'$fileName')]/../../td[6]/a)): null

2020-07-21 20:46:25 - [TEST_STEP][PASSED] - executeJavaScript("arguments[0].click()", Arrays.asList(btn)): Execute JavaScript 'arguments[0].click()' successfully

2020-07-21 20:46:25 - [MESSAGE][PASSED] - Execute JavaScript 'arguments[0].click()' successfully

2020-07-21 20:46:25 - [TEST_STEP][PASSED] - mails = a_${ -> ... }@a.com	b_${ -> ... }@b.com	c_${ -> ... }@c.com: null

2020-07-21 20:46:25 - [TEST_STEP][PASSED] - membersCount = getMembersCount(): null

2020-07-21 20:46:25 - [TEST_STEP][PASSED] - driver = getWebDriver(): null

2020-07-21 20:46:25 - [TEST_STEP][PASSED] - tbody = driver.findElement(By.xpath("//table[@id='share_table']/tbody")): null

2020-07-21 20:46:26 - [TEST_STEP][PASSED] - assert tbody: null

2020-07-21 20:46:26 - [TEST_STEP][PASSED] - rows_table = tbody.findElements(By.tagName("tr")): null

2020-07-21 20:46:26 - [TEST_STEP][PASSED] - return rows_table.size(): null

2020-07-21 20:46:26 - [TEST_STEP][PASSED] - setText(findTestObject("Object Repository/Share/Page_Folders - PowerFolder/input_Invite users and groups or create a l_797df6"), mails): Text 'a_K9OxO0Rin@a.com	b_K9OxO0Rin@b.com	c_K9OxO0Rin@c.com' is set on object 'Object Repository/Share/Page_Folders - PowerFolder/input_Invite users and groups or create a l_797df6'

2020-07-21 20:46:26 - [MESSAGE][PASSED] - Text 'a_K9OxO0Rin@a.com	b_K9OxO0Rin@b.com	c_K9OxO0Rin@c.com' is set on object 'Object Repository/Share/Page_Folders - PowerFolder/input_Invite users and groups or create a l_797df6'

2020-07-21 20:46:26 - [TEST_STEP][PASSED] - sendKeys(findTestObject("Object Repository/Share/Page_Folders - PowerFolder/input_Invite users and groups or create a l_797df6"), Keys.chord(ENTER)): Keys 'ENTER + ' sent to object: 'Object Repository/Share/Page_Folders - PowerFolder/input_Invite users and groups or create a l_797df6'

2020-07-21 20:46:27 - [MESSAGE][PASSED] - Keys 'ENTER + ' sent to object: 'Object Repository/Share/Page_Folders - PowerFolder/input_Invite users and groups or create a l_797df6'

2020-07-21 20:46:27 - [TEST_STEP][PASSED] - assert membersCount + 3 == getMembersCount(): null

2020-07-21 20:46:27 - [TEST_STEP][PASSED] - driver = getWebDriver(): null

2020-07-21 20:46:27 - [TEST_STEP][PASSED] - tbody = driver.findElement(By.xpath("//table[@id='share_table']/tbody")): null

2020-07-21 20:46:28 - [TEST_STEP][PASSED] - assert tbody: null

2020-07-21 20:46:28 - [TEST_STEP][PASSED] - rows_table = tbody.findElements(By.tagName("tr")): null

2020-07-21 20:46:28 - [TEST_STEP][PASSED] - return rows_table.size(): null

2020-07-21 20:46:28 - [TEST_STEP][PASSED] - closeBrowser(): Browser is closed

2020-07-21 20:46:30 - [MESSAGE][PASSED] - Browser is closed]]></system-out>
         <system-err><![CDATA[]]></system-err>
      </testcase>
      <testcase name="Test Cases/Share/Share Using enter/Share Folder With Group" time="20.742" classname="Test Cases/Share/Share Using enter/Share Folder With Group" status="PASSED">
         <system-out><![CDATA[2020-07-21 20:46:30 - [TEST_CASE][PASSED] - Test Cases/Share/Share Using enter/Share Folder With Group: Test Cases/Share/Share Using enter/Share Folder With Group

2020-07-21 20:46:30 - [TEST_STEP][PASSED] - callTestCase(findTestCase("Folders/Should Go to Folderstable"), [:], OPTIONAL): Call Test Case 'Test Cases/Folders/Should Go to Folderstable' successfully

2020-07-21 20:46:30 - [TEST_CASE][PASSED] - Test Cases/Folders/Should Go to Folderstable: Test Cases/Folders/Should Go to Folderstable

2020-07-21 20:46:30 - [TEST_STEP][PASSED] - openBrowser(""): Browser is opened with url: ''

2020-07-21 20:46:30 - [MESSAGE][INFO] - Starting 'Firefox' driver

2020-07-21 20:46:33 - [MESSAGE][PASSED] - Browser is opened with url: ''

2020-07-21 20:46:33 - [TEST_STEP][PASSED] - navigateToUrl(URL): Navigate to 'https://lab.powerfolder.net:8666/login' successfully

2020-07-21 20:46:34 - [MESSAGE][PASSED] - Navigate to 'https://lab.powerfolder.net:8666/login' successfully

2020-07-21 20:46:34 - [TEST_STEP][PASSED] - assert getWindowTitle().equals("Login - PowerFolder"): Current window's title is: 'Login - PowerFolder'

2020-07-21 20:46:34 - [MESSAGE][PASSED] - Current window's title is: 'Login - PowerFolder'

2020-07-21 20:46:34 - [TEST_STEP][PASSED] - setText(findTestObject("Object Repository/Login/Page_Login - PowerFolder/input_register new account_Username"), Username): Text 'admin' is set on object 'Object Repository/Login/Page_Login - PowerFolder/input_register new account_Username'

2020-07-21 20:46:34 - [MESSAGE][PASSED] - Text 'admin' is set on object 'Object Repository/Login/Page_Login - PowerFolder/input_register new account_Username'

2020-07-21 20:46:34 - [TEST_STEP][PASSED] - click(findTestObject("Object Repository/Login/Page_Login - PowerFolder/input_register new account_Login")): Object: 'Object Repository/Login/Page_Login - PowerFolder/input_register new account_Login' is clicked on

2020-07-21 20:46:35 - [MESSAGE][PASSED] - Object: 'Object Repository/Login/Page_Login - PowerFolder/input_register new account_Login' is clicked on

2020-07-21 20:46:35 - [TEST_STEP][PASSED] - isPresent = waitForElementVisible(findTestObject("Object Repository/Login/Page_Login - PowerFolder/input_Recover password_Password"), 2): Object 'Object Repository/Login/Page_Login - PowerFolder/input_Recover password_Password' is visible

2020-07-21 20:46:35 - [MESSAGE][PASSED] - Object 'Object Repository/Login/Page_Login - PowerFolder/input_Recover password_Password' is visible

2020-07-21 20:46:35 - [TEST_STEP][PASSED] - assert isPresent: null

2020-07-21 20:46:35 - [TEST_STEP][PASSED] - setText(findTestObject("Object Repository/Login/Page_Login - PowerFolder/input_Recover password_Password"), Password): Text 'password' is set on object 'Object Repository/Login/Page_Login - PowerFolder/input_Recover password_Password'

2020-07-21 20:46:35 - [MESSAGE][PASSED] - Text 'password' is set on object 'Object Repository/Login/Page_Login - PowerFolder/input_Recover password_Password'

2020-07-21 20:46:35 - [TEST_STEP][PASSED] - click(findTestObject("Object Repository/Login/Page_Login - PowerFolder/input_register new account_Login")): Object: 'Object Repository/Login/Page_Login - PowerFolder/input_register new account_Login' is clicked on

2020-07-21 20:46:37 - [MESSAGE][PASSED] - Object: 'Object Repository/Login/Page_Login - PowerFolder/input_register new account_Login' is clicked on

2020-07-21 20:46:37 - [TEST_STEP][PASSED] - assert getWindowTitle().equals("Dashboard - PowerFolder"): Current window's title is: 'Dashboard - PowerFolder'

2020-07-21 20:46:37 - [MESSAGE][PASSED] - Current window's title is: 'Dashboard - PowerFolder'

2020-07-21 20:46:37 - [TEST_STEP][PASSED] - click(findTestObject("Object Repository/Folders/Page_Folders - PowerFolder/lang_Folders")): Object: 'Object Repository/Folders/Page_Folders - PowerFolder/lang_Folders' is clicked on

2020-07-21 20:46:38 - [MESSAGE][PASSED] - Object: 'Object Repository/Folders/Page_Folders - PowerFolder/lang_Folders' is clicked on

2020-07-21 20:46:38 - [TEST_STEP][PASSED] - assert getWindowTitle().equals("Folders - PowerFolder"): Current window's title is: 'Folders - PowerFolder'

2020-07-21 20:46:38 - [MESSAGE][PASSED] - Current window's title is: 'Folders - PowerFolder'

2020-07-21 20:46:38 - [MESSAGE][PASSED] - Call Test Case 'Test Cases/Folders/Should Go to Folderstable' successfully

2020-07-21 20:46:38 - [TEST_STEP][PASSED] - folderName = RandomStringUtils.random(9, true, true): null

2020-07-21 20:46:38 - [TEST_STEP][PASSED] - click(findTestObject("Object Repository/Share/Page_Folders - PowerFolder/span_Paste_pica-glyph glyphicons glyphicons_ca92f0")): Object: 'Object Repository/Share/Page_Folders - PowerFolder/span_Paste_pica-glyph glyphicons glyphicons_ca92f0' is clicked on

2020-07-21 20:46:39 - [MESSAGE][PASSED] - Object: 'Object Repository/Share/Page_Folders - PowerFolder/span_Paste_pica-glyph glyphicons glyphicons_ca92f0' is clicked on

2020-07-21 20:46:39 - [TEST_STEP][PASSED] - click(findTestObject("Object Repository/Share/Page_Folders - PowerFolder/a_Create Folder                            _852e7b")): Object: 'Object Repository/Share/Page_Folders - PowerFolder/a_Create Folder                            _852e7b' is clicked on

2020-07-21 20:46:39 - [MESSAGE][PASSED] - Object: 'Object Repository/Share/Page_Folders - PowerFolder/a_Create Folder                            _852e7b' is clicked on

2020-07-21 20:46:39 - [TEST_STEP][PASSED] - setText(findTestObject("Object Repository/Share/Page_Folders - PowerFolder/input_Create a new Folder_pencil"), folderName): Text 'LqKXU9tne' is set on object 'Object Repository/Share/Page_Folders - PowerFolder/input_Create a new Folder_pencil'

2020-07-21 20:46:40 - [MESSAGE][PASSED] - Text 'LqKXU9tne' is set on object 'Object Repository/Share/Page_Folders - PowerFolder/input_Create a new Folder_pencil'

2020-07-21 20:46:40 - [TEST_STEP][PASSED] - sendKeys(findTestObject("Object Repository/Share/Page_Folders - PowerFolder/input_Create a new Folder_pencil"), Keys.chord(ENTER)): Keys 'ENTER + ' sent to object: 'Object Repository/Share/Page_Folders - PowerFolder/input_Create a new Folder_pencil'

2020-07-21 20:46:40 - [MESSAGE][PASSED] - Keys 'ENTER + ' sent to object: 'Object Repository/Share/Page_Folders - PowerFolder/input_Create a new Folder_pencil'

2020-07-21 20:46:40 - [TEST_STEP][PASSED] - click(findTestObject("Object Repository/Folders/Page_Dashboard - PowerFolder/lang_Groups")): Object: 'Object Repository/Folders/Page_Dashboard - PowerFolder/lang_Groups' is clicked on

2020-07-21 20:46:41 - [MESSAGE][PASSED] - Object: 'Object Repository/Folders/Page_Dashboard - PowerFolder/lang_Groups' is clicked on

2020-07-21 20:46:41 - [TEST_STEP][PASSED] - click(findTestObject("Object Repository/Share/Page_Groups - PowerFolder/span_Log out_pica-icon pica-glyph glyphicon_0824b5")): Object: 'Object Repository/Share/Page_Groups - PowerFolder/span_Log out_pica-icon pica-glyph glyphicon_0824b5' is clicked on

2020-07-21 20:46:42 - [MESSAGE][PASSED] - Object: 'Object Repository/Share/Page_Groups - PowerFolder/span_Log out_pica-icon pica-glyph glyphicon_0824b5' is clicked on

2020-07-21 20:46:42 - [TEST_STEP][PASSED] - setText(findTestObject("Object Repository/Share/Page_Groups - PowerFolder/input_Organizations_pica_group_name"), Group_${ -> ... }): Text 'Group_LqKXU9tne' is set on object 'Object Repository/Share/Page_Groups - PowerFolder/input_Organizations_pica_group_name'

2020-07-21 20:46:43 - [MESSAGE][PASSED] - Text 'Group_LqKXU9tne' is set on object 'Object Repository/Share/Page_Groups - PowerFolder/input_Organizations_pica_group_name'

2020-07-21 20:46:43 - [TEST_STEP][PASSED] - click(findTestObject("Object Repository/Share/Page_Groups - PowerFolder/lang_Save")): Object: 'Object Repository/Share/Page_Groups - PowerFolder/lang_Save' is clicked on

2020-07-21 20:46:43 - [MESSAGE][PASSED] - Object: 'Object Repository/Share/Page_Groups - PowerFolder/lang_Save' is clicked on

2020-07-21 20:46:43 - [TEST_STEP][PASSED] - click(findTestObject("Object Repository/Folders/Page_Folders - PowerFolder/lang_Folders")): Object: 'Object Repository/Folders/Page_Folders - PowerFolder/lang_Folders' is clicked on

2020-07-21 20:46:45 - [MESSAGE][PASSED] - Object: 'Object Repository/Folders/Page_Folders - PowerFolder/lang_Folders' is clicked on

2020-07-21 20:46:45 - [TEST_STEP][PASSED] - assert getWindowTitle().equals("Folders - PowerFolder"): Current window's title is: 'Folders - PowerFolder'

2020-07-21 20:46:45 - [MESSAGE][PASSED] - Current window's title is: 'Folders - PowerFolder'

2020-07-21 20:46:45 - [TEST_STEP][PASSED] - btn = findShareButton(folderName): null

2020-07-21 20:46:45 - [TEST_STEP][PASSED] - driver = getWebDriver(): null

2020-07-21 20:46:45 - [TEST_STEP][PASSED] - return driver.findElement(org.openqa.selenium.By.xpath(//table[@id='files_files_table']/tbody/tr/td[2]/a[contains(text(),'$fileName')]/../../td[6]/a)): null

2020-07-21 20:46:46 - [TEST_STEP][PASSED] - executeJavaScript("arguments[0].click()", Arrays.asList(btn)): Execute JavaScript 'arguments[0].click()' successfully

2020-07-21 20:46:46 - [MESSAGE][PASSED] - Execute JavaScript 'arguments[0].click()' successfully

2020-07-21 20:46:46 - [TEST_STEP][PASSED] - Group = Group_${ -> ... }: null

2020-07-21 20:46:46 - [TEST_STEP][PASSED] - setText(findTestObject("Object Repository/Share/Page_Folders - PowerFolder/input_Invite users and groups or create a l_797df6"), Group): Text 'Group_LqKXU9tne' is set on object 'Object Repository/Share/Page_Folders - PowerFolder/input_Invite users and groups or create a l_797df6'

2020-07-21 20:46:46 - [MESSAGE][PASSED] - Text 'Group_LqKXU9tne' is set on object 'Object Repository/Share/Page_Folders - PowerFolder/input_Invite users and groups or create a l_797df6'

2020-07-21 20:46:46 - [TEST_STEP][PASSED] - click(findTestObject("Object Repository/Share/Page_Folders - PowerFolder/tag")): Object: 'Object Repository/Share/Page_Folders - PowerFolder/tag' is clicked on

2020-07-21 20:46:48 - [MESSAGE][PASSED] - Object: 'Object Repository/Share/Page_Folders - PowerFolder/tag' is clicked on

2020-07-21 20:46:48 - [TEST_STEP][PASSED] - sendKeys(findTestObject("Object Repository/Share/Page_Folders - PowerFolder/input_Invite users and groups or create a l_797df6"), Keys.chord(ENTER)): Keys 'ENTER + ' sent to object: 'Object Repository/Share/Page_Folders - PowerFolder/input_Invite users and groups or create a l_797df6'

2020-07-21 20:46:48 - [MESSAGE][PASSED] - Keys 'ENTER + ' sent to object: 'Object Repository/Share/Page_Folders - PowerFolder/input_Invite users and groups or create a l_797df6'

2020-07-21 20:46:48 - [TEST_STEP][PASSED] - verifyElementText(findTestObject("Object Repository/Share/Page_Folders - PowerFolder/td_Group"), Group): Actual text and expected text of test object 'Object Repository/Share/Page_Folders - PowerFolder/td_Group' are matched.

2020-07-21 20:46:49 - [MESSAGE][PASSED] - Actual text and expected text of test object 'Object Repository/Share/Page_Folders - PowerFolder/td_Group' are matched.

2020-07-21 20:46:49 - [TEST_STEP][PASSED] - closeBrowser(): Browser is closed

2020-07-21 20:46:50 - [MESSAGE][PASSED] - Browser is closed]]></system-out>
         <system-err><![CDATA[]]></system-err>
      </testcase>
      <testcase name="Test Cases/Share/Share Using enter/Share folder with Multiple outlook emails" time="15.935" classname="Test Cases/Share/Share Using enter/Share folder with Multiple outlook emails" status="PASSED">
         <system-out><![CDATA[2020-07-21 20:46:50 - [TEST_CASE][PASSED] - Test Cases/Share/Share Using enter/Share folder with Multiple outlook emails: Test Cases/Share/Share Using enter/Share folder with Multiple outlook emails

2020-07-21 20:46:50 - [TEST_STEP][PASSED] - callTestCase(findTestCase("Folders/Should Go to Folderstable"), [:], OPTIONAL): Call Test Case 'Test Cases/Folders/Should Go to Folderstable' successfully

2020-07-21 20:46:51 - [TEST_CASE][PASSED] - Test Cases/Folders/Should Go to Folderstable: Test Cases/Folders/Should Go to Folderstable

2020-07-21 20:46:51 - [TEST_STEP][PASSED] - openBrowser(""): Browser is opened with url: ''

2020-07-21 20:46:51 - [MESSAGE][INFO] - Starting 'Firefox' driver

2020-07-21 20:46:53 - [MESSAGE][PASSED] - Browser is opened with url: ''

2020-07-21 20:46:53 - [TEST_STEP][PASSED] - navigateToUrl(URL): Navigate to 'https://lab.powerfolder.net:8666/login' successfully

2020-07-21 20:46:55 - [MESSAGE][PASSED] - Navigate to 'https://lab.powerfolder.net:8666/login' successfully

2020-07-21 20:46:55 - [TEST_STEP][PASSED] - assert getWindowTitle().equals("Login - PowerFolder"): Current window's title is: 'Login - PowerFolder'

2020-07-21 20:46:55 - [MESSAGE][PASSED] - Current window's title is: 'Login - PowerFolder'

2020-07-21 20:46:55 - [TEST_STEP][PASSED] - setText(findTestObject("Object Repository/Login/Page_Login - PowerFolder/input_register new account_Username"), Username): Text 'admin' is set on object 'Object Repository/Login/Page_Login - PowerFolder/input_register new account_Username'

2020-07-21 20:46:55 - [MESSAGE][PASSED] - Text 'admin' is set on object 'Object Repository/Login/Page_Login - PowerFolder/input_register new account_Username'

2020-07-21 20:46:55 - [TEST_STEP][PASSED] - click(findTestObject("Object Repository/Login/Page_Login - PowerFolder/input_register new account_Login")): Object: 'Object Repository/Login/Page_Login - PowerFolder/input_register new account_Login' is clicked on

2020-07-21 20:46:55 - [MESSAGE][PASSED] - Object: 'Object Repository/Login/Page_Login - PowerFolder/input_register new account_Login' is clicked on

2020-07-21 20:46:55 - [TEST_STEP][PASSED] - isPresent = waitForElementVisible(findTestObject("Object Repository/Login/Page_Login - PowerFolder/input_Recover password_Password"), 2): Object 'Object Repository/Login/Page_Login - PowerFolder/input_Recover password_Password' is visible

2020-07-21 20:46:56 - [MESSAGE][PASSED] - Object 'Object Repository/Login/Page_Login - PowerFolder/input_Recover password_Password' is visible

2020-07-21 20:46:56 - [TEST_STEP][PASSED] - assert isPresent: null

2020-07-21 20:46:56 - [TEST_STEP][PASSED] - setText(findTestObject("Object Repository/Login/Page_Login - PowerFolder/input_Recover password_Password"), Password): Text 'password' is set on object 'Object Repository/Login/Page_Login - PowerFolder/input_Recover password_Password'

2020-07-21 20:46:56 - [MESSAGE][PASSED] - Text 'password' is set on object 'Object Repository/Login/Page_Login - PowerFolder/input_Recover password_Password'

2020-07-21 20:46:56 - [TEST_STEP][PASSED] - click(findTestObject("Object Repository/Login/Page_Login - PowerFolder/input_register new account_Login")): Object: 'Object Repository/Login/Page_Login - PowerFolder/input_register new account_Login' is clicked on

2020-07-21 20:46:57 - [MESSAGE][PASSED] - Object: 'Object Repository/Login/Page_Login - PowerFolder/input_register new account_Login' is clicked on

2020-07-21 20:46:57 - [TEST_STEP][PASSED] - assert getWindowTitle().equals("Dashboard - PowerFolder"): Current window's title is: 'Dashboard - PowerFolder'

2020-07-21 20:46:57 - [MESSAGE][PASSED] - Current window's title is: 'Dashboard - PowerFolder'

2020-07-21 20:46:57 - [TEST_STEP][PASSED] - click(findTestObject("Object Repository/Folders/Page_Folders - PowerFolder/lang_Folders")): Object: 'Object Repository/Folders/Page_Folders - PowerFolder/lang_Folders' is clicked on

2020-07-21 20:46:58 - [MESSAGE][PASSED] - Object: 'Object Repository/Folders/Page_Folders - PowerFolder/lang_Folders' is clicked on

2020-07-21 20:46:58 - [TEST_STEP][PASSED] - assert getWindowTitle().equals("Folders - PowerFolder"): Current window's title is: 'Folders - PowerFolder'

2020-07-21 20:46:58 - [MESSAGE][PASSED] - Current window's title is: 'Folders - PowerFolder'

2020-07-21 20:46:58 - [MESSAGE][PASSED] - Call Test Case 'Test Cases/Folders/Should Go to Folderstable' successfully

2020-07-21 20:46:58 - [TEST_STEP][PASSED] - folderName = RandomStringUtils.random(9, true, true): null

2020-07-21 20:46:58 - [TEST_STEP][PASSED] - click(findTestObject("Object Repository/Share/Page_Folders - PowerFolder/span_Paste_pica-glyph glyphicons glyphicons_ca92f0")): Object: 'Object Repository/Share/Page_Folders - PowerFolder/span_Paste_pica-glyph glyphicons glyphicons_ca92f0' is clicked on

2020-07-21 20:47:00 - [MESSAGE][PASSED] - Object: 'Object Repository/Share/Page_Folders - PowerFolder/span_Paste_pica-glyph glyphicons glyphicons_ca92f0' is clicked on

2020-07-21 20:47:00 - [TEST_STEP][PASSED] - click(findTestObject("Object Repository/Share/Page_Folders - PowerFolder/a_Create Folder                            _852e7b")): Object: 'Object Repository/Share/Page_Folders - PowerFolder/a_Create Folder                            _852e7b' is clicked on

2020-07-21 20:47:00 - [MESSAGE][PASSED] - Object: 'Object Repository/Share/Page_Folders - PowerFolder/a_Create Folder                            _852e7b' is clicked on

2020-07-21 20:47:00 - [TEST_STEP][PASSED] - setText(findTestObject("Object Repository/Share/Page_Folders - PowerFolder/input_Create a new Folder_pencil"), folderName): Text 'pzZJcAD9T' is set on object 'Object Repository/Share/Page_Folders - PowerFolder/input_Create a new Folder_pencil'

2020-07-21 20:47:00 - [MESSAGE][PASSED] - Text 'pzZJcAD9T' is set on object 'Object Repository/Share/Page_Folders - PowerFolder/input_Create a new Folder_pencil'

2020-07-21 20:47:00 - [TEST_STEP][PASSED] - sendKeys(findTestObject("Object Repository/Share/Page_Folders - PowerFolder/input_Create a new Folder_pencil"), Keys.chord(ENTER)): Keys 'ENTER + ' sent to object: 'Object Repository/Share/Page_Folders - PowerFolder/input_Create a new Folder_pencil'

2020-07-21 20:47:01 - [MESSAGE][PASSED] - Keys 'ENTER + ' sent to object: 'Object Repository/Share/Page_Folders - PowerFolder/input_Create a new Folder_pencil'

2020-07-21 20:47:01 - [TEST_STEP][PASSED] - btn = findShareButton(folderName): null

2020-07-21 20:47:01 - [TEST_STEP][PASSED] - driver = getWebDriver(): null

2020-07-21 20:47:01 - [TEST_STEP][PASSED] - return driver.findElement(org.openqa.selenium.By.xpath(//table[@id='files_files_table']/tbody/tr/td[2]/a[contains(text(),'$fileName')]/../../td[6]/a)): null

2020-07-21 20:47:02 - [TEST_STEP][PASSED] - executeJavaScript("arguments[0].click()", Arrays.asList(btn)): Execute JavaScript 'arguments[0].click()' successfully

2020-07-21 20:47:02 - [MESSAGE][PASSED] - Execute JavaScript 'arguments[0].click()' successfully

2020-07-21 20:47:02 - [TEST_STEP][PASSED] - mails = ${ -> ... } <${ -> ... }@outlook.com>;${ -> ... } <${ -> ... }@outlook.com>;${ -> ... } <${ -> ... }@outlook.com>: null

2020-07-21 20:47:02 - [TEST_STEP][PASSED] - membersCount = getMembersCount(): null

2020-07-21 20:47:02 - [TEST_STEP][PASSED] - driver = getWebDriver(): null

2020-07-21 20:47:02 - [TEST_STEP][PASSED] - tbody = driver.findElement(By.xpath("//table[@id='share_table']/tbody")): null

2020-07-21 20:47:02 - [TEST_STEP][PASSED] - assert tbody: null

2020-07-21 20:47:02 - [TEST_STEP][PASSED] - rows_table = tbody.findElements(By.tagName("tr")): null

2020-07-21 20:47:03 - [TEST_STEP][PASSED] - return rows_table.size(): null

2020-07-21 20:47:03 - [TEST_STEP][PASSED] - setText(findTestObject("Object Repository/Share/Page_Folders - PowerFolder/input_Invite users and groups or create a l_797df6"), mails): Text 'pzZJcAD9Ta <pzZJcAD9Ta@outlook.com>;pzZJcAD9Tb <pzZJcAD9Tb@outlook.com>;pzZJcAD9Tc <pzZJcAD9Tc@outlook.com>' is set on object 'Object Repository/Share/Page_Folders - PowerFolder/input_Invite users and groups or create a l_797df6'

2020-07-21 20:47:03 - [MESSAGE][PASSED] - Text 'pzZJcAD9Ta <pzZJcAD9Ta@outlook.com>;pzZJcAD9Tb <pzZJcAD9Tb@outlook.com>;pzZJcAD9Tc <pzZJcAD9Tc@outlook.com>' is set on object 'Object Repository/Share/Page_Folders - PowerFolder/input_Invite users and groups or create a l_797df6'

2020-07-21 20:47:03 - [TEST_STEP][PASSED] - sendKeys(findTestObject("Object Repository/Share/Page_Folders - PowerFolder/input_Invite users and groups or create a l_797df6"), Keys.chord(ENTER)): Keys 'ENTER + ' sent to object: 'Object Repository/Share/Page_Folders - PowerFolder/input_Invite users and groups or create a l_797df6'

2020-07-21 20:47:03 - [MESSAGE][PASSED] - Keys 'ENTER + ' sent to object: 'Object Repository/Share/Page_Folders - PowerFolder/input_Invite users and groups or create a l_797df6'

2020-07-21 20:47:03 - [TEST_STEP][PASSED] - assert membersCount + 3 == getMembersCount(): null

2020-07-21 20:47:03 - [TEST_STEP][PASSED] - driver = getWebDriver(): null

2020-07-21 20:47:03 - [TEST_STEP][PASSED] - tbody = driver.findElement(By.xpath("//table[@id='share_table']/tbody")): null

2020-07-21 20:47:04 - [TEST_STEP][PASSED] - assert tbody: null

2020-07-21 20:47:04 - [TEST_STEP][PASSED] - rows_table = tbody.findElements(By.tagName("tr")): null

2020-07-21 20:47:04 - [TEST_STEP][PASSED] - return rows_table.size(): null

2020-07-21 20:47:04 - [TEST_STEP][PASSED] - closeBrowser(): Browser is closed

2020-07-21 20:47:06 - [MESSAGE][PASSED] - Browser is closed]]></system-out>
         <system-err><![CDATA[]]></system-err>
      </testcase>
      <testcase name="Test Cases/Share/Share Using enter/Share folder with Multiple emails colon separator" time="16.127" classname="Test Cases/Share/Share Using enter/Share folder with Multiple emails colon separator" status="PASSED">
         <system-out><![CDATA[2020-07-21 20:47:06 - [TEST_CASE][PASSED] - Test Cases/Share/Share Using enter/Share folder with Multiple emails colon separator: Test Cases/Share/Share Using enter/Share folder with Multiple emails colon separator

2020-07-21 20:47:06 - [TEST_STEP][PASSED] - callTestCase(findTestCase("Folders/Should Go to Folderstable"), [:], OPTIONAL): Call Test Case 'Test Cases/Folders/Should Go to Folderstable' successfully

2020-07-21 20:47:07 - [TEST_CASE][PASSED] - Test Cases/Folders/Should Go to Folderstable: Test Cases/Folders/Should Go to Folderstable

2020-07-21 20:47:07 - [TEST_STEP][PASSED] - openBrowser(""): Browser is opened with url: ''

2020-07-21 20:47:07 - [MESSAGE][INFO] - Starting 'Firefox' driver

2020-07-21 20:47:09 - [MESSAGE][PASSED] - Browser is opened with url: ''

2020-07-21 20:47:09 - [TEST_STEP][PASSED] - navigateToUrl(URL): Navigate to 'https://lab.powerfolder.net:8666/login' successfully

2020-07-21 20:47:11 - [MESSAGE][PASSED] - Navigate to 'https://lab.powerfolder.net:8666/login' successfully

2020-07-21 20:47:11 - [TEST_STEP][PASSED] - assert getWindowTitle().equals("Login - PowerFolder"): Current window's title is: 'Login - PowerFolder'

2020-07-21 20:47:11 - [MESSAGE][PASSED] - Current window's title is: 'Login - PowerFolder'

2020-07-21 20:47:11 - [TEST_STEP][PASSED] - setText(findTestObject("Object Repository/Login/Page_Login - PowerFolder/input_register new account_Username"), Username): Text 'admin' is set on object 'Object Repository/Login/Page_Login - PowerFolder/input_register new account_Username'

2020-07-21 20:47:11 - [MESSAGE][PASSED] - Text 'admin' is set on object 'Object Repository/Login/Page_Login - PowerFolder/input_register new account_Username'

2020-07-21 20:47:11 - [TEST_STEP][PASSED] - click(findTestObject("Object Repository/Login/Page_Login - PowerFolder/input_register new account_Login")): Object: 'Object Repository/Login/Page_Login - PowerFolder/input_register new account_Login' is clicked on

2020-07-21 20:47:12 - [MESSAGE][PASSED] - Object: 'Object Repository/Login/Page_Login - PowerFolder/input_register new account_Login' is clicked on

2020-07-21 20:47:12 - [TEST_STEP][PASSED] - isPresent = waitForElementVisible(findTestObject("Object Repository/Login/Page_Login - PowerFolder/input_Recover password_Password"), 2): Object 'Object Repository/Login/Page_Login - PowerFolder/input_Recover password_Password' is visible

2020-07-21 20:47:12 - [MESSAGE][PASSED] - Object 'Object Repository/Login/Page_Login - PowerFolder/input_Recover password_Password' is visible

2020-07-21 20:47:12 - [TEST_STEP][PASSED] - assert isPresent: null

2020-07-21 20:47:12 - [TEST_STEP][PASSED] - setText(findTestObject("Object Repository/Login/Page_Login - PowerFolder/input_Recover password_Password"), Password): Text 'password' is set on object 'Object Repository/Login/Page_Login - PowerFolder/input_Recover password_Password'

2020-07-21 20:47:12 - [MESSAGE][PASSED] - Text 'password' is set on object 'Object Repository/Login/Page_Login - PowerFolder/input_Recover password_Password'

2020-07-21 20:47:12 - [TEST_STEP][PASSED] - click(findTestObject("Object Repository/Login/Page_Login - PowerFolder/input_register new account_Login")): Object: 'Object Repository/Login/Page_Login - PowerFolder/input_register new account_Login' is clicked on

2020-07-21 20:47:14 - [MESSAGE][PASSED] - Object: 'Object Repository/Login/Page_Login - PowerFolder/input_register new account_Login' is clicked on

2020-07-21 20:47:14 - [TEST_STEP][PASSED] - assert getWindowTitle().equals("Dashboard - PowerFolder"): Current window's title is: 'Dashboard - PowerFolder'

2020-07-21 20:47:14 - [MESSAGE][PASSED] - Current window's title is: 'Dashboard - PowerFolder'

2020-07-21 20:47:14 - [TEST_STEP][PASSED] - click(findTestObject("Object Repository/Folders/Page_Folders - PowerFolder/lang_Folders")): Object: 'Object Repository/Folders/Page_Folders - PowerFolder/lang_Folders' is clicked on

2020-07-21 20:47:15 - [MESSAGE][PASSED] - Object: 'Object Repository/Folders/Page_Folders - PowerFolder/lang_Folders' is clicked on

2020-07-21 20:47:15 - [TEST_STEP][PASSED] - assert getWindowTitle().equals("Folders - PowerFolder"): Current window's title is: 'Folders - PowerFolder'

2020-07-21 20:47:15 - [MESSAGE][PASSED] - Current window's title is: 'Folders - PowerFolder'

2020-07-21 20:47:15 - [MESSAGE][PASSED] - Call Test Case 'Test Cases/Folders/Should Go to Folderstable' successfully

2020-07-21 20:47:15 - [TEST_STEP][PASSED] - folderName = RandomStringUtils.random(9, true, true): null

2020-07-21 20:47:15 - [TEST_STEP][PASSED] - click(findTestObject("Object Repository/Share/Page_Folders - PowerFolder/span_Paste_pica-glyph glyphicons glyphicons_ca92f0")): Object: 'Object Repository/Share/Page_Folders - PowerFolder/span_Paste_pica-glyph glyphicons glyphicons_ca92f0' is clicked on

2020-07-21 20:47:16 - [MESSAGE][PASSED] - Object: 'Object Repository/Share/Page_Folders - PowerFolder/span_Paste_pica-glyph glyphicons glyphicons_ca92f0' is clicked on

2020-07-21 20:47:16 - [TEST_STEP][PASSED] - click(findTestObject("Object Repository/Share/Page_Folders - PowerFolder/a_Create Folder                            _852e7b")): Object: 'Object Repository/Share/Page_Folders - PowerFolder/a_Create Folder                            _852e7b' is clicked on

2020-07-21 20:47:16 - [MESSAGE][PASSED] - Object: 'Object Repository/Share/Page_Folders - PowerFolder/a_Create Folder                            _852e7b' is clicked on

2020-07-21 20:47:16 - [TEST_STEP][PASSED] - setText(findTestObject("Object Repository/Share/Page_Folders - PowerFolder/input_Create a new Folder_pencil"), folderName): Text 'lYzDYWsMX' is set on object 'Object Repository/Share/Page_Folders - PowerFolder/input_Create a new Folder_pencil'

2020-07-21 20:47:17 - [MESSAGE][PASSED] - Text 'lYzDYWsMX' is set on object 'Object Repository/Share/Page_Folders - PowerFolder/input_Create a new Folder_pencil'

2020-07-21 20:47:17 - [TEST_STEP][PASSED] - sendKeys(findTestObject("Object Repository/Share/Page_Folders - PowerFolder/input_Create a new Folder_pencil"), Keys.chord(ENTER)): Keys 'ENTER + ' sent to object: 'Object Repository/Share/Page_Folders - PowerFolder/input_Create a new Folder_pencil'

2020-07-21 20:47:17 - [MESSAGE][PASSED] - Keys 'ENTER + ' sent to object: 'Object Repository/Share/Page_Folders - PowerFolder/input_Create a new Folder_pencil'

2020-07-21 20:47:17 - [TEST_STEP][PASSED] - btn = findShareButton(folderName): null

2020-07-21 20:47:17 - [TEST_STEP][PASSED] - driver = getWebDriver(): null

2020-07-21 20:47:17 - [TEST_STEP][PASSED] - return driver.findElement(org.openqa.selenium.By.xpath(//table[@id='files_files_table']/tbody/tr/td[2]/a[contains(text(),'$fileName')]/../../td[6]/a)): null

2020-07-21 20:47:18 - [TEST_STEP][PASSED] - executeJavaScript("arguments[0].click()", Arrays.asList(btn)): Execute JavaScript 'arguments[0].click()' successfully

2020-07-21 20:47:18 - [MESSAGE][PASSED] - Execute JavaScript 'arguments[0].click()' successfully

2020-07-21 20:47:18 - [TEST_STEP][PASSED] - mails = a_${ -> ... }@a.com:b_${ -> ... }@b.com:c_${ -> ... }@c.com: null

2020-07-21 20:47:18 - [TEST_STEP][PASSED] - membersCount = getMembersCount(): null

2020-07-21 20:47:18 - [TEST_STEP][PASSED] - driver = getWebDriver(): null

2020-07-21 20:47:18 - [TEST_STEP][PASSED] - tbody = driver.findElement(By.xpath("//table[@id='share_table']/tbody")): null

2020-07-21 20:47:19 - [TEST_STEP][PASSED] - assert tbody: null

2020-07-21 20:47:19 - [TEST_STEP][PASSED] - rows_table = tbody.findElements(By.tagName("tr")): null

2020-07-21 20:47:19 - [TEST_STEP][PASSED] - return rows_table.size(): null

2020-07-21 20:47:19 - [TEST_STEP][PASSED] - setText(findTestObject("Object Repository/Share/Page_Folders - PowerFolder/input_Invite users and groups or create a l_797df6"), mails): Text 'a_lYzDYWsMX@a.com:b_lYzDYWsMX@b.com:c_lYzDYWsMX@c.com' is set on object 'Object Repository/Share/Page_Folders - PowerFolder/input_Invite users and groups or create a l_797df6'

2020-07-21 20:47:19 - [MESSAGE][PASSED] - Text 'a_lYzDYWsMX@a.com:b_lYzDYWsMX@b.com:c_lYzDYWsMX@c.com' is set on object 'Object Repository/Share/Page_Folders - PowerFolder/input_Invite users and groups or create a l_797df6'

2020-07-21 20:47:19 - [TEST_STEP][PASSED] - sendKeys(findTestObject("Object Repository/Share/Page_Folders - PowerFolder/input_Invite users and groups or create a l_797df6"), Keys.chord(ENTER)): Keys 'ENTER + ' sent to object: 'Object Repository/Share/Page_Folders - PowerFolder/input_Invite users and groups or create a l_797df6'

2020-07-21 20:47:19 - [MESSAGE][PASSED] - Keys 'ENTER + ' sent to object: 'Object Repository/Share/Page_Folders - PowerFolder/input_Invite users and groups or create a l_797df6'

2020-07-21 20:47:19 - [TEST_STEP][PASSED] - assert membersCount + 3 == getMembersCount(): null

2020-07-21 20:47:19 - [TEST_STEP][PASSED] - driver = getWebDriver(): null

2020-07-21 20:47:19 - [TEST_STEP][PASSED] - tbody = driver.findElement(By.xpath("//table[@id='share_table']/tbody")): null

2020-07-21 20:47:20 - [TEST_STEP][PASSED] - assert tbody: null

2020-07-21 20:47:20 - [TEST_STEP][PASSED] - rows_table = tbody.findElements(By.tagName("tr")): null

2020-07-21 20:47:21 - [TEST_STEP][PASSED] - return rows_table.size(): null

2020-07-21 20:47:21 - [TEST_STEP][PASSED] - closeBrowser(): Browser is closed

2020-07-21 20:47:22 - [MESSAGE][PASSED] - Browser is closed]]></system-out>
         <system-err><![CDATA[]]></system-err>
      </testcase>
      <testcase name="Test Cases/Share/Share Using enter/Share folder with Multiple emails comma separator" time="13.416" classname="Test Cases/Share/Share Using enter/Share folder with Multiple emails comma separator" status="FAILED">
         <failure type="FAILED" message="Test Cases/Share/Share Using enter/Share folder with Multiple emails comma separator FAILED.
Reason:
com.kms.katalon.core.exception.StepFailedException: Unable to set text 'a_RtqaxVNHx@a.com,b_RtqaxVNHx@b.com,c_RtqaxVNHx@c.com' of object 'Object Repository/Share/Page_Folders - PowerFolder/input_Invite users and groups or create a l_797df6'
	at com.kms.katalon.core.webui.keyword.internal.WebUIKeywordMain.stepFailed(WebUIKeywordMain.groovy:64)
	at com.kms.katalon.core.webui.keyword.internal.WebUIKeywordMain.runKeyword(WebUIKeywordMain.groovy:26)
	at com.kms.katalon.core.webui.keyword.builtin.SetTextKeyword.setText(SetTextKeyword.groovy:66)
	at com.kms.katalon.core.webui.keyword.builtin.SetTextKeyword.execute(SetTextKeyword.groovy:37)
	at com.kms.katalon.core.keyword.internal.KeywordExecutor.executeKeywordForPlatform(KeywordExecutor.groovy:72)
	at com.kms.katalon.core.webui.keyword.WebUiBuiltInKeywords.setText(WebUiBuiltInKeywords.groovy:950)
	at com.kms.katalon.core.webui.keyword.WebUiBuiltInKeywords$setText$2.call(Unknown Source)
	at Share folder with Multiple emails comma separator.run(Share folder with Multiple emails comma separator:45)
	at com.kms.katalon.core.main.ScriptEngine.run(ScriptEngine.java:194)
	at com.kms.katalon.core.main.ScriptEngine.runScriptAsRawText(ScriptEngine.java:119)
	at com.kms.katalon.core.main.TestCaseExecutor.runScript(TestCaseExecutor.java:337)
	at com.kms.katalon.core.main.TestCaseExecutor.doExecute(TestCaseExecutor.java:328)
	at com.kms.katalon.core.main.TestCaseExecutor.processExecutionPhase(TestCaseExecutor.java:307)
	at com.kms.katalon.core.main.TestCaseExecutor.accessMainPhase(TestCaseExecutor.java:299)
	at com.kms.katalon.core.main.TestCaseExecutor.execute(TestCaseExecutor.java:233)
	at com.kms.katalon.core.main.TestSuiteExecutor.accessTestCaseMainPhase(TestSuiteExecutor.java:169)
	at com.kms.katalon.core.main.TestSuiteExecutor.accessTestSuiteMainPhase(TestSuiteExecutor.java:142)
	at com.kms.katalon.core.main.TestSuiteExecutor.execute(TestSuiteExecutor.java:91)
	at com.kms.katalon.core.main.TestCaseMain.startTestSuite(TestCaseMain.java:157)
	at com.kms.katalon.core.main.TestCaseMain$startTestSuite$0.call(Unknown Source)
	at TempTestSuite1595360578386.run(TempTestSuite1595360578386.groovy:36)
Caused by: org.openqa.selenium.ElementNotInteractableException: Element &lt;input class=&quot;pica-taginput-input form-control&quot; type=&quot;email&quot;> could not be scrolled into view
Build info: version: '3.141.59', revision: 'e82be7d358', time: '2018-11-14T08:25:53'
System info: host: 'MacBook-Pro-di-mac.local', ip: 'fe80:0:0:0:1882:e320:6635:2f55%en0', os.name: 'Mac OS X', os.arch: 'x86_64', os.version: '10.15.5', java.version: '1.8.0_181'
Driver info: com.kms.katalon.core.webui.driver.firefox.CGeckoDriver
Capabilities {acceptInsecureCerts: true, browserName: firefox, browserVersion: 76.0.1, javascriptEnabled: true, moz:accessibilityChecks: false, moz:buildID: 20200507114007, moz:geckodriverVersion: 0.23.0, moz:headless: false, moz:processID: 20336, moz:profile: /var/folders/5c/kwwyrlhd2mq..., moz:shutdownTimeout: 60000, moz:useNonSpecCompliantPointerOrigin: false, moz:webdriverClick: true, pageLoadStrategy: normal, platform: MAC, platformName: MAC, platformVersion: 19.5.0, proxy: Proxy(direct), rotatable: false, setWindowRect: true, strictFileInteractability: false, timeouts: {implicit: 0, pageLoad: 300000, script: 30000}, unhandledPromptBehavior: dismiss and notify}
Session ID: 5fbbf26c-9173-8b46-aa6f-2c9caf637f5e
	at org.openqa.selenium.remote.http.W3CHttpResponseCodec.createException(W3CHttpResponseCodec.java:187)
	at org.openqa.selenium.remote.http.W3CHttpResponseCodec.decode(W3CHttpResponseCodec.java:122)
	at org.openqa.selenium.remote.http.W3CHttpResponseCodec.decode(W3CHttpResponseCodec.java:49)
	at org.openqa.selenium.remote.HttpCommandExecutor.execute(HttpCommandExecutor.java:158)
	at org.openqa.selenium.remote.service.DriverCommandExecutor.execute(DriverCommandExecutor.java:83)
	at org.openqa.selenium.remote.RemoteWebDriver.execute(RemoteWebDriver.java:552)
	at com.kms.katalon.selenium.driver.CFirefoxDriver.execute(CFirefoxDriver.java:27)
	at org.openqa.selenium.remote.RemoteWebElement.execute(RemoteWebElement.java:285)
	at org.openqa.selenium.remote.RemoteWebElement.clear(RemoteWebElement.java:124)
	at org.openqa.selenium.support.events.EventFiringWebDriver$EventFiringWebElement.lambda$new$0(EventFiringWebDriver.java:404)
	at com.sun.proxy.$Proxy9.clear(Unknown Source)
	at org.openqa.selenium.support.events.EventFiringWebDriver$EventFiringWebElement.clear(EventFiringWebDriver.java:436)
	at com.kms.katalon.core.webui.keyword.builtin.SetTextKeyword$_setText_closure1.doCall(SetTextKeyword.groovy:53)
	at com.kms.katalon.core.webui.keyword.builtin.SetTextKeyword$_setText_closure1.call(SetTextKeyword.groovy)
	at com.kms.katalon.core.webui.keyword.internal.WebUIKeywordMain.runKeyword(WebUIKeywordMain.groovy:20)
	... 19 more
"/>
         <system-out><![CDATA[2020-07-21 20:47:22 - [TEST_CASE][FAILED] - Test Cases/Share/Share Using enter/Share folder with Multiple emails comma separator: Test Cases/Share/Share Using enter/Share folder with Multiple emails comma separator FAILED.
Reason:
com.kms.katalon.core.exception.StepFailedException: Unable to set text 'a_RtqaxVNHx@a.com,b_RtqaxVNHx@b.com,c_RtqaxVNHx@c.com' of object 'Object Repository/Share/Page_Folders - PowerFolder/input_Invite users and groups or create a l_797df6'
	at com.kms.katalon.core.webui.keyword.internal.WebUIKeywordMain.stepFailed(WebUIKeywordMain.groovy:64)
	at com.kms.katalon.core.webui.keyword.internal.WebUIKeywordMain.runKeyword(WebUIKeywordMain.groovy:26)
	at com.kms.katalon.core.webui.keyword.builtin.SetTextKeyword.setText(SetTextKeyword.groovy:66)
	at com.kms.katalon.core.webui.keyword.builtin.SetTextKeyword.execute(SetTextKeyword.groovy:37)
	at com.kms.katalon.core.keyword.internal.KeywordExecutor.executeKeywordForPlatform(KeywordExecutor.groovy:72)
	at com.kms.katalon.core.webui.keyword.WebUiBuiltInKeywords.setText(WebUiBuiltInKeywords.groovy:950)
	at com.kms.katalon.core.webui.keyword.WebUiBuiltInKeywords$setText$2.call(Unknown Source)
	at Share folder with Multiple emails comma separator.run(Share folder with Multiple emails comma separator:45)
	at com.kms.katalon.core.main.ScriptEngine.run(ScriptEngine.java:194)
	at com.kms.katalon.core.main.ScriptEngine.runScriptAsRawText(ScriptEngine.java:119)
	at com.kms.katalon.core.main.TestCaseExecutor.runScript(TestCaseExecutor.java:337)
	at com.kms.katalon.core.main.TestCaseExecutor.doExecute(TestCaseExecutor.java:328)
	at com.kms.katalon.core.main.TestCaseExecutor.processExecutionPhase(TestCaseExecutor.java:307)
	at com.kms.katalon.core.main.TestCaseExecutor.accessMainPhase(TestCaseExecutor.java:299)
	at com.kms.katalon.core.main.TestCaseExecutor.execute(TestCaseExecutor.java:233)
	at com.kms.katalon.core.main.TestSuiteExecutor.accessTestCaseMainPhase(TestSuiteExecutor.java:169)
	at com.kms.katalon.core.main.TestSuiteExecutor.accessTestSuiteMainPhase(TestSuiteExecutor.java:142)
	at com.kms.katalon.core.main.TestSuiteExecutor.execute(TestSuiteExecutor.java:91)
	at com.kms.katalon.core.main.TestCaseMain.startTestSuite(TestCaseMain.java:157)
	at com.kms.katalon.core.main.TestCaseMain$startTestSuite$0.call(Unknown Source)
	at TempTestSuite1595360578386.run(TempTestSuite1595360578386.groovy:36)
Caused by: org.openqa.selenium.ElementNotInteractableException: Element <input class="pica-taginput-input form-control" type="email"> could not be scrolled into view
Build info: version: '3.141.59', revision: 'e82be7d358', time: '2018-11-14T08:25:53'
System info: host: 'MacBook-Pro-di-mac.local', ip: 'fe80:0:0:0:1882:e320:6635:2f55%en0', os.name: 'Mac OS X', os.arch: 'x86_64', os.version: '10.15.5', java.version: '1.8.0_181'
Driver info: com.kms.katalon.core.webui.driver.firefox.CGeckoDriver
Capabilities {acceptInsecureCerts: true, browserName: firefox, browserVersion: 76.0.1, javascriptEnabled: true, moz:accessibilityChecks: false, moz:buildID: 20200507114007, moz:geckodriverVersion: 0.23.0, moz:headless: false, moz:processID: 20336, moz:profile: /var/folders/5c/kwwyrlhd2mq..., moz:shutdownTimeout: 60000, moz:useNonSpecCompliantPointerOrigin: false, moz:webdriverClick: true, pageLoadStrategy: normal, platform: MAC, platformName: MAC, platformVersion: 19.5.0, proxy: Proxy(direct), rotatable: false, setWindowRect: true, strictFileInteractability: false, timeouts: {implicit: 0, pageLoad: 300000, script: 30000}, unhandledPromptBehavior: dismiss and notify}
Session ID: 5fbbf26c-9173-8b46-aa6f-2c9caf637f5e
	at org.openqa.selenium.remote.http.W3CHttpResponseCodec.createException(W3CHttpResponseCodec.java:187)
	at org.openqa.selenium.remote.http.W3CHttpResponseCodec.decode(W3CHttpResponseCodec.java:122)
	at org.openqa.selenium.remote.http.W3CHttpResponseCodec.decode(W3CHttpResponseCodec.java:49)
	at org.openqa.selenium.remote.HttpCommandExecutor.execute(HttpCommandExecutor.java:158)
	at org.openqa.selenium.remote.service.DriverCommandExecutor.execute(DriverCommandExecutor.java:83)
	at org.openqa.selenium.remote.RemoteWebDriver.execute(RemoteWebDriver.java:552)
	at com.kms.katalon.selenium.driver.CFirefoxDriver.execute(CFirefoxDriver.java:27)
	at org.openqa.selenium.remote.RemoteWebElement.execute(RemoteWebElement.java:285)
	at org.openqa.selenium.remote.RemoteWebElement.clear(RemoteWebElement.java:124)
	at org.openqa.selenium.support.events.EventFiringWebDriver$EventFiringWebElement.lambda$new$0(EventFiringWebDriver.java:404)
	at com.sun.proxy.$Proxy9.clear(Unknown Source)
	at org.openqa.selenium.support.events.EventFiringWebDriver$EventFiringWebElement.clear(EventFiringWebDriver.java:436)
	at com.kms.katalon.core.webui.keyword.builtin.SetTextKeyword$_setText_closure1.doCall(SetTextKeyword.groovy:53)
	at com.kms.katalon.core.webui.keyword.builtin.SetTextKeyword$_setText_closure1.call(SetTextKeyword.groovy)
	at com.kms.katalon.core.webui.keyword.internal.WebUIKeywordMain.runKeyword(WebUIKeywordMain.groovy:20)
	... 19 more


2020-07-21 20:47:23 - [TEST_STEP][PASSED] - callTestCase(findTestCase("Folders/Should Go to Folderstable"), [:], OPTIONAL): Call Test Case 'Test Cases/Folders/Should Go to Folderstable' successfully

2020-07-21 20:47:23 - [TEST_CASE][PASSED] - Test Cases/Folders/Should Go to Folderstable: Test Cases/Folders/Should Go to Folderstable

2020-07-21 20:47:23 - [TEST_STEP][PASSED] - openBrowser(""): Browser is opened with url: ''

2020-07-21 20:47:23 - [MESSAGE][INFO] - Starting 'Firefox' driver

2020-07-21 20:47:25 - [MESSAGE][PASSED] - Browser is opened with url: ''

2020-07-21 20:47:25 - [TEST_STEP][PASSED] - navigateToUrl(URL): Navigate to 'https://lab.powerfolder.net:8666/login' successfully

2020-07-21 20:47:27 - [MESSAGE][PASSED] - Navigate to 'https://lab.powerfolder.net:8666/login' successfully

2020-07-21 20:47:27 - [TEST_STEP][PASSED] - assert getWindowTitle().equals("Login - PowerFolder"): Current window's title is: 'Login - PowerFolder'

2020-07-21 20:47:27 - [MESSAGE][PASSED] - Current window's title is: 'Login - PowerFolder'

2020-07-21 20:47:27 - [TEST_STEP][PASSED] - setText(findTestObject("Object Repository/Login/Page_Login - PowerFolder/input_register new account_Username"), Username): Text 'admin' is set on object 'Object Repository/Login/Page_Login - PowerFolder/input_register new account_Username'

2020-07-21 20:47:27 - [MESSAGE][PASSED] - Text 'admin' is set on object 'Object Repository/Login/Page_Login - PowerFolder/input_register new account_Username'

2020-07-21 20:47:27 - [TEST_STEP][PASSED] - click(findTestObject("Object Repository/Login/Page_Login - PowerFolder/input_register new account_Login")): Object: 'Object Repository/Login/Page_Login - PowerFolder/input_register new account_Login' is clicked on

2020-07-21 20:47:28 - [MESSAGE][PASSED] - Object: 'Object Repository/Login/Page_Login - PowerFolder/input_register new account_Login' is clicked on

2020-07-21 20:47:28 - [TEST_STEP][PASSED] - isPresent = waitForElementVisible(findTestObject("Object Repository/Login/Page_Login - PowerFolder/input_Recover password_Password"), 2): Object 'Object Repository/Login/Page_Login - PowerFolder/input_Recover password_Password' is visible

2020-07-21 20:47:28 - [MESSAGE][PASSED] - Object 'Object Repository/Login/Page_Login - PowerFolder/input_Recover password_Password' is visible

2020-07-21 20:47:28 - [TEST_STEP][PASSED] - assert isPresent: null

2020-07-21 20:47:28 - [TEST_STEP][PASSED] - setText(findTestObject("Object Repository/Login/Page_Login - PowerFolder/input_Recover password_Password"), Password): Text 'password' is set on object 'Object Repository/Login/Page_Login - PowerFolder/input_Recover password_Password'

2020-07-21 20:47:28 - [MESSAGE][PASSED] - Text 'password' is set on object 'Object Repository/Login/Page_Login - PowerFolder/input_Recover password_Password'

2020-07-21 20:47:28 - [TEST_STEP][PASSED] - click(findTestObject("Object Repository/Login/Page_Login - PowerFolder/input_register new account_Login")): Object: 'Object Repository/Login/Page_Login - PowerFolder/input_register new account_Login' is clicked on

2020-07-21 20:47:30 - [MESSAGE][PASSED] - Object: 'Object Repository/Login/Page_Login - PowerFolder/input_register new account_Login' is clicked on

2020-07-21 20:47:30 - [TEST_STEP][PASSED] - assert getWindowTitle().equals("Dashboard - PowerFolder"): Current window's title is: 'Dashboard - PowerFolder'

2020-07-21 20:47:30 - [MESSAGE][PASSED] - Current window's title is: 'Dashboard - PowerFolder'

2020-07-21 20:47:30 - [TEST_STEP][PASSED] - click(findTestObject("Object Repository/Folders/Page_Folders - PowerFolder/lang_Folders")): Object: 'Object Repository/Folders/Page_Folders - PowerFolder/lang_Folders' is clicked on

2020-07-21 20:47:31 - [MESSAGE][PASSED] - Object: 'Object Repository/Folders/Page_Folders - PowerFolder/lang_Folders' is clicked on

2020-07-21 20:47:31 - [TEST_STEP][PASSED] - assert getWindowTitle().equals("Folders - PowerFolder"): Current window's title is: 'Folders - PowerFolder'

2020-07-21 20:47:31 - [MESSAGE][PASSED] - Current window's title is: 'Folders - PowerFolder'

2020-07-21 20:47:31 - [MESSAGE][PASSED] - Call Test Case 'Test Cases/Folders/Should Go to Folderstable' successfully

2020-07-21 20:47:31 - [TEST_STEP][PASSED] - folderName = RandomStringUtils.random(9, true, true): null

2020-07-21 20:47:31 - [TEST_STEP][PASSED] - click(findTestObject("Object Repository/Share/Page_Folders - PowerFolder/span_Paste_pica-glyph glyphicons glyphicons_ca92f0")): Object: 'Object Repository/Share/Page_Folders - PowerFolder/span_Paste_pica-glyph glyphicons glyphicons_ca92f0' is clicked on

2020-07-21 20:47:32 - [MESSAGE][PASSED] - Object: 'Object Repository/Share/Page_Folders - PowerFolder/span_Paste_pica-glyph glyphicons glyphicons_ca92f0' is clicked on

2020-07-21 20:47:32 - [TEST_STEP][PASSED] - click(findTestObject("Object Repository/Share/Page_Folders - PowerFolder/a_Create Folder                            _852e7b")): Object: 'Object Repository/Share/Page_Folders - PowerFolder/a_Create Folder                            _852e7b' is clicked on

2020-07-21 20:47:32 - [MESSAGE][PASSED] - Object: 'Object Repository/Share/Page_Folders - PowerFolder/a_Create Folder                            _852e7b' is clicked on

2020-07-21 20:47:32 - [TEST_STEP][PASSED] - setText(findTestObject("Object Repository/Share/Page_Folders - PowerFolder/input_Create a new Folder_pencil"), folderName): Text 'RtqaxVNHx' is set on object 'Object Repository/Share/Page_Folders - PowerFolder/input_Create a new Folder_pencil'

2020-07-21 20:47:33 - [MESSAGE][PASSED] - Text 'RtqaxVNHx' is set on object 'Object Repository/Share/Page_Folders - PowerFolder/input_Create a new Folder_pencil'

2020-07-21 20:47:33 - [TEST_STEP][PASSED] - sendKeys(findTestObject("Object Repository/Share/Page_Folders - PowerFolder/input_Create a new Folder_pencil"), Keys.chord(ENTER)): Keys 'ENTER + ' sent to object: 'Object Repository/Share/Page_Folders - PowerFolder/input_Create a new Folder_pencil'

2020-07-21 20:47:33 - [MESSAGE][PASSED] - Keys 'ENTER + ' sent to object: 'Object Repository/Share/Page_Folders - PowerFolder/input_Create a new Folder_pencil'

2020-07-21 20:47:33 - [TEST_STEP][PASSED] - btn = findShareButton(folderName): null

2020-07-21 20:47:33 - [TEST_STEP][PASSED] - driver = getWebDriver(): null

2020-07-21 20:47:33 - [TEST_STEP][PASSED] - return driver.findElement(org.openqa.selenium.By.xpath(//table[@id='files_files_table']/tbody/tr/td[2]/a[contains(text(),'$fileName')]/../../td[6]/a)): null

2020-07-21 20:47:34 - [TEST_STEP][PASSED] - executeJavaScript("arguments[0].click()", Arrays.asList(btn)): Execute JavaScript 'arguments[0].click()' successfully

2020-07-21 20:47:34 - [MESSAGE][PASSED] - Execute JavaScript 'arguments[0].click()' successfully

2020-07-21 20:47:34 - [TEST_STEP][PASSED] - mails = a_${ -> ... }@a.com,b_${ -> ... }@b.com,c_${ -> ... }@c.com: null

2020-07-21 20:47:34 - [TEST_STEP][PASSED] - membersCount = getMembersCount(): null

2020-07-21 20:47:34 - [TEST_STEP][PASSED] - driver = getWebDriver(): null

2020-07-21 20:47:34 - [TEST_STEP][PASSED] - tbody = driver.findElement(By.xpath("//table[@id='share_table']/tbody")): null

2020-07-21 20:47:35 - [TEST_STEP][PASSED] - assert tbody: null

2020-07-21 20:47:35 - [TEST_STEP][PASSED] - rows_table = tbody.findElements(By.tagName("tr")): null

2020-07-21 20:47:35 - [TEST_STEP][PASSED] - return rows_table.size(): null

2020-07-21 20:47:35 - [TEST_STEP][FAILED] - setText(findTestObject("Object Repository/Share/Page_Folders - PowerFolder/input_Invite users and groups or create a l_797df6"), mails): Unable to set text 'a_RtqaxVNHx@a.com,b_RtqaxVNHx@b.com,c_RtqaxVNHx@c.com' of object 'Object Repository/Share/Page_Folders - PowerFolder/input_Invite users and groups or create a l_797df6' (Root cause: com.kms.katalon.core.exception.StepFailedException: Unable to set text 'a_RtqaxVNHx@a.com,b_RtqaxVNHx@b.com,c_RtqaxVNHx@c.com' of object 'Object Repository/Share/Page_Folders - PowerFolder/input_Invite users and groups or create a l_797df6'
	at com.kms.katalon.core.webui.keyword.internal.WebUIKeywordMain.stepFailed(WebUIKeywordMain.groovy:64)
	at com.kms.katalon.core.webui.keyword.internal.WebUIKeywordMain.runKeyword(WebUIKeywordMain.groovy:26)
	at com.kms.katalon.core.webui.keyword.builtin.SetTextKeyword.setText(SetTextKeyword.groovy:66)
	at com.kms.katalon.core.webui.keyword.builtin.SetTextKeyword.execute(SetTextKeyword.groovy:37)
	at com.kms.katalon.core.keyword.internal.KeywordExecutor.executeKeywordForPlatform(KeywordExecutor.groovy:72)
	at com.kms.katalon.core.webui.keyword.WebUiBuiltInKeywords.setText(WebUiBuiltInKeywords.groovy:950)
	at com.kms.katalon.core.webui.keyword.WebUiBuiltInKeywords$setText$2.call(Unknown Source)
	at Share folder with Multiple emails comma separator.run(Share folder with Multiple emails comma separator:45)
	at com.kms.katalon.core.main.ScriptEngine.run(ScriptEngine.java:194)
	at com.kms.katalon.core.main.ScriptEngine.runScriptAsRawText(ScriptEngine.java:119)
	at com.kms.katalon.core.main.TestCaseExecutor.runScript(TestCaseExecutor.java:337)
	at com.kms.katalon.core.main.TestCaseExecutor.doExecute(TestCaseExecutor.java:328)
	at com.kms.katalon.core.main.TestCaseExecutor.processExecutionPhase(TestCaseExecutor.java:307)
	at com.kms.katalon.core.main.TestCaseExecutor.accessMainPhase(TestCaseExecutor.java:299)
	at com.kms.katalon.core.main.TestCaseExecutor.execute(TestCaseExecutor.java:233)
	at com.kms.katalon.core.main.TestSuiteExecutor.accessTestCaseMainPhase(TestSuiteExecutor.java:169)
	at com.kms.katalon.core.main.TestSuiteExecutor.accessTestSuiteMainPhase(TestSuiteExecutor.java:142)
	at com.kms.katalon.core.main.TestSuiteExecutor.execute(TestSuiteExecutor.java:91)
	at com.kms.katalon.core.main.TestCaseMain.startTestSuite(TestCaseMain.java:157)
	at com.kms.katalon.core.main.TestCaseMain$startTestSuite$0.call(Unknown Source)
	at TempTestSuite1595360578386.run(TempTestSuite1595360578386.groovy:36)
Caused by: org.openqa.selenium.ElementNotInteractableException: Element <input class="pica-taginput-input form-control" type="email"> could not be scrolled into view
Build info: version: '3.141.59', revision: 'e82be7d358', time: '2018-11-14T08:25:53'
System info: host: 'MacBook-Pro-di-mac.local', ip: 'fe80:0:0:0:1882:e320:6635:2f55%en0', os.name: 'Mac OS X', os.arch: 'x86_64', os.version: '10.15.5', java.version: '1.8.0_181'
Driver info: com.kms.katalon.core.webui.driver.firefox.CGeckoDriver
Capabilities {acceptInsecureCerts: true, browserName: firefox, browserVersion: 76.0.1, javascriptEnabled: true, moz:accessibilityChecks: false, moz:buildID: 20200507114007, moz:geckodriverVersion: 0.23.0, moz:headless: false, moz:processID: 20336, moz:profile: /var/folders/5c/kwwyrlhd2mq..., moz:shutdownTimeout: 60000, moz:useNonSpecCompliantPointerOrigin: false, moz:webdriverClick: true, pageLoadStrategy: normal, platform: MAC, platformName: MAC, platformVersion: 19.5.0, proxy: Proxy(direct), rotatable: false, setWindowRect: true, strictFileInteractability: false, timeouts: {implicit: 0, pageLoad: 300000, script: 30000}, unhandledPromptBehavior: dismiss and notify}
Session ID: 5fbbf26c-9173-8b46-aa6f-2c9caf637f5e
	at org.openqa.selenium.remote.http.W3CHttpResponseCodec.createException(W3CHttpResponseCodec.java:187)
	at org.openqa.selenium.remote.http.W3CHttpResponseCodec.decode(W3CHttpResponseCodec.java:122)
	at org.openqa.selenium.remote.http.W3CHttpResponseCodec.decode(W3CHttpResponseCodec.java:49)
	at org.openqa.selenium.remote.HttpCommandExecutor.execute(HttpCommandExecutor.java:158)
	at org.openqa.selenium.remote.service.DriverCommandExecutor.execute(DriverCommandExecutor.java:83)
	at org.openqa.selenium.remote.RemoteWebDriver.execute(RemoteWebDriver.java:552)
	at com.kms.katalon.selenium.driver.CFirefoxDriver.execute(CFirefoxDriver.java:27)
	at org.openqa.selenium.remote.RemoteWebElement.execute(RemoteWebElement.java:285)
	at org.openqa.selenium.remote.RemoteWebElement.clear(RemoteWebElement.java:124)
	at org.openqa.selenium.support.events.EventFiringWebDriver$EventFiringWebElement.lambda$new$0(EventFiringWebDriver.java:404)
	at com.sun.proxy.$Proxy9.clear(Unknown Source)
	at org.openqa.selenium.support.events.EventFiringWebDriver$EventFiringWebElement.clear(EventFiringWebDriver.java:436)
	at com.kms.katalon.core.webui.keyword.builtin.SetTextKeyword$_setText_closure1.doCall(SetTextKeyword.groovy:53)
	at com.kms.katalon.core.webui.keyword.builtin.SetTextKeyword$_setText_closure1.call(SetTextKeyword.groovy)
	at com.kms.katalon.core.webui.keyword.internal.WebUIKeywordMain.runKeyword(WebUIKeywordMain.groovy:20)
	at com.kms.katalon.core.webui.keyword.builtin.SetTextKeyword.setText(SetTextKeyword.groovy:66)
	at com.kms.katalon.core.webui.keyword.builtin.SetTextKeyword.execute(SetTextKeyword.groovy:37)
	at com.kms.katalon.core.keyword.internal.KeywordExecutor.executeKeywordForPlatform(KeywordExecutor.groovy:72)
	at com.kms.katalon.core.webui.keyword.WebUiBuiltInKeywords.setText(WebUiBuiltInKeywords.groovy:950)
	at com.kms.katalon.core.webui.keyword.WebUiBuiltInKeywords$setText$2.call(Unknown Source)
	at Script1586553274052.run(Script1586553274052.groovy:45)
	... 13 more
)

2020-07-21 20:47:36 - [MESSAGE][FAILED] - Unable to set text 'a_RtqaxVNHx@a.com,b_RtqaxVNHx@b.com,c_RtqaxVNHx@c.com' of object 'Object Repository/Share/Page_Folders - PowerFolder/input_Invite users and groups or create a l_797df6' (Root cause: com.kms.katalon.core.exception.StepFailedException: Unable to set text 'a_RtqaxVNHx@a.com,b_RtqaxVNHx@b.com,c_RtqaxVNHx@c.com' of object 'Object Repository/Share/Page_Folders - PowerFolder/input_Invite users and groups or create a l_797df6'
	at com.kms.katalon.core.webui.keyword.internal.WebUIKeywordMain.stepFailed(WebUIKeywordMain.groovy:64)
	at com.kms.katalon.core.webui.keyword.internal.WebUIKeywordMain.runKeyword(WebUIKeywordMain.groovy:26)
	at com.kms.katalon.core.webui.keyword.builtin.SetTextKeyword.setText(SetTextKeyword.groovy:66)
	at com.kms.katalon.core.webui.keyword.builtin.SetTextKeyword.execute(SetTextKeyword.groovy:37)
	at com.kms.katalon.core.keyword.internal.KeywordExecutor.executeKeywordForPlatform(KeywordExecutor.groovy:72)
	at com.kms.katalon.core.webui.keyword.WebUiBuiltInKeywords.setText(WebUiBuiltInKeywords.groovy:950)
	at com.kms.katalon.core.webui.keyword.WebUiBuiltInKeywords$setText$2.call(Unknown Source)
	at Share folder with Multiple emails comma separator.run(Share folder with Multiple emails comma separator:45)
	at com.kms.katalon.core.main.ScriptEngine.run(ScriptEngine.java:194)
	at com.kms.katalon.core.main.ScriptEngine.runScriptAsRawText(ScriptEngine.java:119)
	at com.kms.katalon.core.main.TestCaseExecutor.runScript(TestCaseExecutor.java:337)
	at com.kms.katalon.core.main.TestCaseExecutor.doExecute(TestCaseExecutor.java:328)
	at com.kms.katalon.core.main.TestCaseExecutor.processExecutionPhase(TestCaseExecutor.java:307)
	at com.kms.katalon.core.main.TestCaseExecutor.accessMainPhase(TestCaseExecutor.java:299)
	at com.kms.katalon.core.main.TestCaseExecutor.execute(TestCaseExecutor.java:233)
	at com.kms.katalon.core.main.TestSuiteExecutor.accessTestCaseMainPhase(TestSuiteExecutor.java:169)
	at com.kms.katalon.core.main.TestSuiteExecutor.accessTestSuiteMainPhase(TestSuiteExecutor.java:142)
	at com.kms.katalon.core.main.TestSuiteExecutor.execute(TestSuiteExecutor.java:91)
	at com.kms.katalon.core.main.TestCaseMain.startTestSuite(TestCaseMain.java:157)
	at com.kms.katalon.core.main.TestCaseMain$startTestSuite$0.call(Unknown Source)
	at TempTestSuite1595360578386.run(TempTestSuite1595360578386.groovy:36)
Caused by: org.openqa.selenium.ElementNotInteractableException: Element <input class="pica-taginput-input form-control" type="email"> could not be scrolled into view
Build info: version: '3.141.59', revision: 'e82be7d358', time: '2018-11-14T08:25:53'
System info: host: 'MacBook-Pro-di-mac.local', ip: 'fe80:0:0:0:1882:e320:6635:2f55%en0', os.name: 'Mac OS X', os.arch: 'x86_64', os.version: '10.15.5', java.version: '1.8.0_181'
Driver info: com.kms.katalon.core.webui.driver.firefox.CGeckoDriver
Capabilities {acceptInsecureCerts: true, browserName: firefox, browserVersion: 76.0.1, javascriptEnabled: true, moz:accessibilityChecks: false, moz:buildID: 20200507114007, moz:geckodriverVersion: 0.23.0, moz:headless: false, moz:processID: 20336, moz:profile: /var/folders/5c/kwwyrlhd2mq..., moz:shutdownTimeout: 60000, moz:useNonSpecCompliantPointerOrigin: false, moz:webdriverClick: true, pageLoadStrategy: normal, platform: MAC, platformName: MAC, platformVersion: 19.5.0, proxy: Proxy(direct), rotatable: false, setWindowRect: true, strictFileInteractability: false, timeouts: {implicit: 0, pageLoad: 300000, script: 30000}, unhandledPromptBehavior: dismiss and notify}
Session ID: 5fbbf26c-9173-8b46-aa6f-2c9caf637f5e
	at org.openqa.selenium.remote.http.W3CHttpResponseCodec.createException(W3CHttpResponseCodec.java:187)
	at org.openqa.selenium.remote.http.W3CHttpResponseCodec.decode(W3CHttpResponseCodec.java:122)
	at org.openqa.selenium.remote.http.W3CHttpResponseCodec.decode(W3CHttpResponseCodec.java:49)
	at org.openqa.selenium.remote.HttpCommandExecutor.execute(HttpCommandExecutor.java:158)
	at org.openqa.selenium.remote.service.DriverCommandExecutor.execute(DriverCommandExecutor.java:83)
	at org.openqa.selenium.remote.RemoteWebDriver.execute(RemoteWebDriver.java:552)
	at com.kms.katalon.selenium.driver.CFirefoxDriver.execute(CFirefoxDriver.java:27)
	at org.openqa.selenium.remote.RemoteWebElement.execute(RemoteWebElement.java:285)
	at org.openqa.selenium.remote.RemoteWebElement.clear(RemoteWebElement.java:124)
	at org.openqa.selenium.support.events.EventFiringWebDriver$EventFiringWebElement.lambda$new$0(EventFiringWebDriver.java:404)
	at com.sun.proxy.$Proxy9.clear(Unknown Source)
	at org.openqa.selenium.support.events.EventFiringWebDriver$EventFiringWebElement.clear(EventFiringWebDriver.java:436)
	at com.kms.katalon.core.webui.keyword.builtin.SetTextKeyword$_setText_closure1.doCall(SetTextKeyword.groovy:53)
	at com.kms.katalon.core.webui.keyword.builtin.SetTextKeyword$_setText_closure1.call(SetTextKeyword.groovy)
	at com.kms.katalon.core.webui.keyword.internal.WebUIKeywordMain.runKeyword(WebUIKeywordMain.groovy:20)
	at com.kms.katalon.core.webui.keyword.builtin.SetTextKeyword.setText(SetTextKeyword.groovy:66)
	at com.kms.katalon.core.webui.keyword.builtin.SetTextKeyword.execute(SetTextKeyword.groovy:37)
	at com.kms.katalon.core.keyword.internal.KeywordExecutor.executeKeywordForPlatform(KeywordExecutor.groovy:72)
	at com.kms.katalon.core.webui.keyword.WebUiBuiltInKeywords.setText(WebUiBuiltInKeywords.groovy:950)
	at com.kms.katalon.core.webui.keyword.WebUiBuiltInKeywords$setText$2.call(Unknown Source)
	at Script1586553274052.run(Script1586553274052.groovy:45)
	... 13 more
)
[[ATTACHMENT|/Users/mac/Documents/PF-WEBTEST/Reports/20200721_204258/Folder Share/20200721_204258/1595360856141.png]]]]></system-out>
         <system-err><![CDATA[2020-07-21 20:47:22 - [TEST_CASE][FAILED] - Test Cases/Share/Share Using enter/Share folder with Multiple emails comma separator: Test Cases/Share/Share Using enter/Share folder with Multiple emails comma separator FAILED.
Reason:
com.kms.katalon.core.exception.StepFailedException: Unable to set text 'a_RtqaxVNHx@a.com,b_RtqaxVNHx@b.com,c_RtqaxVNHx@c.com' of object 'Object Repository/Share/Page_Folders - PowerFolder/input_Invite users and groups or create a l_797df6'
	at com.kms.katalon.core.webui.keyword.internal.WebUIKeywordMain.stepFailed(WebUIKeywordMain.groovy:64)
	at com.kms.katalon.core.webui.keyword.internal.WebUIKeywordMain.runKeyword(WebUIKeywordMain.groovy:26)
	at com.kms.katalon.core.webui.keyword.builtin.SetTextKeyword.setText(SetTextKeyword.groovy:66)
	at com.kms.katalon.core.webui.keyword.builtin.SetTextKeyword.execute(SetTextKeyword.groovy:37)
	at com.kms.katalon.core.keyword.internal.KeywordExecutor.executeKeywordForPlatform(KeywordExecutor.groovy:72)
	at com.kms.katalon.core.webui.keyword.WebUiBuiltInKeywords.setText(WebUiBuiltInKeywords.groovy:950)
	at com.kms.katalon.core.webui.keyword.WebUiBuiltInKeywords$setText$2.call(Unknown Source)
	at Share folder with Multiple emails comma separator.run(Share folder with Multiple emails comma separator:45)
	at com.kms.katalon.core.main.ScriptEngine.run(ScriptEngine.java:194)
	at com.kms.katalon.core.main.ScriptEngine.runScriptAsRawText(ScriptEngine.java:119)
	at com.kms.katalon.core.main.TestCaseExecutor.runScript(TestCaseExecutor.java:337)
	at com.kms.katalon.core.main.TestCaseExecutor.doExecute(TestCaseExecutor.java:328)
	at com.kms.katalon.core.main.TestCaseExecutor.processExecutionPhase(TestCaseExecutor.java:307)
	at com.kms.katalon.core.main.TestCaseExecutor.accessMainPhase(TestCaseExecutor.java:299)
	at com.kms.katalon.core.main.TestCaseExecutor.execute(TestCaseExecutor.java:233)
	at com.kms.katalon.core.main.TestSuiteExecutor.accessTestCaseMainPhase(TestSuiteExecutor.java:169)
	at com.kms.katalon.core.main.TestSuiteExecutor.accessTestSuiteMainPhase(TestSuiteExecutor.java:142)
	at com.kms.katalon.core.main.TestSuiteExecutor.execute(TestSuiteExecutor.java:91)
	at com.kms.katalon.core.main.TestCaseMain.startTestSuite(TestCaseMain.java:157)
	at com.kms.katalon.core.main.TestCaseMain$startTestSuite$0.call(Unknown Source)
	at TempTestSuite1595360578386.run(TempTestSuite1595360578386.groovy:36)
Caused by: org.openqa.selenium.ElementNotInteractableException: Element <input class="pica-taginput-input form-control" type="email"> could not be scrolled into view
Build info: version: '3.141.59', revision: 'e82be7d358', time: '2018-11-14T08:25:53'
System info: host: 'MacBook-Pro-di-mac.local', ip: 'fe80:0:0:0:1882:e320:6635:2f55%en0', os.name: 'Mac OS X', os.arch: 'x86_64', os.version: '10.15.5', java.version: '1.8.0_181'
Driver info: com.kms.katalon.core.webui.driver.firefox.CGeckoDriver
Capabilities {acceptInsecureCerts: true, browserName: firefox, browserVersion: 76.0.1, javascriptEnabled: true, moz:accessibilityChecks: false, moz:buildID: 20200507114007, moz:geckodriverVersion: 0.23.0, moz:headless: false, moz:processID: 20336, moz:profile: /var/folders/5c/kwwyrlhd2mq..., moz:shutdownTimeout: 60000, moz:useNonSpecCompliantPointerOrigin: false, moz:webdriverClick: true, pageLoadStrategy: normal, platform: MAC, platformName: MAC, platformVersion: 19.5.0, proxy: Proxy(direct), rotatable: false, setWindowRect: true, strictFileInteractability: false, timeouts: {implicit: 0, pageLoad: 300000, script: 30000}, unhandledPromptBehavior: dismiss and notify}
Session ID: 5fbbf26c-9173-8b46-aa6f-2c9caf637f5e
	at org.openqa.selenium.remote.http.W3CHttpResponseCodec.createException(W3CHttpResponseCodec.java:187)
	at org.openqa.selenium.remote.http.W3CHttpResponseCodec.decode(W3CHttpResponseCodec.java:122)
	at org.openqa.selenium.remote.http.W3CHttpResponseCodec.decode(W3CHttpResponseCodec.java:49)
	at org.openqa.selenium.remote.HttpCommandExecutor.execute(HttpCommandExecutor.java:158)
	at org.openqa.selenium.remote.service.DriverCommandExecutor.execute(DriverCommandExecutor.java:83)
	at org.openqa.selenium.remote.RemoteWebDriver.execute(RemoteWebDriver.java:552)
	at com.kms.katalon.selenium.driver.CFirefoxDriver.execute(CFirefoxDriver.java:27)
	at org.openqa.selenium.remote.RemoteWebElement.execute(RemoteWebElement.java:285)
	at org.openqa.selenium.remote.RemoteWebElement.clear(RemoteWebElement.java:124)
	at org.openqa.selenium.support.events.EventFiringWebDriver$EventFiringWebElement.lambda$new$0(EventFiringWebDriver.java:404)
	at com.sun.proxy.$Proxy9.clear(Unknown Source)
	at org.openqa.selenium.support.events.EventFiringWebDriver$EventFiringWebElement.clear(EventFiringWebDriver.java:436)
	at com.kms.katalon.core.webui.keyword.builtin.SetTextKeyword$_setText_closure1.doCall(SetTextKeyword.groovy:53)
	at com.kms.katalon.core.webui.keyword.builtin.SetTextKeyword$_setText_closure1.call(SetTextKeyword.groovy)
	at com.kms.katalon.core.webui.keyword.internal.WebUIKeywordMain.runKeyword(WebUIKeywordMain.groovy:20)
	... 19 more]]></system-err>
      </testcase>
      <testcase name="Test Cases/Share/Share Using enter/Share folder with Multiple emails multiple separators" time="17.729" classname="Test Cases/Share/Share Using enter/Share folder with Multiple emails multiple separators" status="PASSED">
         <system-out><![CDATA[2020-07-21 20:47:36 - [TEST_CASE][PASSED] - Test Cases/Share/Share Using enter/Share folder with Multiple emails multiple separators: Test Cases/Share/Share Using enter/Share folder with Multiple emails multiple separators

2020-07-21 20:47:36 - [TEST_STEP][PASSED] - callTestCase(findTestCase("Folders/Should Go to Folderstable"), [:], OPTIONAL): Call Test Case 'Test Cases/Folders/Should Go to Folderstable' successfully

2020-07-21 20:47:36 - [TEST_CASE][PASSED] - Test Cases/Folders/Should Go to Folderstable: Test Cases/Folders/Should Go to Folderstable

2020-07-21 20:47:36 - [TEST_STEP][PASSED] - openBrowser(""): Browser is opened with url: ''

2020-07-21 20:47:36 - [MESSAGE][WARNING] - A browser is already opened. Closing browser and opening a new one

2020-07-21 20:47:38 - [MESSAGE][INFO] - Starting 'Firefox' driver

2020-07-21 20:47:40 - [MESSAGE][PASSED] - Browser is opened with url: ''

2020-07-21 20:47:40 - [TEST_STEP][PASSED] - navigateToUrl(URL): Navigate to 'https://lab.powerfolder.net:8666/login' successfully

2020-07-21 20:47:42 - [MESSAGE][PASSED] - Navigate to 'https://lab.powerfolder.net:8666/login' successfully

2020-07-21 20:47:42 - [TEST_STEP][PASSED] - assert getWindowTitle().equals("Login - PowerFolder"): Current window's title is: 'Login - PowerFolder'

2020-07-21 20:47:42 - [MESSAGE][PASSED] - Current window's title is: 'Login - PowerFolder'

2020-07-21 20:47:42 - [TEST_STEP][PASSED] - setText(findTestObject("Object Repository/Login/Page_Login - PowerFolder/input_register new account_Username"), Username): Text 'admin' is set on object 'Object Repository/Login/Page_Login - PowerFolder/input_register new account_Username'

2020-07-21 20:47:42 - [MESSAGE][PASSED] - Text 'admin' is set on object 'Object Repository/Login/Page_Login - PowerFolder/input_register new account_Username'

2020-07-21 20:47:42 - [TEST_STEP][PASSED] - click(findTestObject("Object Repository/Login/Page_Login - PowerFolder/input_register new account_Login")): Object: 'Object Repository/Login/Page_Login - PowerFolder/input_register new account_Login' is clicked on

2020-07-21 20:47:43 - [MESSAGE][PASSED] - Object: 'Object Repository/Login/Page_Login - PowerFolder/input_register new account_Login' is clicked on

2020-07-21 20:47:43 - [TEST_STEP][PASSED] - isPresent = waitForElementVisible(findTestObject("Object Repository/Login/Page_Login - PowerFolder/input_Recover password_Password"), 2): Object 'Object Repository/Login/Page_Login - PowerFolder/input_Recover password_Password' is visible

2020-07-21 20:47:43 - [MESSAGE][PASSED] - Object 'Object Repository/Login/Page_Login - PowerFolder/input_Recover password_Password' is visible

2020-07-21 20:47:43 - [TEST_STEP][PASSED] - assert isPresent: null

2020-07-21 20:47:43 - [TEST_STEP][PASSED] - setText(findTestObject("Object Repository/Login/Page_Login - PowerFolder/input_Recover password_Password"), Password): Text 'password' is set on object 'Object Repository/Login/Page_Login - PowerFolder/input_Recover password_Password'

2020-07-21 20:47:43 - [MESSAGE][PASSED] - Text 'password' is set on object 'Object Repository/Login/Page_Login - PowerFolder/input_Recover password_Password'

2020-07-21 20:47:43 - [TEST_STEP][PASSED] - click(findTestObject("Object Repository/Login/Page_Login - PowerFolder/input_register new account_Login")): Object: 'Object Repository/Login/Page_Login - PowerFolder/input_register new account_Login' is clicked on

2020-07-21 20:47:44 - [MESSAGE][PASSED] - Object: 'Object Repository/Login/Page_Login - PowerFolder/input_register new account_Login' is clicked on

2020-07-21 20:47:44 - [TEST_STEP][PASSED] - assert getWindowTitle().equals("Dashboard - PowerFolder"): Current window's title is: 'Dashboard - PowerFolder'

2020-07-21 20:47:44 - [MESSAGE][PASSED] - Current window's title is: 'Dashboard - PowerFolder'

2020-07-21 20:47:44 - [TEST_STEP][PASSED] - click(findTestObject("Object Repository/Folders/Page_Folders - PowerFolder/lang_Folders")): Object: 'Object Repository/Folders/Page_Folders - PowerFolder/lang_Folders' is clicked on

2020-07-21 20:47:45 - [MESSAGE][PASSED] - Object: 'Object Repository/Folders/Page_Folders - PowerFolder/lang_Folders' is clicked on

2020-07-21 20:47:45 - [TEST_STEP][PASSED] - assert getWindowTitle().equals("Folders - PowerFolder"): Current window's title is: 'Folders - PowerFolder'

2020-07-21 20:47:45 - [MESSAGE][PASSED] - Current window's title is: 'Folders - PowerFolder'

2020-07-21 20:47:45 - [MESSAGE][PASSED] - Call Test Case 'Test Cases/Folders/Should Go to Folderstable' successfully

2020-07-21 20:47:45 - [TEST_STEP][PASSED] - folderName = RandomStringUtils.random(9, true, true): null

2020-07-21 20:47:45 - [TEST_STEP][PASSED] - click(findTestObject("Object Repository/Share/Page_Folders - PowerFolder/span_Paste_pica-glyph glyphicons glyphicons_ca92f0")): Object: 'Object Repository/Share/Page_Folders - PowerFolder/span_Paste_pica-glyph glyphicons glyphicons_ca92f0' is clicked on

2020-07-21 20:47:47 - [MESSAGE][PASSED] - Object: 'Object Repository/Share/Page_Folders - PowerFolder/span_Paste_pica-glyph glyphicons glyphicons_ca92f0' is clicked on

2020-07-21 20:47:47 - [TEST_STEP][PASSED] - click(findTestObject("Object Repository/Share/Page_Folders - PowerFolder/a_Create Folder                            _852e7b")): Object: 'Object Repository/Share/Page_Folders - PowerFolder/a_Create Folder                            _852e7b' is clicked on

2020-07-21 20:47:47 - [MESSAGE][PASSED] - Object: 'Object Repository/Share/Page_Folders - PowerFolder/a_Create Folder                            _852e7b' is clicked on

2020-07-21 20:47:47 - [TEST_STEP][PASSED] - setText(findTestObject("Object Repository/Share/Page_Folders - PowerFolder/input_Create a new Folder_pencil"), folderName): Text 'ZMC2tgvs1' is set on object 'Object Repository/Share/Page_Folders - PowerFolder/input_Create a new Folder_pencil'

2020-07-21 20:47:48 - [MESSAGE][PASSED] - Text 'ZMC2tgvs1' is set on object 'Object Repository/Share/Page_Folders - PowerFolder/input_Create a new Folder_pencil'

2020-07-21 20:47:48 - [TEST_STEP][PASSED] - sendKeys(findTestObject("Object Repository/Share/Page_Folders - PowerFolder/input_Create a new Folder_pencil"), Keys.chord(ENTER)): Keys 'ENTER + ' sent to object: 'Object Repository/Share/Page_Folders - PowerFolder/input_Create a new Folder_pencil'

2020-07-21 20:47:48 - [MESSAGE][PASSED] - Keys 'ENTER + ' sent to object: 'Object Repository/Share/Page_Folders - PowerFolder/input_Create a new Folder_pencil'

2020-07-21 20:47:48 - [TEST_STEP][PASSED] - btn = findShareButton(folderName): null

2020-07-21 20:47:48 - [TEST_STEP][PASSED] - driver = getWebDriver(): null

2020-07-21 20:47:48 - [TEST_STEP][PASSED] - return driver.findElement(org.openqa.selenium.By.xpath(//table[@id='files_files_table']/tbody/tr/td[2]/a[contains(text(),'$fileName')]/../../td[6]/a)): null

2020-07-21 20:47:49 - [TEST_STEP][PASSED] - executeJavaScript("arguments[0].click()", Arrays.asList(btn)): Execute JavaScript 'arguments[0].click()' successfully

2020-07-21 20:47:49 - [MESSAGE][PASSED] - Execute JavaScript 'arguments[0].click()' successfully

2020-07-21 20:47:49 - [TEST_STEP][PASSED] - mails = a_${ -> ... }@a.com;b_${ -> ... }@b.com:c_${ -> ... }@c.com,d_${ -> ... }@d.com: null

2020-07-21 20:47:49 - [TEST_STEP][PASSED] - membersCount = getMembersCount(): null

2020-07-21 20:47:49 - [TEST_STEP][PASSED] - driver = getWebDriver(): null

2020-07-21 20:47:49 - [TEST_STEP][PASSED] - tbody = driver.findElement(By.xpath("//table[@id='share_table']/tbody")): null

2020-07-21 20:47:50 - [TEST_STEP][PASSED] - assert tbody: null

2020-07-21 20:47:50 - [TEST_STEP][PASSED] - rows_table = tbody.findElements(By.tagName("tr")): null

2020-07-21 20:47:50 - [TEST_STEP][PASSED] - return rows_table.size(): null

2020-07-21 20:47:50 - [TEST_STEP][PASSED] - setText(findTestObject("Object Repository/Share/Page_Folders - PowerFolder/input_Invite users and groups or create a l_797df6"), mails): Text 'a_ZMC2tgvs1@a.com;b_ZMC2tgvs1@b.com:c_ZMC2tgvs1@c.com,d_ZMC2tgvs1@d.com' is set on object 'Object Repository/Share/Page_Folders - PowerFolder/input_Invite users and groups or create a l_797df6'

2020-07-21 20:47:50 - [MESSAGE][PASSED] - Text 'a_ZMC2tgvs1@a.com;b_ZMC2tgvs1@b.com:c_ZMC2tgvs1@c.com,d_ZMC2tgvs1@d.com' is set on object 'Object Repository/Share/Page_Folders - PowerFolder/input_Invite users and groups or create a l_797df6'

2020-07-21 20:47:50 - [TEST_STEP][PASSED] - sendKeys(findTestObject("Object Repository/Share/Page_Folders - PowerFolder/input_Invite users and groups or create a l_797df6"), Keys.chord(ENTER)): Keys 'ENTER + ' sent to object: 'Object Repository/Share/Page_Folders - PowerFolder/input_Invite users and groups or create a l_797df6'

2020-07-21 20:47:50 - [MESSAGE][PASSED] - Keys 'ENTER + ' sent to object: 'Object Repository/Share/Page_Folders - PowerFolder/input_Invite users and groups or create a l_797df6'

2020-07-21 20:47:50 - [TEST_STEP][PASSED] - assert membersCount + 4 == getMembersCount(): null

2020-07-21 20:47:50 - [TEST_STEP][PASSED] - driver = getWebDriver(): null

2020-07-21 20:47:50 - [TEST_STEP][PASSED] - tbody = driver.findElement(By.xpath("//table[@id='share_table']/tbody")): null

2020-07-21 20:47:52 - [TEST_STEP][PASSED] - assert tbody: null

2020-07-21 20:47:52 - [TEST_STEP][PASSED] - rows_table = tbody.findElements(By.tagName("tr")): null

2020-07-21 20:47:52 - [TEST_STEP][PASSED] - return rows_table.size(): null

2020-07-21 20:47:52 - [TEST_STEP][PASSED] - closeBrowser(): Browser is closed

2020-07-21 20:47:54 - [MESSAGE][PASSED] - Browser is closed]]></system-out>
         <system-err><![CDATA[]]></system-err>
      </testcase>
      <system-out><![CDATA[2020-07-21 20:43:00 - [TEST_SUITE][FAILED] - Folder Share: Test Cases/Share/Share Using plus button/Share folder with Multiple emails semi colon FAILED.
Reason:
Assertion failed: 

assert membersCount+3 == getMembersCount()
       |           |  |  |
       1           4  |  1
                      false

	at Share folder with Multiple emails semi colon.run(Share folder with Multiple emails semi colon:50)
	at com.kms.katalon.core.main.ScriptEngine.run(ScriptEngine.java:194)
	at com.kms.katalon.core.main.ScriptEngine.runScriptAsRawText(ScriptEngine.java:119)
	at com.kms.katalon.core.main.TestCaseExecutor.runScript(TestCaseExecutor.java:337)
	at com.kms.katalon.core.main.TestCaseExecutor.doExecute(TestCaseExecutor.java:328)
	at com.kms.katalon.core.main.TestCaseExecutor.processExecutionPhase(TestCaseExecutor.java:307)
	at com.kms.katalon.core.main.TestCaseExecutor.accessMainPhase(TestCaseExecutor.java:299)
	at com.kms.katalon.core.main.TestCaseExecutor.execute(TestCaseExecutor.java:233)
	at com.kms.katalon.core.main.TestSuiteExecutor.accessTestCaseMainPhase(TestSuiteExecutor.java:169)
	at com.kms.katalon.core.main.TestSuiteExecutor.accessTestSuiteMainPhase(TestSuiteExecutor.java:142)
	at com.kms.katalon.core.main.TestSuiteExecutor.execute(TestSuiteExecutor.java:91)
	at com.kms.katalon.core.main.TestCaseMain.startTestSuite(TestCaseMain.java:157)
	at com.kms.katalon.core.main.TestCaseMain$startTestSuite$0.call(Unknown Source)
	at TempTestSuite1595360578386.run(TempTestSuite1595360578386.groovy:36)]]></system-out>
      <system-err><![CDATA[2020-07-21 20:43:00 - [TEST_SUITE][FAILED] - Folder Share: Test Cases/Share/Share Using plus button/Share folder with Multiple emails semi colon FAILED.
Reason:
Assertion failed: 

assert membersCount+3 == getMembersCount()
       |           |  |  |
       1           4  |  1
                      false

	at Share folder with Multiple emails semi colon.run(Share folder with Multiple emails semi colon:50)
	at com.kms.katalon.core.main.ScriptEngine.run(ScriptEngine.java:194)
	at com.kms.katalon.core.main.ScriptEngine.runScriptAsRawText(ScriptEngine.java:119)
	at com.kms.katalon.core.main.TestCaseExecutor.runScript(TestCaseExecutor.java:337)
	at com.kms.katalon.core.main.TestCaseExecutor.doExecute(TestCaseExecutor.java:328)
	at com.kms.katalon.core.main.TestCaseExecutor.processExecutionPhase(TestCaseExecutor.java:307)
	at com.kms.katalon.core.main.TestCaseExecutor.accessMainPhase(TestCaseExecutor.java:299)
	at com.kms.katalon.core.main.TestCaseExecutor.execute(TestCaseExecutor.java:233)
	at com.kms.katalon.core.main.TestSuiteExecutor.accessTestCaseMainPhase(TestSuiteExecutor.java:169)
	at com.kms.katalon.core.main.TestSuiteExecutor.accessTestSuiteMainPhase(TestSuiteExecutor.java:142)
	at com.kms.katalon.core.main.TestSuiteExecutor.execute(TestSuiteExecutor.java:91)
	at com.kms.katalon.core.main.TestCaseMain.startTestSuite(TestCaseMain.java:157)
	at com.kms.katalon.core.main.TestCaseMain$startTestSuite$0.call(Unknown Source)
	at TempTestSuite1595360578386.run(TempTestSuite1595360578386.groovy:36)]]></system-err>
   </testsuite>
</testsuites>
