<?xml version="1.0" encoding="UTF-8"?>
<testsuites name="Folder Share" time="97.98" tests="2" failures="0" errors="0">
   <testsuite name="Folder Share" tests="2" failures="0" errors="0" time="97.98" timestamp="2020-04-10 23:00:33" hostname="mac - localhost" id="Test Suites/Folder Share">
      <properties>
         <property name="deviceName" value=""/>
         <property name="devicePlatform" value=""/>
         <property name="logFolder" value="/Users/mac/Documents/PF-WEBTEST/Reports/20200410_230031/Folder Share/20200410_230031"/>
         <property name="logFiles" value="/Users/mac/Documents/PF-WEBTEST/Reports/20200410_230031/Folder Share/20200410_230031/execution0.log"/>
         <property name="attachments" value=""/>
         <property name="hostName" value="mac - localhost"/>
         <property name="os" value="Mac OS X 64bit"/>
         <property name="katalonVersion" value="7.2.1.1"/>
         <property name="browser" value="Chrome 80.0.3987.163"/>
         <property name="hostAddress" value="127.0.0.1"/>
         <property name="sessionId" value="2b1ff4ef9ba288353d9519b51ad2537b"/>
         <property name="seleniumVersion" value="3.141.59"/>
         <property name="proxyInformation" value="ProxyInformation{proxyOption=NO_PROXY, proxyServerType=HTTP, password=, proxyServerAddress=, proxyServerPort=0, executionList=}"/>
         <property name="platform" value="Mac OS X"/>
      </properties>
      <testcase name="Test Cases/Share/Share folder with Multiple emails comma separator" time="78.516" classname="Test Cases/Share/Share folder with Multiple emails comma separator" status="PASSED">
         <system-out><![CDATA[2020-04-10 23:00:33 - [TEST_CASE][PASSED] - Test Cases/Share/Share folder with Multiple emails comma separator: Test Cases/Share/Share folder with Multiple emails comma separator

2020-04-10 23:00:34 - [TEST_STEP][PASSED] - openBrowser(""): Browser is opened with url: ''

2020-04-10 23:00:34 - [MESSAGE][INFO] - Starting 'Chrome' driver

2020-04-10 23:00:34 - [MESSAGE][INFO] - Action delay is set to 0 seconds

2020-04-10 23:00:36 - [MESSAGE][PASSED] - Browser is opened with url: ''

2020-04-10 23:00:36 - [TEST_STEP][PASSED] - navigateToUrl("https://lab.powerfolder.net:8666/login"): Navigate to 'https://lab.powerfolder.net:8666/login' successfully

2020-04-10 23:01:36 - [MESSAGE][PASSED] - Navigate to 'https://lab.powerfolder.net:8666/login' successfully

2020-04-10 23:01:36 - [TEST_STEP][PASSED] - assert getWindowTitle().equals("Login - PowerFolder"): Current window's title is: 'Login - PowerFolder'

2020-04-10 23:01:36 - [MESSAGE][PASSED] - Current window's title is: 'Login - PowerFolder'

2020-04-10 23:01:36 - [TEST_STEP][PASSED] - setText(findTestObject("Object Repository/Login/Page_Login - PowerFolder/input_register new account_Username"), "admin"): Text 'admin' is set on object 'Object Repository/Login/Page_Login - PowerFolder/input_register new account_Username'

2020-04-10 23:01:37 - [MESSAGE][PASSED] - Text 'admin' is set on object 'Object Repository/Login/Page_Login - PowerFolder/input_register new account_Username'

2020-04-10 23:01:37 - [TEST_STEP][PASSED] - click(findTestObject("Object Repository/Login/Page_Login - PowerFolder/input_register new account_Login")): Object: 'Object Repository/Login/Page_Login - PowerFolder/input_register new account_Login' is clicked on

2020-04-10 23:01:37 - [MESSAGE][PASSED] - Object: 'Object Repository/Login/Page_Login - PowerFolder/input_register new account_Login' is clicked on

2020-04-10 23:01:37 - [TEST_STEP][PASSED] - isPresent = waitForElementVisible(findTestObject("Object Repository/Login/Page_Login - PowerFolder/input_Recover password_Password"), 2): Object 'Object Repository/Login/Page_Login - PowerFolder/input_Recover password_Password' is visible

2020-04-10 23:01:38 - [MESSAGE][PASSED] - Object 'Object Repository/Login/Page_Login - PowerFolder/input_Recover password_Password' is visible

2020-04-10 23:01:38 - [TEST_STEP][PASSED] - assert isPresent: null

2020-04-10 23:01:38 - [TEST_STEP][PASSED] - setEncryptedText(findTestObject("Object Repository/Login/Page_Login - PowerFolder/input_Recover password_Password"), "8SQVv/p9jVScEs4/2CZsLw=="): Text ****** has been set on object 'Object Repository/Login/Page_Login - PowerFolder/input_Recover password_Password'

2020-04-10 23:01:38 - [MESSAGE][PASSED] - Text ****** has been set on object 'Object Repository/Login/Page_Login - PowerFolder/input_Recover password_Password'

2020-04-10 23:01:38 - [TEST_STEP][PASSED] - click(findTestObject("Object Repository/Login/Page_Login - PowerFolder/input_register new account_Login")): Object: 'Object Repository/Login/Page_Login - PowerFolder/input_register new account_Login' is clicked on

2020-04-10 23:01:43 - [MESSAGE][PASSED] - Object: 'Object Repository/Login/Page_Login - PowerFolder/input_register new account_Login' is clicked on

2020-04-10 23:01:43 - [TEST_STEP][PASSED] - assert getWindowTitle().equals("Dashboard - PowerFolder"): Current window's title is: 'Dashboard - PowerFolder'

2020-04-10 23:01:43 - [MESSAGE][PASSED] - Current window's title is: 'Dashboard - PowerFolder'

2020-04-10 23:01:43 - [TEST_STEP][PASSED] - navigateToUrl("https://lab.powerfolder.net:8666/folderstable"): Navigate to 'https://lab.powerfolder.net:8666/folderstable' successfully

2020-04-10 23:01:44 - [MESSAGE][PASSED] - Navigate to 'https://lab.powerfolder.net:8666/folderstable' successfully

2020-04-10 23:01:44 - [TEST_STEP][PASSED] - folderName = RandomStringUtils.random(9, true, true): null

2020-04-10 23:01:44 - [TEST_STEP][PASSED] - click(findTestObject("Object Repository/Share/Page_Folders - PowerFolder/span_Paste_pica-glyph glyphicons glyphicons_ca92f0")): Object: 'Object Repository/Share/Page_Folders - PowerFolder/span_Paste_pica-glyph glyphicons glyphicons_ca92f0' is clicked on

2020-04-10 23:01:45 - [MESSAGE][PASSED] - Object: 'Object Repository/Share/Page_Folders - PowerFolder/span_Paste_pica-glyph glyphicons glyphicons_ca92f0' is clicked on

2020-04-10 23:01:45 - [TEST_STEP][PASSED] - click(findTestObject("Object Repository/Share/Page_Folders - PowerFolder/a_Create Folder                            _852e7b")): Object: 'Object Repository/Share/Page_Folders - PowerFolder/a_Create Folder                            _852e7b' is clicked on

2020-04-10 23:01:46 - [MESSAGE][PASSED] - Object: 'Object Repository/Share/Page_Folders - PowerFolder/a_Create Folder                            _852e7b' is clicked on

2020-04-10 23:01:46 - [TEST_STEP][PASSED] - setText(findTestObject("Object Repository/Share/Page_Folders - PowerFolder/input_Create a new Folder_pencil"), folderName): Text 'anNWqmweZ' is set on object 'Object Repository/Share/Page_Folders - PowerFolder/input_Create a new Folder_pencil'

2020-04-10 23:01:47 - [MESSAGE][PASSED] - Text 'anNWqmweZ' is set on object 'Object Repository/Share/Page_Folders - PowerFolder/input_Create a new Folder_pencil'

2020-04-10 23:01:47 - [TEST_STEP][PASSED] - sendKeys(findTestObject("Object Repository/Share/Page_Folders - PowerFolder/input_Create a new Folder_pencil"), Keys.chord(ENTER)): Keys 'ENTER + ' sent to object: 'Object Repository/Share/Page_Folders - PowerFolder/input_Create a new Folder_pencil'

2020-04-10 23:01:47 - [MESSAGE][PASSED] - Keys 'ENTER + ' sent to object: 'Object Repository/Share/Page_Folders - PowerFolder/input_Create a new Folder_pencil'

2020-04-10 23:01:47 - [TEST_STEP][PASSED] - btn = findShareButton(folderName): null

2020-04-10 23:01:47 - [TEST_STEP][PASSED] - driver = getWebDriver(): null

2020-04-10 23:01:47 - [TEST_STEP][PASSED] - return driver.findElement(org.openqa.selenium.By.xpath(//table[@id='files_files_table']/tbody/tr/td[2]/a[contains(text(),'$fileName')]/../../td[6]/a)): null

2020-04-10 23:01:48 - [TEST_STEP][PASSED] - executeJavaScript("arguments[0].click()", Arrays.asList(btn)): Execute JavaScript 'arguments[0].click()' successfully

2020-04-10 23:01:48 - [MESSAGE][PASSED] - Execute JavaScript 'arguments[0].click()' successfully

2020-04-10 23:01:48 - [TEST_STEP][PASSED] - mails = "a@a.com,b@b.com,c@c.com": null

2020-04-10 23:01:48 - [TEST_STEP][PASSED] - membersCount = getMembersCount(): null

2020-04-10 23:01:48 - [TEST_STEP][PASSED] - driver = getWebDriver(): null

2020-04-10 23:01:48 - [TEST_STEP][PASSED] - tbody = driver.findElement(By.xpath("//table[@id='share_table']/tbody")): null

2020-04-10 23:01:49 - [TEST_STEP][PASSED] - assert tbody: null

2020-04-10 23:01:49 - [TEST_STEP][PASSED] - rows_table = tbody.findElements(By.tagName("tr")): null

2020-04-10 23:01:50 - [TEST_STEP][PASSED] - return rows_table.size(): null

2020-04-10 23:01:50 - [TEST_STEP][PASSED] - setText(findTestObject("Object Repository/Share/Page_Folders - PowerFolder/input_Invite users and groups or create a l_797df6"), mails): Text 'a@a.com,b@b.com,c@c.com' is set on object 'Object Repository/Share/Page_Folders - PowerFolder/input_Invite users and groups or create a l_797df6'

2020-04-10 23:01:50 - [MESSAGE][PASSED] - Text 'a@a.com,b@b.com,c@c.com' is set on object 'Object Repository/Share/Page_Folders - PowerFolder/input_Invite users and groups or create a l_797df6'

2020-04-10 23:01:50 - [TEST_STEP][PASSED] - sendKeys(findTestObject("Object Repository/Share/Page_Folders - PowerFolder/input_Invite users and groups or create a l_797df6"), Keys.chord(ENTER)): Keys 'ENTER + ' sent to object: 'Object Repository/Share/Page_Folders - PowerFolder/input_Invite users and groups or create a l_797df6'

2020-04-10 23:01:51 - [MESSAGE][PASSED] - Keys 'ENTER + ' sent to object: 'Object Repository/Share/Page_Folders - PowerFolder/input_Invite users and groups or create a l_797df6'

2020-04-10 23:01:51 - [TEST_STEP][PASSED] - assert membersCount + 3 == getMembersCount(): null

2020-04-10 23:01:51 - [TEST_STEP][PASSED] - driver = getWebDriver(): null

2020-04-10 23:01:51 - [TEST_STEP][PASSED] - tbody = driver.findElement(By.xpath("//table[@id='share_table']/tbody")): null

2020-04-10 23:01:51 - [TEST_STEP][PASSED] - assert tbody: null

2020-04-10 23:01:51 - [TEST_STEP][PASSED] - rows_table = tbody.findElements(By.tagName("tr")): null

2020-04-10 23:01:52 - [TEST_STEP][PASSED] - return rows_table.size(): null

2020-04-10 23:01:52 - [TEST_STEP][PASSED] - closeBrowser(): Browser is closed

2020-04-10 23:01:52 - [MESSAGE][PASSED] - Browser is closed]]></system-out>
         <system-err><![CDATA[]]></system-err>
      </testcase>
      <testcase name="Test Cases/Share/Share Folder With one email adress" time="19.253" classname="Test Cases/Share/Share Folder With one email adress" status="PASSED">
         <system-out><![CDATA[2020-04-10 23:01:52 - [TEST_CASE][PASSED] - Test Cases/Share/Share Folder With one email adress: Test Cases/Share/Share Folder With one email adress

2020-04-10 23:01:52 - [TEST_STEP][PASSED] - openBrowser(""): Browser is opened with url: ''

2020-04-10 23:01:52 - [MESSAGE][INFO] - Starting 'Chrome' driver

2020-04-10 23:01:53 - [MESSAGE][PASSED] - Browser is opened with url: ''

2020-04-10 23:01:53 - [TEST_STEP][PASSED] - navigateToUrl("https://lab.powerfolder.net:8666/login"): Navigate to 'https://lab.powerfolder.net:8666/login' successfully

2020-04-10 23:01:58 - [MESSAGE][PASSED] - Navigate to 'https://lab.powerfolder.net:8666/login' successfully

2020-04-10 23:01:58 - [TEST_STEP][PASSED] - assert getWindowTitle().equals("Login - PowerFolder"): Current window's title is: 'Login - PowerFolder'

2020-04-10 23:01:58 - [MESSAGE][PASSED] - Current window's title is: 'Login - PowerFolder'

2020-04-10 23:01:58 - [TEST_STEP][PASSED] - setText(findTestObject("Object Repository/Login/Page_Login - PowerFolder/input_register new account_Username"), "admin"): Text 'admin' is set on object 'Object Repository/Login/Page_Login - PowerFolder/input_register new account_Username'

2020-04-10 23:01:59 - [MESSAGE][PASSED] - Text 'admin' is set on object 'Object Repository/Login/Page_Login - PowerFolder/input_register new account_Username'

2020-04-10 23:01:59 - [TEST_STEP][PASSED] - click(findTestObject("Object Repository/Login/Page_Login - PowerFolder/input_register new account_Login")): Object: 'Object Repository/Login/Page_Login - PowerFolder/input_register new account_Login' is clicked on

2020-04-10 23:01:59 - [MESSAGE][PASSED] - Object: 'Object Repository/Login/Page_Login - PowerFolder/input_register new account_Login' is clicked on

2020-04-10 23:01:59 - [TEST_STEP][PASSED] - isPresent = waitForElementVisible(findTestObject("Object Repository/Login/Page_Login - PowerFolder/input_Recover password_Password"), 2): Object 'Object Repository/Login/Page_Login - PowerFolder/input_Recover password_Password' is visible

2020-04-10 23:02:00 - [MESSAGE][PASSED] - Object 'Object Repository/Login/Page_Login - PowerFolder/input_Recover password_Password' is visible

2020-04-10 23:02:00 - [TEST_STEP][PASSED] - assert isPresent: null

2020-04-10 23:02:00 - [TEST_STEP][PASSED] - setEncryptedText(findTestObject("Object Repository/Login/Page_Login - PowerFolder/input_Recover password_Password"), "8SQVv/p9jVScEs4/2CZsLw=="): Text ****** has been set on object 'Object Repository/Login/Page_Login - PowerFolder/input_Recover password_Password'

2020-04-10 23:02:00 - [MESSAGE][PASSED] - Text ****** has been set on object 'Object Repository/Login/Page_Login - PowerFolder/input_Recover password_Password'

2020-04-10 23:02:00 - [TEST_STEP][PASSED] - click(findTestObject("Object Repository/Login/Page_Login - PowerFolder/input_register new account_Login")): Object: 'Object Repository/Login/Page_Login - PowerFolder/input_register new account_Login' is clicked on

2020-04-10 23:02:04 - [MESSAGE][PASSED] - Object: 'Object Repository/Login/Page_Login - PowerFolder/input_register new account_Login' is clicked on

2020-04-10 23:02:04 - [TEST_STEP][PASSED] - assert getWindowTitle().equals("Dashboard - PowerFolder"): Current window's title is: 'Dashboard - PowerFolder'

2020-04-10 23:02:04 - [MESSAGE][PASSED] - Current window's title is: 'Dashboard - PowerFolder'

2020-04-10 23:02:04 - [TEST_STEP][PASSED] - navigateToUrl("https://lab.powerfolder.net:8666/folderstable"): Navigate to 'https://lab.powerfolder.net:8666/folderstable' successfully

2020-04-10 23:02:05 - [MESSAGE][PASSED] - Navigate to 'https://lab.powerfolder.net:8666/folderstable' successfully

2020-04-10 23:02:05 - [TEST_STEP][PASSED] - folderName = RandomStringUtils.random(9, true, true): null

2020-04-10 23:02:05 - [TEST_STEP][PASSED] - click(findTestObject("Object Repository/Share/Page_Folders - PowerFolder/span_Paste_pica-glyph glyphicons glyphicons_ca92f0")): Object: 'Object Repository/Share/Page_Folders - PowerFolder/span_Paste_pica-glyph glyphicons glyphicons_ca92f0' is clicked on

2020-04-10 23:02:06 - [MESSAGE][PASSED] - Object: 'Object Repository/Share/Page_Folders - PowerFolder/span_Paste_pica-glyph glyphicons glyphicons_ca92f0' is clicked on

2020-04-10 23:02:06 - [TEST_STEP][PASSED] - click(findTestObject("Object Repository/Share/Page_Folders - PowerFolder/a_Create Folder                            _852e7b")): Object: 'Object Repository/Share/Page_Folders - PowerFolder/a_Create Folder                            _852e7b' is clicked on

2020-04-10 23:02:07 - [MESSAGE][PASSED] - Object: 'Object Repository/Share/Page_Folders - PowerFolder/a_Create Folder                            _852e7b' is clicked on

2020-04-10 23:02:07 - [TEST_STEP][PASSED] - setText(findTestObject("Object Repository/Share/Page_Folders - PowerFolder/input_Create a new Folder_pencil"), folderName): Text 'j9f5g6NXg' is set on object 'Object Repository/Share/Page_Folders - PowerFolder/input_Create a new Folder_pencil'

2020-04-10 23:02:07 - [MESSAGE][PASSED] - Text 'j9f5g6NXg' is set on object 'Object Repository/Share/Page_Folders - PowerFolder/input_Create a new Folder_pencil'

2020-04-10 23:02:07 - [TEST_STEP][PASSED] - sendKeys(findTestObject("Object Repository/Share/Page_Folders - PowerFolder/input_Create a new Folder_pencil"), Keys.chord(ENTER)): Keys 'ENTER + ' sent to object: 'Object Repository/Share/Page_Folders - PowerFolder/input_Create a new Folder_pencil'

2020-04-10 23:02:08 - [MESSAGE][PASSED] - Keys 'ENTER + ' sent to object: 'Object Repository/Share/Page_Folders - PowerFolder/input_Create a new Folder_pencil'

2020-04-10 23:02:08 - [TEST_STEP][PASSED] - btn = findShareButton(folderName): null

2020-04-10 23:02:08 - [TEST_STEP][PASSED] - driver = getWebDriver(): null

2020-04-10 23:02:08 - [TEST_STEP][PASSED] - return driver.findElement(org.openqa.selenium.By.xpath(//table[@id='files_files_table']/tbody/tr/td[2]/a[contains(text(),'$fileName')]/../../td[6]/a)): null

2020-04-10 23:02:09 - [TEST_STEP][PASSED] - executeJavaScript("arguments[0].click()", Arrays.asList(btn)): Execute JavaScript 'arguments[0].click()' successfully

2020-04-10 23:02:09 - [MESSAGE][PASSED] - Execute JavaScript 'arguments[0].click()' successfully

2020-04-10 23:02:09 - [TEST_STEP][PASSED] - mail = "user@mail.com": null

2020-04-10 23:02:09 - [TEST_STEP][PASSED] - setText(findTestObject("Object Repository/Share/Page_Folders - PowerFolder/input_Invite users and groups or create a l_797df6"), mail): Text 'user@mail.com' is set on object 'Object Repository/Share/Page_Folders - PowerFolder/input_Invite users and groups or create a l_797df6'

2020-04-10 23:02:09 - [MESSAGE][PASSED] - Text 'user@mail.com' is set on object 'Object Repository/Share/Page_Folders - PowerFolder/input_Invite users and groups or create a l_797df6'

2020-04-10 23:02:09 - [TEST_STEP][PASSED] - sendKeys(findTestObject("Object Repository/Share/Page_Folders - PowerFolder/input_Invite users and groups or create a l_797df6"), Keys.chord(ENTER)): Keys 'ENTER + ' sent to object: 'Object Repository/Share/Page_Folders - PowerFolder/input_Invite users and groups or create a l_797df6'

2020-04-10 23:02:10 - [MESSAGE][PASSED] - Keys 'ENTER + ' sent to object: 'Object Repository/Share/Page_Folders - PowerFolder/input_Invite users and groups or create a l_797df6'

2020-04-10 23:02:10 - [TEST_STEP][PASSED] - verifyElementText(findTestObject("Object Repository/Share/Page_Folders - PowerFolder/span_Invitation sent to usermailcom"), "Invitation sent to " + mail): Actual text and expected text of test object 'Object Repository/Share/Page_Folders - PowerFolder/span_Invitation sent to usermailcom' are matched.

2020-04-10 23:02:11 - [MESSAGE][PASSED] - Actual text and expected text of test object 'Object Repository/Share/Page_Folders - PowerFolder/span_Invitation sent to usermailcom' are matched.

2020-04-10 23:02:11 - [TEST_STEP][PASSED] - verifyElementText(findTestObject("Object Repository/Share/Page_Folders - PowerFolder/td_usermailcom"), mail): Actual text and expected text of test object 'Object Repository/Share/Page_Folders - PowerFolder/td_usermailcom' are matched.

2020-04-10 23:02:11 - [MESSAGE][PASSED] - Actual text and expected text of test object 'Object Repository/Share/Page_Folders - PowerFolder/td_usermailcom' are matched.

2020-04-10 23:02:11 - [TEST_STEP][PASSED] - closeBrowser(): Browser is closed

2020-04-10 23:02:11 - [MESSAGE][PASSED] - Browser is closed]]></system-out>
         <system-err><![CDATA[]]></system-err>
      </testcase>
      <system-out><![CDATA[2020-04-10 23:00:33 - [TEST_SUITE][PASSED] - Folder Share: Test Cases/Share/Share Folder With one email adress]]></system-out>
      <system-err><![CDATA[]]></system-err>
   </testsuite>
</testsuites>
